<?xml version="1.0" encoding="UTF-8"?>
<testsuite name="com.polarbookshop.edge_service.EdgeServiceApplicationTests" tests="1" skipped="0" failures="0" errors="0" timestamp="2024-06-11T00:45:46" hostname="MacBook-Pro-de-Daniel.local" time="0.498">
  <properties/>
  <testcase name="verifyThatSpringContextLoads()" classname="com.polarbookshop.edge_service.EdgeServiceApplicationTests" time="0.498"/>
  <system-out><![CDATA[21:45:34.252 [Test worker] DEBUG org.springframework.test.context.BootstrapUtils - Instantiating CacheAwareContextLoaderDelegate from class [org.springframework.test.context.cache.DefaultCacheAwareContextLoaderDelegate]
21:45:34.268 [Test worker] DEBUG org.springframework.test.context.BootstrapUtils - Instantiating BootstrapContext using constructor [public org.springframework.test.context.support.DefaultBootstrapContext(java.lang.Class,org.springframework.test.context.CacheAwareContextLoaderDelegate)]
21:45:34.339 [Test worker] DEBUG org.springframework.test.context.BootstrapUtils - Instantiating TestContextBootstrapper for test class [com.polarbookshop.edge_service.EdgeServiceApplicationTests] from class [org.springframework.boot.test.context.SpringBootTestContextBootstrapper]
21:45:34.353 [Test worker] INFO org.springframework.boot.test.context.SpringBootTestContextBootstrapper - Neither @ContextConfiguration nor @ContextHierarchy found for test class [com.polarbookshop.edge_service.EdgeServiceApplicationTests], using SpringBootContextLoader
21:45:34.358 [Test worker] DEBUG org.springframework.test.context.support.AbstractContextLoader - Did not detect default resource location for test class [com.polarbookshop.edge_service.EdgeServiceApplicationTests]: class path resource [com/polarbookshop/edge_service/EdgeServiceApplicationTests-context.xml] does not exist
21:45:34.358 [Test worker] DEBUG org.springframework.test.context.support.AbstractContextLoader - Did not detect default resource location for test class [com.polarbookshop.edge_service.EdgeServiceApplicationTests]: class path resource [com/polarbookshop/edge_service/EdgeServiceApplicationTestsContext.groovy] does not exist
21:45:34.359 [Test worker] INFO org.springframework.test.context.support.AbstractContextLoader - Could not detect default resource locations for test class [com.polarbookshop.edge_service.EdgeServiceApplicationTests]: no resource found for suffixes {-context.xml, Context.groovy}.
21:45:34.360 [Test worker] INFO org.springframework.test.context.support.AnnotationConfigContextLoaderUtils - Could not detect default configuration classes for test class [com.polarbookshop.edge_service.EdgeServiceApplicationTests]: EdgeServiceApplicationTests does not declare any static, non-private, non-final, nested classes annotated with @Configuration.
21:45:34.419 [Test worker] DEBUG org.springframework.test.context.support.ActiveProfilesUtils - Could not find an 'annotation declaring class' for annotation type [org.springframework.test.context.ActiveProfiles] and class [com.polarbookshop.edge_service.EdgeServiceApplicationTests]
21:45:34.475 [Test worker] DEBUG org.springframework.context.annotation.ClassPathScanningCandidateComponentProvider - Identified candidate component class: file [/Users/daniel/Documents/codigo_fonte/edge-service/build/classes/java/main/com/polarbookshop/edge_service/EdgeServiceApplication.class]
21:45:34.477 [Test worker] INFO org.springframework.boot.test.context.SpringBootTestContextBootstrapper - Found @SpringBootConfiguration com.polarbookshop.edge_service.EdgeServiceApplication for test class com.polarbookshop.edge_service.EdgeServiceApplicationTests
21:45:34.562 [Test worker] DEBUG org.springframework.boot.test.context.SpringBootTestContextBootstrapper - @TestExecutionListeners is not present for class [com.polarbookshop.edge_service.EdgeServiceApplicationTests]: using defaults.
21:45:34.563 [Test worker] INFO org.springframework.boot.test.context.SpringBootTestContextBootstrapper - Loaded default TestExecutionListener class names from location [META-INF/spring.factories]: [org.springframework.boot.test.autoconfigure.restdocs.RestDocsTestExecutionListener, org.springframework.boot.test.autoconfigure.web.client.MockRestServiceServerResetTestExecutionListener, org.springframework.boot.test.autoconfigure.web.servlet.MockMvcPrintOnlyOnFailureTestExecutionListener, org.springframework.boot.test.autoconfigure.web.servlet.WebDriverTestExecutionListener, org.springframework.boot.test.autoconfigure.webservices.client.MockWebServiceServerTestExecutionListener, org.springframework.boot.test.mock.mockito.MockitoTestExecutionListener, org.springframework.boot.test.mock.mockito.ResetMocksTestExecutionListener, org.springframework.test.context.web.ServletTestExecutionListener, org.springframework.test.context.support.DirtiesContextBeforeModesTestExecutionListener, org.springframework.test.context.event.ApplicationEventsTestExecutionListener, org.springframework.test.context.support.DependencyInjectionTestExecutionListener, org.springframework.test.context.support.DirtiesContextTestExecutionListener, org.springframework.test.context.transaction.TransactionalTestExecutionListener, org.springframework.test.context.jdbc.SqlScriptsTestExecutionListener, org.springframework.test.context.event.EventPublishingTestExecutionListener]
21:45:34.574 [Test worker] DEBUG org.springframework.boot.test.context.SpringBootTestContextBootstrapper - Skipping candidate TestExecutionListener [org.springframework.test.context.web.ServletTestExecutionListener] due to a missing dependency. Specify custom listener classes or make the default listener classes and their required dependencies available. Offending class: [javax/servlet/ServletContext]
21:45:34.582 [Test worker] INFO org.springframework.boot.test.context.SpringBootTestContextBootstrapper - Using TestExecutionListeners: [org.springframework.test.context.support.DirtiesContextBeforeModesTestExecutionListener@15051a0, org.springframework.test.context.event.ApplicationEventsTestExecutionListener@1162410a, org.springframework.boot.test.mock.mockito.MockitoTestExecutionListener@b09fac1, org.springframework.boot.test.autoconfigure.SpringBootDependencyInjectionTestExecutionListener@62df0ff3, org.springframework.test.context.support.DirtiesContextTestExecutionListener@61019f59, org.springframework.test.context.transaction.TransactionalTestExecutionListener@62e8f862, org.springframework.test.context.jdbc.SqlScriptsTestExecutionListener@26f3d90c, org.springframework.test.context.event.EventPublishingTestExecutionListener@3c49fab6, org.springframework.boot.test.autoconfigure.restdocs.RestDocsTestExecutionListener@515f4131, org.springframework.boot.test.autoconfigure.web.client.MockRestServiceServerResetTestExecutionListener@74518890, org.springframework.boot.test.autoconfigure.web.servlet.MockMvcPrintOnlyOnFailureTestExecutionListener@4c5204af, org.springframework.boot.test.autoconfigure.web.servlet.WebDriverTestExecutionListener@3f3ddbd9, org.springframework.boot.test.autoconfigure.webservices.client.MockWebServiceServerTestExecutionListener@14c053c6, org.springframework.boot.test.mock.mockito.ResetMocksTestExecutionListener@6c2d4cc6]
21:45:34.585 [Test worker] DEBUG org.springframework.test.context.support.AbstractDirtiesContextTestExecutionListener - Before test class: context [DefaultTestContext@5b43e173 testClass = EdgeServiceApplicationTests, testInstance = [null], testMethod = [null], testException = [null], mergedContextConfiguration = [ReactiveWebMergedContextConfiguration@28f8e165 testClass = EdgeServiceApplicationTests, locations = '{}', classes = '{class com.polarbookshop.edge_service.EdgeServiceApplication}', contextInitializerClasses = '[]', activeProfiles = '{}', propertySourceLocations = '{}', propertySourceProperties = '{org.springframework.boot.test.context.SpringBootTestContextBootstrapper=true, server.port=0}', contextCustomizers = set[org.springframework.boot.test.autoconfigure.actuate.metrics.MetricsExportContextCustomizerFactory$DisableMetricExportContextCustomizer@36676c1a, org.springframework.boot.test.autoconfigure.properties.PropertyMappingContextCustomizer@0, org.springframework.boot.test.autoconfigure.web.servlet.WebDriverContextCustomizerFactory$Customizer@6c8bca63, org.springframework.boot.test.context.filter.ExcludeFilterContextCustomizer@2b491fee, org.springframework.boot.test.json.DuplicateJsonObjectContextCustomizerFactory$DuplicateJsonObjectContextCustomizer@63192798, org.springframework.boot.test.mock.mockito.MockitoContextCustomizer@0, org.springframework.boot.test.web.client.TestRestTemplateContextCustomizer@6f0ca692, org.springframework.boot.test.web.reactive.server.WebTestClientContextCustomizer@1d7f7be7, org.springframework.test.context.support.DynamicPropertiesContextCustomizer@d76b7e2, org.springframework.boot.test.context.SpringBootTestArgs@1, org.springframework.boot.test.context.SpringBootTestWebEnvironment@3e2059ae], contextLoader = 'org.springframework.boot.test.context.SpringBootContextLoader', parent = [null]], attributes = map['org.springframework.test.context.web.ServletTestExecutionListener.activateListener' -> false]], class annotated with @DirtiesContext [false] with mode [null].
21:45:34.616 [Test worker] DEBUG org.testcontainers.utility.TestcontainersConfiguration - Testcontainers configuration overrides will be loaded from file:/Users/daniel/.testcontainers.properties
21:45:34.622 [Test worker] INFO org.testcontainers.images.PullPolicy - Image pull policy will be performed by: DefaultPullPolicy()
21:45:34.624 [Test worker] INFO org.testcontainers.utility.ImageNameSubstitutor - Image name substitution will be performed by: DefaultImageNameSubstitutor (composite of 'ConfigurationFileImageNameSubstitutor' and 'PrefixingImageNameSubstitutor')
21:45:34.879 [Test worker] INFO org.testcontainers.dockerclient.DockerClientProviderStrategy - Loaded org.testcontainers.dockerclient.UnixSocketClientProviderStrategy from ~/.testcontainers.properties, will try it first
21:45:34.891 [Test worker] DEBUG org.testcontainers.dockerclient.DockerClientProviderStrategy - Trying out strategy: UnixSocketClientProviderStrategy
21:45:35.063 [Test worker] DEBUG org.testcontainers.shaded.com.github.dockerjava.core.command.AbstrDockerCmd - Cmd: 
21:45:35.082 [Test worker] DEBUG com.github.dockerjava.zerodep.shaded.org.apache.hc.client5.http.impl.classic.InternalHttpClient - ex-00000001: preparing request execution
21:45:35.086 [Test worker] DEBUG com.github.dockerjava.zerodep.shaded.org.apache.hc.client5.http.protocol.RequestAddCookies - Cookie spec selected: strict
21:45:35.090 [Test worker] DEBUG com.github.dockerjava.zerodep.shaded.org.apache.hc.client5.http.protocol.RequestAuthCache - Auth cache not set in the context
21:45:35.090 [Test worker] DEBUG com.github.dockerjava.zerodep.shaded.org.apache.hc.client5.http.impl.classic.ProtocolExec - ex-00000001: target auth state: UNCHALLENGED
21:45:35.091 [Test worker] DEBUG com.github.dockerjava.zerodep.shaded.org.apache.hc.client5.http.impl.classic.ProtocolExec - ex-00000001: proxy auth state: UNCHALLENGED
21:45:35.092 [Test worker] DEBUG com.github.dockerjava.zerodep.shaded.org.apache.hc.client5.http.impl.classic.ConnectExec - ex-00000001: acquiring connection with route {}->unix://localhost:2375
21:45:35.092 [Test worker] DEBUG com.github.dockerjava.zerodep.shaded.org.apache.hc.client5.http.impl.classic.InternalHttpClient - ex-00000001: acquiring endpoint (3 MINUTES)
21:45:35.094 [Test worker] DEBUG com.github.dockerjava.zerodep.shaded.org.apache.hc.client5.http.impl.io.PoolingHttpClientConnectionManager - ex-00000001: endpoint lease request (3 MINUTES) [route: {}->unix://localhost:2375][total available: 0; route allocated: 0 of 2147483647; total allocated: 0 of 2147483647]
21:45:35.096 [Test worker] DEBUG com.github.dockerjava.zerodep.shaded.org.apache.hc.client5.http.impl.io.PoolingHttpClientConnectionManager - ex-00000001: endpoint leased [route: {}->unix://localhost:2375][total available: 0; route allocated: 1 of 2147483647; total allocated: 1 of 2147483647]
21:45:35.105 [Test worker] DEBUG com.github.dockerjava.zerodep.shaded.org.apache.hc.client5.http.impl.io.PoolingHttpClientConnectionManager - ex-00000001: acquired ep-00000000
21:45:35.106 [Test worker] DEBUG com.github.dockerjava.zerodep.shaded.org.apache.hc.client5.http.impl.classic.InternalHttpClient - ex-00000001: acquired endpoint ep-00000000
21:45:35.106 [Test worker] DEBUG com.github.dockerjava.zerodep.shaded.org.apache.hc.client5.http.impl.classic.ConnectExec - ex-00000001: opening connection {}->unix://localhost:2375
21:45:35.107 [Test worker] DEBUG com.github.dockerjava.zerodep.shaded.org.apache.hc.client5.http.impl.classic.InternalHttpClient - ep-00000000: connecting endpoint (3 MINUTES)
21:45:35.107 [Test worker] DEBUG com.github.dockerjava.zerodep.shaded.org.apache.hc.client5.http.impl.io.PoolingHttpClientConnectionManager - ep-00000000: connecting endpoint to unix://localhost:2375 (3 MINUTES)
21:45:35.110 [Test worker] DEBUG com.github.dockerjava.zerodep.shaded.org.apache.hc.client5.http.impl.io.DefaultHttpClientConnectionOperator - http-outgoing-0: connecting to localhost/127.0.0.1:2375
21:45:35.111 [Test worker] DEBUG com.github.dockerjava.zerodep.shaded.org.apache.hc.client5.http.impl.io.DefaultHttpClientConnectionOperator - http-outgoing-0: connection established /var/run/docker.sock<->/var/run/docker.sock
21:45:35.112 [Test worker] DEBUG com.github.dockerjava.zerodep.shaded.org.apache.hc.client5.http.impl.io.PoolingHttpClientConnectionManager - ep-00000000: connected http-outgoing-0
21:45:35.112 [Test worker] DEBUG com.github.dockerjava.zerodep.shaded.org.apache.hc.client5.http.impl.classic.InternalHttpClient - ep-00000000: endpoint connected
21:45:35.112 [Test worker] DEBUG com.github.dockerjava.zerodep.shaded.org.apache.hc.client5.http.impl.classic.MainClientExec - ex-00000001: executing GET /v1.32/info HTTP/1.1
21:45:35.113 [Test worker] DEBUG com.github.dockerjava.zerodep.shaded.org.apache.hc.client5.http.impl.classic.InternalHttpClient - ep-00000000: start execution ex-00000001
21:45:35.113 [Test worker] DEBUG com.github.dockerjava.zerodep.shaded.org.apache.hc.client5.http.impl.io.PoolingHttpClientConnectionManager - ep-00000000: executing exchange ex-00000001 over http-outgoing-0
21:45:35.114 [Test worker] DEBUG com.github.dockerjava.zerodep.shaded.org.apache.hc.client5.http.headers - http-outgoing-0 >> GET /v1.32/info HTTP/1.1
21:45:35.114 [Test worker] DEBUG com.github.dockerjava.zerodep.shaded.org.apache.hc.client5.http.headers - http-outgoing-0 >> x-tc-sid: 02f67430-f20c-4fdd-b619-db29e6c89474
21:45:35.115 [Test worker] DEBUG com.github.dockerjava.zerodep.shaded.org.apache.hc.client5.http.headers - http-outgoing-0 >> User-Agent: tc-java/1.19.3
21:45:35.115 [Test worker] DEBUG com.github.dockerjava.zerodep.shaded.org.apache.hc.client5.http.headers - http-outgoing-0 >> Accept-Encoding: gzip, x-gzip, deflate
21:45:35.115 [Test worker] DEBUG com.github.dockerjava.zerodep.shaded.org.apache.hc.client5.http.headers - http-outgoing-0 >> Host: localhost:2375
21:45:35.115 [Test worker] DEBUG com.github.dockerjava.zerodep.shaded.org.apache.hc.client5.http.headers - http-outgoing-0 >> Connection: keep-alive
21:45:35.115 [Test worker] DEBUG com.github.dockerjava.zerodep.shaded.org.apache.hc.client5.http.wire - http-outgoing-0 >> "GET /v1.32/info HTTP/1.1[\r][\n]"
21:45:35.115 [Test worker] DEBUG com.github.dockerjava.zerodep.shaded.org.apache.hc.client5.http.wire - http-outgoing-0 >> "x-tc-sid: 02f67430-f20c-4fdd-b619-db29e6c89474[\r][\n]"
21:45:35.115 [Test worker] DEBUG com.github.dockerjava.zerodep.shaded.org.apache.hc.client5.http.wire - http-outgoing-0 >> "User-Agent: tc-java/1.19.3[\r][\n]"
21:45:35.115 [Test worker] DEBUG com.github.dockerjava.zerodep.shaded.org.apache.hc.client5.http.wire - http-outgoing-0 >> "Accept-Encoding: gzip, x-gzip, deflate[\r][\n]"
21:45:35.115 [Test worker] DEBUG com.github.dockerjava.zerodep.shaded.org.apache.hc.client5.http.wire - http-outgoing-0 >> "Host: localhost:2375[\r][\n]"
21:45:35.116 [Test worker] DEBUG com.github.dockerjava.zerodep.shaded.org.apache.hc.client5.http.wire - http-outgoing-0 >> "Connection: keep-alive[\r][\n]"
21:45:35.116 [Test worker] DEBUG com.github.dockerjava.zerodep.shaded.org.apache.hc.client5.http.wire - http-outgoing-0 >> "[\r][\n]"
21:45:35.130 [Test worker] DEBUG com.github.dockerjava.zerodep.shaded.org.apache.hc.client5.http.wire - http-outgoing-0 << "HTTP/1.1 200 OK[\r][\n]"
21:45:35.130 [Test worker] DEBUG com.github.dockerjava.zerodep.shaded.org.apache.hc.client5.http.wire - http-outgoing-0 << "Api-Version: 1.43[\r][\n]"
21:45:35.130 [Test worker] DEBUG com.github.dockerjava.zerodep.shaded.org.apache.hc.client5.http.wire - http-outgoing-0 << "Content-Type: application/json[\r][\n]"
21:45:35.130 [Test worker] DEBUG com.github.dockerjava.zerodep.shaded.org.apache.hc.client5.http.wire - http-outgoing-0 << "Date: Tue, 11 Jun 2024 00:45:35 GMT[\r][\n]"
21:45:35.130 [Test worker] DEBUG com.github.dockerjava.zerodep.shaded.org.apache.hc.client5.http.wire - http-outgoing-0 << "Docker-Experimental: false[\r][\n]"
21:45:35.130 [Test worker] DEBUG com.github.dockerjava.zerodep.shaded.org.apache.hc.client5.http.wire - http-outgoing-0 << "Ostype: linux[\r][\n]"
21:45:35.130 [Test worker] DEBUG com.github.dockerjava.zerodep.shaded.org.apache.hc.client5.http.wire - http-outgoing-0 << "Server: Docker/24.0.2 (linux)[\r][\n]"
21:45:35.130 [Test worker] DEBUG com.github.dockerjava.zerodep.shaded.org.apache.hc.client5.http.wire - http-outgoing-0 << "Transfer-Encoding: chunked[\r][\n]"
21:45:35.130 [Test worker] DEBUG com.github.dockerjava.zerodep.shaded.org.apache.hc.client5.http.wire - http-outgoing-0 << "[\r][\n]"
21:45:35.133 [Test worker] DEBUG com.github.dockerjava.zerodep.shaded.org.apache.hc.client5.http.headers - http-outgoing-0 << HTTP/1.1 200 OK
21:45:35.134 [Test worker] DEBUG com.github.dockerjava.zerodep.shaded.org.apache.hc.client5.http.headers - http-outgoing-0 << Api-Version: 1.43
21:45:35.134 [Test worker] DEBUG com.github.dockerjava.zerodep.shaded.org.apache.hc.client5.http.headers - http-outgoing-0 << Content-Type: application/json
21:45:35.134 [Test worker] DEBUG com.github.dockerjava.zerodep.shaded.org.apache.hc.client5.http.headers - http-outgoing-0 << Date: Tue, 11 Jun 2024 00:45:35 GMT
21:45:35.134 [Test worker] DEBUG com.github.dockerjava.zerodep.shaded.org.apache.hc.client5.http.headers - http-outgoing-0 << Docker-Experimental: false
21:45:35.134 [Test worker] DEBUG com.github.dockerjava.zerodep.shaded.org.apache.hc.client5.http.headers - http-outgoing-0 << Ostype: linux
21:45:35.134 [Test worker] DEBUG com.github.dockerjava.zerodep.shaded.org.apache.hc.client5.http.headers - http-outgoing-0 << Server: Docker/24.0.2 (linux)
21:45:35.134 [Test worker] DEBUG com.github.dockerjava.zerodep.shaded.org.apache.hc.client5.http.headers - http-outgoing-0 << Transfer-Encoding: chunked
21:45:35.137 [Test worker] DEBUG com.github.dockerjava.zerodep.shaded.org.apache.hc.client5.http.impl.classic.MainClientExec - ex-00000001: connection can be kept alive for 3 MINUTES
21:45:35.141 [Test worker] DEBUG com.github.dockerjava.zerodep.shaded.org.apache.hc.client5.http.wire - http-outgoing-0 << "965[\r][\n]"
21:45:35.141 [Test worker] DEBUG com.github.dockerjava.zerodep.shaded.org.apache.hc.client5.http.wire - http-outgoing-0 << "{"ID":"590c9ef1-f90a-4b43-9603-cfc37af7b485","Containers":42,"ContainersRunning":37,"ContainersPaused":0,"ContainersStopped":5,"Images":34,"Driver":"overlay2","DriverStatus":[["Backing Filesystem","extfs"],["Supports d_type","true"],["Using metacopy","false"],["Native Overlay Diff","true"],["userxattr","false"]],"Plugins":{"Volume":["local"],"Network":["bridge","host","ipvlan","macvlan","null","overlay"],"Authorization":null,"Log":["awslogs","fluentd","gcplogs","gelf","journald","json-file","local","logentries","splunk","syslog"]},"MemoryLimit":true,"SwapLimit":true,"CpuCfsPeriod":true,"CpuCfsQuota":true,"CPUShares":true,"CPUSet":true,"PidsLimit":true,"IPv4Forwarding":true,"BridgeNfIptables":true,"BridgeNfIp6tables":true,"Debug":false,"NFd":164,"OomKillDisable":false,"NGoroutines":160,"SystemTime":"2024-06-11T00:45:35.119306136Z","LoggingDriver":"json-file","CgroupDriver":"cgroupfs","CgroupVersion":"2","NEventsListener":9,"KernelVersion":"5.15.49-linuxkit-pr","OperatingSystem":"Docker Desktop","OSVersion":"","OSType":"linux","Architecture":"x86_64","IndexServerAddress":"https://index.docker.io/v1/","RegistryConfig":{"AllowNondistributableArtifactsCIDRs":null,"AllowNondistributableArtifactsHostnames":null,"InsecureRegistryCIDRs":["127.0.0.0/8"],"IndexConfigs":{"docker.io":{"Name":"docker.io","Mirrors":[],"Secure":true,"Official":true},"hubproxy.docker.internal:5555":{"Name":"hubproxy.docker.internal:5555","Mirrors":[],"Secure":false,"Official":false}},"Mirrors":null},"NCPU":4,"MemTotal":8241238016,"GenericResources":null,"DockerRootDir":"/var/lib/docker","HttpProxy":"http.docker.internal:3128","HttpsProxy":"http.docker.internal:3128","NoProxy":"hubproxy.docker.internal","Name":"docker-desktop","Labels":[],"ExperimentalBuild":false,"ServerVersion":"24.0.2","Runtimes":{"io.containerd.runc.v2":{"path":"runc"},"runc":{"path":"runc"}},"DefaultRuntime":"runc","Swarm":{"NodeID":"","NodeAddr":"","LocalNodeState":"inactive","ControlAvailable":false,"Error":"","RemoteManagers":null},"LiveRestoreEnabled":false,"Isolation":"","InitBinary":"docker-init","ContainerdCommit":{"ID":"3dce8eb055cbb6872793272b4f20ed16117344f8","Expected":"3dce8eb055cbb6872793272b4f20ed16117344f8"},"RuncCommit":{"ID":"v1.1.7-0-g860f061","Expected":"v1.1.7-0-g860f061"},"InitCommit":{"ID":"de40ad0","Expected":"de40ad0"},"SecurityOptions":["name=seccomp,profile=builtin","name=cgroupns"],"Warnings":null}[\n]"
21:45:35.141 [Test worker] DEBUG com.github.dockerjava.zerodep.shaded.org.apache.hc.client5.http.wire - http-outgoing-0 << "[\r][\n]"
21:45:35.141 [Test worker] DEBUG com.github.dockerjava.zerodep.shaded.org.apache.hc.client5.http.wire - http-outgoing-0 << "0[\r][\n]"
21:45:35.141 [Test worker] DEBUG com.github.dockerjava.zerodep.shaded.org.apache.hc.client5.http.wire - http-outgoing-0 << "[\r][\n]"
21:45:35.204 [Test worker] DEBUG com.github.dockerjava.zerodep.shaded.org.apache.hc.client5.http.impl.classic.InternalHttpClient - ep-00000000: releasing valid endpoint
21:45:35.204 [Test worker] DEBUG com.github.dockerjava.zerodep.shaded.org.apache.hc.client5.http.impl.io.PoolingHttpClientConnectionManager - ep-00000000: releasing endpoint
21:45:35.204 [Test worker] DEBUG com.github.dockerjava.zerodep.shaded.org.apache.hc.client5.http.impl.io.PoolingHttpClientConnectionManager - ep-00000000: connection http-outgoing-0 can be kept alive for 3 MINUTES
21:45:35.205 [Test worker] DEBUG com.github.dockerjava.zerodep.shaded.org.apache.hc.client5.http.impl.io.PoolingHttpClientConnectionManager - ep-00000000: connection released [route: {}->unix://localhost:2375][total available: 1; route allocated: 1 of 2147483647; total allocated: 1 of 2147483647]
21:45:35.205 [Test worker] INFO org.testcontainers.dockerclient.DockerClientProviderStrategy - Found Docker environment with local Unix socket (unix:///var/run/docker.sock)
21:45:35.206 [Test worker] DEBUG org.testcontainers.dockerclient.DockerClientProviderStrategy - Transport type: 'httpclient5', Docker host: 'unix:///var/run/docker.sock'
21:45:35.206 [Test worker] DEBUG org.testcontainers.dockerclient.DockerClientProviderStrategy - Checking Docker OS type for local Unix socket (unix:///var/run/docker.sock)
21:45:35.208 [Test worker] INFO org.testcontainers.DockerClientFactory - Docker host IP address is localhost
21:45:35.208 [Test worker] DEBUG org.testcontainers.DockerClientFactory - Docker info: {NGoroutines=160, Name=docker-desktop, Swarm={NodeID=, NodeAddr=, LocalNodeState=inactive, ControlAvailable=false, Error=, RemoteManagers=null}, RuncCommit={ID=v1.1.7-0-g860f061, Expected=v1.1.7-0-g860f061}, OSVersion=, Runtimes={io.containerd.runc.v2={path=runc}, runc={path=runc}}, ID=590c9ef1-f90a-4b43-9603-cfc37af7b485, DriverStatus=[[Backing Filesystem, extfs], [Supports d_type, true], [Using metacopy, false], [Native Overlay Diff, true], [userxattr, false]], BridgeNfIptables=true, LiveRestoreEnabled=false, SystemTime=2024-06-11T00:45:35.119306136Z, NoProxy=hubproxy.docker.internal, Architecture=x86_64, NEventsListener=9, HttpsProxy=http.docker.internal:3128, Images=34, ContainersRunning=37, Labels=[], InitCommit={ID=de40ad0, Expected=de40ad0}, NFd=164, KernelVersion=5.15.49-linuxkit-pr, LoggingDriver=json-file, OSType=linux, SecurityOptions=[name=seccomp,profile=builtin, name=cgroupns], ContainerdCommit={ID=3dce8eb055cbb6872793272b4f20ed16117344f8, Expected=3dce8eb055cbb6872793272b4f20ed16117344f8}, GenericResources=null, OperatingSystem=Docker Desktop, RegistryConfig={AllowNondistributableArtifactsCIDRs=null, AllowNondistributableArtifactsHostnames=null, InsecureRegistryCIDRs=[127.0.0.0/8], IndexConfigs={docker.io={Name=docker.io, Mirrors=[], Secure=true, Official=true}, hubproxy.docker.internal:5555={Name=hubproxy.docker.internal:5555, Mirrors=[], Secure=false, Official=false}}, Mirrors=null}, ServerVersion=24.0.2, OomKillDisable=false, CpuCfsQuota=true, Containers=42, Driver=overlay2, IPv4Forwarding=true, ExperimentalBuild=false, DockerRootDir=/var/lib/docker, CPUSet=true, CpuCfsPeriod=true, DefaultRuntime=runc, CPUShares=true, Debug=false, NCPU=4, Plugins={Volume=[local], Network=[bridge, host, ipvlan, macvlan, null, overlay], Authorization=null, Log=[awslogs, fluentd, gcplogs, gelf, journald, json-file, local, logentries, splunk, syslog]}, SwapLimit=true, CgroupDriver=cgroupfs, ContainersPaused=0, MemTotal=8241238016, IndexServerAddress=https://index.docker.io/v1/, MemoryLimit=true, HttpProxy=http.docker.internal:3128, InitBinary=docker-init, CgroupVersion=2, PidsLimit=true, Isolation=, BridgeNfIp6tables=true, Warnings=null, ContainersStopped=5}
21:45:35.210 [Test worker] DEBUG org.testcontainers.shaded.com.github.dockerjava.core.command.AbstrDockerCmd - Cmd: 
21:45:35.211 [Test worker] DEBUG com.github.dockerjava.zerodep.shaded.org.apache.hc.client5.http.impl.classic.InternalHttpClient - ex-00000002: preparing request execution
21:45:35.211 [Test worker] DEBUG com.github.dockerjava.zerodep.shaded.org.apache.hc.client5.http.protocol.RequestAddCookies - Cookie spec selected: strict
21:45:35.211 [Test worker] DEBUG com.github.dockerjava.zerodep.shaded.org.apache.hc.client5.http.protocol.RequestAuthCache - Auth cache not set in the context
21:45:35.211 [Test worker] DEBUG com.github.dockerjava.zerodep.shaded.org.apache.hc.client5.http.impl.classic.ProtocolExec - ex-00000002: target auth state: UNCHALLENGED
21:45:35.211 [Test worker] DEBUG com.github.dockerjava.zerodep.shaded.org.apache.hc.client5.http.impl.classic.ProtocolExec - ex-00000002: proxy auth state: UNCHALLENGED
21:45:35.212 [Test worker] DEBUG com.github.dockerjava.zerodep.shaded.org.apache.hc.client5.http.impl.classic.ConnectExec - ex-00000002: acquiring connection with route {}->unix://localhost:2375
21:45:35.212 [Test worker] DEBUG com.github.dockerjava.zerodep.shaded.org.apache.hc.client5.http.impl.classic.InternalHttpClient - ex-00000002: acquiring endpoint (3 MINUTES)
21:45:35.212 [Test worker] DEBUG com.github.dockerjava.zerodep.shaded.org.apache.hc.client5.http.impl.io.PoolingHttpClientConnectionManager - ex-00000002: endpoint lease request (3 MINUTES) [route: {}->unix://localhost:2375][total available: 1; route allocated: 1 of 2147483647; total allocated: 1 of 2147483647]
21:45:35.212 [Test worker] DEBUG com.github.dockerjava.zerodep.shaded.org.apache.hc.client5.http.impl.io.PoolingHttpClientConnectionManager - ex-00000002: endpoint leased [route: {}->unix://localhost:2375][total available: 0; route allocated: 1 of 2147483647; total allocated: 1 of 2147483647]
21:45:35.213 [Test worker] DEBUG com.github.dockerjava.zerodep.shaded.org.apache.hc.client5.http.impl.io.PoolingHttpClientConnectionManager - ex-00000002: acquired ep-00000001
21:45:35.213 [Test worker] DEBUG com.github.dockerjava.zerodep.shaded.org.apache.hc.client5.http.impl.classic.InternalHttpClient - ex-00000002: acquired endpoint ep-00000001
21:45:35.213 [Test worker] DEBUG com.github.dockerjava.zerodep.shaded.org.apache.hc.client5.http.impl.classic.MainClientExec - ex-00000002: executing GET /v1.32/version HTTP/1.1
21:45:35.213 [Test worker] DEBUG com.github.dockerjava.zerodep.shaded.org.apache.hc.client5.http.impl.classic.InternalHttpClient - ep-00000001: start execution ex-00000002
21:45:35.213 [Test worker] DEBUG com.github.dockerjava.zerodep.shaded.org.apache.hc.client5.http.impl.io.PoolingHttpClientConnectionManager - ep-00000001: executing exchange ex-00000002 over http-outgoing-0
21:45:35.213 [Test worker] DEBUG com.github.dockerjava.zerodep.shaded.org.apache.hc.client5.http.headers - http-outgoing-0 >> GET /v1.32/version HTTP/1.1
21:45:35.213 [Test worker] DEBUG com.github.dockerjava.zerodep.shaded.org.apache.hc.client5.http.headers - http-outgoing-0 >> accept: application/json
21:45:35.214 [Test worker] DEBUG com.github.dockerjava.zerodep.shaded.org.apache.hc.client5.http.headers - http-outgoing-0 >> x-tc-sid: 02f67430-f20c-4fdd-b619-db29e6c89474
21:45:35.214 [Test worker] DEBUG com.github.dockerjava.zerodep.shaded.org.apache.hc.client5.http.headers - http-outgoing-0 >> User-Agent: tc-java/1.19.3
21:45:35.214 [Test worker] DEBUG com.github.dockerjava.zerodep.shaded.org.apache.hc.client5.http.headers - http-outgoing-0 >> Accept-Encoding: gzip, x-gzip, deflate
21:45:35.214 [Test worker] DEBUG com.github.dockerjava.zerodep.shaded.org.apache.hc.client5.http.headers - http-outgoing-0 >> Host: localhost:2375
21:45:35.214 [Test worker] DEBUG com.github.dockerjava.zerodep.shaded.org.apache.hc.client5.http.headers - http-outgoing-0 >> Connection: keep-alive
21:45:35.214 [Test worker] DEBUG com.github.dockerjava.zerodep.shaded.org.apache.hc.client5.http.wire - http-outgoing-0 >> "GET /v1.32/version HTTP/1.1[\r][\n]"
21:45:35.214 [Test worker] DEBUG com.github.dockerjava.zerodep.shaded.org.apache.hc.client5.http.wire - http-outgoing-0 >> "accept: application/json[\r][\n]"
21:45:35.214 [Test worker] DEBUG com.github.dockerjava.zerodep.shaded.org.apache.hc.client5.http.wire - http-outgoing-0 >> "x-tc-sid: 02f67430-f20c-4fdd-b619-db29e6c89474[\r][\n]"
21:45:35.214 [Test worker] DEBUG com.github.dockerjava.zerodep.shaded.org.apache.hc.client5.http.wire - http-outgoing-0 >> "User-Agent: tc-java/1.19.3[\r][\n]"
21:45:35.214 [Test worker] DEBUG com.github.dockerjava.zerodep.shaded.org.apache.hc.client5.http.wire - http-outgoing-0 >> "Accept-Encoding: gzip, x-gzip, deflate[\r][\n]"
21:45:35.215 [Test worker] DEBUG com.github.dockerjava.zerodep.shaded.org.apache.hc.client5.http.wire - http-outgoing-0 >> "Host: localhost:2375[\r][\n]"
21:45:35.215 [Test worker] DEBUG com.github.dockerjava.zerodep.shaded.org.apache.hc.client5.http.wire - http-outgoing-0 >> "Connection: keep-alive[\r][\n]"
21:45:35.215 [Test worker] DEBUG com.github.dockerjava.zerodep.shaded.org.apache.hc.client5.http.wire - http-outgoing-0 >> "[\r][\n]"
21:45:35.228 [Test worker] DEBUG com.github.dockerjava.zerodep.shaded.org.apache.hc.client5.http.wire - http-outgoing-0 << "HTTP/1.1 200 OK[\r][\n]"
21:45:35.228 [Test worker] DEBUG com.github.dockerjava.zerodep.shaded.org.apache.hc.client5.http.wire - http-outgoing-0 << "Api-Version: 1.43[\r][\n]"
21:45:35.229 [Test worker] DEBUG com.github.dockerjava.zerodep.shaded.org.apache.hc.client5.http.wire - http-outgoing-0 << "Content-Type: application/json[\r][\n]"
21:45:35.229 [Test worker] DEBUG com.github.dockerjava.zerodep.shaded.org.apache.hc.client5.http.wire - http-outgoing-0 << "Date: Tue, 11 Jun 2024 00:45:35 GMT[\r][\n]"
21:45:35.229 [Test worker] DEBUG com.github.dockerjava.zerodep.shaded.org.apache.hc.client5.http.wire - http-outgoing-0 << "Docker-Experimental: false[\r][\n]"
21:45:35.229 [Test worker] DEBUG com.github.dockerjava.zerodep.shaded.org.apache.hc.client5.http.wire - http-outgoing-0 << "Ostype: linux[\r][\n]"
21:45:35.229 [Test worker] DEBUG com.github.dockerjava.zerodep.shaded.org.apache.hc.client5.http.wire - http-outgoing-0 << "Server: Docker/24.0.2 (linux)[\r][\n]"
21:45:35.229 [Test worker] DEBUG com.github.dockerjava.zerodep.shaded.org.apache.hc.client5.http.wire - http-outgoing-0 << "Transfer-Encoding: chunked[\r][\n]"
21:45:35.229 [Test worker] DEBUG com.github.dockerjava.zerodep.shaded.org.apache.hc.client5.http.wire - http-outgoing-0 << "[\r][\n]"
21:45:35.230 [Test worker] DEBUG com.github.dockerjava.zerodep.shaded.org.apache.hc.client5.http.headers - http-outgoing-0 << HTTP/1.1 200 OK
21:45:35.230 [Test worker] DEBUG com.github.dockerjava.zerodep.shaded.org.apache.hc.client5.http.headers - http-outgoing-0 << Api-Version: 1.43
21:45:35.230 [Test worker] DEBUG com.github.dockerjava.zerodep.shaded.org.apache.hc.client5.http.headers - http-outgoing-0 << Content-Type: application/json
21:45:35.230 [Test worker] DEBUG com.github.dockerjava.zerodep.shaded.org.apache.hc.client5.http.headers - http-outgoing-0 << Date: Tue, 11 Jun 2024 00:45:35 GMT
21:45:35.230 [Test worker] DEBUG com.github.dockerjava.zerodep.shaded.org.apache.hc.client5.http.headers - http-outgoing-0 << Docker-Experimental: false
21:45:35.230 [Test worker] DEBUG com.github.dockerjava.zerodep.shaded.org.apache.hc.client5.http.headers - http-outgoing-0 << Ostype: linux
21:45:35.230 [Test worker] DEBUG com.github.dockerjava.zerodep.shaded.org.apache.hc.client5.http.headers - http-outgoing-0 << Server: Docker/24.0.2 (linux)
21:45:35.230 [Test worker] DEBUG com.github.dockerjava.zerodep.shaded.org.apache.hc.client5.http.headers - http-outgoing-0 << Transfer-Encoding: chunked
21:45:35.230 [Test worker] DEBUG com.github.dockerjava.zerodep.shaded.org.apache.hc.client5.http.impl.classic.MainClientExec - ex-00000002: connection can be kept alive for 3 MINUTES
21:45:35.230 [Test worker] DEBUG com.github.dockerjava.zerodep.shaded.org.apache.hc.client5.http.wire - http-outgoing-0 << "33f[\r][\n]"
21:45:35.231 [Test worker] DEBUG com.github.dockerjava.zerodep.shaded.org.apache.hc.client5.http.wire - http-outgoing-0 << "{"Platform":{"Name":"Docker Desktop 4.20.1 (110738)"},"Components":[{"Name":"Engine","Version":"24.0.2","Details":{"ApiVersion":"1.43","Arch":"amd64","BuildTime":"2023-05-25T21:52:17.000000000+00:00","Experimental":"false","GitCommit":"659604f","GoVersion":"go1.20.4","KernelVersion":"5.15.49-linuxkit-pr","MinAPIVersion":"1.12","Os":"linux"}},{"Name":"containerd","Version":"1.6.21","Details":{"GitCommit":"3dce8eb055cbb6872793272b4f20ed16117344f8"}},{"Name":"runc","Version":"1.1.7","Details":{"GitCommit":"v1.1.7-0-g860f061"}},{"Name":"docker-init","Version":"0.19.0","Details":{"GitCommit":"de40ad0"}}],"Version":"24.0.2","ApiVersion":"1.43","MinAPIVersion":"1.12","GitCommit":"659604f","GoVersion":"go1.20.4","Os":"linux","Arch":"amd64","KernelVersion":"5.15.49-linuxkit-pr","BuildTime":"2023-05-25T21:52:17.000000000+00:00"}[\n]"
21:45:35.231 [Test worker] DEBUG com.github.dockerjava.zerodep.shaded.org.apache.hc.client5.http.wire - http-outgoing-0 << "[\r][\n]"
21:45:35.231 [Test worker] DEBUG com.github.dockerjava.zerodep.shaded.org.apache.hc.client5.http.wire - http-outgoing-0 << "0[\r][\n]"
21:45:35.231 [Test worker] DEBUG com.github.dockerjava.zerodep.shaded.org.apache.hc.client5.http.wire - http-outgoing-0 << "[\r][\n]"
21:45:35.240 [Test worker] DEBUG com.github.dockerjava.zerodep.shaded.org.apache.hc.client5.http.impl.classic.InternalHttpClient - ep-00000001: releasing valid endpoint
21:45:35.240 [Test worker] DEBUG com.github.dockerjava.zerodep.shaded.org.apache.hc.client5.http.impl.io.PoolingHttpClientConnectionManager - ep-00000001: releasing endpoint
21:45:35.240 [Test worker] DEBUG com.github.dockerjava.zerodep.shaded.org.apache.hc.client5.http.impl.io.PoolingHttpClientConnectionManager - ep-00000001: connection http-outgoing-0 can be kept alive for 3 MINUTES
21:45:35.241 [Test worker] DEBUG com.github.dockerjava.zerodep.shaded.org.apache.hc.client5.http.impl.io.PoolingHttpClientConnectionManager - ep-00000001: connection released [route: {}->unix://localhost:2375][total available: 1; route allocated: 1 of 2147483647; total allocated: 1 of 2147483647]
21:45:35.241 [Test worker] DEBUG org.testcontainers.DockerClientFactory - Docker version: {Components=[{Name=Engine, Version=24.0.2, Details={ApiVersion=1.43, Arch=amd64, BuildTime=2023-05-25T21:52:17.000000000+00:00, Experimental=false, GitCommit=659604f, GoVersion=go1.20.4, KernelVersion=5.15.49-linuxkit-pr, MinAPIVersion=1.12, Os=linux}}, {Name=containerd, Version=1.6.21, Details={GitCommit=3dce8eb055cbb6872793272b4f20ed16117344f8}}, {Name=runc, Version=1.1.7, Details={GitCommit=v1.1.7-0-g860f061}}, {Name=docker-init, Version=0.19.0, Details={GitCommit=de40ad0}}], KernelVersion=5.15.49-linuxkit-pr, ApiVersion=1.43, Platform={Name=Docker Desktop 4.20.1 (110738)}, GitCommit=659604f, Os=linux, Version=24.0.2, MinAPIVersion=1.12, Arch=amd64, GoVersion=go1.20.4, BuildTime=2023-05-25T21:52:17.000000000+00:00}
21:45:35.241 [Test worker] INFO org.testcontainers.DockerClientFactory - Connected to docker: 
  Server Version: 24.0.2
  API Version: 1.43
  Operating System: Docker Desktop
  Total Memory: 7859 MB
21:45:35.250 [Test worker] DEBUG org.testcontainers.utility.RyukResourceReaper - Ryuk is enabled
21:45:35.253 [Test worker] DEBUG org.testcontainers.utility.PrefixingImageNameSubstitutor - No prefix is configured
21:45:35.253 [Test worker] DEBUG org.testcontainers.utility.ImageNameSubstitutor - Did not find a substitute image for testcontainers/ryuk:0.5.1 (using image substitutor: DefaultImageNameSubstitutor (composite of 'ConfigurationFileImageNameSubstitutor' and 'PrefixingImageNameSubstitutor'))
21:45:35.256 [Test worker] DEBUG org.testcontainers.shaded.com.github.dockerjava.core.command.AbstrDockerCmd - Cmd: ListImagesCmdImpl[filters=org.testcontainers.shaded.com.github.dockerjava.core.util.FiltersBuilder@0,imageNameFilter=<null>,showAll=false]
21:45:35.260 [Test worker] DEBUG com.github.dockerjava.zerodep.shaded.org.apache.hc.client5.http.impl.classic.InternalHttpClient - ex-00000003: preparing request execution
21:45:35.260 [Test worker] DEBUG com.github.dockerjava.zerodep.shaded.org.apache.hc.client5.http.protocol.RequestAddCookies - Cookie spec selected: strict
21:45:35.260 [Test worker] DEBUG com.github.dockerjava.zerodep.shaded.org.apache.hc.client5.http.protocol.RequestAuthCache - Auth cache not set in the context
21:45:35.261 [Test worker] DEBUG com.github.dockerjava.zerodep.shaded.org.apache.hc.client5.http.impl.classic.ProtocolExec - ex-00000003: target auth state: UNCHALLENGED
21:45:35.261 [Test worker] DEBUG com.github.dockerjava.zerodep.shaded.org.apache.hc.client5.http.impl.classic.ProtocolExec - ex-00000003: proxy auth state: UNCHALLENGED
21:45:35.261 [Test worker] DEBUG com.github.dockerjava.zerodep.shaded.org.apache.hc.client5.http.impl.classic.ConnectExec - ex-00000003: acquiring connection with route {}->unix://localhost:2375
21:45:35.261 [Test worker] DEBUG com.github.dockerjava.zerodep.shaded.org.apache.hc.client5.http.impl.classic.InternalHttpClient - ex-00000003: acquiring endpoint (3 MINUTES)
21:45:35.261 [Test worker] DEBUG com.github.dockerjava.zerodep.shaded.org.apache.hc.client5.http.impl.io.PoolingHttpClientConnectionManager - ex-00000003: endpoint lease request (3 MINUTES) [route: {}->unix://localhost:2375][total available: 1; route allocated: 1 of 2147483647; total allocated: 1 of 2147483647]
21:45:35.262 [Test worker] DEBUG com.github.dockerjava.zerodep.shaded.org.apache.hc.client5.http.impl.io.PoolingHttpClientConnectionManager - ex-00000003: endpoint leased [route: {}->unix://localhost:2375][total available: 0; route allocated: 1 of 2147483647; total allocated: 1 of 2147483647]
21:45:35.262 [Test worker] DEBUG com.github.dockerjava.zerodep.shaded.org.apache.hc.client5.http.impl.io.PoolingHttpClientConnectionManager - ex-00000003: acquired ep-00000002
21:45:35.262 [Test worker] DEBUG com.github.dockerjava.zerodep.shaded.org.apache.hc.client5.http.impl.classic.InternalHttpClient - ex-00000003: acquired endpoint ep-00000002
21:45:35.262 [Test worker] DEBUG com.github.dockerjava.zerodep.shaded.org.apache.hc.client5.http.impl.classic.MainClientExec - ex-00000003: executing GET /v1.32/images/json HTTP/1.1
21:45:35.262 [Test worker] DEBUG com.github.dockerjava.zerodep.shaded.org.apache.hc.client5.http.impl.classic.InternalHttpClient - ep-00000002: start execution ex-00000003
21:45:35.262 [Test worker] DEBUG com.github.dockerjava.zerodep.shaded.org.apache.hc.client5.http.impl.io.PoolingHttpClientConnectionManager - ep-00000002: executing exchange ex-00000003 over http-outgoing-0
21:45:35.262 [Test worker] DEBUG com.github.dockerjava.zerodep.shaded.org.apache.hc.client5.http.headers - http-outgoing-0 >> GET /v1.32/images/json HTTP/1.1
21:45:35.263 [Test worker] DEBUG com.github.dockerjava.zerodep.shaded.org.apache.hc.client5.http.headers - http-outgoing-0 >> accept: application/json
21:45:35.263 [Test worker] DEBUG com.github.dockerjava.zerodep.shaded.org.apache.hc.client5.http.headers - http-outgoing-0 >> x-tc-sid: 02f67430-f20c-4fdd-b619-db29e6c89474
21:45:35.263 [Test worker] DEBUG com.github.dockerjava.zerodep.shaded.org.apache.hc.client5.http.headers - http-outgoing-0 >> User-Agent: tc-java/1.19.3
21:45:35.263 [Test worker] DEBUG com.github.dockerjava.zerodep.shaded.org.apache.hc.client5.http.headers - http-outgoing-0 >> Accept-Encoding: gzip, x-gzip, deflate
21:45:35.263 [Test worker] DEBUG com.github.dockerjava.zerodep.shaded.org.apache.hc.client5.http.headers - http-outgoing-0 >> Host: localhost:2375
21:45:35.263 [Test worker] DEBUG com.github.dockerjava.zerodep.shaded.org.apache.hc.client5.http.headers - http-outgoing-0 >> Connection: keep-alive
21:45:35.263 [Test worker] DEBUG com.github.dockerjava.zerodep.shaded.org.apache.hc.client5.http.wire - http-outgoing-0 >> "GET /v1.32/images/json HTTP/1.1[\r][\n]"
21:45:35.263 [Test worker] DEBUG com.github.dockerjava.zerodep.shaded.org.apache.hc.client5.http.wire - http-outgoing-0 >> "accept: application/json[\r][\n]"
21:45:35.263 [Test worker] DEBUG com.github.dockerjava.zerodep.shaded.org.apache.hc.client5.http.wire - http-outgoing-0 >> "x-tc-sid: 02f67430-f20c-4fdd-b619-db29e6c89474[\r][\n]"
21:45:35.263 [Test worker] DEBUG com.github.dockerjava.zerodep.shaded.org.apache.hc.client5.http.wire - http-outgoing-0 >> "User-Agent: tc-java/1.19.3[\r][\n]"
21:45:35.263 [Test worker] DEBUG com.github.dockerjava.zerodep.shaded.org.apache.hc.client5.http.wire - http-outgoing-0 >> "Accept-Encoding: gzip, x-gzip, deflate[\r][\n]"
21:45:35.263 [Test worker] DEBUG com.github.dockerjava.zerodep.shaded.org.apache.hc.client5.http.wire - http-outgoing-0 >> "Host: localhost:2375[\r][\n]"
21:45:35.263 [Test worker] DEBUG com.github.dockerjava.zerodep.shaded.org.apache.hc.client5.http.wire - http-outgoing-0 >> "Connection: keep-alive[\r][\n]"
21:45:35.263 [Test worker] DEBUG com.github.dockerjava.zerodep.shaded.org.apache.hc.client5.http.wire - http-outgoing-0 >> "[\r][\n]"
21:45:35.296 [Test worker] DEBUG com.github.dockerjava.zerodep.shaded.org.apache.hc.client5.http.wire - http-outgoing-0 << "HTTP/1.1 200 OK[\r][\n]"
21:45:35.296 [Test worker] DEBUG com.github.dockerjava.zerodep.shaded.org.apache.hc.client5.http.wire - http-outgoing-0 << "Api-Version: 1.43[\r][\n]"
21:45:35.297 [Test worker] DEBUG com.github.dockerjava.zerodep.shaded.org.apache.hc.client5.http.wire - http-outgoing-0 << "Content-Type: application/json[\r][\n]"
21:45:35.297 [Test worker] DEBUG com.github.dockerjava.zerodep.shaded.org.apache.hc.client5.http.wire - http-outgoing-0 << "Date: Tue, 11 Jun 2024 00:45:35 GMT[\r][\n]"
21:45:35.297 [Test worker] DEBUG com.github.dockerjava.zerodep.shaded.org.apache.hc.client5.http.wire - http-outgoing-0 << "Docker-Experimental: false[\r][\n]"
21:45:35.297 [Test worker] DEBUG com.github.dockerjava.zerodep.shaded.org.apache.hc.client5.http.wire - http-outgoing-0 << "Ostype: linux[\r][\n]"
21:45:35.297 [Test worker] DEBUG com.github.dockerjava.zerodep.shaded.org.apache.hc.client5.http.wire - http-outgoing-0 << "Server: Docker/24.0.2 (linux)[\r][\n]"
21:45:35.297 [Test worker] DEBUG com.github.dockerjava.zerodep.shaded.org.apache.hc.client5.http.wire - http-outgoing-0 << "Transfer-Encoding: chunked[\r][\n]"
21:45:35.297 [Test worker] DEBUG com.github.dockerjava.zerodep.shaded.org.apache.hc.client5.http.wire - http-outgoing-0 << "[\r][\n]"
21:45:35.297 [Test worker] DEBUG com.github.dockerjava.zerodep.shaded.org.apache.hc.client5.http.headers - http-outgoing-0 << HTTP/1.1 200 OK
21:45:35.298 [Test worker] DEBUG com.github.dockerjava.zerodep.shaded.org.apache.hc.client5.http.headers - http-outgoing-0 << Api-Version: 1.43
21:45:35.298 [Test worker] DEBUG com.github.dockerjava.zerodep.shaded.org.apache.hc.client5.http.headers - http-outgoing-0 << Content-Type: application/json
21:45:35.298 [Test worker] DEBUG com.github.dockerjava.zerodep.shaded.org.apache.hc.client5.http.headers - http-outgoing-0 << Date: Tue, 11 Jun 2024 00:45:35 GMT
21:45:35.298 [Test worker] DEBUG com.github.dockerjava.zerodep.shaded.org.apache.hc.client5.http.headers - http-outgoing-0 << Docker-Experimental: false
21:45:35.298 [Test worker] DEBUG com.github.dockerjava.zerodep.shaded.org.apache.hc.client5.http.headers - http-outgoing-0 << Ostype: linux
21:45:35.298 [Test worker] DEBUG com.github.dockerjava.zerodep.shaded.org.apache.hc.client5.http.headers - http-outgoing-0 << Server: Docker/24.0.2 (linux)
21:45:35.298 [Test worker] DEBUG com.github.dockerjava.zerodep.shaded.org.apache.hc.client5.http.headers - http-outgoing-0 << Transfer-Encoding: chunked
21:45:35.298 [Test worker] DEBUG com.github.dockerjava.zerodep.shaded.org.apache.hc.client5.http.impl.classic.MainClientExec - ex-00000003: connection can be kept alive for 3 MINUTES
21:45:35.299 [Test worker] DEBUG com.github.dockerjava.zerodep.shaded.org.apache.hc.client5.http.wire - http-outgoing-0 << "8000[\r][\n]"
21:45:35.299 [Test worker] DEBUG com.github.dockerjava.zerodep.shaded.org.apache.hc.client5.http.wire - http-outgoing-0 << "[{"Containers":-1,"Created":1716950626,"Id":"sha256:bf4e5592fd5dfb695fc2de4656a0e05fd3663f627991521678fd6a850b293006","Labels":{"io.buildpacks.stack.description":"ubuntu:jammy with some common dependencies like tzdata and openssl","io.buildpacks.stack.distro.name":"ubuntu","io.buildpacks.stack.distro.version":"22.04","io.buildpacks.stack.homepage":"https://github.com/paketo-buildpacks/jammy-base-stack","io.buildpacks.stack.id":"io.buildpacks.stacks.jammy","io.buildpacks.stack.maintainer":"Paketo Buildpacks","io.buildpacks.stack.metadata":"{}","io.buildpacks.stack.released":"2024-05-29T02:44:17Z","org.opencontainers.image.ref.name":"ubuntu","org.opencontainers.image.version":"22.04"},"ParentId":"","RepoDigests":["paketobuildpacks/run-jammy-base@sha256:02984cf16a3c0ebbbad54b8a2bc6f170f390c10950e7b733e84ee456f1254448"],"RepoTags":["paketobuildpacks/run-jammy-base:latest"],"SharedSize":-1,"Size":103873567,"VirtualSize":103873567},{"Containers":-1,"Created":1716661229,"Id":"sha256:0bf863eb4fb492ee410ccadf9589cc7a62d32d51f0269a637bb2d2286b844887","Labels":{"org.opencontainers.image.ref.name":"ubuntu","org.opencontainers.image.version":"22.04"},"ParentId":"","RepoDigests":["<none>@<none>"],"RepoTags":["<none>:<none>"],"SharedSize":-1,"Size":443378024,"VirtualSize":443378024},{"Containers":-1,"Created":1716660386,"Id":"sha256:9e4daaf5b9c609d5f2111e351c1075fd9729e338f51e1a591c66f83d79bd0431","Labels":{"org.opencontainers.image.ref.name":"ubuntu","org.opencontainers.image.version":"22.04"},"ParentId":"","RepoDigests":["<none>@<none>"],"RepoTags":["<none>:<none>"],"SharedSize":-1,"Size":442918400,"VirtualSize":442918400},{"Containers":-1,"Created":1716660141,"Id":"sha256:0ca93a134a9904f8a536c189235b5421238de7d699b87b3faf0e383927732b77","Labels":{"org.opencontainers.image.ref.name":"ubuntu","org.opencontainers.image.version":"22.04"},"ParentId":"","RepoDigests":["<none>@<none>"],"RepoTags":["<none>:<none>"],"SharedSize":-1,"Size":442918662,"VirtualSize":442918662},{"Containers":-1,"Created":1716659742,"Id":"sha256:f235acbe6cb6aced5a4e15424132dc4edcec2df751eddc27c36e28ad46f50173","Labels":{"org.opencontainers.image.ref.name":"ubuntu","org.opencontainers.image.version":"22.04"},"ParentId":"","RepoDigests":["<none>@<none>"],"RepoTags":["<none>:<none>"],"SharedSize":-1,"Size":442918662,"VirtualSize":442918662},{"Containers":-1,"Created":1716653219,"Id":"sha256:5473b0bbf39ba6965ba0840cb9bd6fa67f285769ef90838d79efc4d58533e8dd","Labels":{"org.opencontainers.image.ref.name":"ubuntu","org.opencontainers.image.version":"22.04"},"ParentId":"","RepoDigests":["ghcr.io/danielkrokovsky/my-java-image@sha256:727ac6503263ea2d827fbfb9e4840b1dbe07e30fd6826cfd80794e6384d9bd48"],"RepoTags":["my-java-image:1.0.0","ghcr.io/danielkrokovsky/my-java-image:1.0.0"],"SharedSize":-1,"Size":614985850,"VirtualSize":614985850},{"Containers":-1,"Created":1716419879,"Id":"sha256:280bc8b91f63658f9aa953917019518dbc05e941a3666cba0e33bb77fd900375","Labels":null,"ParentId":"","RepoDigests":["redis@sha256:3c55c37863f8d04d8c71e965d917efeeb6b7d7799583cae93d835609694f0db1"],"RepoTags":["redis:7.0"],"SharedSize":-1,"Size":108757965,"VirtualSize":108757965},{"Containers":-1,"Created":1715696905,"Id":"sha256:6db52cd793d14a0b20faff217a15883b2b4f21d1b129ed362910150ae2b5b314","Labels":{"io.buildpacks.stack.description":"ubuntu:jammy with some common dependencies like tzdata and openssl","io.buildpacks.stack.distro.name":"ubuntu","io.buildpacks.stack.distro.version":"22.04","io.buildpacks.stack.homepage":"https://github.com/paketo-buildpacks/jammy-base-stack","io.buildpacks.stack.id":"io.buildpacks.stacks.jammy","io.buildpacks.stack.maintainer":"Paketo Buildpacks","io.buildpacks.stack.metadata":"{}","io.buildpacks.stack.released":"2024-05-14T14:29:02Z","org.opencontainers.image.ref.name":"ubuntu","org.opencontainers.image.version":"22.04"},"ParentId":"","RepoDigests":["paketobuildpacks/run-jammy-base@sha256:ea0789090e3dcc6d3670a0e67aef87e3277db613a190f1d49d5828d00e55909a"],"RepoTags":null,"SharedSize":-1,"Size":103873571,"VirtualSize":103873571},{"Containers":-1,"Created":1715212430,"Id":"sha256:5a6e59a9bdc0d32876fd51e3702c6cb16f38b145ed5528e5f0bfb1de21e70803","Labels":null,"ParentId":"","RepoDigests":["gcr.io/k8s-minikube/kicbase@sha256:eb04641328b06c5c4a14f4348470e1046bbcf9c2cbc551486e343d3a49db557e"],"RepoTags":["gcr.io/k8s-minikube/kicbase:v0.0.44"],"SharedSize":-1,"Size":1262272485,"VirtualSize":1262272485},{"Containers":-1,"Created":1704405160,"Id":"sha256:b57857b8f6ea2f9dadebf67dbba677329113d80c6c633ff256e394b5c8c8a9f7","Labels":null,"ParentId":"","RepoDigests":["postgres@sha256:34f4ee87fed96f254c4970e6a348c24b24b4f05ebb0880e29c8d15a5cde4e763"],"RepoTags":["postgres:14.10"],"SharedSize":-1,"Size":415851644,"VirtualSize":415851644},{"Containers":-1,"Created":1684336262,"Id":"sha256:ec913eeff75a6b5ed284cf17e186213a466ec10a8f471798318ffa0813b5d828","Labels":{"org.testcontainers.ryuk":"true"},"ParentId":"","RepoDigests":["testcontainers/ryuk@sha256:533abc56c07b52a26c955d1e7ae428d810582ab01c156384ae79960eb5fa0775"],"RepoTags":["testcontainers/ryuk:0.5.1"],"SharedSize":-1,"Size":12695732,"VirtualSize":12695732},{"Containers":-1,"Created":1684158920,"Id":"sha256:556098075b3dc5ef7a290f73cd5e7cda37b52c9d09febe23e103e6199067eb89","Labels":null,"ParentId":"","RepoDigests":null,"RepoTags":["docker/desktop-vpnkit-controller:dc331cb22850be0cdd97c84a9cfecaf44a1afb6e"],"SharedSize":-1,"Size":36226360,"VirtualSize":36226360},{"Containers":-1,"Created":1681937362,"Id":"sha256:23c4f114c8beb51f17ee2b9b72c0e93cb5605f3fb0ab208e48ae443ee2de2cfb","Labels":{"com.docker.image.source.entrypoint":"kubernetes/Dockerfile","org.opencontainers.image.revision":"36ff8b399f364b411e8ed3a6aeeefd9f3aa31462","org.opencontainers.image.source":"https://github.com/docker/pinata.git"},"ParentId":"","RepoDigests":["hubproxy.docker.internal:5555/docker/desktop-kubernetes@sha256:f1573ffb14599a41a50fc9bd6f15c0f4060ed6ade929e9f2c458e5e3cc36cf68"],"RepoTags":["hubproxy.docker.internal:5555/docker/desktop-kubernetes:kubernetes-v1.25.9-cni-v1.1.1-critools-v1.25.0-cri-dockerd-v0.2.6-1-debian"],"SharedSize":-1,"Size":402214060,"VirtualSize":402214060},{"Containers":-1,"Created":1681302652,"Id":"sha256:dc245db8c2faecaeac427ebcdf308ebe2c60e40728bf4f45f33d857ef3179969","Labels":{"description":"go based runner for distroless scenarios","maintainers":"Kubernetes Authors"},"ParentId":"","RepoDigests":null,"RepoTags":["registry.k8s.io/kube-apiserver:v1.25.9"],"SharedSize":-1,"Size":127891182,"VirtualSize":127891182},{"Containers":-1,"Created":1681302650,"Id":"sha256:28d55f91d3d8f7f6bd66168eed2cfd72b448be5e7807055c05a77499ce5c0674","Labels":null,"ParentId":"","RepoDigests":null,"RepoTags":["registry.k8s.io/kube-proxy:v1.25.9"],"SharedSize":-1,"Size":61716514,"VirtualSize":61716514},{"Containers":-1,"Created":1681302650,"Id":"sha256:3ea2571fcc83d8e2cb02bff3da18165a38799e59c78cbe845cd807631f0c5cc3","Labels":{"description":"go based runner for distroless scenarios","maintainers":"Kubernetes Authors"},"ParentId":"","RepoDigests":null,"RepoTags":["registry.k8s.io/kube-controller-manager:v1.25.9"],"SharedSize":-1,"Size":117234037,"VirtualSize":117234037},{"Containers":-1,"Created":1681302649,"Id":"sha256:165df46c1bb9b79c9b441ac039ac408ed6788164404dad56f966c810dc61f05a","Labels":{"description":"go based runner for distroless scenarios","maintainers":"Kubernetes Authors"},"ParentId":"","RepoDigests":null,"RepoTags":["registry.k8s.io/kube-scheduler:v1.25.9"],"SharedSize":-1,"Size":50714644,"VirtualSize":50714644},{"Containers":-1,"Created":1669219881,"Id":"sha256:fce326961ae2d51a5f726883fd59d2a8c2ccc3e45d3bb859882db58e422e59e7","Labels":null,"ParentId":"","RepoDigests":null,"RepoTags":["registry.k8s.io/etcd:3.5.6-0"],"SharedSize":-1,"Size":299475478,"VirtualSize":299475478},{"Containers":-1,"Created":1659431892,"Id":"sha256:e09e90144645e02137d087f0dc059f4d2e3c6356ef8f9e40eeb15d1c901dbc73","Labels":null,"ParentId":"","RepoDigests":["postgres@sha256:9ceb24f8c5f15c053d973a3610866f473690875dc13eb3282b45302189321040"],"RepoTags":["postgres:14.4"],"SharedSize":-1,"Size":376111959,"VirtualSize":376111959},{"Containers":-1,"Created":1655329549,"Id":"sha256:487387"
21:45:35.311 [Test worker] DEBUG com.github.dockerjava.zerodep.shaded.org.apache.hc.client5.http.wire - http-outgoing-0 << "4c08efc72e9729683a83ffbb7502ee729e9a5ac097723806ea7fa13517","Labels":null,"ParentId":"","RepoDigests":null,"RepoTags":["registry.k8s.io/pause:3.8"],"SharedSize":-1,"Size":711184,"VirtualSize":711184},{"Containers":-1,"Created":1653672698,"Id":"sha256:5185b96f0becf59032b8e3646e99f84d9655dff3ac9e2605e0dc77f9c441ae4a","Labels":null,"ParentId":"","RepoDigests":null,"RepoTags":["registry.k8s.io/coredns/coredns:v1.9.3"],"SharedSize":-1,"Size":48803555,"VirtualSize":48803555},{"Containers":-1,"Created":1619456701,"Id":"sha256:99f89471f4708f1173e688f7f77bf6b995b10355a46cc388b273b0130add7aad","Labels":null,"ParentId":"","RepoDigests":null,"RepoTags":["docker/desktop-storage-provisioner:v2.0"],"SharedSize":-1,"Size":41850220,"VirtualSize":41850220},{"Containers":-1,"Created":315532801,"Id":"sha256:2bc1e5943e402a365447b44dc97f4a733635dd4f0da9d1c4921d5c0a571bf9af","Labels":{"io.buildpacks.builder.metadata":"{\"description\":\"Ubuntu 22.04 Jammy Jellyfish base image with buildpacks for Java, Go, .NET Core, Node.js, Python, Apache HTTPD, NGINX and Procfile\",\"buildpacks\":[{\"id\":\"paketo-buildpacks/dotnet-core\",\"name\":\"Paketo Buildpack for .NET Core\",\"version\":\"0.45.0\",\"homepage\":\"https://github.com/paketo-buildpacks/dotnet-core\"},{\"id\":\"paketo-buildpacks/ca-certificates\",\"name\":\"Paketo Buildpack for CA Certificates\",\"version\":\"3.7.0\",\"homepage\":\"https://github.com/paketo-buildpacks/ca-certificates\"},{\"id\":\"paketo-buildpacks/dotnet-core-aspnet-runtime\",\"name\":\"Paketo Buildpack for ASP.NET Core Runtime\",\"version\":\"0.4.7\",\"homepage\":\"https://github.com/paketo-buildpacks/dotnet-core-aspnet-runtime\"},{\"id\":\"paketo-buildpacks/dotnet-core-sdk\",\"name\":\"Paketo Buildpack for .NET Core SDK\",\"version\":\"0.14.8\",\"homepage\":\"https://github.com/paketo-buildpacks/dotnet-core-sdk\"},{\"id\":\"paketo-buildpacks/dotnet-execute\",\"name\":\"Paketo Buildpack for .NET Execute\",\"version\":\"0.14.31\",\"homepage\":\"https://github.com/paketo-buildpacks/dotnet-execute\"},{\"id\":\"paketo-buildpacks/dotnet-publish\",\"name\":\"Paketo Buildpack for .NET Publish\",\"version\":\"0.12.30\",\"homepage\":\"https://github.com/paketo-buildpacks/dotnet-publish\"},{\"id\":\"paketo-buildpacks/environment-variables\",\"name\":\"Paketo Buildpack for Environment Variables\",\"version\":\"4.6.0\",\"homepage\":\"https://github.com/paketo-buildpacks/environment-variables\"},{\"id\":\"paketo-buildpacks/icu\",\"name\":\"Paketo Buildpack for ICU\",\"version\":\"0.7.9\",\"homepage\":\"https://github.com/paketo-buildpacks/icu\"},{\"id\":\"paketo-buildpacks/image-labels\",\"name\":\"Paketo Buildpack for Image Labels\",\"version\":\"4.6.0\",\"homepage\":\"https://github.com/paketo-buildpacks/image-labels\"},{\"id\":\"paketo-buildpacks/node-engine\",\"name\":\"Paketo Buildpack for Node Engine\",\"version\":\"3.2.2\",\"homepage\":\"https://github.com/paketo-buildpacks/node-engine\"},{\"id\":\"paketo-buildpacks/procfile\",\"name\":\"Paketo Buildpack for Procfile\",\"version\":\"5.7.0\",\"homepage\":\"https://github.com/paketo-buildpacks/procfile\"},{\"id\":\"paketo-buildpacks/vsdbg\",\"name\":\"Paketo Buildpack for Visual Studio Debugger\",\"version\":\"0.3.11\"},{\"id\":\"paketo-buildpacks/watchexec\",\"name\":\"Paketo Buildpack for Watchexec\",\"version\":\"2.10.0\",\"homepage\":\"https://github.com/paketo-buildpacks/watchexec\"},{\"id\":\"paketo-buildpacks/go\",\"name\":\"Paketo Buildpack for Go\",\"version\":\"4.8.0\",\"homepage\":\"https://github.com/paketo-buildpacks/go\"},{\"id\":\"paketo-buildpacks/ca-certificates\",\"name\":\"Paketo Buildpack for CA Certificates\",\"version\":\"3.6.8\",\"homepage\":\"https://github.com/paketo-buildpacks/ca-certificates\"},{\"id\":\"paketo-buildpacks/environment-variables\",\"name\":\"Paketo Buildpack for Environment Variables\",\"version\":\"4.5.7\",\"homepage\":\"https://github.com/paketo-buildpacks/environment-variables\"},{\"id\":\"paketo-buildpacks/git\",\"name\":\"Paketo Buildpack for Git\",\"version\":\"1.0.8\",\"homepage\":\"https://github.com/paketo-buildpacks/git\"},{\"id\":\"paketo-buildpacks/go-build\",\"name\":\"Paketo Buildpack for Go Build\",\"version\":\"2.2.1\",\"homepage\":\"https://github.com/paketo-buildpacks/go-build\"},{\"id\":\"paketo-buildpacks/go-dist\",\"name\":\"Paketo Buildpack for Go Distribution\",\"version\":\"2.5.0\",\"homepage\":\"https://github.com/paketo-buildpacks/go-dist\"},{\"id\":\"paketo-buildpacks/go-mod-vendor\",\"name\":\"Paketo Buildpack for Go Mod Vendor\",\"version\":\"1.0.29\",\"homepage\":\"https://github.com/paketo-buildpacks/go-mod-vendor\"},{\"id\":\"paketo-buildpacks/image-labels\",\"name\":\"Paketo Buildpack for Image Labels\",\"version\":\"4.5.6\",\"homepage\":\"https://github.com/paketo-buildpacks/image-labels\"},{\"id\":\"paketo-buildpacks/procfile\",\"name\":\"Paketo Buildpack for Procfile\",\"version\":\"5.6.9\",\"homepage\":\"https://github.com/paketo-buildpacks/procfile\"},{\"id\":\"paketo-buildpacks/watchexec\",\"name\":\"Paketo Buildpack for Watchexec\",\"version\":\"2.9.0\",\"homepage\":\"https://github.com/paketo-buildpacks/watchexec\"},{\"id\":\"paketo-buildpacks/java-native-image\",\"name\":\"Paketo Buildpack for Java Native Image\",\"version\":\"9.5.0\",\"homepage\":\"https://paketo.io/docs/howto/java/#build-an-app-as-a-graalvm-native-image-application\"},{\"id\":\"paketo-buildpacks/bellsoft-liberica\",\"name\":\"Paketo Buildpack for BellSoft Liberica\",\"version\":\"10.8.0\",\"homepage\":\"https://github.com/paketo-buildpacks/bellsoft-liberica\"},{\"id\":\"paketo-buildpacks/ca-certificates\",\"name\":\"Paketo Buildpack for CA Certificates\",\"version\":\"3.8.0\",\"homepage\":\"https://github.com/paketo-buildpacks/ca-certificates\"},{\"id\":\"paketo-buildpacks/datadog\",\"name\":\"Paketo Buildpack for Datadog\",\"version\":\"5.13.0\",\"homepage\":\"https://github.com/paketo-buildpacks/datadog\"},{\"id\":\"paketo-buildpacks/environment-variables\",\"name\":\"Paketo Buildpack for Environment Variables\",\"version\":\"4.7.0\",\"homepage\":\"https://github.com/paketo-buildpacks/environment-variables\"},{\"id\":\"paketo-buildpacks/executable-jar\",\"name\":\"Paketo Buildpack for Executable JAR\",\"version\":\"6.10.0\",\"homepage\":\"https://github.com/paketo-buildpacks/executable-jar\"},{\"id\":\"paketo-buildpacks/gradle\",\"name\":\"Paketo Buildpack for Gradle\",\"version\":\"7.11.0\",\"homepage\":\"https://github.com/paketo-buildpacks/gradle\"},{\"id\":\"paketo-buildpacks/image-labels\",\"name\":\"Paketo Buildpack for Image Labels\",\"version\":\"4.7.0\",\"homepage\":\"https://github.com/paketo-buildpacks/image-labels\"},{\"id\":\"paketo-buildpacks/leiningen\",\"name\":\"Paketo Buildpack for Leiningen\",\"version\":\"4.9.0\",\"homepage\":\"https://github.com/paketo-buildpacks/leiningen\"},{\"id\":\"paketo-buildpacks/maven\",\"name\":\"Paketo Buildpack for Maven\",\"version\":\"6.17.0\",\"homepage\":\"https://github.com/paketo-buildpacks/maven\"},{\"id\":\"paketo-buildpacks/native-image\",\"name\":\"Paketo Buildpack for Native Image\",\"version\":\"5.14.0\",\"homepage\":\"https://github.com/paketo-buildpacks/native-image\"},{\"id\":\"paketo-buildpacks/procfile\",\"name\":\"Paketo Buildpack for Procfile\",\"version\":\"5.9.0\",\"homepage\":\"https://github.com/paketo-buildpacks/procfile\"},{\"id\":\"paketo-buildpacks/sbt\",\"name\":\"Paketo Buildpack for SBT\",\"version\":\"6.15.0\",\"homepage\":\"https://github.com/paketo-buildpacks/sbt\"},{\"id\":\"paketo-buildpacks/spring-boot\",\"name\":\"Paketo Buildpack for Spring Boot\",\"version\":\"5.30.0\",\"homepage\":\"https://github.com/paketo-buildpacks/spring-boot\"},{\"id\":\"paketo-buildpacks/syft\",\"name\":\"Paketo Buildpack for Syft\",\"version\":\"1.47.0\",\"homepage\":\"https://github.com/paketo-buildpacks/syft\"},{\"id\":\"paketo-buildpacks/upx\",\"name\":\"Paketo Buildpack for UPX\",\"version\":\"3.6.0\",\"homepage\":\"https://github.com/paketo-buildpacks/upx\"},{\"id\":\"paketo-buildpacks/j"
21:45:35.313 [Test worker] DEBUG com.github.dockerjava.zerodep.shaded.org.apache.hc.client5.http.wire - http-outgoing-0 << "ava\",\"name\":\"Paketo Buildpack for Java\",\"version\":\"14.1.0\",\"homepage\":\"https://paketo.io/docs/howto/java\"},{\"id\":\"paketo-buildpacks/apache-tomcat\",\"name\":\"Paketo Buildpack for Apache Tomcat\",\"version\":\"8.1.0\",\"homepage\":\"https://github.com/paketo-buildpacks/apache-tomcat\"},{\"id\":\"paketo-buildpacks/apache-tomee\",\"name\":\"Paketo Buildpack for Apache Tomee\",\"version\":\"1.10.0\",\"homepage\":\"https://github.com/paketo-buildpacks/apache-tomee\"},{\"id\":\"paketo-buildpacks/azure-application-insights\",\"name\":\"Paketo Buildpack for Azure Application Insights\",\"version\":\"5.21.0\",\"homepage\":\"https://github.com/paketo-buildpacks/azure-application-insights\"},{\"id\":\"paketo-buildpacks/bellsoft-liberica\",\"name\":\"Paketo Buildpack for BellSoft Liberica\",\"version\":\"10.8.0\",\"homepage\":\"https://github.com/paketo-buildpacks/bellsoft-liberica\"},{\"id\":\"paketo-buildpacks/ca-certificates\",\"name\":\"Paketo Buildpack for CA Certificates\",\"version\":\"3.8.0\",\"homepage\":\"https://github.com/paketo-buildpacks/ca-certificates\"},{\"id\":\"paketo-buildpacks/clojure-tools\",\"name\":\"Paketo Buildpack for Clojure Tools\",\"version\":\"2.10.0\",\"homepage\":\"https://github.com/paketo-buildpacks/clojure-tools\"},{\"id\":\"paketo-buildpacks/datadog\",\"name\":\"Paketo Buildpack for Datadog\",\"version\":\"5.13.0\",\"homepage\":\"https://github.com/paketo-buildpacks/datadog\"},{\"id\":\"paketo-buildpacks/dist-zip\",\"name\":\"Paketo Buildpack for DistZip\",\"version\":\"5.8.0\",\"homepage\":\"https://github.com/paketo-buildpacks/dist-zip\"},{\"id\":\"paketo-buildpacks/encrypt-at-rest\",\"name\":\"Paketo Buildpack for Encrypt-at-Rest\",\"version\":\"4.7.0\",\"homepage\":\"https://github.com/paketo-buildpacks/encrypt-at-rest\"},{\"id\":\"paketo-buildpacks/environment-variables\",\"name\":\"Paketo Buildpack for Environment Variables\",\"version\":\"4.7.0\",\"homepage\":\"https://github.com/paketo-buildpacks/environment-variables\"},{\"id\":\"paketo-buildpacks/executable-jar\",\"name\":\"Paketo Buildpack for Executable JAR\",\"version\":\"6.10.0\",\"homepage\":\"https://github.com/paketo-buildpacks/executable-jar\"},{\"id\":\"paketo-buildpacks/google-stackdriver\",\"name\":\"Paketo Buildpack for Google Stackdriver\",\"version\":\"9.0.2\",\"homepage\":\"https://github.com/paketo-buildpacks/google-stackdriver\"},{\"id\":\"paketo-buildpacks/gradle\",\"name\":\"Paketo Buildpack for Gradle\",\"version\":\"7.11.0\",\"homepage\":\"https://github.com/paketo-buildpacks/gradle\"},{\"id\":\"paketo-buildpacks/image-labels\",\"name\":\"Paketo Buildpack for Image Labels\",\"version\":\"4.7.0\",\"homepage\":\"https://github.com/paketo-buildpacks/image-labels\"},{\"id\":\"paketo-buildpacks/jattach\",\"name\":\"Paketo Buildpack for JAttach\",\"version\":\"1.8.0\",\"homepage\":\"https://github.com/paketo-buildpacks/jattach\"},{\"id\":\"paketo-buildpacks/java-memory-assistant\",\"name\":\"Paketo Buildpack for Java Memory Assistant\",\"version\":\"1.6.0\",\"homepage\":\"https://github.com/paketo-buildpacks/java-memory-assistant\"},{\"id\":\"paketo-buildpacks/leiningen\",\"name\":\"Paketo Buildpack for Leiningen\",\"version\":\"4.9.0\",\"homepage\":\"https://github.com/paketo-buildpacks/leiningen\"},{\"id\":\"paketo-buildpacks/liberty\",\"name\":\"Paketo Buildpack for Liberty\",\"version\":\"4.2.0\",\"homepage\":\"https://github.com/paketo-buildpacks/liberty\"},{\"id\":\"paketo-buildpacks/maven\",\"name\":\"Paketo Buildpack for Maven\",\"version\":\"6.17.0\",\"homepage\":\"https://github.com/paketo-buildpacks/maven\"},{\"id\":\"paketo-buildpacks/node-engine\",\"name\":\"Paketo Buildpack for Node Engine\",\"version\":\"3.2.2\",\"homepage\":\"https://github.com/paketo-buildpacks/node-engine\"},{\"id\":\"paketo-buildpacks/procfile\",\"name\":\"Paketo Buildpack for Procfile\",\"version\":\"5.9.0\",\"homepage\":\"https://github.com/paketo-buildpacks/procfile\"},{\"id\":\"paketo-buildpacks/sbt\",\"name\":\"Paketo Buildpack for SBT\",\"version\":\"6.15.0\",\"homepage\":\"https://github.com/paketo-buildpacks/sbt\"},{\"id\":\"paketo-buildpacks/spring-boot\",\"name\":\"Paketo Buildpack for Spring Boot\",\"version\":\"5.30.0\",\"homepage\":\"https://github.com/paketo-buildpacks/spring-boot\"},{\"id\":\"paketo-buildpacks/syft\",\"name\":\"Paketo Buildpack for Syft\",\"version\":\"1.47.0\",\"homepage\":\"https://github.com/paketo-buildpacks/syft\"},{\"id\":\"paketo-buildpacks/watchexec\",\"name\":\"Paketo Buildpack for Watchexec\",\"version\":\"3.2.0\",\"homepage\":\"https://github.com/paketo-buildpacks/watchexec\"},{\"id\":\"paketo-buildpacks/yarn\",\"name\":\"Paketo Buildpack for Yarn\",\"version\":\"1.3.2\",\"homepage\":\"https://github.com/paketo-buildpacks/yarn\"},{\"id\":\"paketo-buildpacks/nodejs\",\"name\":\"Paketo Buildpack for Node.js\",\"version\":\"2.2.0\",\"homepage\":\"https://github.com/paketo-buildpacks/nodejs\"},{\"id\":\"paketo-buildpacks/ca-certificates\",\"name\":\"Paketo Buildpack for CA Certificates\",\"version\":\"3.6.7\",\"homepage\":\"https://github.com/paketo-buildpacks/ca-certificates\"},{\"id\":\"paketo-buildpacks/datadog\",\"name\":\"Paketo Buildpack for Datadog\",\"version\":\"3.6.0\",\"homepage\":\"https://github.com/paketo-buildpacks/datadog\"},{\"id\":\"paketo-buildpacks/environment-variables\",\"name\":\"Paketo Buildpack for Environment Variables\",\"version\":\"4.5.6\",\"homepage\":\"https://github.com/paketo-buildpacks/environment-variables\"},{\"id\":\"paketo-buildpacks/image-labels\",\"name\":\"Paketo Buildpack for Image Labels\",\"version\":\"4.5.5\",\"homepage\":\"https://github.com/paketo-buildpacks/image-labels\"},{\"id\":\"paketo-buildpacks/node-engine\",\"name\":\"Paketo Buildpack for Node Engine\",\"version\":\"3.2.1\",\"homepage\":\"https://github.com/paketo-buildpacks/node-engine\"},{\"id\":\"paketo-buildpacks/node-run-script\",\"name\":\"Paketo Buildpack for Node Run Script\",\"version\":\"1.0.16\",\"homepage\":\"https://github.com/paketo-buildpacks/node-run-script\"},{\"id\":\"paketo-buildpacks/node-start\",\"name\":\"Paketo Buildpack for Node Start\",\"version\":\"1.1.5\",\"homepage\":\"https://github.com/paketo-buildpacks/node-start\"},{\"id\":\"paketo-buildpacks/npm-install\",\"name\":\"Paketo Buildpack for NPM Install\",\"version\":\"1.4.0\",\"homepage\":\"https://github.com/paketo-buildpacks/npm-install\"},{\"id\":\"paketo-buildpacks/npm-start\",\"name\":\"Paketo Buildpack for NPM Start\",\"version\":\"1.0.17\",\"homepage\":\"https://github.com/paketo-buildpacks/npm-start\"},{\"id\":\"paketo-buildpacks/procfile\",\"name\":\"Paketo Buildpack for Procfile\",\"version\":\"5.6.8\",\"homepage\":\"https://github.com/paketo-buildpacks/procfile\"},{\"id\":\"paketo-buildpacks/watchexec\",\"name\":\"Paketo Buildpack for Watchexec\",\"version\":\"2.8.7\",\"homepage\":\"https://github.com/paketo-buildpacks/watchexec\"},{\"id\":\"paketo-buildpacks/yarn\",\"name\":\"Paketo Buildpack for Yarn\",\"version\":\"1.3.2\",\"homepage\":\"https://github.com/paketo-buildpacks/yarn\"},{\"id\":\"paketo-buildpacks/yarn-install\",\"name\":\"Paketo Buildpack for Yarn Install\",\"version\":\"1.3.2\",\"homepage\":\"https://github.com/paketo-buildpacks/yarn-install\"},{\"id\":\"paketo-buildpacks/yarn-start\",\"name\":\"Paketo Buildpack for Yarn Start\",\"version\":\"1.2.2\",\"homepage\":\"https://github.com/paketo-buildpacks/yarn-start\"},{\"id\":\"paketo-buildpacks/procfile\",\"name\":\"Paketo Buildpack for Procfile\",\"version\":\"5.9.0\",\"homepage\":\"https://github.com/paketo-buildpacks/procfile\"},{\"id\":\"paketo-buildpacks/python\",\"name\":\"Paketo Buildpack for Python\",\"version\":\"2.19.0\"},{\"id\":\"paketo-buildpacks/ca-certificates\",\"name\":\"Paketo Buildpack for CA Certificates\",\"version\":\"3.7.0\",\"homepage\":\"https://github.com/paketo-buildpacks/ca-certificates\"},{\"id\":\"paketo-buildpacks/conda-env-update\",\"name\":\"Paketo Buildpack for Conda Env Update\",\"version\":\"0.7.13\",\"homepage\":\""
21:45:35.315 [Test worker] DEBUG com.github.dockerjava.zerodep.shaded.org.apache.hc.client5.http.wire - http-outgoing-0 << "https://github.com/paketo-buildpacks/conda-env-update\"},{\"id\":\"paketo-buildpacks/cpython\",\"name\":\"Paketo Buildpack for CPython\",\"version\":\"1.13.0\"},{\"id\":\"paketo-buildpacks/environment-variables\",\"name\":\"Paketo Buildpack for Environment Variables\",\"version\":\"4.6.0\",\"homepage\":\"https://github.com/paketo-buildpacks/environment-variables\"},{\"id\":\"paketo-buildpacks/image-labels\",\"name\":\"Paketo Buildpack for Image Labels\",\"version\":\"4.6.0\",\"homepage\":\"https://github.com/paketo-buildpacks/image-labels\"},{\"id\":\"paketo-buildpacks/miniconda\",\"name\":\"Paketo Buildpack for Miniconda\",\"version\":\"0.10.0\"},{\"id\":\"paketo-buildpacks/pip\",\"name\":\"Paketo Buildpack for Pip\",\"version\":\"0.20.1\"},{\"id\":\"paketo-buildpacks/pip-install\",\"name\":\"Paketo Buildpack for Pip Install\",\"version\":\"0.6.1\"},{\"id\":\"paketo-buildpacks/pipenv\",\"name\":\"Paketo Buildpack for Pipenv\",\"version\":\"1.21.0\"},{\"id\":\"paketo-buildpacks/pipenv-install\",\"name\":\"Paketo Buildpack for Pipenv Install\",\"version\":\"0.6.19\"},{\"id\":\"paketo-buildpacks/poetry\",\"name\":\"Paketo Buildpack for Poetry\",\"version\":\"0.9.0\"},{\"id\":\"paketo-buildpacks/poetry-install\",\"name\":\"Paketo Buildpack for Poetry Install\",\"version\":\"0.3.19\"},{\"id\":\"paketo-buildpacks/poetry-run\",\"name\":\"Paketo Buildpack for Poetry Run\",\"version\":\"0.4.22\"},{\"id\":\"paketo-buildpacks/procfile\",\"name\":\"Paketo Buildpack for Procfile\",\"version\":\"5.8.0\",\"homepage\":\"https://github.com/paketo-buildpacks/procfile\"},{\"id\":\"paketo-buildpacks/python-start\",\"name\":\"Paketo Buildpack for Python Start\",\"version\":\"0.14.15\",\"homepage\":\"https://github.com/paketo-buildpacks/python-start\"},{\"id\":\"paketo-buildpacks/watchexec\",\"name\":\"Paketo Buildpack for Watchexec\",\"version\":\"3.1.2\",\"homepage\":\"https://github.com/paketo-buildpacks/watchexec\"},{\"id\":\"paketo-buildpacks/ruby\",\"name\":\"Paketo Buildpack for Ruby\",\"version\":\"0.45.0\",\"homepage\":\"https://github.com/paketo-buildpacks/ruby\"},{\"id\":\"paketo-buildpacks/bundle-install\",\"name\":\"Paketo Buildpack for Bundle Install\",\"version\":\"0.8.5\",\"homepage\":\"https://github.com/paketo-buildpacks/bundle-install\"},{\"id\":\"paketo-buildpacks/bundler\",\"name\":\"Paketo Buildpack for Bundler\",\"version\":\"0.8.7\",\"homepage\":\"https://github.com/paketo-buildpacks/bundler\"},{\"id\":\"paketo-buildpacks/ca-certificates\",\"name\":\"Paketo Buildpack for CA Certificates\",\"version\":\"3.7.0\",\"homepage\":\"https://github.com/paketo-buildpacks/ca-certificates\"},{\"id\":\"paketo-buildpacks/environment-variables\",\"name\":\"Paketo Buildpack for Environment Variables\",\"version\":\"4.6.0\",\"homepage\":\"https://github.com/paketo-buildpacks/environment-variables\"},{\"id\":\"paketo-buildpacks/image-labels\",\"name\":\"Paketo Buildpack for Image Labels\",\"version\":\"4.6.0\",\"homepage\":\"https://github.com/paketo-buildpacks/image-labels\"},{\"id\":\"paketo-buildpacks/mri\",\"name\":\"Paketo Buildpack for MRI\",\"version\":\"0.16.2\",\"homepage\":\"https://github.com/paketo-buildpacks/mri\"},{\"id\":\"paketo-buildpacks/node-engine\",\"name\":\"Paketo Buildpack for Node Engine\",\"version\":\"3.2.2\",\"homepage\":\"https://github.com/paketo-buildpacks/node-engine\"},{\"id\":\"paketo-buildpacks/passenger\",\"name\":\"Paketo Buildpack for Passenger\",\"version\":\"0.14.2\",\"homepage\":\"https://github.com/paketo-buildpacks/passenger\"},{\"id\":\"paketo-buildpacks/procfile\",\"name\":\"Paketo Buildpack for Procfile\",\"version\":\"5.7.0\",\"homepage\":\"https://github.com/paketo-buildpacks/procfile\"},{\"id\":\"paketo-buildpacks/puma\",\"name\":\"Paketo Buildpack for Puma\",\"version\":\"0.4.40\",\"homepage\":\"https://github.com/paketo-buildpacks/puma\"},{\"id\":\"paketo-buildpacks/rackup\",\"name\":\"Paketo Buildpack for Rackup\",\"version\":\"0.4.39\",\"homepage\":\"https://github.com/paketo-buildpacks/rackup\"},{\"id\":\"paketo-buildpacks/rails-assets\",\"name\":\"Paketo Buildpack for Rails Assets\",\"version\":\"0.10.9\",\"homepage\":\"https://github.com/paketo-buildpacks/rails-assets\"},{\"id\":\"paketo-buildpacks/rake\",\"name\":\"Paketo Buildpack for Rake\",\"version\":\"0.4.39\",\"homepage\":\"https://github.com/paketo-buildpacks/rake\"},{\"id\":\"paketo-buildpacks/thin\",\"name\":\"Paketo Buildpack for Thin\",\"version\":\"0.5.37\",\"homepage\":\"https://github.com/paketo-buildpacks/thin\"},{\"id\":\"paketo-buildpacks/unicorn\",\"name\":\"Paketo Buildpack for Unicorn\",\"version\":\"0.4.39\",\"homepage\":\"https://github.com/paketo-buildpacks/unicorn\"},{\"id\":\"paketo-buildpacks/yarn\",\"name\":\"Paketo Buildpack for Yarn\",\"version\":\"1.3.2\",\"homepage\":\"https://github.com/paketo-buildpacks/yarn\"},{\"id\":\"paketo-buildpacks/yarn-install\",\"name\":\"Paketo Buildpack for Yarn Install\",\"version\":\"1.3.2\",\"homepage\":\"https://github.com/paketo-buildpacks/yarn-install\"},{\"id\":\"paketo-buildpacks/web-servers\",\"name\":\"Paketo Buildpack for Web Servers\",\"version\":\"0.22.0\",\"homepage\":\"https://github.com/paketo-buildpacks/web-servers\"},{\"id\":\"paketo-buildpacks/ca-certificates\",\"name\":\"Paketo Buildpack for CA Certificates\",\"version\":\"3.7.0\",\"homepage\":\"https://github.com/paketo-buildpacks/ca-certificates\"},{\"id\":\"paketo-buildpacks/environment-variables\",\"name\":\"Paketo Buildpack for Environment Variables\",\"version\":\"4.6.0\",\"homepage\":\"https://github.com/paketo-buildpacks/environment-variables\"},{\"id\":\"paketo-buildpacks/httpd\",\"name\":\"Paketo Buildpack for Apache HTTP Server\",\"version\":\"0.7.19\",\"homepage\":\"https://github.com/paketo-buildpacks/httpd\"},{\"id\":\"paketo-buildpacks/image-labels\",\"name\":\"Paketo Buildpack for Image Labels\",\"version\":\"4.6.0\",\"homepage\":\"https://github.com/paketo-buildpacks/image-labels\"},{\"id\":\"paketo-buildpacks/nginx\",\"name\":\"Paketo Buildpack for Nginx Server\",\"version\":\"0.16.0\",\"homepage\":\"https://github.com/paketo-buildpacks/nginx\"},{\"id\":\"paketo-buildpacks/node-engine\",\"name\":\"Paketo Buildpack for Node Engine\",\"version\":\"3.2.2\",\"homepage\":\"https://github.com/paketo-buildpacks/node-engine\"},{\"id\":\"paketo-buildpacks/node-run-script\",\"name\":\"Paketo Buildpack for Node Run Script\",\"version\":\"1.0.16\",\"homepage\":\"https://github.com/paketo-buildpacks/node-run-script\"},{\"id\":\"paketo-buildpacks/npm-install\",\"name\":\"Paketo Buildpack for NPM Install\",\"version\":\"1.4.0\",\"homepage\":\"https://github.com/paketo-buildpacks/npm-install\"},{\"id\":\"paketo-buildpacks/procfile\",\"name\":\"Paketo Buildpack for Procfile\",\"version\":\"5.8.0\",\"homepage\":\"https://github.com/paketo-buildpacks/procfile\"},{\"id\":\"paketo-buildpacks/source-removal\",\"name\":\"Paketo Buildpack for Source Removal\",\"version\":\"0.2.1\"},{\"id\":\"paketo-buildpacks/watchexec\",\"name\":\"Paketo Buildpack for Watchexec\",\"version\":\"3.1.2\",\"homepage\":\"https://github.com/paketo-buildpacks/watchexec\"},{\"id\":\"paketo-buildpacks/yarn\",\"name\":\"Paketo Buildpack for Yarn\",\"version\":\"1.3.2\",\"homepage\":\"https://github.com/paketo-buildpacks/yarn\"},{\"id\":\"paketo-buildpacks/yarn-install\",\"name\":\"Paketo Buildpack for Yarn Install\",\"version\":\"1.3.2\",\"homepage\":\"https://github.com/paketo-buildpacks/yarn-install\"}],\"extensions\":null,\"stack\":{\"runImage\":{\"image\":\"index.docker.io/paketobuildpacks/run-jammy-base:latest\",\"mirrors\":[]}},\"lifecycle\":{\"version\":\"0.19.6\",\"api\":{\"buildpack\":\"0.7\",\"platform\":\"0.7\"},\"apis\":{\"buildpack\":{\"deprecated\":[],\"supported\":[\"0.7\",\"0.8\",\"0.9\",\"0.10\",\"0.11\"]},\"platform\":{\"deprecated\":[],\"supported\":[\"0.7\",\"0.8\",\"0.9\",\"0.10\",\"0.11\",\"0.12\",\"0.13\"]}}},\"createdBy\":{\"name\":\"Pack CLI\",\"version\":\"0.33.2+git-f2cffc4.build-5562\"},\"images\":[{\"image\":\"index.docker.io/pake"
21:45:35.316 [Test worker] DEBUG com.github.dockerjava.zerodep.shaded.org.apache.hc.client5.http.wire - http-outgoing-0 << "tobuildpacks/run-jammy-base:latest\",\"mirrors\":[]}]}","io.buildpacks.buildpack.layers":"{\"paketo-buildpacks/apache-tomcat\":{\"8.1.0\":{\"api\":\"0.7\",\"stacks\":[{\"id\":\"*\"}],\"targets\":[{\"os\":\"linux\",\"arch\":\"amd64\"},{\"os\":\"linux\",\"arch\":\"arm64\"}],\"layerDiffID\":\"sha256:ebd55eafd18ed10dd387caf8bf6a1641c817455fe324bf6119bf99182eb63a54\",\"homepage\":\"https://github.com/paketo-buildpacks/apache-tomcat\",\"name\":\"Paketo Buildpack for Apache Tomcat\"}},\"paketo-buildpacks/apache-tomee\":{\"1.10.0\":{\"api\":\"0.7\",\"stacks\":[{\"id\":\"*\"}],\"targe"
21:45:35.317 [Test worker] DEBUG com.github.dockerjava.zerodep.shaded.org.apache.hc.client5.http.wire - http-outgoing-0 << "[\r][\n]"
21:45:35.317 [Test worker] DEBUG com.github.dockerjava.zerodep.shaded.org.apache.hc.client5.http.wire - http-outgoing-0 << "8000[\r][\n]"
21:45:35.318 [Test worker] DEBUG com.github.dockerjava.zerodep.shaded.org.apache.hc.client5.http.wire - http-outgoing-0 << "ts\":[{\"os\":\"linux\",\"arch\":\"amd64\"},{\"os\":\"linux\",\"arch\":\"arm64\"}],\"layerDiffID\":\"sha256:b32cf7945e9d6c508b147f40a81989fcc7daf88651de7ad445476427a68911f5\",\"homepage\":\"https://github.com/paketo-buildpacks/apache-tomee\",\"name\":\"Paketo Buildpack for Apache Tomee\"}},\"paketo-buildpacks/azure-application-insights\":{\"5.21.0\":{\"api\":\"0.7\",\"stacks\":[{\"id\":\"io.buildpacks.stacks.bionic\"},{\"id\":\"io.paketo.stacks.tiny\"},{\"id\":\"*\"}],\"targets\":[{\"os\":\"linux\",\"arch\":\"amd64\"},{\"os\":\"linux\",\"arch\":\"arm64\"}],\"layerDiffID\":\"sha256:a19f2090cf2577b906b96528fb529c0f15500c0d0b51ee242ecda062363fd16d\",\"homepage\":\"https://github.com/paketo-buildpacks/azure-application-insights\",\"name\":\"Paketo Buildpack for Azure Application Insights\"}},\"paketo-buildpacks/bellsoft-liberica\":{\"10.8.0\":{\"api\":\"0.7\",\"stacks\":[{\"id\":\"*\"}],\"targets\":[{\"os\":\"linux\",\"arch\":\"amd64\"},{\"os\":\"linux\",\"arch\":\"arm64\"}],\"layerDiffID\":\"sha256:07935350cf9462ba738dc93337552d16da65db578751ace9fe71c64e648338dd\",\"homepage\":\"https://github.com/paketo-buildpacks/bellsoft-liberica\",\"name\":\"Paketo Buildpack for BellSoft Liberica\"}},\"paketo-buildpacks/bundle-install\":{\"0.8.5\":{\"api\":\"0.7\",\"stacks\":[{\"id\":\"*\"}],\"layerDiffID\":\"sha256:1b3818b4d7d42ac7498fa086549676873b967e54ad5323cf2fd1d533c926ac52\",\"homepage\":\"https://github.com/paketo-buildpacks/bundle-install\",\"name\":\"Paketo Buildpack for Bundle Install\"}},\"paketo-buildpacks/bundler\":{\"0.8.7\":{\"api\":\"0.7\",\"stacks\":[{\"id\":\"io.buildpacks.stacks.bionic\"},{\"id\":\"io.buildpacks.stacks.jammy\"}],\"layerDiffID\":\"sha256:0ea72b8c70ae4754e09632eeef564e55d06e3dbd3ea3d09ca4e484a2f2dc960a\",\"homepage\":\"https://github.com/paketo-buildpacks/bundler\",\"name\":\"Paketo Buildpack for Bundler\"}},\"paketo-buildpacks/ca-certificates\":{\"3.6.7\":{\"api\":\"0.7\",\"stacks\":[{\"id\":\"io.buildpacks.stacks.bionic\"},{\"id\":\"io.paketo.stacks.tiny\"},{\"id\":\"*\"}],\"layerDiffID\":\"sha256:09958ee88d9b92eb8cac51041ca0b7e26ea4729d6c21cb4c4b0e73d1a03d97f2\",\"homepage\":\"https://github.com/paketo-buildpacks/ca-certificates\",\"name\":\"Paketo Buildpack for CA Certificates\"},\"3.6.8\":{\"api\":\"0.7\",\"stacks\":[{\"id\":\"io.buildpacks.stacks.bionic\"},{\"id\":\"io.paketo.stacks.tiny\"},{\"id\":\"*\"}],\"layerDiffID\":\"sha256:9883ab1d7d23d56b1c21dfa542e6ded1632389c1cddaa94028a1a58eb3ecbcae\",\"homepage\":\"https://github.com/paketo-buildpacks/ca-certificates\",\"name\":\"Paketo Buildpack for CA Certificates\"},\"3.7.0\":{\"api\":\"0.7\",\"stacks\":[{\"id\":\"io.buildpacks.stacks.bionic\"},{\"id\":\"io.paketo.stacks.tiny\"},{\"id\":\"*\"}],\"targets\":[{\"os\":\"linux\",\"arch\":\"amd64\"},{\"os\":\"linux\",\"arch\":\"arm64\"}],\"layerDiffID\":\"sha256:52f9c2838fa9e8d46d5144689680b27feb1b4befa37df3b11199fa0063a6c19e\",\"homepage\":\"https://github.com/paketo-buildpacks/ca-certificates\",\"name\":\"Paketo Buildpack for CA Certificates\"},\"3.8.0\":{\"api\":\"0.7\",\"stacks\":[{\"id\":\"io.buildpacks.stacks.bionic\"},{\"id\":\"io.paketo.stacks.tiny\"},{\"id\":\"*\"}],\"targets\":[{\"os\":\"linux\",\"arch\":\"amd64\"},{\"os\":\"linux\",\"arch\":\"arm64\"}],\"layerDiffID\":\"sha256:04fcfcf6a209550ec8e8ec91894375503463bd096527a252d89b45e97c1ce960\",\"homepage\":\"https://github.com/paketo-buildpacks/ca-certificates\",\"name\":\"Paketo Buildpack for CA Certificates\"}},\"paketo-buildpacks/clojure-tools\":{\"2.10.0\":{\"api\":\"0.7\",\"stacks\":[{\"id\":\"io.buildpacks.stacks.bionic\"},{\"id\":\"io.paketo.stacks.tiny\"},{\"id\":\"*\"}],\"targets\":[{\"os\":\"linux\",\"arch\":\"amd64\"},{\"os\":\"linux\",\"arch\":\"arm64\"}],\"layerDiffID\":\"sha256:73195e7ef8046484696ed3ae71baf72ee6d5a9656d033c17c068133282db2cb1\",\"homepage\":\"https://github.com/paketo-buildpacks/clojure-tools\",\"name\":\"Paketo Buildpack for Clojure Tools\"}},\"paketo-buildpacks/conda-env-update\":{\"0.7.13\":{\"api\":\"0.7\",\"stacks\":[{\"id\":\"*\"}],\"layerDiffID\":\"sha256:7b49fed5fb63d86c2168fe18f1f723a06eb0fdb00d0ba404942721081c0b1939\",\"homepage\":\"https://github.com/paketo-buildpacks/conda-env-update\",\"name\":\"Paketo Buildpack for Conda Env Update\"}},\"paketo-buildpacks/cpython\":{\"1.13.0\":{\"api\":\"0.7\",\"stacks\":[{\"id\":\"*\"}],\"layerDiffID\":\"sha256:8fb77a4df53a388c1aae020fcee7881641b1807ff84db67d10e13bd715c6cae8\",\"name\":\"Paketo Buildpack for CPython\"}},\"paketo-buildpacks/datadog\":{\"3.6.0\":{\"api\":\"0.7\",\"stacks\":[{\"id\":\"io.buildpacks.stacks.bionic\"},{\"id\":\"io.paketo.stacks.tiny\"},{\"id\":\"*\"}],\"layerDiffID\":\"sha256:b351bc73239608a09c7523656594df065fd2a6aacaee90254945d9e3070122ca\",\"homepage\":\"https://github.com/paketo-buildpacks/datadog\",\"name\":\"Paketo Buildpack for Datadog\"},\"5.13.0\":{\"api\":\"0.7\",\"stacks\":[{\"id\":\"*\"}],\"targets\":[{\"os\":\"linux\",\"arch\":\"amd64\"},{\"os\":\"linux\",\"arch\":\"arm64\"}],\"layerDiffID\":\"sha256:ba3113b29f1e4e644d443201c41fe3257342d95db94fbaa899fd471a49f5dfe5\",\"homepage\":\"https://github.com/paketo-buildpacks/datadog\",\"name\":\"Paketo Buildpack for Datadog\"}},\"paketo-buildpacks/dist-zip\":{\"5.8.0\":{\"api\":\"0.7\",\"stacks\":[{\"id\":\"*\"}],\"targets\":[{\"os\":\"linux\",\"arch\":\"amd64\"},{\"os\":\"linux\",\"arch\":\"arm64\"}],\"layerDiffID\":\"sha256:a9cb4ce33ef3a47b447d6326b2e8c05a8ec1d0798b72c8df963d569667301233\",\"homepage\":\"https://github.com/paketo-buildpacks/dist-zip\",\"name\":\"Paketo Buildpack for DistZip\"}},\"paketo-buildpacks/dotnet-core\":{\"0.45.0\":{\"api\":\"0.8\",\"order\":[{\"group\":[{\"id\":\"paketo-buildpacks/ca-certificates\",\"version\":\"3.7.0\",\"optional\":true},{\"id\":\"paketo-buildpacks/watchexec\",\"version\":\"2.10.0\",\"optional\":true},{\"id\":\"paketo-buildpacks/vsdbg\",\"version\":\"0.3.11\",\"optional\":true},{\"id\":\"paketo-buildpacks/dotnet-core-sdk\",\"version\":\"0.14.8\",\"optional\":true},{\"id\":\"paketo-buildpacks/icu\",\"version\":\"0.7.9\",\"optional\":true},{\"id\":\"paketo-buildpacks/node-engine\",\"version\":\"3.2.2\",\"optional\":true},{\"id\":\"paketo-buildpacks/dotnet-publish\",\"version\":\"0.12.30\",\"optional\":true},{\"id\":\"paketo-buildpacks/dotnet-core-aspnet-runtime\",\"version\":\"0.4.7\",\"optional\":true},{\"id\":\"paketo-buildpacks/dotnet-execute\",\"version\":\"0.14.31\"},{\"id\":\"paketo-buildpacks/procfile\",\"version\":\"5.7.0\",\"optional\":true},{\"id\":\"paketo-buildpacks/environment-variables\",\"version\":\"4.6.0\",\"optional\":true},{\"id\":\"paketo-buildpacks/image-labels\",\"version\":\"4.6.0\",\"optional\":true}]}],\"layerDiffID\":\"sha256:7f08b84becc3295ce31a3faddd7f95f42cbe319791d8b965974a8fa6f852b1cd\",\"homepage\":\"https://github.com/paketo-buildpacks/dotnet-core\",\"name\":\"Paketo Buildpack for .NET Core\"}},\"paketo-buildpacks/dotnet-core-aspnet-runtime\":{\"0.4.7\":{\"api\":\"0.8\",\"stacks\":[{\"id\":\"io.buildpacks.stacks.bionic\"},{\"id\":\"io.buildpacks.stacks.jammy\"}],\"layerDiffID\":\"sha256:1c1b3e4055ba774f976c5405e9b92126170ba34a96f8afe767cd2ffb1e178abe\",\"homepage\":\"https://github.com/paketo-buildpacks/dotnet-core-aspnet-runtime\",\"name\":\"Paketo Buildpack for ASP.NET Core Runtime\"}},\"paketo-buildpacks/dotnet-core-sdk\":{\"0.14.8\":{\"api\":\"0.8\",\"stacks\":[{\"id\":\"io.buildpacks.stacks.bionic\"},{\"id\":\"io.buildpacks.stacks.jammy\"}],\"layerDiffID\":\"sha256:43b1fd0fa5492eb7c3f82bfd1d9231797a246a96058bb20fff9437f27bb260b6\",\"homepage\":\"https://github.com/paketo-buildpacks/dotnet-core-sdk\",\"name\":\"Paketo Buildpack for .NET Core"
21:45:35.320 [Test worker] DEBUG com.github.dockerjava.zerodep.shaded.org.apache.hc.client5.http.wire - http-outgoing-0 << " SDK\"}},\"paketo-buildpacks/dotnet-execute\":{\"0.14.31\":{\"api\":\"0.8\",\"stacks\":[{\"id\":\"*\"}],\"layerDiffID\":\"sha256:cc37b3a27778bf0cda42a5300cfbd4ea8109a2cc15b2f6bca5669c354f2df253\",\"homepage\":\"https://github.com/paketo-buildpacks/dotnet-execute\",\"name\":\"Paketo Buildpack for .NET Execute\"}},\"paketo-buildpacks/dotnet-publish\":{\"0.12.30\":{\"api\":\"0.8\",\"stacks\":[{\"id\":\"*\"}],\"layerDiffID\":\"sha256:00dea12e28b4f12e27a8cb20e6be3118c05cd77599b82fef70a1e01f1c3aa02b\",\"homepage\":\"https://github.com/paketo-buildpacks/dotnet-publish\",\"name\":\"Paketo Buildpack for .NET Publish\"}},\"paketo-buildpacks/encrypt-at-rest\":{\"4.7.0\":{\"api\":\"0.7\",\"stacks\":[{\"id\":\"io.buildpacks.stacks.bionic\"},{\"id\":\"io.paketo.stacks.tiny\"},{\"id\":\"*\"}],\"targets\":[{\"os\":\"linux\",\"arch\":\"amd64\"},{\"os\":\"linux\",\"arch\":\"arm64\"}],\"layerDiffID\":\"sha256:0717ff66c9749cc2a18ba6dc2d00278c103510a0538c96a67884b51558fec859\",\"homepage\":\"https://github.com/paketo-buildpacks/encrypt-at-rest\",\"name\":\"Paketo Buildpack for Encrypt-at-Rest\"}},\"paketo-buildpacks/environment-variables\":{\"4.5.6\":{\"api\":\"0.7\",\"stacks\":[{\"id\":\"io.buildpacks.stacks.bionic\"},{\"id\":\"io.paketo.stacks.tiny\"},{\"id\":\"*\"}],\"layerDiffID\":\"sha256:491136e66ebd688914cbba8f67d6e84178245ba87c01f22f762b6ef966cbe718\",\"homepage\":\"https://github.com/paketo-buildpacks/environment-variables\",\"name\":\"Paketo Buildpack for Environment Variables\"},\"4.5.7\":{\"api\":\"0.7\",\"stacks\":[{\"id\":\"io.buildpacks.stacks.bionic\"},{\"id\":\"io.paketo.stacks.tiny\"},{\"id\":\"*\"}],\"layerDiffID\":\"sha256:dde4ecbaebb8aaafb29801403695c38a02b343a0ae92747380efc75740342a09\",\"homepage\":\"https://github.com/paketo-buildpacks/environment-variables\",\"name\":\"Paketo Buildpack for Environment Variables\"},\"4.6.0\":{\"api\":\"0.7\",\"stacks\":[{\"id\":\"io.buildpacks.stacks.bionic\"},{\"id\":\"io.paketo.stacks.tiny\"},{\"id\":\"*\"}],\"targets\":[{\"os\":\"linux\",\"arch\":\"amd64\"},{\"os\":\"linux\",\"arch\":\"arm64\"}],\"layerDiffID\":\"sha256:1385012c7cf1fb090e671ee8d346a886e393383686e5a0932f33a133ef08e853\",\"homepage\":\"https://github.com/paketo-buildpacks/environment-variables\",\"name\":\"Paketo Buildpack for Environment Variables\"},\"4.7.0\":{\"api\":\"0.7\",\"stacks\":[{\"id\":\"io.buildpacks.stacks.bionic\"},{\"id\":\"io.paketo.stacks.tiny\"},{\"id\":\"*\"}],\"targets\":[{\"os\":\"linux\",\"arch\":\"amd64\"},{\"os\":\"linux\",\"arch\":\"arm64\"}],\"layerDiffID\":\"sha256:6391d7f41e46a46ec4fb24bf295544bbd41cd29c0b34e38147eed6b743f09f55\",\"homepage\":\"https://github.com/paketo-buildpacks/environment-variables\",\"name\":\"Paketo Buildpack for Environment Variables\"}},\"paketo-buildpacks/executable-jar\":{\"6.10.0\":{\"api\":\"0.7\",\"stacks\":[{\"id\":\"io.buildpacks.stacks.bionic\"},{\"id\":\"io.paketo.stacks.tiny\"},{\"id\":\"*\"}],\"targets\":[{\"os\":\"linux\",\"arch\":\"amd64\"},{\"os\":\"linux\",\"arch\":\"arm64\"}],\"layerDiffID\":\"sha256:6f90c90811e33c33099ba549b25cb6f09360275056e71068eec96bb18eab3104\",\"homepage\":\"https://github.com/paketo-buildpacks/executable-jar\",\"name\":\"Paketo Buildpack for Executable JAR\"}},\"paketo-buildpacks/git\":{\"1.0.8\":{\"api\":\"0.7\",\"stacks\":[{\"id\":\"*\"}],\"layerDiffID\":\"sha256:6705b8397b9f7ec22c45b9d2b0138fd2a403e44b278d6cd7840aa2c4fecf3982\",\"homepage\":\"https://github.com/paketo-buildpacks/git\",\"name\":\"Paketo Buildpack for Git\"}},\"paketo-buildpacks/go\":{\"4.8.0\":{\"api\":\"0.7\",\"order\":[{\"group\":[{\"id\":\"paketo-buildpacks/ca-certificates\",\"version\":\"3.6.8\",\"optional\":true},{\"id\":\"paketo-buildpacks/watchexec\",\"version\":\"2.9.0\",\"optional\":true},{\"id\":\"paketo-buildpacks/go-dist\",\"version\":\"2.5.0\"},{\"id\":\"paketo-buildpacks/git\",\"version\":\"1.0.8\",\"optional\":true},{\"id\":\"paketo-buildpacks/go-mod-vendor\",\"version\":\"1.0.29\"},{\"id\":\"paketo-buildpacks/go-build\",\"version\":\"2.2.1\"},{\"id\":\"paketo-buildpacks/procfile\",\"version\":\"5.6.9\",\"optional\":true},{\"id\":\"paketo-buildpacks/environment-variables\",\"version\":\"4.5.7\",\"optional\":true},{\"id\":\"paketo-buildpacks/image-labels\",\"version\":\"4.5.6\",\"optional\":true}]},{\"group\":[{\"id\":\"paketo-buildpacks/ca-certificates\",\"version\":\"3.6.8\",\"optional\":true},{\"id\":\"paketo-buildpacks/watchexec\",\"version\":\"2.9.0\",\"optional\":true},{\"id\":\"paketo-buildpacks/go-dist\",\"version\":\"2.5.0\"},{\"id\":\"paketo-buildpacks/git\",\"version\":\"1.0.8\",\"optional\":true},{\"id\":\"paketo-buildpacks/go-build\",\"version\":\"2.2.1\"},{\"id\":\"paketo-buildpacks/procfile\",\"version\":\"5.6.9\",\"optional\":true},{\"id\":\"paketo-buildpacks/environment-variables\",\"version\":\"4.5.7\",\"optional\":true},{\"id\":\"paketo-buildpacks/image-labels\",\"version\":\"4.5.6\",\"optional\":true}]}],\"layerDiffID\":\"sha256:2ec8f81c22571d87e08661397d7730512dbdf07633600737670c6e7c11f570eb\",\"homepage\":\"https://github.com/paketo-buildpacks/go\",\"name\":\"Paketo Buildpack for Go\"}},\"paketo-buildpacks/go-build\":{\"2.2.1\":{\"api\":\"0.7\",\"stacks\":[{\"id\":\"*\"}],\"layerDiffID\":\"sha256:3a0f933f9674883fd4084f87b80a80c05a6f6b3511d3228e691f2599f739e739\",\"homepage\":\"https://github.com/paketo-buildpacks/go-build\",\"name\":\"Paketo Buildpack for Go Build\"}},\"paketo-buildpacks/go-dist\":{\"2.5.0\":{\"api\":\"0.7\",\"stacks\":[{\"id\":\"*\"}],\"layerDiffID\":\"sha256:a94c29266296206148cd3848a14ab0f4bcca92ce87d4777b4072ce9cfb2d3ba8\",\"homepage\":\"https://github.com/paketo-buildpacks/go-dist\",\"name\":\"Paketo Buildpack for Go Distribution\"}},\"paketo-buildpacks/go-mod-vendor\":{\"1.0.29\":{\"api\":\"0.7\",\"stacks\":[{\"id\":\"*\"}],\"layerDiffID\":\"sha256:4c32f7998f4ec07ea0155fc67dc3f53ce9365480455e133da7a5574b2d183148\",\"homepage\":\"https://github.com/paketo-buildpacks/go-mod-vendor\",\"name\":\"Paketo Buildpack for Go Mod Vendor\"}},\"paketo-buildpacks/google-stackdriver\":{\"9.0.2\":{\"api\":\"0.7\",\"stacks\":[{\"id\":\"*\"}],\"layerDiffID\":\"sha256:512b942472cb3eecaa64936e7dac6216810c3bf987184aa87607e14695e4939c\",\"homepage\":\"https://github.com/paketo-buildpacks/google-stackdriver\",\"name\":\"Paketo Buildpack for Google Stackdriver\"}},\"paketo-buildpacks/gradle\":{\"7.11.0\":{\"api\":\"0.7\",\"stacks\":[{\"id\":\"io.buildpacks.stacks.bionic\"},{\"id\":\"io.paketo.stacks.tiny\"},{\"id\":\"*\"}],\"targets\":[{\"os\":\"linux\",\"arch\":\"amd64\"},{\"os\":\"linux\",\"arch\":\"arm64\"}],\"layerDiffID\":\"sha256:0f39b113bff6d8f95bbbaf284970ebc4c83fe701a5722f574ecbd61db0fe1437\",\"homepage\":\"https://github.com/paketo-buildpacks/gradle\",\"name\":\"Paketo Buildpack for Gradle\"}},\"paketo-buildpacks/httpd\":{\"0.7.19\":{\"api\":\"0.7\",\"stacks\":[{\"id\":\"io.buildpacks.stacks.bionic\"},{\"id\":\"io.buildpacks.stacks.jammy\"}],\"layerDiffID\":\"sha256:cad5cb4e12946caf76bce22db7870a697ee23db85b910f36b1b26b2f39086709\",\"homepage\":\"https://github.com/paketo-buildpacks/httpd\",\"name\":\"Paketo Buildpack for Apache HTTP Server\"}},\"paketo-buildpacks/icu\":{\"0.7.9\":{\"api\":\"0.8\",\"stacks\":[{\"id\":\"io.buildpacks.stacks.bionic\"},{\"id\":\"io.buildpacks.stacks.jammy\"}],\"layerDiffID\":\"sha256:3119c847f6e1318b4121a9a1251639b424ea6482862ebd07d249cfe7330a42cd\",\"homepage\":\"https://github.com/paketo-buildpacks/icu\",\"name\":\"Paketo Buildpack for ICU\"}},\"paketo-buildpacks/image-labels\":{\"4.5.5\":{\"api\":\"0.7\",\"stacks\":[{\"id\":\"io.buildpacks.stacks.bionic\"},{\"id\":\"io.paketo.stacks.tiny\"},{\"id\":\"*\"}],\"layerDiffID\":\"sha256:8c583593b549c46a53a13afe8c4a01200970cbcb8ee35526697d079232570456\",\"homepage\":\"https://github.com/paketo-buildpacks/image-labels\",\"name\":\"Paketo Buildpack for Image Labels\"},\"4.5.6\":{\"api\":\"0.7\",\"stacks\":[{\"id\":\"io.buildpacks.stacks.bionic\"},{\"id\":\"io.paketo.stacks.tiny\"},{\"id\":\"*\"}],\"layerDiffID\":\"sha256:7d19ab799120b2dc9b62d128ddd055d1125fe33ba18ca"
21:45:35.321 [Test worker] DEBUG com.github.dockerjava.zerodep.shaded.org.apache.hc.client5.http.wire - http-outgoing-0 << "84ad78ace6c5694afd3\",\"homepage\":\"https://github.com/paketo-buildpacks/image-labels\",\"name\":\"Paketo Buildpack for Image Labels\"},\"4.6.0\":{\"api\":\"0.7\",\"stacks\":[{\"id\":\"io.buildpacks.stacks.bionic\"},{\"id\":\"io.paketo.stacks.tiny\"},{\"id\":\"*\"}],\"targets\":[{\"os\":\"linux\",\"arch\":\"amd64\"},{\"os\":\"linux\",\"arch\":\"arm64\"}],\"layerDiffID\":\"sha256:fcd6c320b55e00d201cd4bf8e4153fe07ebc6c252c560d77cea4ab707204cfc4\",\"homepage\":\"https://github.com/paketo-buildpacks/image-labels\",\"name\":\"Paketo Buildpack for Image Labels\"},\"4.7.0\":{\"api\":\"0.7\",\"stacks\":[{\"id\":\"io.buildpacks.stacks.bionic\"},{\"id\":\"io.paketo.stacks.tiny\"},{\"id\":\"*\"}],\"targets\":[{\"os\":\"linux\",\"arch\":\"amd64\"},{\"os\":\"linux\",\"arch\":\"arm64\"}],\"layerDiffID\":\"sha256:5aa968168d1e702fd12aad5029f741fef539cf918280b58ffc01f32c587ec508\",\"homepage\":\"https://github.com/paketo-buildpacks/image-labels\",\"name\":\"Paketo Buildpack for Image Labels\"}},\"paketo-buildpacks/jattach\":{\"1.8.0\":{\"api\":\"0.7\",\"stacks\":[{\"id\":\"*\"}],\"targets\":[{\"os\":\"linux\",\"arch\":\"amd64\"},{\"os\":\"linux\",\"arch\":\"arm64\"}],\"layerDiffID\":\"sha256:66d1850a00008a29204828a2a15b24bbe623df35c124d3a27a35c40a2e284f4d\",\"homepage\":\"https://github.com/paketo-buildpacks/jattach\",\"name\":\"Paketo Buildpack for JAttach\"}},\"paketo-buildpacks/java\":{\"14.1.0\":{\"api\":\"0.7\",\"order\":[{\"group\":[{\"id\":\"paketo-buildpacks/ca-certificates\",\"version\":\"3.8.0\",\"optional\":true},{\"id\":\"paketo-buildpacks/bellsoft-liberica\",\"version\":\"10.8.0\"},{\"id\":\"paketo-buildpacks/yarn\",\"version\":\"1.3.2\",\"optional\":true},{\"id\":\"paketo-buildpacks/node-engine\",\"version\":\"3.2.2\",\"optional\":true},{\"id\":\"paketo-buildpacks/syft\",\"version\":\"1.47.0\",\"optional\":true},{\"id\":\"paketo-buildpacks/leiningen\",\"version\":\"4.9.0\",\"optional\":true},{\"id\":\"paketo-buildpacks/clojure-tools\",\"version\":\"2.10.0\",\"optional\":true},{\"id\":\"paketo-buildpacks/gradle\",\"version\":\"7.11.0\",\"optional\":true},{\"id\":\"paketo-buildpacks/maven\",\"version\":\"6.17.0\",\"optional\":true},{\"id\":\"paketo-buildpacks/sbt\",\"version\":\"6.15.0\",\"optional\":true},{\"id\":\"paketo-buildpacks/watchexec\",\"version\":\"3.2.0\",\"optional\":true},{\"id\":\"paketo-buildpacks/executable-jar\",\"version\":\"6.10.0\",\"optional\":true},{\"id\":\"paketo-buildpacks/apache-tomcat\",\"version\":\"8.1.0\",\"optional\":true},{\"id\":\"paketo-buildpacks/apache-tomee\",\"version\":\"1.10.0\",\"optional\":true},{\"id\":\"paketo-buildpacks/liberty\",\"version\":\"4.2.0\",\"optional\":true},{\"id\":\"paketo-buildpacks/dist-zip\",\"version\":\"5.8.0\",\"optional\":true},{\"id\":\"paketo-buildpacks/spring-boot\",\"version\":\"5.30.0\",\"optional\":true},{\"id\":\"paketo-buildpacks/procfile\",\"version\":\"5.9.0\",\"optional\":true},{\"id\":\"paketo-buildpacks/jattach\",\"version\":\"1.8.0\",\"optional\":true},{\"id\":\"paketo-buildpacks/azure-application-insights\",\"version\":\"5.21.0\",\"optional\":true},{\"id\":\"paketo-buildpacks/google-stackdriver\",\"version\":\"9.0.2\",\"optional\":true},{\"id\":\"paketo-buildpacks/datadog\",\"version\":\"5.13.0\",\"optional\":true},{\"id\":\"paketo-buildpacks/java-memory-assistant\",\"version\":\"1.6.0\",\"optional\":true},{\"id\":\"paketo-buildpacks/encrypt-at-rest\",\"version\":\"4.7.0\",\"optional\":true},{\"id\":\"paketo-buildpacks/environment-variables\",\"version\":\"4.7.0\",\"optional\":true},{\"id\":\"paketo-buildpacks/image-labels\",\"version\":\"4.7.0\",\"optional\":true}]}],\"layerDiffID\":\"sha256:0fb2fdcda9cc87e62811efefaba94828e7140992a4f9a307b503f58f0a328a68\",\"homepage\":\"https://paketo.io/docs/howto/java\",\"name\":\"Paketo Buildpack for Java\"}},\"paketo-buildpacks/java-memory-assistant\":{\"1.6.0\":{\"api\":\"0.7\",\"stacks\":[{\"id\":\"io.buildpacks.stacks.bionic\"},{\"id\":\"io.paketo.stacks.tiny\"},{\"id\":\"*\"}],\"targets\":[{\"os\":\"linux\",\"arch\":\"amd64\"},{\"os\":\"linux\",\"arch\":\"arm64\"}],\"layerDiffID\":\"sha256:8e28674fcfb9945906910ea1273383b8687fc6297529a6713beabf21943d08db\",\"homepage\":\"https://github.com/paketo-buildpacks/java-memory-assistant\",\"name\":\"Paketo Buildpack for Java Memory Assistant\"}},\"paketo-buildpacks/java-native-image\":{\"9.5.0\":{\"api\":\"0.7\",\"order\":[{\"group\":[{\"id\":\"paketo-buildpacks/ca-certificates\",\"version\":\"3.8.0\",\"optional\":true},{\"id\":\"paketo-buildpacks/upx\",\"version\":\"3.6.0\",\"optional\":true},{\"id\":\"paketo-buildpacks/bellsoft-liberica\",\"version\":\"10.8.0\"},{\"id\":\"paketo-buildpacks/syft\",\"version\":\"1.47.0\",\"optional\":true},{\"id\":\"paketo-buildpacks/leiningen\",\"version\":\"4.9.0\",\"optional\":true},{\"id\":\"paketo-buildpacks/gradle\",\"version\":\"7.11.0\",\"optional\":true},{\"id\":\"paketo-buildpacks/maven\",\"version\":\"6.17.0\",\"optional\":true},{\"id\":\"paketo-buildpacks/sbt\",\"version\":\"6.15.0\",\"optional\":true},{\"id\":\"paketo-buildpacks/executable-jar\",\"version\":\"6.10.0\",\"optional\":true},{\"id\":\"paketo-buildpacks/spring-boot\",\"version\":\"5.30.0\",\"optional\":true},{\"id\":\"paketo-buildpacks/datadog\",\"version\":\"5.13.0\",\"optional\":true},{\"id\":\"paketo-buildpacks/native-image\",\"version\":\"5.14.0\"},{\"id\":\"paketo-buildpacks/procfile\",\"version\":\"5.9.0\",\"optional\":true},{\"id\":\"paketo-buildpacks/environment-variables\",\"version\":\"4.7.0\",\"optional\":true},{\"id\":\"paketo-buildpacks/image-labels\",\"version\":\"4.7.0\",\"optional\":true}]}],\"layerDiffID\":\"sha256:0873b34124d669bc9fe6732254d6bb124ea1c2efec506cfff3401edd209cbb71\",\"homepage\":\"https://paketo.io/docs/howto/java/#build-an-app-as-a-graalvm-native-image-application\",\"name\":\"Paketo Buildpack for Java Native Image\"}},\"paketo-buildpacks/leiningen\":{\"4.9.0\":{\"api\":\"0.7\",\"stacks\":[{\"id\":\"io.buildpacks.stacks.bionic\"},{\"id\":\"io.paketo.stacks.tiny\"},{\"id\":\"*\"}],\"targets\":[{\"os\":\"linux\",\"arch\":\"amd64\"},{\"os\":\"linux\",\"arch\":\"arm64\"}],\"layerDiffID\":\"sha256:635eaae683eb2421005ac578dd214cee48cc87014e39a94415f847da600c8697\",\"homepage\":\"https://github.com/paketo-buildpacks/leiningen\",\"name\":\"Paketo Buildpack for Leiningen\"}},\"paketo-buildpacks/liberty\":{\"4.2.0\":{\"api\":\"0.7\",\"stacks\":[{\"id\":\"*\"}],\"targets\":[{\"os\":\"linux\",\"arch\":\"amd64\"},{\"os\":\"linux\",\"arch\":\"arm64\"}],\"layerDiffID\":\"sha256:0a8edaef32bdcbc174fe225041128a28950442d54999e9a08ac9140d93d27a22\",\"homepage\":\"https://github.com/paketo-buildpacks/liberty\",\"name\":\"Paketo Buildpack for Liberty\"}},\"paketo-buildpacks/maven\":{\"6.17.0\":{\"api\":\"0.7\",\"stacks\":[{\"id\":\"io.buildpacks.stacks.bionic\"},{\"id\":\"io.paketo.stacks.tiny\"},{\"id\":\"*\"}],\"targets\":[{\"os\":\"linux\",\"arch\":\"amd64\"},{\"os\":\"linux\",\"arch\":\"arm64\"}],\"layerDiffID\":\"sha256:e6b711384a676bee69fcbf64ac50c3067b8ef1d13bb106a670438bf96a459d2a\",\"homepage\":\"https://github.com/paketo-buildpacks/maven\",\"name\":\"Paketo Buildpack for Maven\"}},\"paketo-buildpacks/miniconda\":{\"0.10.0\":{\"api\":\"0.7\",\"stacks\":[{\"id\":\"*\"}],\"layerDiffID\":\"sha256:d6561e9fc7a14071bb957d4a474118022a93f04311ed102caca2c596bd6bce54\",\"name\":\"Paketo Buildpack for Miniconda\"}},\"paketo-buildpacks/mri\":{\"0.16.2\":{\"api\":\"0.7\",\"stacks\":[{\"id\":\"io.buildpacks.stacks.bionic\"},{\"id\":\"io.buildpacks.stacks.jammy\"}],\"layerDiffID\":\"sha256:8ddf87bd3b2ae8393e28b61017c0263e4538641f5cc8af5bd2a8deaf6d693ce0\",\"homepage\":\"https://github.com/paketo-buildpacks/mri\",\"name\":\"Paketo Buildpack for MRI\"}},\"paketo-buildpacks/native-image\":{\"5.14.0\":{\"api\":\"0.7\",\"stacks\":[{\"id\":\"*\"}],\"targets\":[{\"os\":\"linux\",\"arch\":\"amd64\"},{\"os\":\"linux\",\"arch\":\"arm64\"}],\"layerDiffID\":\"sha256:980222375119bcfa95a666ce18b5b130c317d2dae2af694257deb08147f04171\",\"homepage\":\"https://github.com/paketo-buildpacks/nat"
21:45:35.323 [Test worker] DEBUG com.github.dockerjava.zerodep.shaded.org.apache.hc.client5.http.wire - http-outgoing-0 << "ive-image\",\"name\":\"Paketo Buildpack for Native Image\"}},\"paketo-buildpacks/nginx\":{\"0.16.0\":{\"api\":\"0.7\",\"stacks\":[{\"id\":\"io.buildpacks.stacks.bionic\"},{\"id\":\"io.buildpacks.stacks.jammy\"}],\"layerDiffID\":\"sha256:3ce9fa59847df2bfc4cfaab79af96d4450f31aaf4cc5cae549237159aea2a9f5\",\"homepage\":\"https://github.com/paketo-buildpacks/nginx\",\"name\":\"Paketo Buildpack for Nginx Server\"}},\"paketo-buildpacks/node-engine\":{\"3.2.1\":{\"api\":\"0.7\",\"stacks\":[{\"id\":\"io.buildpacks.stacks.bionic\"},{\"id\":\"io.buildpacks.stacks.jammy\"},{\"id\":\"*\"}],\"layerDiffID\":\"sha256:0a7e04dd7287249042afb9800ec74d387d84b3a545db352198583edc9382d746\",\"homepage\":\"https://github.com/paketo-buildpacks/node-engine\",\"name\":\"Paketo Buildpack for Node Engine\"},\"3.2.2\":{\"api\":\"0.7\",\"stacks\":[{\"id\":\"io.buildpacks.stacks.bionic\"},{\"id\":\"io.buildpacks.stacks.jammy\"},{\"id\":\"*\"}],\"layerDiffID\":\"sha256:cee93558ce3631d46031f5de6a8b228b1291a57e2da1d258b4b32340e280ba52\",\"homepage\":\"https://github.com/paketo-buildpacks/node-engine\",\"name\":\"Paketo Buildpack for Node Engine\"}},\"paketo-buildpacks/node-run-script\":{\"1.0.16\":{\"api\":\"0.7\",\"stacks\":[{\"id\":\"*\"}],\"layerDiffID\":\"sha256:d1c48ce101423e074aef2cf36e2c9e11659a8e6c5213e5b8807818d1a9e4d75b\",\"homepage\":\"https://github.com/paketo-buildpacks/node-run-script\",\"name\":\"Paketo Buildpack for Node Run Script\"}},\"paketo-buildpacks/node-start\":{\"1.1.5\":{\"api\":\"0.7\",\"stacks\":[{\"id\":\"*\"}],\"layerDiffID\":\"sha256:883c245db5248900d88b37f452396711ed3eef7a3e29cb2f51ced296baf04f61\",\"homepage\":\"https://github.com/paketo-buildpacks/node-start\",\"name\":\"Paketo Buildpack for Node Start\"}},\"paketo-buildpacks/nodejs\":{\"2.2.0\":{\"api\":\"0.7\",\"order\":[{\"group\":[{\"id\":\"paketo-buildpacks/ca-certificates\",\"version\":\"3.6.7\",\"optional\":true},{\"id\":\"paketo-buildpacks/watchexec\",\"version\":\"2.8.7\",\"optional\":true},{\"id\":\"paketo-buildpacks/node-engine\",\"version\":\"3.2.1\"},{\"id\":\"paketo-buildpacks/yarn\",\"version\":\"1.3.2\"},{\"id\":\"paketo-buildpacks/yarn-install\",\"version\":\"1.3.2\"},{\"id\":\"paketo-buildpacks/node-run-script\",\"version\":\"1.0.16\",\"optional\":true},{\"id\":\"paketo-buildpacks/node-start\",\"version\":\"1.1.5\",\"optional\":true},{\"id\":\"paketo-buildpacks/yarn-start\",\"version\":\"1.2.2\",\"optional\":true},{\"id\":\"paketo-buildpacks/procfile\",\"version\":\"5.6.8\",\"optional\":true},{\"id\":\"paketo-buildpacks/datadog\",\"version\":\"3.6.0\",\"optional\":true},{\"id\":\"paketo-buildpacks/environment-variables\",\"version\":\"4.5.6\",\"optional\":true},{\"id\":\"paketo-buildpacks/image-labels\",\"version\":\"4.5.5\",\"optional\":true}]},{\"group\":[{\"id\":\"paketo-buildpacks/ca-certificates\",\"version\":\"3.6.7\",\"optional\":true},{\"id\":\"paketo-buildpacks/watchexec\",\"version\":\"2.8.7\",\"optional\":true},{\"id\":\"paketo-buildpacks/node-engine\",\"version\":\"3.2.1\"},{\"id\":\"paketo-buildpacks/npm-install\",\"version\":\"1.4.0\"},{\"id\":\"paketo-buildpacks/node-run-script\",\"version\":\"1.0.16\",\"optional\":true},{\"id\":\"paketo-buildpacks/node-start\",\"version\":\"1.1.5\",\"optional\":true},{\"id\":\"paketo-buildpacks/npm-start\",\"version\":\"1.0.17\",\"optional\":true},{\"id\":\"paketo-buildpacks/procfile\",\"version\":\"5.6.8\",\"optional\":true},{\"id\":\"paketo-buildpacks/datadog\",\"version\":\"3.6.0\",\"optional\":true},{\"id\":\"paketo-buildpacks/environment-variables\",\"version\":\"4.5.6\",\"optional\":true},{\"id\":\"paketo-buildpacks/image-labels\",\"version\":\"4.5.5\",\"optional\":true}]},{\"group\":[{\"id\":\"paketo-buildpacks/ca-certificates\",\"version\":\"3.6.7\",\"optional\":true},{\"id\":\"paketo-buildpacks/watchexec\",\"version\":\"2.8.7\",\"optional\":true},{\"id\":\"paketo-buildpacks/node-engine\",\"version\":\"3.2.1\"},{\"id\":\"paketo-buildpacks/node-start\",\"version\":\"1.1.5\"},{\"id\":\"paketo-buildpacks/procfile\",\"version\":\"5.6.8\",\"optional\":true},{\"id\":\"paketo-buildpacks/datadog\",\"version\":\"3.6.0\",\"optional\":true},{\"id\":\"paketo-buildpacks/environment-variables\",\"version\":\"4.5.6\",\"optional\":true},{\"id\":\"paketo-buildpacks/image-labels\",\"version\":\"4.5.5\",\"optional\":true}]}],\"layerDiffID\":\"sha256:ccd1532a8ffaf1fd3bc324e3a28c11b103e849b948b6a2b256fc95072afbaaaa\",\"homepage\":\"https://github.com/paketo-buildpacks/nodejs\",\"name\":\"Paketo Buildpack for Node.js\"}},\"paketo-buildpacks/npm-install\":{\"1.4.0\":{\"api\":\"0.7\",\"stacks\":[{\"id\":\"*\"}],\"layerDiffID\":\"sha256:e569e1a58ac29627361bf91bcd623b082d08a628d055407dc0d4830495c6f258\",\"homepage\":\"https://github.com/paketo-buildpacks/npm-install\",\"name\":\"Paketo Buildpack for NPM Install\"}},\"paketo-buildpacks/npm-start\":{\"1.0.17\":{\"api\":\"0.7\",\"stacks\":[{\"id\":\"*\"}],\"layerDiffID\":\"sha256:6b30f1406258da7040bbf59d9845a29a700c80e71ba96902efda85f6ee2b9bdc\",\"homepage\":\"https://github.com/paketo-buildpacks/npm-start\",\"name\":\"Paketo Buildpack for NPM Start\"}},\"paketo-buildpacks/passenger\":{\"0.14.2\":{\"api\":\"0.7\",\"stacks\":[{\"id\":\"io.buildpacks.stacks.bionic\"},{\"id\":\"io.buildpacks.stacks.jammy\"}],\"layerDiffID\":\"sha256:93c22cdbfd877102c38f43afae9ea2009f889e12eda500c61a8f5d6d5b73bef2\",\"homepage\":\"https://github.com/paketo-buildpacks/passenger\",\"name\":\"Paketo Buildpack for Passenger\"}},\"paketo-buildpacks/pip\":{\"0.20.1\":{\"api\":\"0.7\",\"stacks\":[{\"id\":\"*\"}],\"layerDiffID\":\"sha256:a6dcaca7d3cf2aeadd5b497435e6d3ea25e3ae961c2849a95dbcd16254421194\",\"name\":\"Paketo Buildpack for Pip\"}},\"paketo-buildpacks/pip-install\":{\"0.6.1\":{\"api\":\"0.7\",\"stacks\":[{\"id\":\"*\"}],\"layerDiffID\":\"sha256:6cdacb684be60886cb3d94b41680f8f6de5c6d4027ba39bef383753207dcf29b\",\"name\":\"Paketo Buildpack for Pip Install\"}},\"paketo-buildpacks/pipenv\":{\"1.21.0\":{\"api\":\"0.7\",\"stacks\":[{\"id\":\"*\"}],\"layerDiffID\":\"sha256:966f7325a77def4f75e22f92db2a19fc9db10e8cb046a5fe55e739c68e5f0c64\",\"name\":\"Paketo Buildpack for Pipenv\"}},\"paketo-buildpacks/pipenv-install\":{\"0.6.19\":{\"api\":\"0.7\",\"stacks\":[{\"id\":\"*\"}],\"layerDiffID\":\"sha256:de3ac31a5c8420983a6044708b47bdb6e172899400b6d70a3f3b63354a70f489\",\"name\":\"Paketo Buildpack for Pipenv Install\"}},\"paketo-buildpacks/poetry\":{\"0.9.0\":{\"api\":\"0.7\",\"stacks\":[{\"id\":\"*\"}],\"layerDiffID\":\"sha256:e05e1aaab036cc724ff9dd1d42a978762824e90cd55b258f941c623b134a0c1d\",\"name\":\"Paketo Buildpack for Poetry\"}},\"paketo-buildpacks/poetry-install\":{\"0.3.19\":{\"api\":\"0.7\",\"stacks\":[{\"id\":\"*\"}],\"layerDiffID\":\"sha256:5a7829fef35187712b99a488b10d7c14203bac804b3a1dcf8f3ff803e5dfa4b9\",\"name\":\"Paketo Buildpack for Poetry Install\"}},\"paketo-buildpacks/poetry-run\":{\"0.4.22\":{\"api\":\"0.8\",\"stacks\":[{\"id\":\"*\"}],\"layerDiffID\":\"sha256:a549b9568af3af9bc69d1366a3b45bdc0ced7e8f0ec7c9466824eb0952aff77c\",\"name\":\"Paketo Buildpack for Poetry Run\"}},\"paketo-buildpacks/procfile\":{\"5.6.8\":{\"api\":\"0.7\",\"stacks\":[{\"id\":\"*\"}],\"layerDiffID\":\"sha256:7ed29173481c523f069fd9d4ca8a168733a161a2c45660423afb1bd9ada3545a\",\"homepage\":\"https://github.com/paketo-buildpacks/procfile\",\"name\":\"Paketo Buildpack for Procfile\"},\"5.6.9\":{\"api\":\"0.7\",\"stacks\":[{\"id\":\"*\"}],\"layerDiffID\":\"sha256:dc56a8f75d233007cccc9774f825a4aedd718c97355ac2b6ef048ca1847ea50e\",\"homepage\":\"https://github.com/paketo-buildpacks/procfile\",\"name\":\"Paketo Buildpack for Procfile\"},\"5.7.0\":{\"api\":\"0.7\",\"stacks\":[{\"id\":\"*\"}],\"targets\":[{\"os\":\"linux\",\"arch\":\"amd64\"},{\"os\":\"linux\",\"arch\":\"arm64\"}],\"layerDiffID\":\"sha256:fb764ecebedaa2fd61788e51b87dda3475b5abe44e855838d44976e96b0ef629\",\"homepage\":\"https://github.com/paketo-buildpacks/procfile\",\"name\":\"Paketo Buildpack for Procfile\"},\"5.8.0\":{\"api\":\"0.7\",\"stacks\":[{\"id\":\"*\"}],\"targets\":[{\"os\":\""
21:45:35.324 [Test worker] DEBUG com.github.dockerjava.zerodep.shaded.org.apache.hc.client5.http.wire - http-outgoing-0 << "linux\",\"arch\":\"amd64\"},{\"os\":\"linux\",\"arch\":\"arm64\"}],\"layerDiffID\":\"sha256:29902f3e5d0042912c7688d9c78ea8789068cdc3f8da5a5bfad2395d575a0225\",\"homepage\":\"https://github.com/paketo-buildpacks/procfile\",\"name\":\"Paketo Buildpack for Procfile\"},\"5.9.0\":{\"api\":\"0.7\",\"stacks\":[{\"id\":\"*\"}],\"targets\":[{\"os\":\"linux\",\"arch\":\"amd64\"},{\"os\":\"linux\",\"arch\":\"arm64\"}],\"layerDiffID\":\"sha256:2a5d0067dc311066de4df12e2c9e53eb95df78fd68221ac3c5bf7472ff7a97fb\",\"homepage\":\"https://github.com/paketo-buildpacks/procfile\",\"name\":\"Paketo Buildpack for Procfile\"}},\"paketo-buildpacks/puma\":{\"0.4.40\":{\"api\":\"0.7\",\"stacks\":[{\"id\":\"*\"}],\"layerDiffID\":\"sha256:cc18628c6e37f73ae7aeac97dd8573731ce599df02a099e34781b0cbabd1b7ae\",\"homepage\":\"https://github.com/paketo-buildpacks/puma\",\"name\":\"Paketo Buildpack for Puma\"}},\"paketo-buildpacks/python\":{\"2.19.0\":{\"api\":\"0.8\",\"order\":[{\"group\":[{\"id\":\"paketo-buildpacks/ca-certificates\",\"version\":\"3.7.0\",\"optional\":true},{\"id\":\"paketo-buildpacks/watchexec\",\"version\":\"3.1.2\",\"optional\":true},{\"id\":\"paketo-buildpacks/cp"
21:45:35.325 [Test worker] DEBUG com.github.dockerjava.zerodep.shaded.org.apache.hc.client5.http.wire - http-outgoing-0 << "[\r][\n]"
21:45:35.325 [Test worker] DEBUG com.github.dockerjava.zerodep.shaded.org.apache.hc.client5.http.wire - http-outgoing-0 << "8000[\r][\n]"
21:45:35.326 [Test worker] DEBUG com.github.dockerjava.zerodep.shaded.org.apache.hc.client5.http.wire - http-outgoing-0 << "ython\",\"version\":\"1.13.0\"},{\"id\":\"paketo-buildpacks/pip\",\"version\":\"0.20.1\"},{\"id\":\"paketo-buildpacks/pipenv\",\"version\":\"1.21.0\"},{\"id\":\"paketo-buildpacks/pipenv-install\",\"version\":\"0.6.19\"},{\"id\":\"paketo-buildpacks/python-start\",\"version\":\"0.14.15\"},{\"id\":\"paketo-buildpacks/procfile\",\"version\":\"5.8.0\",\"optional\":true},{\"id\":\"paketo-buildpacks/environment-variables\",\"version\":\"4.6.0\",\"optional\":true},{\"id\":\"paketo-buildpacks/image-labels\",\"version\":\"4.6.0\",\"optional\":true}]},{\"group\":[{\"id\":\"paketo-buildpacks/ca-certificates\",\"version\":\"3.7.0\",\"optional\":true},{\"id\":\"paketo-buildpacks/watchexec\",\"version\":\"3.1.2\",\"optional\":true},{\"id\":\"paketo-buildpacks/cpython\",\"version\":\"1.13.0\"},{\"id\":\"paketo-buildpacks/pip\",\"version\":\"0.20.1\"},{\"id\":\"paketo-buildpacks/pip-install\",\"version\":\"0.6.1\"},{\"id\":\"paketo-buildpacks/python-start\",\"version\":\"0.14.15\"},{\"id\":\"paketo-buildpacks/procfile\",\"version\":\"5.8.0\",\"optional\":true},{\"id\":\"paketo-buildpacks/environment-variables\",\"version\":\"4.6.0\",\"optional\":true},{\"id\":\"paketo-buildpacks/image-labels\",\"version\":\"4.6.0\",\"optional\":true}]},{\"group\":[{\"id\":\"paketo-buildpacks/ca-certificates\",\"version\":\"3.7.0\",\"optional\":true},{\"id\":\"paketo-buildpacks/watchexec\",\"version\":\"3.1.2\",\"optional\":true},{\"id\":\"paketo-buildpacks/miniconda\",\"version\":\"0.10.0\"},{\"id\":\"paketo-buildpacks/conda-env-update\",\"version\":\"0.7.13\"},{\"id\":\"paketo-buildpacks/python-start\",\"version\":\"0.14.15\"},{\"id\":\"paketo-buildpacks/procfile\",\"version\":\"5.8.0\",\"optional\":true},{\"id\":\"paketo-buildpacks/environment-variables\",\"version\":\"4.6.0\",\"optional\":true},{\"id\":\"paketo-buildpacks/image-labels\",\"version\":\"4.6.0\",\"optional\":true}]},{\"group\":[{\"id\":\"paketo-buildpacks/ca-certificates\",\"version\":\"3.7.0\",\"optional\":true},{\"id\":\"paketo-buildpacks/watchexec\",\"version\":\"3.1.2\",\"optional\":true},{\"id\":\"paketo-buildpacks/cpython\",\"version\":\"1.13.0\"},{\"id\":\"paketo-buildpacks/pip\",\"version\":\"0.20.1\"},{\"id\":\"paketo-buildpacks/poetry\",\"version\":\"0.9.0\"},{\"id\":\"paketo-buildpacks/poetry-install\",\"version\":\"0.3.19\"},{\"id\":\"paketo-buildpacks/poetry-run\",\"version\":\"0.4.22\"},{\"id\":\"paketo-buildpacks/procfile\",\"version\":\"5.8.0\",\"optional\":true},{\"id\":\"paketo-buildpacks/environment-variables\",\"version\":\"4.6.0\",\"optional\":true},{\"id\":\"paketo-buildpacks/image-labels\",\"version\":\"4.6.0\",\"optional\":true}]},{\"group\":[{\"id\":\"paketo-buildpacks/ca-certificates\",\"version\":\"3.7.0\",\"optional\":true},{\"id\":\"paketo-buildpacks/watchexec\",\"version\":\"3.1.2\",\"optional\":true},{\"id\":\"paketo-buildpacks/cpython\",\"version\":\"1.13.0\"},{\"id\":\"paketo-buildpacks/pip\",\"version\":\"0.20.1\"},{\"id\":\"paketo-buildpacks/poetry\",\"version\":\"0.9.0\"},{\"id\":\"paketo-buildpacks/poetry-install\",\"version\":\"0.3.19\"},{\"id\":\"paketo-buildpacks/python-start\",\"version\":\"0.14.15\"},{\"id\":\"paketo-buildpacks/procfile\",\"version\":\"5.8.0\",\"optional\":true},{\"id\":\"paketo-buildpacks/environment-variables\",\"version\":\"4.6.0\",\"optional\":true},{\"id\":\"paketo-buildpacks/image-labels\",\"version\":\"4.6.0\",\"optional\":true}]},{\"group\":[{\"id\":\"paketo-buildpacks/ca-certificates\",\"version\":\"3.7.0\",\"optional\":true},{\"id\":\"paketo-buildpacks/watchexec\",\"version\":\"3.1.2\",\"optional\":true},{\"id\":\"paketo-buildpacks/cpython\",\"version\":\"1.13.0\"},{\"id\":\"paketo-buildpacks/python-start\",\"version\":\"0.14.15\"},{\"id\":\"paketo-buildpacks/procfile\",\"version\":\"5.8.0\",\"optional\":true},{\"id\":\"paketo-buildpacks/environment-variables\",\"version\":\"4.6.0\",\"optional\":true},{\"id\":\"paketo-buildpacks/image-labels\",\"version\":\"4.6.0\",\"optional\":true}]}],\"layerDiffID\":\"sha256:80ada522d0b5a8e2bc6b95639dda4888c8265b27a082666ad0b34255d2f77c16\",\"name\":\"Paketo Buildpack for Python\"}},\"paketo-buildpacks/python-start\":{\"0.14.15\":{\"api\":\"0.8\",\"stacks\":[{\"id\":\"*\"}],\"layerDiffID\":\"sha256:fa27d532466a9b49c9d9f23c2c6449a5378407bc93a6891e1b646f5c7e26708d\",\"homepage\":\"https://github.com/paketo-buildpacks/python-start\",\"name\":\"Paketo Buildpack for Python Start\"}},\"paketo-buildpacks/rackup\":{\"0.4.39\":{\"api\":\"0.7\",\"stacks\":[{\"id\":\"*\"}],\"layerDiffID\":\"sha256:04b5878590658efce092cc91731f5e57984d09b01e82e6fc6dea4845defc2caa\",\"homepage\":\"https://github.com/paketo-buildpacks/rackup\",\"name\":\"Paketo Buildpack for Rackup\"}},\"paketo-buildpacks/rails-assets\":{\"0.10.9\":{\"api\":\"0.7\",\"stacks\":[{\"id\":\"*\"}],\"layerDiffID\":\"sha256:b0754609ae7c947dd9123e85ff14888f68d927ca7a2440603042a61e3672bbd7\",\"homepage\":\"https://github.com/paketo-buildpacks/rails-assets\",\"name\":\"Paketo Buildpack for Rails Assets\"}},\"paketo-buildpacks/rake\":{\"0.4.39\":{\"api\":\"0.7\",\"stacks\":[{\"id\":\"*\"}],\"layerDiffID\":\"sha256:1ba1162c859636cc20c26205c153f43d87bf71141438a8997987b31b2c77ab85\",\"homepage\":\"https://github.com/paketo-buildpacks/rake\",\"name\":\"Paketo Buildpack for Rake\"}},\"paketo-buildpacks/ruby\":{\"0.45.0\":{\"api\":\"0.7\",\"order\":[{\"group\":[{\"id\":\"paketo-buildpacks/ca-certificates\",\"version\":\"3.7.0\",\"optional\":true},{\"id\":\"paketo-buildpacks/mri\",\"version\":\"0.16.2\"},{\"id\":\"paketo-buildpacks/bundler\",\"version\":\"0.8.7\"},{\"id\":\"paketo-buildpacks/bundle-install\",\"version\":\"0.8.5\"},{\"id\":\"paketo-buildpacks/node-engine\",\"version\":\"3.2.2\",\"optional\":true},{\"id\":\"paketo-buildpacks/yarn\",\"version\":\"1.3.2\",\"optional\":true},{\"id\":\"paketo-buildpacks/yarn-install\",\"version\":\"1.3.2\",\"optional\":true},{\"id\":\"paketo-buildpacks/rails-assets\",\"version\":\"0.10.9\",\"optional\":true},{\"id\":\"paketo-buildpacks/puma\",\"version\":\"0.4.40\"},{\"id\":\"paketo-buildpacks/procfile\",\"version\":\"5.7.0\",\"optional\":true},{\"id\":\"paketo-buildpacks/environment-variables\",\"version\":\"4.6.0\",\"optional\":true},{\"id\":\"paketo-buildpacks/image-labels\",\"version\":\"4.6.0\",\"optional\":true}]},{\"group\":[{\"id\":\"paketo-buildpacks/ca-certificates\",\"version\":\"3.7.0\",\"optional\":true},{\"id\":\"paketo-buildpacks/mri\",\"version\":\"0.16.2\"},{\"id\":\"paketo-buildpacks/bundler\",\"version\":\"0.8.7\"},{\"id\":\"paketo-buildpacks/bundle-install\",\"version\":\"0.8.5\"},{\"id\":\"paketo-buildpacks/node-engine\",\"version\":\"3.2.2\",\"optional\":true},{\"id\":\"paketo-buildpacks/yarn\",\"version\":\"1.3.2\",\"optional\":true},{\"id\":\"paketo-buildpacks/yarn-install\",\"version\":\"1.3.2\",\"optional\":true},{\"id\":\"paketo-buildpacks/rails-assets\",\"version\":\"0.10.9\",\"optional\":true},{\"id\":\"paketo-buildpacks/thin\",\"version\":\"0.5.37\"},{\"id\":\"paketo-buildpacks/procfile\",\"version\":\"5.7.0\",\"optional\":true},{\"id\":\"pa"
21:45:35.327 [Test worker] DEBUG com.github.dockerjava.zerodep.shaded.org.apache.hc.client5.http.wire - http-outgoing-0 << "keto-buildpacks/environment-variables\",\"version\":\"4.6.0\",\"optional\":true},{\"id\":\"paketo-buildpacks/image-labels\",\"version\":\"4.6.0\",\"optional\":true}]},{\"group\":[{\"id\":\"paketo-buildpacks/ca-certificates\",\"version\":\"3.7.0\",\"optional\":true},{\"id\":\"paketo-buildpacks/mri\",\"version\":\"0.16.2\"},{\"id\":\"paketo-buildpacks/bundler\",\"version\":\"0.8.7\"},{\"id\":\"paketo-buildpacks/bundle-install\",\"version\":\"0.8.5\"},{\"id\":\"paketo-buildpacks/node-engine\",\"version\":\"3.2.2\",\"optional\":true},{\"id\":\"paketo-buildpacks/yarn\",\"version\":\"1.3.2\",\"optional\":true},{\"id\":\"paketo-buildpacks/yarn-install\",\"version\":\"1.3.2\",\"optional\":true},{\"id\":\"paketo-buildpacks/rails-assets\",\"version\":\"0.10.9\",\"optional\":true},{\"id\":\"paketo-buildpacks/unicorn\",\"version\":\"0.4.39\"},{\"id\":\"paketo-buildpacks/procfile\",\"version\":\"5.7.0\",\"optional\":true},{\"id\":\"paketo-buildpacks/environment-variables\",\"version\":\"4.6.0\",\"optional\":true},{\"id\":\"paketo-buildpacks/image-labels\",\"version\":\"4.6.0\",\"optional\":true}]},{\"group\":[{\"id\":\"paketo-buildpacks/ca-certificates\",\"version\":\"3.7.0\",\"optional\":true},{\"id\":\"paketo-buildpacks/mri\",\"version\":\"0.16.2\"},{\"id\":\"paketo-buildpacks/bundler\",\"version\":\"0.8.7\"},{\"id\":\"paketo-buildpacks/bundle-install\",\"version\":\"0.8.5\"},{\"id\":\"paketo-buildpacks/node-engine\",\"version\":\"3.2.2\",\"optional\":true},{\"id\":\"paketo-buildpacks/yarn\",\"version\":\"1.3.2\",\"optional\":true},{\"id\":\"paketo-buildpacks/yarn-install\",\"version\":\"1.3.2\",\"optional\":true},{\"id\":\"paketo-buildpacks/rails-assets\",\"version\":\"0.10.9\",\"optional\":true},{\"id\":\"paketo-buildpacks/passenger\",\"version\":\"0.14.2\"},{\"id\":\"paketo-buildpacks/procfile\",\"version\":\"5.7.0\",\"optional\":true},{\"id\":\"paketo-buildpacks/environment-variables\",\"version\":\"4.6.0\",\"optional\":true},{\"id\":\"paketo-buildpacks/image-labels\",\"version\":\"4.6.0\",\"optional\":true}]},{\"group\":[{\"id\":\"paketo-buildpacks/ca-certificates\",\"version\":\"3.7.0\",\"optional\":true},{\"id\":\"paketo-buildpacks/mri\",\"version\":\"0.16.2\"},{\"id\":\"paketo-buildpacks/bundler\",\"version\":\"0.8.7\"},{\"id\":\"paketo-buildpacks/bundle-install\",\"version\":\"0.8.5\"},{\"id\":\"paketo-buildpacks/node-engine\",\"version\":\"3.2.2\",\"optional\":true},{\"id\":\"paketo-buildpacks/yarn\",\"version\":\"1.3.2\",\"optional\":true},{\"id\":\"paketo-buildpacks/yarn-install\",\"version\":\"1.3.2\",\"optional\":true},{\"id\":\"paketo-buildpacks/rails-assets\",\"version\":\"0.10.9\",\"optional\":true},{\"id\":\"paketo-buildpacks/rackup\",\"version\":\"0.4.39\"},{\"id\":\"paketo-buildpacks/procfile\",\"version\":\"5.7.0\",\"optional\":true},{\"id\":\"paketo-buildpacks/environment-variables\",\"version\":\"4.6.0\",\"optional\":true},{\"id\":\"paketo-buildpacks/image-labels\",\"version\":\"4.6.0\",\"optional\":true}]},{\"group\":[{\"id\":\"paketo-buildpacks/ca-certificates\",\"version\":\"3.7.0\",\"optional\":true},{\"id\":\"paketo-buildpacks/mri\",\"version\":\"0.16.2\"},{\"id\":\"paketo-buildpacks/bundler\",\"version\":\"0.8.7\",\"optional\":true},{\"id\":\"paketo-buildpacks/bundle-install\",\"version\":\"0.8.5\",\"optional\":true},{\"id\":\"paketo-buildpacks/rake\",\"version\":\"0.4.39\"},{\"id\":\"paketo-buildpacks/procfile\",\"version\":\"5.7.0\",\"optional\":true},{\"id\":\"paketo-buildpacks/environment-variables\",\"version\":\"4.6.0\",\"optional\":true},{\"id\":\"paketo-buildpacks/image-labels\",\"version\":\"4.6.0\",\"optional\":true}]}],\"layerDiffID\":\"sha256:6835da52555fff8db3a729393dae12c10b35bac91a8e75737e385d8043b9870a\",\"homepage\":\"https://github.com/paketo-buildpacks/ruby\",\"name\":\"Paketo Buildpack for Ruby\"}},\"paketo-buildpacks/sbt\":{\"6.15.0\":{\"api\":\"0.7\",\"stacks\":[{\"id\":\"io.buildpacks.stacks.bionic\"},{\"id\":\"io.paketo.stacks.tiny\"},{\"id\":\"*\"}],\"targets\":[{\"os\":\"linux\",\"arch\":\"amd64\"},{\"os\":\"linux\",\"arch\":\"arm64\"}],\"layerDiffID\":\"sha256:f4cb2cdf6268320a658a82db1462ff395080b818743f819b504302580412a30d\",\"homepage\":\"https://github.com/paketo-buildpacks/sbt\",\"name\":\"Paketo Buildpack for SBT\"}},\"paketo-buildpacks/source-removal\":{\"0.2.1\":{\"api\":\"0.7\",\"stacks\":[{\"id\":\"*\"}],\"layerDiffID\":\"sha256:c9b2b4846699e199bf3baa9f694c2914da8404ab2278da08576a53ecd11cd608\",\"name\":\"Paketo Buildpack for Source Removal\"}},\"paketo-buildpacks/spring-boot\":{\"5.30.0\":{\"api\":\"0.7\",\"stacks\":[{\"id\":\"io.buildpacks.stacks.bionic\"},{\"id\":\"io.paketo.stacks.tiny\"},{\"id\":\"*\"}],\"targets\":[{\"os\":\"linux\",\"arch\":\"amd64\"},{\"os\":\"linux\",\"arch\":\"arm64\"}],\"layerDiffID\":\"sha256:2e1a06e8edbdef02242f9f9561c25b49f6e3927258fd6a9ba94f33828e729e1b\",\"homepage\":\"https://github.com/paketo-buildpacks/spring-boot\",\"name\":\"Paketo Buildpack for Spring Boot\"}},\"paketo-buildpacks/syft\":{\"1.47.0\":{\"api\":\"0.7\",\"stacks\":[{\"id\":\"*\"}],\"targets\":[{\"os\":\"linux\",\"arch\":\"amd64\"},{\"os\":\"linux\",\"arch\":\"arm64\"}],\"layerDiffID\":\"sha256:b2f411dd4d1d84f3a583b3fa0f7ccfb1bc646e5771257acb6cc71141ab63b24c\",\"homepage\":\"https://github.com/paketo-buildpacks/syft\",\"name\":\"Paketo Buildpack for Syft\"}},\"paketo-buildpacks/thin\":{\"0.5.37\":{\"api\":\"0.7\",\"stacks\":[{\"id\":\"*\"}],\"layerDiffID\":\"sha256:5af39cb08b80879c788f32778ea73b6ec972069b2fbd4e850f679719ce6d3607\",\"homepage\":\"https://github.com/paketo-buildpacks/thin\",\"name\":\"Paketo Buildpack for Thin\"}},\"paketo-buildpacks/unicorn\":{\"0.4.39\":{\"api\":\"0.7\",\"stacks\":[{\"id\":\"*\"}],\"layerDiffID\":\"sha256:0c350a77d3bda7b06fa21e829945a6185856628d97da284b321fe57934ba8cdf\",\"homepage\":\"https://github.com/paketo-buildpacks/unicorn\",\"name\":\"Paketo Buildpack for Unicorn\"}},\"paketo-buildpacks/upx\":{\"3.6.0\":{\"api\":\"0.7\",\"stacks\":[{\"id\":\"io.buildpacks.stacks.bionic\"},{\"id\":\"io.paketo.stacks.tiny\"},{\"id\":\"*\"}],\"targets\":[{\"os\":\"linux\",\"arch\":\"amd64\"},{\"os\":\"linux\",\"arch\":\"arm64\"}],\"layerDiffID\":\"sha256:08215ee28d108f6b96ca276bb575ed314364324de9d9a925660a3a93c177d775\",\"homepage\":\"https://github.com/paketo-buildpacks/upx\",\"name\":\"Paketo Buildpack for UPX\"}},\"paketo-buildpacks/vsdbg\":{\"0.3.11\":{\"api\":\"0.8\",\"stacks\":[{\"id\":\"io.buildpacks.stacks.bionic\"},{\"id\":\"io.buildpacks.stacks.jammy\"}],\"layerDiffID\":\"sha256:a1b4049a46361cb419935fdf78338cd1a42b5d8619fa0b8ea6f0966c9bd71843\",\"name\":\"Paketo Buildpack for Visual Studio Debugger\"}},\"paketo-buildpacks/watchexec\":{\"2.10.0\":{\"api\":\"0.7\",\"stacks\":[{\"id\":\"*\"}],\"targets\":[{\"os\":\"linux\",\"arch\":\"amd64\"},{\"os\":\"linux\",\"arch\":\"arm64\"}],\"layerDiffID\":\"sha256:e968d2c4e179709eb2d32d7032fded5df329f60a8cfcd66e25b4c79c80afa139\",\"homepage\":\"https://github.com/paketo-buildpacks/watchexec\",\"name\":\"Paketo Buildpack for Watchexec\"},\"2.8.7\":{\"api\":\"0.7\",\"stacks\":[{\"id\":\"io.buildpacks.stacks.bionic\"},{\"id\":\"io.paketo.stacks.tiny\"},{\"id\":\"*\"}],\"layerDiffID\":\"sha256:0c5056a64de25640f4a2b9fde21186b5425007c233a1c402c52dcc96a2e2146d\",\"homepage\":\"https://github.com/paketo-buildpacks/watchexec\",\"name\":\"Paketo Buildpack for Watchexec\"},\"2.9.0\":{\"api\":\"0.7\",\"stacks\":[{\"id\":\"*\"}],\"layerDiffID\":\"sha256:f4f037dc8b971f054a4875d76281d8d7d7367648c91158fed313e5bb4f6b6061\",\"homepage\":\"https://github.com/paketo-buildpacks/watchexec\",\"name\":\"Paketo Buildpack for Watchexec\"},\"3.1.2\":{\"api\":\"0.7\",\"stacks\":[{\"id\":\"*\"}],\"targets\":[{\"os\":\"linux\",\"arch\":\"amd64\"},{\"os\":\"linux\",\"arch\":\"arm64\"}],\"layerDiffID\":\"sha256:ae6e108d26208fde3a3773c090a7b47197315c51b6b8aa2b08d7ec5cb173477a\",\"homepage\":\"https://github.com/paketo-buildpacks/watchexec\",\"name\":\"Paketo Buildpack for Watchexec\"},\"3.2.0\":{\"api\":\"0.7\",\"stacks\":[{\"id\":\"*\"}],\"targets\":[{\"os\""
21:45:35.328 [Test worker] DEBUG com.github.dockerjava.zerodep.shaded.org.apache.hc.client5.http.wire - http-outgoing-0 << ":\"linux\",\"arch\":\"amd64\"},{\"os\":\"linux\",\"arch\":\"arm64\"}],\"layerDiffID\":\"sha256:082de05043a199e3078659a6bc4c1a71d185dbbfac65c8895a5840b4846fd784\",\"homepage\":\"https://github.com/paketo-buildpacks/watchexec\",\"name\":\"Paketo Buildpack for Watchexec\"}},\"paketo-buildpacks/web-servers\":{\"0.22.0\":{\"api\":\"0.7\",\"order\":[{\"group\":[{\"id\":\"paketo-buildpacks/ca-certificates\",\"version\":\"3.7.0\",\"optional\":true},{\"id\":\"paketo-buildpacks/watchexec\",\"version\":\"3.1.2\",\"optional\":true},{\"id\":\"paketo-buildpacks/node-engine\",\"version\":\"3.2.2\"},{\"id\":\"paketo-buildpacks/yarn\",\"version\":\"1.3.2\"},{\"id\":\"paketo-buildpacks/yarn-install\",\"version\":\"1.3.2\"},{\"id\":\"paketo-buildpacks/node-run-script\",\"version\":\"1.0.16\"},{\"id\":\"paketo-buildpacks/nginx\",\"version\":\"0.16.0\"},{\"id\":\"paketo-buildpacks/procfile\",\"version\":\"5.8.0\",\"optional\":true},{\"id\":\"paketo-buildpacks/environment-variables\",\"version\":\"4.6.0\",\"optional\":true},{\"id\":\"paketo-buildpacks/image-labels\",\"version\":\"4.6.0\",\"optional\":true},{\"id\":\"paketo-buildpacks/source-removal\",\"version\":\"0.2.1\"}]},{\"group\":[{\"id\":\"paketo-buildpacks/ca-certificates\",\"version\":\"3.7.0\",\"optional\":true},{\"id\":\"paketo-buildpacks/watchexec\",\"version\":\"3.1.2\",\"optional\":true},{\"id\":\"paketo-buildpacks/node-engine\",\"version\":\"3.2.2\"},{\"id\":\"paketo-buildpacks/npm-install\",\"version\":\"1.4.0\"},{\"id\":\"paketo-buildpacks/node-run-script\",\"version\":\"1.0.16\"},{\"id\":\"paketo-buildpacks/nginx\",\"version\":\"0.16.0\"},{\"id\":\"paketo-buildpacks/procfile\",\"version\":\"5.8.0\",\"optional\":true},{\"id\":\"paketo-buildpacks/environment-variables\",\"version\":\"4.6.0\",\"optional\":true},{\"id\":\"paketo-buildpacks/image-labels\",\"version\":\"4.6.0\",\"optional\":true},{\"id\":\"paketo-buildpacks/source-removal\",\"version\":\"0.2.1\"}]},{\"group\":[{\"id\":\"paketo-buildpacks/ca-certificates\",\"version\":\"3.7.0\",\"optional\":true},{\"id\":\"paketo-buildpacks/watchexec\",\"version\":\"3.1.2\",\"optional\":true},{\"id\":\"paketo-buildpacks/node-engine\",\"version\":\"3.2.2\"},{\"id\":\"paketo-buildpacks/yarn\",\"version\":\"1.3.2\"},{\"id\":\"paketo-buildpacks/yarn-install\",\"version\":\"1.3.2\"},{\"id\":\"paketo-buildpacks/node-run-script\",\"version\":\"1.0.16\"},{\"id\":\"paketo-buildpacks/httpd\",\"version\":\"0.7.19\"},{\"id\":\"paketo-buildpacks/procfile\",\"version\":\"5.8.0\",\"optional\":true},{\"id\":\"paketo-buildpacks/environment-variables\",\"version\":\"4.6.0\",\"optional\":true},{\"id\":\"paketo-buildpacks/image-labels\",\"version\":\"4.6.0\",\"optional\":true},{\"id\":\"paketo-buildpacks/source-removal\",\"version\":\"0.2.1\"}]},{\"group\":[{\"id\":\"paketo-buildpacks/ca-certificates\",\"version\":\"3.7.0\",\"optional\":true},{\"id\":\"paketo-buildpacks/watchexec\",\"version\":\"3.1.2\",\"optional\":true},{\"id\":\"paketo-buildpacks/node-engine\",\"version\":\"3.2.2\"},{\"id\":\"paketo-buildpacks/npm-install\",\"version\":\"1.4.0\"},{\"id\":\"paketo-buildpacks/node-run-script\",\"version\":\"1.0.16\"},{\"id\":\"paketo-buildpacks/httpd\",\"version\":\"0.7.19\"},{\"id\":\"paketo-buildpacks/procfile\",\"version\":\"5.8.0\",\"optional\":true},{\"id\":\"paketo-buildpacks/environment-variables\",\"version\":\"4.6.0\",\"optional\":true},{\"id\":\"paketo-buildpacks/image-labels\",\"version\":\"4.6.0\",\"optional\":true},{\"id\":\"paketo-buildpacks/source-removal\",\"version\":\"0.2.1\"}]},{\"group\":[{\"id\":\"paketo-buildpacks/ca-certificates\",\"version\":\"3.7.0\",\"optional\":true},{\"id\":\"paketo-buildpacks/watchexec\",\"version\":\"3.1.2\",\"optional\":true},{\"id\":\"paketo-buildpacks/nginx\",\"version\":\"0.16.0\"},{\"id\":\"paketo-buildpacks/procfile\",\"version\":\"5.8.0\",\"optional\":true},{\"id\":\"paketo-buildpacks/environment-variables\",\"version\":\"4.6.0\",\"optional\":true},{\"id\":\"paketo-buildpacks/image-labels\",\"version\":\"4.6.0\",\"optional\":true},{\"id\":\"paketo-buildpacks/source-removal\",\"version\":\"0.2.1\"}]},{\"group\":[{\"id\":\"paketo-buildpacks/ca-certificates\",\"version\":\"3.7.0\",\"optional\":true},{\"id\":\"paketo-buildpacks/watchexec\",\"version\":\"3.1.2\",\"optional\":true},{\"id\":\"paketo-buildpacks/httpd\",\"version\":\"0.7.19\"},{\"id\":\"paketo-buildpacks/procfile\",\"version\":\"5.8.0\",\"optional\":true},{\"id\":\"paketo-buildpacks/environment-variables\",\"version\":\"4.6.0\",\"optional\":true},{\"id\":\"paketo-buildpacks/image-labels\",\"version\":\"4.6.0\",\"optional\":true},{\"id\":\"paketo-buildpacks/source-removal\",\"version\":\"0.2.1\"}]}],\"layerDiffID\":\"sha256:285b5cf838d1333e64f21845742fd2f29ebe91f99edd41ac36a6fdc389675651\",\"homepage\":\"https://github.com/paketo-buildpacks/web-servers\",\"name\":\"Paketo Buildpack for Web Servers\"}},\"paketo-buildpacks/yarn\":{\"1.3.2\":{\"api\":\"0.7\",\"stacks\":[{\"id\":\"io.buildpacks.stacks.bionic\"},{\"id\":\"io.buildpacks.stacks.jammy\"},{\"id\":\"*\"}],\"layerDiffID\":\"sha256:96fab70b4cab76dd8b3363c848324ae9fb422ba85bf7571705de468155ffa26b\",\"homepage\":\"https://github.com/paketo-buildpacks/yarn\",\"name\":\"Paketo Buildpack for Yarn\"}},\"paketo-buildpacks/yarn-install\":{\"1.3.2\":{\"api\":\"0.7\",\"stacks\":[{\"id\":\"*\"}],\"layerDiffID\":\"sha256:3d3857be918e614186a24f967ea3cc1b163e25a3cbf11da2c2333a068a5e483e\",\"homepage\":\"https://github.com/paketo-buildpacks/yarn-install\",\"name\":\"Paketo Buildpack for Yarn Install\"}},\"paketo-buildpacks/yarn-start\":{\"1.2.2\":{\"api\":\"0.7\",\"stacks\":[{\"id\":\"*\"}],\"layerDiffID\":\"sha256:122f59ffb37f51931d73fec03dc2a9b1eff2fbdadf672f15722fccbe544c8e53\",\"homepage\":\"https://github.com/paketo-buildpacks/yarn-start\",\"name\":\"Paketo Buildpack for Yarn Start\"}}}","io.buildpacks.buildpack.order":"[{\"group\":[{\"id\":\"paketo-buildpacks/ruby\",\"version\":\"0.45.0\"}]},{\"group\":[{\"id\":\"paketo-buildpacks/dotnet-core\",\"version\":\"0.45.0\"}]},{\"group\":[{\"id\":\"paketo-buildpacks/go\",\"version\":\"4.8.0\"}]},{\"group\":[{\"id\":\"paketo-buildpacks/java-native-image\",\"version\":\"9.5.0\"}]},{\"group\":[{\"id\":\"paketo-buildpacks/java\",\"version\":\"14.1.0\"}]},{\"group\":[{\"id\":\"paketo-buildpacks/web-servers\",\"version\":\"0.22.0\"}]},{\"group\":[{\"id\":\"paketo-buildpacks/nodejs\",\"version\":\"2.2.0\"}]},{\"group\":[{\"id\":\"paketo-buildpacks/python\",\"version\":\"2.19.0\"}]},{\"group\":[{\"id\":\"paketo-buildpacks/procfile\",\"version\":\"5.9.0\"}]}]","io.buildpacks.buildpack.order-extensions":"null","io.buildpacks.extension.layers":"{}","io.buildpacks.stack.description":"ubuntu:jammy with compilers and shell utilities","io.buildpacks.stack.distro.name":"ubuntu","io.buildpacks.stack.distro.version":"22.04","io.buildpacks.stack.homepage":"https://github.com/paketo-buildpacks/jammy-base-stack","io.buildpacks.stack.id":"io.buildpacks.stacks.jammy","io.buildpacks.stack.maintainer":"Paketo Buildpacks","io.buildpacks.stack.metadata":"{}","io.buildpacks.stack.mixins":"null","io.buildpacks.stack.released":"2024-05-14T14:29:02Z","org.opencontainers.image.ref.name":"ubuntu","org.opencontainers.image.version":"22.04"},"ParentId":"","RepoDigests":["paketobuildpacks/builder-jammy-base@sha256:402495c95f8aaec02d3b182758ed326ab0cd35143d7c208b9e815d27f4cd6389"],"RepoTags":null,"SharedSize":-1,"Size":1479262543,"VirtualSize":1479262543},{"Containers":-1,"Created":315532801,"Id":"sha256:5e5429287ccac35db65da71d0e1740b4de7a0f6d92a9399e92fc95120bc33892","Labels":{"io.buildpacks.build.metadata":"{\"buildpacks\":[{\"id\":\"paketo-buildpacks/ca-certificates\",\"version\":\"3.8.0\",\"homepage\":\"https://github.com/paketo-buildpacks/ca-certificates\"},{\"id\":\"paketo-buildpacks/bellsoft-liberica\",\"version\":\"10.8.0\",\"homepage\":\"https://github.com/paketo-buildpacks/bellsoft-liberica\"},{\"id\":\"paketo-buildpacks/syft\",\"version\":\"1.47.0\",\"homepage\":\"https://github.com/paketo-buildpacks/sy"
21:45:35.330 [Test worker] DEBUG com.github.dockerjava.zerodep.shaded.org.apache.hc.client5.http.wire - http-outgoing-0 << "ft\"},{\"id\":\"paketo-buildpacks/executable-jar\",\"version\":\"6.10.0\",\"homepage\":\"https://github.com/paketo-buildpacks/executable-jar\"},{\"id\":\"paketo-buildpacks/dist-zip\",\"version\":\"5.8.0\",\"homepage\":\"https://github.com/paketo-buildpacks/dist-zip\"},{\"id\":\"paketo-buildpacks/spring-boot\",\"version\":\"5.30.0\",\"homepage\":\"https://github.com/paketo-buildpacks/spring-boot\"}],\"launcher\":{\"version\":\"0.19.6\",\"source\":{\"git\":{\"repository\":\"github.com/buildpacks/lifecycle\",\"commit\":\"73f6927a\"}}},\"processes\":[{\"type\":\"executable-jar\",\"command\":\"java\",\"args\":[\"org.springframework.boot.loader.JarLauncher\"],\"direct\":true,\"buildpackID\":\"paketo-buildpacks/executable-jar\"},{\"type\":\"task\",\"command\":\"java\",\"args\":[\"org.springframework.boot.loader.JarLauncher\"],\"direct\":true,\"buildpackID\":\"paketo-buildpacks/executable-jar\"},{\"type\":\"web\",\"command\":\"java\",\"args\":[\"org.springframework.boot.loader.JarLauncher\"],\"direct\":true,\"buildpackID\":\"paketo-buildpacks/executable-jar\"}],\"buildpack-default-process-type\":\"web\"}","io.buildpacks.lifecycle.metadata":"{\"app\":[{\"sha\":\"sha256:233e6342a69c5cab44722da2266b5930bed021cb224cd7d7290470be4b535264\"},{\"sha\":\"sha256:ab99df5db2b97d32fa490bf9196b11e367a7f722f7df9f914fbfe4914305e43e\"},{\"sha\":\"sha256:5f70bf18a086007016e948b04aed3b82103a36bea41755b6cddfaf10ace3c6ef\"},{\"sha\":\"sha256:ab3e4328f4687f8b3f7a0a72515b0601b49c036c5b9fb3a2ce9ea85fae04a251\"},{\"sha\":\"sha256:5f70bf18a086007016e948b04aed3b82103a36bea41755b6cddfaf10ace3c6ef\"}],\"sbom\":{\"sha\":\"sha256:df51201639dc65f93df702962c1bed3e06782dfb277a65fdd3d301514d372f61\"},\"buildpacks\":[{\"key\":\"paketo-buildpacks/ca-certificates\",\"version\":\"3.8.0\",\"layers\":{\"helper\":{\"sha\":\"sha256:a2edd8abc0db9ce8db94258c1d3f914f2241a303812236d03e067c676558494d\",\"data\":{\"buildpackInfo\":{\"clear-env\":false,\"description\":\"A Cloud Native Buildpack that adds custom CA certificates to a build and a created image\",\"homepage\":\"https://github.com/paketo-buildpacks/ca-certificates\",\"id\":\"paketo-buildpacks/ca-certificates\",\"keywords\":[\"ca-certificates\",\"trust\",\"certificates\"],\"licenses\":[{\"type\":\"Apache-2.0\",\"uri\":\"https://github.com/paketo-buildpacks/ca-certificates/blob/main/LICENSE\"}],\"name\":\"Paketo Buildpack for CA Certificates\",\"sbom-formats\":[\"application/vnd.cyclonedx+json\",\"application/vnd.syft+json\"],\"version\":\"3.8.0\"},\"helperNames\":[\"ca-certificates-helper\"]},\"build\":false,\"launch\":true,\"cache\":false}}},{\"key\":\"paketo-buildpacks/bellsoft-liberica\",\"version\":\"10.8.0\",\"layers\":{\"helper\":{\"sha\":\"sha256:87f6825285f182b9f8635f94aa9f4c353a1f4e91fe61be85297ea244f36e31e7\",\"data\":{\"buildpackInfo\":{\"clear-env\":false,\"description\":\"A Cloud Native Buildpack that provides the Bellsoft Liberica implementations of JREs and JDKs\",\"homepage\":\"https://github.com/paketo-buildpacks/bellsoft-liberica\",\"id\":\"paketo-buildpacks/bellsoft-liberica\",\"keywords\":[\"java\",\"jvm\",\"jre\",\"jdk\"],\"licenses\":[{\"type\":\"Apache-2.0\",\"uri\":\"https://github.com/paketo-buildpacks/bellsoft-liberica/blob/main/LICENSE\"}],\"name\":\"Paketo Buildpack for BellSoft Liberica\",\"sbom-formats\":[\"application/vnd.syft+json\",\"application/vnd.cyclonedx+json\"],\"version\":\"10.8.0\"},\"helperNames\":[\"java-opts\",\"jvm-heap\",\"link-local-dns\",\"memory-calculator\",\"security-providers-configurer\",\"jmx\",\"jfr\",\"openssl-certificate-loader\",\"security-providers-classpath-9\",\"debug-9\",\"nmt\"]},\"build\":false,\"launch\":true,\"cache\":false},\"java-security-properties\":{\"sha\":\"sha256:bea0a3dc2651cac7c9c567a5cb4e7536107b357cb9113e8806f690f050500012\",\"data\":{\"clear-env\":false,\"description\":\"A Cloud Native Buildpack that provides the Bellsoft Liberica implementations of JREs and JDKs\",\"homepage\":\"https://github.com/paketo-buildpacks/bellsoft-liberica\",\"id\":\"paketo-buildpacks/bellsoft-liberica\",\"keywords\":[\"java\",\"jvm\",\"jre\",\"jdk\"],\"licenses\":[{\"type\":\"Apache-2.0\",\"uri\":\"https://github.com/paketo-buildpacks/bellsoft-liberica/blob/main/LICENSE\"}],\"name\":\"Paketo Buildpack for BellSoft Liberica\",\"sbom-formats\":[\"application/vnd.syft+json\",\"application/vnd.cyclonedx+json\"],\"version\":\"10.8.0\"},\"build\":false,\"launch\":true,\"cache\":false},\"jre\":{\"sha\":\"sha256:5bc94934a9b93eafe3c55b5079cd449ddbd1305f1ef814ca74bb908b22a08401\",\"data\":{\"cert-file\":\"82f3a63130e0b47915659d619f177c8157c2bbb29dbf0f58ad2721ff84fb1190\",\"dependency\":{\"cpes\":[\"cpe:2.3:a:oracle:jre:17.0.11:*:*:*:*:*:*:*\"],\"deprecation_date\":\"0001-01-01T00:00:00Z\",\"id\":\"jre\",\"licenses\":[{\"type\":\"GPL-2.0 WITH Classpath-exception-2.0\",\"uri\":\"https://openjdk.java.net/legal/gplv2+ce.html\"}],\"name\":\"BellSoft Liberica JRE\",\"purl\":\"pkg:generic/bellsoft-jre@17.0.11?arch=amd64\",\"sha256\":\"fd331d4c4c769c1a2aef1191733f0298932772b860ccb8b5b1a99cd37594a48f\",\"stacks\":[\"*\"],\"uri\":\"https://github.com/bell-sw/Liberica/releases/download/17.0.11+12/bellsoft-jre17.0.11+12-linux-amd64.tar.gz\",\"version\":\"17.0.11\"}},\"build\":false,\"launch\":true,\"cache\":false}}},{\"key\":\"paketo-buildpacks/syft\",\"version\":\"1.47.0\",\"layers\":{}},{\"key\":\"paketo-buildpacks/executable-jar\",\"version\":\"6.10.0\",\"layers\":{\"classpath\":{\"sha\":\"sha256:417e5bfc3c82b9373cf6804206e071d2fc74560df867d0f39cb21ac3d15231b6\",\"data\":{\"classpath\":[\"/workspace\"],\"launch\":true},\"build\":true,\"launch\":true,\"cache\":false}}},{\"key\":\"paketo-buildpacks/dist-zip\",\"version\":\"5.8.0\",\"layers\":{}},{\"key\":\"paketo-buildpacks/spring-boot\",\"version\":\"5.30.0\",\"layers\":{\"helper\":{\"sha\":\"sha256:09558415beb4148268e735cc2dd3105a88e9c7f1cddfa529a2d74a3cfc21fa9d\",\"data\":{\"buildpackInfo\":{\"clear-env\":false,\"description\":\"A Cloud Native Buildpack that contributes Spring Boot dependency information and slices an application into multiple layers\",\"homepage\":\"https://github.com/paketo-buildpacks/spring-boot\",\"id\":\"paketo-buildpacks/spring-boot\",\"keywords\":[\"java\",\"spring\",\"spring-boot\"],\"licenses\":[{\"type\":\"Apache-2.0\",\"uri\":\"https://github.com/paketo-buildpacks/spring-boot/blob/main/LICENSE\"}],\"name\":\"Paketo Buildpack for Spring Boot\",\"sbom-formats\":[\"application/vnd.cyclonedx+json\",\"application/vnd.syft+json\"],\"version\":\"5.30.0\"},\"helperNames\":[\"spring-cloud-bindings\"]},\"build\":false,\"launch\":true,\"cache\":false},\"spring-cloud-bindings\":{\"sha\":\"sha256:585d8b141d7aa07eecde5a1bae075c7898ab5809a215d66f160d3dfd46eaf577\",\"data\":{\"cpes\":[\"cpe:2.3:a:vmware:spring_cloud_bindings:1.13.0:*:*:*:*:*:*:*\"],\"deprecation_date\":\"0001-01-01T00:00:00Z\",\"id\":\"spring-cloud-bindings\",\"licenses\":[{\"type\":\"Apache-2.0\",\"uri\":\"https://github.com/spring-cloud/spring-cloud-bindings/blob/main/LICENSE\"}],\"name\":\"Spring Cloud Bindings\",\"purl\":\"pkg:generic/springframework/spring-cloud-bindings@1.13.0\",\"sha256\":\"70a448cd45d1dbc117770f934961cd9577c0c4404d34986824f8f593cae4aada\",\"stacks\":[\"io.buildpacks.stacks.bionic\",\"io.paketo.stacks.tiny\",\"*\"],\"uri\":\"https://repo1.maven.org/maven2/org/springframework/cloud/spring-cloud-bindings/1.13.0/spring-cloud-bindings-1.13.0.jar\",\"version\":\"1.13.0\"},\"build\":false,\"launch\":true,\"cache\":true},\"web-application-type\":{\"sha\":\"sha256:cdd4575ae9b376f8c8925c9b305123f24c4afaf52bfe5efcbf0283adfbd4fc6a\",\"data\":{\"files\":\"b11274f15ce8d5c9d15bef4d9b41436602fb4b1e36d1fcc71da2f51ecf654491\"},\"build\":false,\"launch\":true,\"cache\":false}}}],\"config\":{\"sha\":\"sha256:e4ba8bce7d84bac47897b900a313be2d9e71bb5cbcc593ac71306516183746d5\"},\"launcher\":{\"sha\":\"sha256:d1c9d29a297226c0b1a8d289ce772ddaf041038541594f859e0a923ffe39490b\"},\"process-types\":{\"sha\":\"sha256:1dc94a70dbaa2171fb086500a5d27797f779219b126b0a1eebb9180c2792e80e\""
21:45:35.331 [Test worker] DEBUG com.github.dockerjava.zerodep.shaded.org.apache.hc.client5.http.wire - http-outgoing-0 << "},\"runImage\":{\"topLayer\":\"sha256:d7b27151cdc0f128b16f23476b96d4cf00a613af279365c054a365420f0ae862\",\"reference\":\"bf4e5592fd5dfb695fc2de4656a0e05fd3663f627991521678fd6a850b293006\"},\"stack\":{\"runImage\":{\"image\":\"index.docker.io/paketobuildpacks/run-jammy-base:latest\"}}}","io.buildpacks.project.metadata":"{}","io.buildpacks.stack.description":"ubuntu:jammy with some common dependencies like tzdata and openssl","io.buildpacks.stack.distro.name":"ubuntu","io.buildpacks.stack.distro.version":"22.04","io.buildpacks.stack.homepage":"https://github.com/paketo-buildpacks/jammy-base-stack","io.buildpacks.stack.id":"io.buildpacks.stacks.jammy","io.buildpacks.stack.maintainer":"Paketo Buildpacks","io.buildpacks.stack.metadata":"{}","io.buildpacks.stack.released":"2024-05-29T02:44:17Z","org.opencontainers.image.ref.name":"ubuntu","org.opencontainers.image.version":"22.04","org.springframework.boot.version":"2.7.18"},"ParentId":"","RepoDigests":null,"RepoTags":["order-service:latest"],"SharedSize":-1,"Size":338823517,"VirtualSize":338823517},{"Containers":-1,"Created":315532801,"Id":"sha256:f3c7e5f62c127c7168458b76c70c2654f3b500da3aaf4618288b0ed314dd89ca","Labels":{"io.buildpacks.build.metadata":"{\"buildpacks\":[{\"id\":\"paketo-buildpacks/ca-certificates\",\"version\":\"3.8.0\",\"homepage\":\"https://github.com/paketo-buildpacks/ca-certificates\"},{\"id\":\"paketo-buildpacks/bellsoft-liberica\",\"version\":\"10.8.0\",\"homepage\":\"https://github.com/paketo-buildpacks/bellsoft-liberica\"},{\"id\":\"paketo-buildpacks/syft\",\"version\":\"1.47.0\",\"homepage\":\"https://github.com/paketo-buildpacks/syft\"},{\"id\":\"paketo-buildpacks/executable-jar\",\"version\":\"6.10.0\",\"homepage\":\"https://github.com/paketo-build"
21:45:35.332 [Test worker] DEBUG com.github.dockerjava.zerodep.shaded.org.apache.hc.client5.http.wire - http-outgoing-0 << "[\r][\n]"
21:45:35.332 [Test worker] DEBUG com.github.dockerjava.zerodep.shaded.org.apache.hc.client5.http.wire - http-outgoing-0 << "8000[\r][\n]"
21:45:35.332 [Test worker] DEBUG com.github.dockerjava.zerodep.shaded.org.apache.hc.client5.http.wire - http-outgoing-0 << "packs/executable-jar\"},{\"id\":\"paketo-buildpacks/dist-zip\",\"version\":\"5.8.0\",\"homepage\":\"https://github.com/paketo-buildpacks/dist-zip\"},{\"id\":\"paketo-buildpacks/spring-boot\",\"version\":\"5.30.0\",\"homepage\":\"https://github.com/paketo-buildpacks/spring-boot\"}],\"launcher\":{\"version\":\"0.19.6\",\"source\":{\"git\":{\"repository\":\"github.com/buildpacks/lifecycle\",\"commit\":\"73f6927a\"}}},\"processes\":[{\"type\":\"executable-jar\",\"command\":\"java\",\"args\":[\"org.springframework.boot.loader.JarLauncher\"],\"direct\":true,\"buildpackID\":\"paketo-buildpacks/executable-jar\"},{\"type\":\"task\",\"command\":\"java\",\"args\":[\"org.springframework.boot.loader.JarLauncher\"],\"direct\":true,\"buildpackID\":\"paketo-buildpacks/executable-jar\"},{\"type\":\"web\",\"command\":\"java\",\"args\":[\"org.springframework.boot.loader.JarLauncher\"],\"direct\":true,\"buildpackID\":\"paketo-buildpacks/executable-jar\"}],\"buildpack-default-process-type\":\"web\"}","io.buildpacks.lifecycle.metadata":"{\"app\":[{\"sha\":\"sha256:2c6054993f3934b425a894ec8cb5f446cd4de28c135f1273a3c2dfd15690a84d\"},{\"sha\":\"sha256:ab99df5db2b97d32fa490bf9196b11e367a7f722f7df9f914fbfe4914305e43e\"},{\"sha\":\"sha256:5f70bf18a086007016e948b04aed3b82103a36bea41755b6cddfaf10ace3c6ef\"},{\"sha\":\"sha256:7bd9dfca10f24630bad15c900db39c8d745508a8c2d776dc0a914355d5628db7\"},{\"sha\":\"sha256:5f70bf18a086007016e948b04aed3b82103a36bea41755b6cddfaf10ace3c6ef\"}],\"sbom\":{\"sha\":\"sha256:8e0d10dd335a0edaccd4eab4005487588fbd20edf3d1c854cc012313b347d863\"},\"buildpacks\":[{\"key\":\"paketo-buildpacks/ca-certificates\",\"version\":\"3.8.0\",\"layers\":{\"helper\":{\"sha\":\"sha256:a2edd8abc0db9ce8db94258c1d3f914f2241a303812236d03e067c676558494d\",\"data\":{\"buildpackInfo\":{\"clear-env\":false,\"description\":\"A Cloud Native Buildpack that adds custom CA certificates to a build and a created image\",\"homepage\":\"https://github.com/paketo-buildpacks/ca-certificates\",\"id\":\"paketo-buildpacks/ca-certificates\",\"keywords\":[\"ca-certificates\",\"trust\",\"certificates\"],\"licenses\":[{\"type\":\"Apache-2.0\",\"uri\":\"https://github.com/paketo-buildpacks/ca-certificates/blob/main/LICENSE\"}],\"name\":\"Paketo Buildpack for CA Certificates\",\"sbom-formats\":[\"application/vnd.cyclonedx+json\",\"application/vnd.syft+json\"],\"version\":\"3.8.0\"},\"helperNames\":[\"ca-certificates-helper\"]},\"build\":false,\"launch\":true,\"cache\":false}}},{\"key\":\"paketo-buildpacks/bellsoft-liberica\",\"version\":\"10.8.0\",\"layers\":{\"helper\":{\"sha\":\"sha256:87f6825285f182b9f8635f94aa9f4c353a1f4e91fe61be85297ea244f36e31e7\",\"data\":{\"buildpackInfo\":{\"clear-env\":false,\"description\":\"A Cloud Native Buildpack that provides the Bellsoft Liberica implementations of JREs and JDKs\",\"homepage\":\"https://github.com/paketo-buildpacks/bellsoft-liberica\",\"id\":\"paketo-buildpacks/bellsoft-liberica\",\"keywords\":[\"java\",\"jvm\",\"jre\",\"jdk\"],\"licenses\":[{\"type\":\"Apache-2.0\",\"uri\":\"https://github.com/paketo-buildpacks/bellsoft-liberica/blob/main/LICENSE\"}],\"name\":\"Paketo Buildpack for BellSoft Liberica\",\"sbom-formats\":[\"application/vnd.syft+json\",\"application/vnd.cyclonedx+json\"],\"version\":\"10.8.0\"},\"helperNames\":[\"java-opts\",\"jvm-heap\",\"link-local-dns\",\"memory-calculator\",\"security-providers-configurer\",\"jmx\",\"jfr\",\"openssl-certificate-loader\",\"security-providers-classpath-9\",\"debug-9\",\"nmt\"]},\"build\":false,\"launch\":true,\"cache\":false},\"java-security-properties\":{\"sha\":\"sha256:bea0a3dc2651cac7c9c567a5cb4e7536107b357cb9113e8806f690f050500012\",\"data\":{\"clear-env\":false,\"description\":\"A Cloud Native Buildpack that provides the Bellsoft Liberica implementations of JREs and JDKs\",\"homepage\":\"https://github.com/paketo-buildpacks/bellsoft-liberica\",\"id\":\"paketo-buildpacks/bellsoft-liberica\",\"keywords\":[\"java\",\"jvm\",\"jre\",\"jdk\"],\"licenses\":[{\"type\":\"Apache-2.0\",\"uri\":\"https://github.com/paketo-buildpacks/bellsoft-liberica/blob/main/LICENSE\"}],\"name\":\"Paketo Buildpack for BellSoft Liberica\",\"sbom-formats\":[\"application/vnd.syft+json\",\"application/vnd.cyclonedx+json\"],\"version\":\"10.8.0\"},\"build\":false,\"launch\":true,\"cache\":false},\"jre\":{\"sha\":\"sha256:5bc94934a9b93eafe3c55b5079cd449ddbd1305f1ef814ca74bb908b22a08401\",\"data\":{\"cert-file\":\"82f3a63130e0b47915659d619f177c8157c2bbb29dbf0f58ad2721ff84fb1190\",\"dependency\":{\"cpes\":[\"cpe:2.3:a:oracle:jre:17.0.11:*:*:*:*:*:*:*\"],\"deprecation_date\":\"0001-01-01T00:00:00Z\",\"id\":\"jre\",\"licenses\":[{\"type\":\"GPL-2.0 WITH Classpath-exception-2.0\",\"uri\":\"https://openjdk.java.net/legal/gplv2+ce.html\"}],\"name\":\"BellSoft Liberica JRE\",\"purl\":\"pkg:generic/bellsoft-jre@17.0.11?arch=amd64\",\"sha256\":\"fd331d4c4c769c1a2aef1191733f0298932772b860ccb8b5b1a99cd37594a48f\",\"stacks\":[\"*\"],\"uri\":\"https://github.com/bell-sw/Liberica/releases/download/17.0.11+12/bellsoft-jre17.0.11+12-linux-amd64.tar.gz\",\"version\":\"17.0.11\"}},\"build\":false,\"launch\":true,\"cache\":false}}},{\"key\":\"paketo-buildpacks/syft\",\"version\":\"1.47.0\",\"layers\":{}},{\"key\":\"paketo-buildpacks/executable-jar\",\"version\":\"6.10.0\",\"layers\":{\"classpath\":{\"sha\":\"sha256:417e5bfc3c82b9373cf6804206e071d2fc74560df867d0f39cb21ac3d15231b6\",\"data\":{\"classpath\":[\"/workspace\"],\"launch\":true},\"build\":true,\"launch\":true,\"cache\":false}}},{\"key\":\"paketo-buildpacks/dist-zip\",\"version\":\"5.8.0\",\"layers\":{}},{\"key\":\"paketo-buildpacks/spring-boot\",\"version\":\"5.30.0\",\"layers\":{\"helper\":{\"sha\":\"sha256:09558415beb4148268e735cc2dd3105a88e9c7f1cddfa529a2d74a3cfc21fa9d\",\"data\":{\"buildpackInfo\":{\"clear-env\":false,\"description\":\"A Cloud Native Buildpack that contributes Spring Boot dependency information and slices an application into multiple layers\",\"homepage\":\"https://github.com/paketo-buildpacks/spring-boot\",\"id\":\"paketo-buildpacks/spring-boot\",\"keywords\":[\"java\",\"spring\",\"spring-boot\"],\"licenses\":[{\"type\":\"Apache-2.0\",\"uri\":\"https://github.com/paketo-buildpacks/spring-boot/blob/main/LICENSE\"}],\"name\":\"Paketo Buildpack for Spring Boot\",\"sbom-formats\":[\"application/vnd.cyclonedx+json\",\"application/vnd.syft+json\"],\"version\":\"5.30.0\"},\"helperNames\":[\"spring-cloud-bindings\"]},\"build\":false,\""
21:45:35.333 [Test worker] DEBUG com.github.dockerjava.zerodep.shaded.org.apache.hc.client5.http.wire - http-outgoing-0 << "launch\":true,\"cache\":false},\"spring-cloud-bindings\":{\"sha\":\"sha256:585d8b141d7aa07eecde5a1bae075c7898ab5809a215d66f160d3dfd46eaf577\",\"data\":{\"cpes\":[\"cpe:2.3:a:vmware:spring_cloud_bindings:1.13.0:*:*:*:*:*:*:*\"],\"deprecation_date\":\"0001-01-01T00:00:00Z\",\"id\":\"spring-cloud-bindings\",\"licenses\":[{\"type\":\"Apache-2.0\",\"uri\":\"https://github.com/spring-cloud/spring-cloud-bindings/blob/main/LICENSE\"}],\"name\":\"Spring Cloud Bindings\",\"purl\":\"pkg:generic/springframework/spring-cloud-bindings@1.13.0\",\"sha256\":\"70a448cd45d1dbc117770f934961cd9577c0c4404d34986824f8f593cae4aada\",\"stacks\":[\"io.buildpacks.stacks.bionic\",\"io.paketo.stacks.tiny\",\"*\"],\"uri\":\"https://repo1.maven.org/maven2/org/springframework/cloud/spring-cloud-bindings/1.13.0/spring-cloud-bindings-1.13.0.jar\",\"version\":\"1.13.0\"},\"build\":false,\"launch\":true,\"cache\":true},\"web-application-type\":{\"sha\":\"sha256:366ce7d1a7f90f2e4ad08752f87510eee3ffca18736fa63c03823c8c4ebf2925\",\"data\":{\"files\":\"e1e4bda8c4360b0e5091b62b0c0ef48622d3efeca6d184aae988306ae425bdd6\"},\"build\":false,\"launch\":true,\"cache\":false}}}],\"config\":{\"sha\":\"sha256:e4ba8bce7d84bac47897b900a313be2d9e71bb5cbcc593ac71306516183746d5\"},\"launcher\":{\"sha\":\"sha256:d1c9d29a297226c0b1a8d289ce772ddaf041038541594f859e0a923ffe39490b\"},\"process-types\":{\"sha\":\"sha256:1dc94a70dbaa2171fb086500a5d27797f779219b126b0a1eebb9180c2792e80e\"},\"runImage\":{\"topLayer\":\"sha256:342db6440d60f10f949cddaf245280eb06b516b7d79d499c3b5cb73b30cf3e89\",\"reference\":\"6db52cd793d14a0b20faff217a15883b2b4f21d1b129ed362910150ae2b5b314\"},\"stack\":{\"runImage\":{\"image\":\"index.docker.io/paketobuildpacks/run-jammy-base:latest\"}}}","io.buildpacks.project.metadata":"{}","io.buildpacks.stack.description":"ubuntu:jammy with some common dependencies like tzdata and openssl","io.buildpacks.stack.distro.name":"ubuntu","io.buildpacks.stack.distro.version":"22.04","io.buildpacks.stack.homepage":"https://github.com/paketo-buildpacks/jammy-base-stack","io.buildpacks.stack.id":"io.buildpacks.stacks.jammy","io.buildpacks.stack.maintainer":"Paketo Buildpacks","io.buildpacks.stack.metadata":"{}","io.buildpacks.stack.released":"2024-05-14T14:29:02Z","org.opencontainers.image.ref.name":"ubuntu","org.opencontainers.image.version":"22.04","org.springframework.boot.version":"2.7.18"},"ParentId":"","RepoDigests":null,"RepoTags":["config-service:latest"],"SharedSize":-1,"Size":333761257,"VirtualSize":333761257},{"Containers":-1,"Created":315532801,"Id":"sha256:4985f992d5ce9593c318a20b232c3a48acc6aa4f74e4125eb01373e065c3c757","Labels":{"io.buildpacks.build.metadata":"{\"buildpacks\":[{\"id\":\"paketo-buildpacks/ca-certificates\",\"version\":\"3.8.0\",\"homepage\":\"https://github.com/paketo-buildpacks/ca-certificates\"},{\"id\":\"paketo-buildpacks/bellsoft-liberica\",\"version\":\"10.8.0\",\"homepage\":\"https://github.com/paketo-buildpacks/bellsoft-liberica\"},{\"id\":\"paketo-buildpacks/syft\",\"version\":\"1.47.0\",\"homepage\":\"https://github.com/paketo-buildpacks/syft\"},{\"id\":\"paketo-buildpacks/executable-jar\",\"version\":\"6.10.0\",\"homepage\":\"https://github.com/paketo-buildpacks/executable-jar\"},{\"id\":\"paketo-buildpacks/dist-zip\",\"version\":\"5.8.0\",\"homepage\":\"https://github.com/paketo-buildpacks/dist-zip\"},{\"id\":\"paketo-buildpacks/spring-boot\",\"version\":\"5.30.0\",\"homepage\":\"https://github.com/paketo-buildpacks/spring-boot\"}],\"launcher\":{\"version\":\"0.19.6\",\"source\":{\"git\":{\"repository\":\"github.com/buildpacks/lifecycle\",\"commit\":\"73f6927a\"}}},\"processes\":[{\"type\":\"executable-jar\",\"command\":\"java\",\"args\":[\"org.springframework.boot.loader.JarLauncher\"],\"direct\":true,\"buildpackID\":\"paketo-buildpacks/executable-jar\"},{\"type\":\"task\",\"command\":\"java\",\"args\":[\"org.springframework.boot.loader.JarLauncher\"],\"direct\":true,\"buildpackID\":\"paketo-buildpacks/executable-jar\"},{\"type\":\"web\",\"command\":\"java\",\"args\":[\"org.springframework.boot.loader.JarLauncher\"],\"direct\":true,\"buildpackID\":\"paketo-buildpacks/executable-jar\"}],\"buildpack-default-process-type\":\"web\"}","io.buildpacks.lifecycle.metadata":"{\"app\":[{\"sha\":\"sha256:b59d9507b93119628dcf93b315ccec44b303f15b2d38f6ba79fcc12a7642410d\"},{\"sha\":\"sha256:ab99df5db2b97d32fa490bf9196b11e367a7f722f7df9f914fbfe4914305e43e\"},{\"sha\":\"sha256:5f70bf18a086007016e948b04aed3b82103a36bea41755b6cddfaf10ace3c6ef\"},{\"sha\":\"sha256:fa567f0daea52c569ba3439f5386e83996e6ab0f29517703bdff3f374d8388f1\"},{\"sha\":\"sha256:5f70bf18a086007016e948b04aed3b82103a36bea41755b6cddfaf10ace3c6ef\"}],\"sbom\":{\"sha\":\"sha256:45af75fdf9d66ce085297ac2347f5669cdd2743a044b076926f0d23826f57a17\"},\"buildpacks\":[{\"key\":\"paketo-buildpacks/ca-certificates\",\"version\":\"3.8.0\",\"layers\":{\"helper\":{\"sha\":\"sha256:a2edd8abc0db9ce8db94258c1d3f914f2241a303812236d03e067c676558494d\",\"data\":{\"buildpackInfo\":{\"clear-env\":false,\"description\":\"A Cloud Native Buildpack that adds custom CA certificates to a build and a created image\",\"homepage\":\"https://github.com/paketo-buildpacks/ca-certificates\",\"id\":\"paketo-buildpacks/ca-certificates\",\"keywords\":[\"ca-certificates\",\"trust\",\"certificates\"],\"licenses\":[{\"type\":\"Apache-2.0\",\"uri\":\"https://github.com/paketo-buildpacks/ca-certificates/blob/main/LICENSE\"}],\"name\":\"Paketo Buildpack for CA Certificates\",\"sbom-formats\":[\"application/vnd.cyclonedx+json\",\"application/vnd.syft+json\"],\"version\":\"3.8.0\"},\"helperNames\":[\"ca-certificates-helper\"]},\"build\":false,\"launch\":true,\"cache\":false}}},{\"key\":\"paketo-buildpacks/bellsoft-liberica\",\"version\":\"10.8.0\",\"layers\":{\"helper\":{\"sha\":\"sha256:87f6825285f182b9f8635f94aa9f4c353a1f4e91fe61be85297ea244f36e31e7\",\"data\":{\"buildpackInfo\":{\"clear-env\":false,\"description\":\"A Cloud Native Buildpack that provides the Bellsoft Liberica implementations of JREs and JDKs\",\"homepage\":\"https://github.com/paketo-buildpacks/bellsoft-liberica\",\"id\":\"paketo-buildpacks/bellsoft-liberica\",\"keywords\":[\"java\",\"jvm\",\"jre\",\"jdk\"],\"licenses\":[{\"type\":\"Apache-2.0\",\"uri\":\"https://github.com/paketo-buildpacks/bellsoft-liberica/blob/main/LICENSE\"}],\"name\":\"Paketo Buildpack for BellSoft Liberica\",\"sbom-formats\":[\"application/vnd.syft+json\",\"application/vnd.cyclonedx+json\"],\"version\":\"10.8.0\"},\"helperNames\":[\"java-opts\",\"jvm-heap\",\"link-local-dns\",\"memory-calculator\",\"security-providers-configurer\",\"jmx\",\"jfr\",\"openssl-certificate-loader\",\"security-providers-classpath-9\",\"debug-9\",\"nmt\"]},\"build\":false,\"launch\":true,\"cache\":false},\"java-security-properties\":{\"sha\":\"sha256:bea0a3dc2651cac7c9c567a5cb4e7536107b357cb9113e8806f690f050500012\",\"data\":{\"clear-env\":false,\"description\":\"A Cloud Native Buildpack that provides the Bellsoft Liberica implementations of JREs and JDKs\",\"homepage\":\"https://github.com/paketo-buildpacks/bellsoft-liberica\",\"id\":\"paketo-buildpacks/bellsoft-liberica\",\"keywords\":[\"java\",\"jvm\",\"jre\",\"jdk\"],\"licenses\":[{\"type\":\"Apache-2.0\",\"uri\":\"https://github.com/paketo-buildpacks/bellsoft-liberica/blob/main/LICENSE\"}],\"name\":\"Paketo Buildpack for BellSoft Liberica\",\"sbom-formats\":[\"application/vnd.syft+json\",\"application/vnd.cyclonedx+json\"],\"version\":\"10.8.0\"},\"build\":false,\"launch\":true,\"cache\":false},\"jre\":{\"sha\":\"sha256:5bc94934a9b93eafe3c55b5079cd449ddbd1305f1ef814ca74bb908b22a08401\",\"data\":{\"cert-file\":\"82f3a63130e0b47915659d619f177c8157c2bbb29dbf0f58ad2721ff84fb1190\",\"dependency\":{\"cpes\":[\"cpe:2.3:a:oracle:jre:17.0.11:*:*:*:*:*:*:*\"],\"deprecation_date\":\"0001-01-01T00:00:00Z\",\"id\":\"jre\",\"licenses\":[{\"type\":\"GPL-2.0 WITH Classpath-exception-2.0\",\"uri\":\"https://openjdk.java.net/legal/gplv2+ce.html\"}],\"name\":\"BellSoft Liberica JRE\",\"purl\":\"pkg:generic"
21:45:35.335 [Test worker] DEBUG com.github.dockerjava.zerodep.shaded.org.apache.hc.client5.http.wire - http-outgoing-0 << "/bellsoft-jre@17.0.11?arch=amd64\",\"sha256\":\"fd331d4c4c769c1a2aef1191733f0298932772b860ccb8b5b1a99cd37594a48f\",\"stacks\":[\"*\"],\"uri\":\"https://github.com/bell-sw/Liberica/releases/download/17.0.11+12/bellsoft-jre17.0.11+12-linux-amd64.tar.gz\",\"version\":\"17.0.11\"}},\"build\":false,\"launch\":true,\"cache\":false}}},{\"key\":\"paketo-buildpacks/syft\",\"version\":\"1.47.0\",\"layers\":{}},{\"key\":\"paketo-buildpacks/executable-jar\",\"version\":\"6.10.0\",\"layers\":{\"classpath\":{\"sha\":\"sha256:417e5bfc3c82b9373cf6804206e071d2fc74560df867d0f39cb21ac3d15231b6\",\"data\":{\"classpath\":[\"/workspace\"],\"launch\":true},\"build\":true,\"launch\":true,\"cache\":false}}},{\"key\":\"paketo-buildpacks/dist-zip\",\"version\":\"5.8.0\",\"layers\":{}},{\"key\":\"paketo-buildpacks/spring-boot\",\"version\":\"5.30.0\",\"layers\":{\"helper\":{\"sha\":\"sha256:09558415beb4148268e735cc2dd3105a88e9c7f1cddfa529a2d74a3cfc21fa9d\",\"data\":{\"buildpackInfo\":{\"clear-env\":false,\"description\":\"A Cloud Native Buildpack that contributes Spring Boot dependency information and slices an application into multiple layers\",\"homepage\":\"https://github.com/paketo-buildpacks/spring-boot\",\"id\":\"paketo-buildpacks/spring-boot\",\"keywords\":[\"java\",\"spring\",\"spring-boot\"],\"licenses\":[{\"type\":\"Apache-2.0\",\"uri\":\"https://github.com/paketo-buildpacks/spring-boot/blob/main/LICENSE\"}],\"name\":\"Paketo Buildpack for Spring Boot\",\"sbom-formats\":[\"application/vnd.cyclonedx+json\",\"application/vnd.syft+json\"],\"version\":\"5.30.0\"},\"helperNames\":[\"spring-cloud-bindings\"]},\"build\":false,\"launch\":true,\"cache\":false},\"spring-cloud-bindings\":{\"sha\":\"sha256:585d8b141d7aa07eecde5a1bae075c7898ab5809a215d66f160d3dfd46eaf577\",\"data\":{\"cpes\":[\"cpe:2.3:a:vmware:spring_cloud_bindings:1.13.0:*:*:*:*:*:*:*\"],\"deprecation_date\":\"0001-01-01T00:00:00Z\",\"id\":\"spring-cloud-bindings\",\"licenses\":[{\"type\":\"Apache-2.0\",\"uri\":\"https://github.com/spring-cloud/spring-cloud-bindings/blob/main/LICENSE\"}],\"name\":\"Spring Cloud Bindings\",\"purl\":\"pkg:generic/springframework/spring-cloud-bindings@1.13.0\",\"sha256\":\"70a448cd45d1dbc117770f934961cd9577c0c4404d34986824f8f593cae4aada\",\"stacks\":[\"io.buildpacks.stacks.bionic\",\"io.paketo.stacks.tiny\",\"*\"],\"uri\":\"https://repo1.maven.org/maven2/org/springframework/cloud/spring-cloud-bindings/1.13.0/spring-cloud-bindings-1.13.0.jar\",\"version\":\"1.13.0\"},\"build\":false,\"launch\":true,\"cache\":true},\"web-application-type\":{\"sha\":\"sha256:366ce7d1a7f90f2e4ad08752f87510eee3ffca18736fa63c03823c8c4ebf2925\",\"data\":{\"files\":\"9049141f9fc7c004a6713c38fff13df6cc7bed676f0ad7e0f4d09a6c0ecc943f\"},\"build\":false,\"launch\":true,\"cache\":false}}}],\"config\":{\"sha\":\"sha256:e4ba8bce7d84bac47897b900a313be2d9e71bb5cbcc593ac71306516183746d5\"},\"launcher\":{\"sha\":\"sha256:d1c9d29a297226c0b1a8d289ce772ddaf041038541594f859e0a923ffe39490b\"},\"process-types\":{\"sha\":\"sha256:1dc94a70dbaa2171fb086500a5d27797f779219b126b0a1eebb9180c2792e80e\"},\"runImage\":{\"topLayer\":\"sha256:342db6440d60f10f949cddaf245280eb06b516b7d79d499c3b5cb73b30cf3e89\",\"reference\":\"6db52cd793d14a0b20faff217a15883b2b4f21d1b129ed362910150ae2b5b314\"},\"stack\":{\"runImage\":{\"image\":\"index.docker.io/paketobuildpacks/run-jammy-base:latest\"}}}","io.buildpacks.project.metadata":"{}","io.buildpacks.stack.description":"ubuntu:jammy with some common dependencies like tzdata and openssl","io.buildpacks.stack.distro.name":"ubuntu","io.buildpacks.stack.distro.version":"22.04","io.buildpacks.stack.homepage":"https://github.com/paketo-buildpacks/jammy-base-stack","io.buildpacks.stack.id":"io.buildpacks.stacks.jammy","io.buildpacks.stack.maintainer":"Paketo Buildpacks","io.buildpacks.stack.metadata":"{}","io.buildpacks.stack.released":"2024-05-14T14:29:02Z","org.opencontainers.image.ref.name":"ubuntu","org.opencontainers.image.version":"22.04","org.springframework.boot.version":"2.7.18"},"ParentId":"","RepoDigests":["<none>@<none>"],"RepoTags":["<none>:<none>"],"SharedSize":-1,"Size":333008426,"VirtualSize":333008426},{"Containers":-1,"Created":315532801,"Id":"sha256:7bc00cc737b618d0c8d8665a2c291ee5ba2620fe51bede5ebd96839a364da44d","Labels":{"io.buildpacks.build.metadata":"{\"buildpacks\":[{\"id\":\"paketo-buildpacks/ca-certificates\",\"version\":\"3.8.0\",\"homepage\":\"https://github.com/paketo-buildpacks/ca-certificates\"},{\"id\":\"paketo-buildpacks/bellsoft-liberica\",\"version\":\"10.8.0\",\"homepage\":\"https://github.com/paketo-buildpacks/bellsoft-liberica\"},{\"id\":\"paketo-buildpacks/syft\",\"version\":\"1.47.0\",\"homepage\":\"https://github.com/paketo-buildpacks/syft\"},{\"id\":\"paketo-buildpacks/executable-jar\",\"version\":\"6.10.0\",\"homepage\":\"https://github.com/paketo-buildpacks/executable-jar\"},{\"id\":\"paketo-buildpacks/dist-zip\",\"version\":\"5.8.0\",\"homepage\":\"https://github.com/paketo-buildpacks/dist-zip\"},{\"id\":\"paketo-buildpacks/spring-boot\",\"version\":\"5.30.0\",\"homepage\":\"https://github.com/paketo-buildpacks/spring-boot\"}],\"launcher\":{\"version\":\"0.19.6\",\"source\":{\"git\":{\"repository\":\"github.com/buildpacks/lifecycle\",\"commit\":\"73f6927a\"}}},\"processes\":[{\"type\":\"executable-jar\",\"command\":\"java\",\"args\":[\"org.springframework.boot.loader.JarLauncher\"],\"direct\":true,\"buildpackID\":\"paketo-buildpacks/executable-jar\"},{\"type\":\"task\",\"command\":\"java\",\"args\":[\"org.springframework.boot.loader.JarLauncher\"],\"direct\":true,\"buildpackID\":\"paketo-buildpacks/executable-jar\"},{\"type\":\"web\",\"command\":\"java\",\"args\":[\"org.springframework.boot.loader.JarLauncher\"],\"direct\":true,\"buildpackID\":\"paketo-buildpacks/executable-jar\"}],\"buildpack-default-process-type\":\"web\"}","io.buildpacks.lifecycle.metadata":"{\"app\":[{\"sha\":\"sha256:b59d9507b93119628dcf93b315ccec44b303f15b2d38f6ba79fcc12a7642410d\"},{\"sha\":\"sha256:ab99df5db2b97d32fa490bf9196b11e367a7f722f7df9f914fbfe4914305e43e\"},{\"sha\":\"sha256:5f70bf18a086007016e948b04aed3b82103a36bea41755b6cddfaf10ace3c6ef\"},{\"sha\":\"sha256:23499063bb9921a7c98749f7f3def2f06cff564a2a5256adc47741563a57a732\"},{\"sha\":\"sha256:5f70bf18a086007016e948b04aed3b82103a36bea41755b6cddfaf10ace3c6ef\"}],\"sbom\":{\"sha\":\"sha256:45af75fdf9d66ce085297ac2347f5669cdd2743a044b076926f0d23826f57a17\"},\"buildpacks\":[{\"key\":\"paketo-buildpacks/ca-certificates\",\"version\":\"3.8.0\",\"layers\":{\"helper\":{\"sha\":\"sha256:a2edd8abc0db9ce8db94258c1d3f914f2241a303812236d03e067c676558494d\",\"data\":{\"buildpackInfo\":{\"clear-env\":false,\"description\":\"A Cloud Native Buildpack that adds custom CA certificates to a build and a created image\",\"homepage\":\"https://github.com/paketo-buildpacks/ca-certificates\",\"id\":\"paketo-buildpacks/ca-certificates\",\"keywords\":[\"ca-certificates\",\"trust\",\"certificates\"],\"licenses\":[{\"type\":\"Apache-2.0\",\"uri\":\"https://github.com/paketo-buildpacks/ca-certificates/blob/main/LICENSE\"}],\"name\":\"Paketo Buildpack for CA Certificates\",\"sbom-formats\":[\"application/vnd.cyclonedx+json\",\"application/vnd.syft+json\"],\"version\":\"3.8.0\"},\"helperNames\":[\"ca-certificates-helper\"]},\"build\":false,\"launch\":true,\"cache\":false}}},{\"key\":\"paketo-buildpacks/bellsoft-liberica\",\"version\":\"10.8.0\",\"layers\":{\"helper\":{\"sha\":\"sha256:87f6825285f182b9f8635f94aa9f4c353a1f4e91fe61be85297ea244f36e31e7\",\"data\":{\"buildpackInfo\":{\"clear-env\":false,\"description\":\"A Cloud Native Buildpack that provides the Bellsoft Liberica implementations of JREs and JDKs\",\"homepage\":\"https://github.com/paketo-buildpacks/bellsoft-liberica\",\"id\":\"paketo-buildpacks/bellsoft-liberica\",\"keywords\":[\"java\",\"jvm\",\"jre\",\"jdk\"],\"licenses\":[{\"type\":\"Apache-2.0\",\"uri\":\"https://github.com/paketo-buildpacks/bellsoft-liberica/blob/main/LICENSE\"}],\"name\":\"Paketo Buildpack for BellSoft Liberica\",\"sbom"
21:45:35.336 [Test worker] DEBUG com.github.dockerjava.zerodep.shaded.org.apache.hc.client5.http.wire - http-outgoing-0 << "-formats\":[\"application/vnd.syft+json\",\"application/vnd.cyclonedx+json\"],\"version\":\"10.8.0\"},\"helperNames\":[\"java-opts\",\"jvm-heap\",\"link-local-dns\",\"memory-calculator\",\"security-providers-configurer\",\"jmx\",\"jfr\",\"openssl-certificate-loader\",\"security-providers-classpath-9\",\"debug-9\",\"nmt\"]},\"build\":false,\"launch\":true,\"cache\":false},\"java-security-properties\":{\"sha\":\"sha256:bea0a3dc2651cac7c9c567a5cb4e7536107b357cb9113e8806f690f050500012\",\"data\":{\"clear-env\":false,\"description\":\"A Cloud Native Buildpack that provides the Bellsoft Liberica implementations of JREs and JDKs\",\"homepage\":\"https://github.com/paketo-buildpacks/bellsoft-liberica\",\"id\":\"paketo-buildpacks/bellsoft-liberica\",\"keywords\":[\"java\",\"jvm\",\"jre\",\"jdk\"],\"licenses\":[{\"type\":\"Apache-2.0\",\"uri\":\"https://github.com/paketo-buildpacks/bellsoft-liberica/blob/main/LICENSE\"}],\"name\":\"Paketo Buildpack for BellSoft Liberica\",\"sbom-formats\":[\"application/vnd.syft+json\",\"application/vnd.cyclonedx+json\"],\"version\":\"10.8.0\"},\"build\":false,\"launch\":true,\"cache\":false},\"jre\":{\"sha\":\"sha256:5bc94934a9b93eafe3c55b5079cd449ddbd1305f1ef814ca74bb908b22a08401\",\"data\":{\"cert-file\":\"82f3a63130e0b47915659d619f177c8157c2bbb29dbf0f58ad2721ff84fb1190\",\"dependency\":{\"cpes\":[\"cpe:2.3:a:oracle:jre:17.0.11:*:*:*:*:*:*:*\"],\"deprecation_date\":\"0001-01-01T00:00:00Z\",\"id\":\"jre\",\"licenses\":[{\"type\":\"GPL-2.0 WITH Classpath-exception-2.0\",\"uri\":\"https://openjdk.java.net/legal/gplv2+ce.html\"}],\"name\":\"BellSoft Liberica JRE\",\"purl\":\"pkg:generic/bellsoft-jre@17.0.11?arch=amd64\",\"sha256\":\"fd331d4c4c769c1a2aef1191733f0298932772b860ccb8b5b1a99cd37594a48f\",\"stacks\":[\"*\"],\"uri\":\"https://github.com/bell-sw/Liberica/releases/download/17.0.11+12/bellsoft-jre17.0.11+12-linux-amd64.tar.gz\",\"version\":\"17.0.11\"}},\"build\":false,\"launch\":true,\"cache\":false}}},{\"key\":\"paketo-buildpacks/syft\",\"version\":\"1.47.0\",\"layers\":{}},{\"key\":\"paketo-buildpacks/executable-jar\",\"version\":\"6.10.0\",\"layers\":{\"classpath\":{\"sha\":\"sha256:417e5bfc3c82b9373cf6804206e071d2fc74560df867d0f39cb21ac3d15231b6\",\"data\":{\"classpath\":[\"/workspace\"],\"launch\":true},\"build\":true,\"launch\":true,\"cache\":false}}},{\"key\":\"paketo-buildpacks/dist-zip\",\"version\":\"5.8.0\",\"layers\":{}},{\"key\":\"paketo-buildpacks/spring-boot\",\"version\":\"5.30.0\",\"layers\":{\"helper\":{\"sha\":\"sha256:09558415beb4148268e735cc2dd3105a88e9c7f1cddfa529a2d74a3cfc21fa9d\",\"data\":{\"buildpackInfo\":{\"clear-env\":false,\"description\":\"A Cloud Native Buildpack that contributes Spring Boot dependency information and slices an application into multiple layers\",\"homepage\":\"https://github.com/paketo-buildpacks/spring-boot\",\"id\":\"paketo-buildpacks/spring-boot\",\"keywords\":[\"java\",\"spring\",\"spring-boot\"],\"licenses\":[{\"type\":\"Apache-2.0\",\"uri\":\"https://github.com/paketo-buildpacks/spring-boot/blob/main/LICENSE\"}],\"name\":\"Paketo Buildpack for Spring Boot\",\"sbom-formats\":[\"application/vnd.cyclonedx+json\",\"application/vnd.syft+json\"],\"version\":\"5.30.0\"},\"helperNames\":[\"spring-cloud-bindings\"]},\"build\":false,\"launch\":true,\"cache\":false},\"spring-cloud-bindings\":{\"sha\":\"sha256:585d8b141d7aa07eecde5a1bae075c7898ab5809a215d66f160d3dfd46eaf577\",\"data\":{\"cpes\":[\"cpe:2.3:a:vmware:spring_cloud_bindings:1.13.0:*:*:*:*:*:*:*\"],\"deprecation_date\":\"0001-01-01T00:00:00Z\",\"id\":\"spring-cloud-bindings\",\"licenses\":[{\"type\":\"Apache-2.0\",\"uri\":\"https://github.com/spring-cloud/spring-cloud-bindings/blob/main/LICENSE\"}],\"name\":\"Spring Cloud Bindings\",\"purl\":\"pkg:generic/springframework/spring-cloud-bindings@1.13.0\",\"sha256\":\"70a448cd45d1dbc117770f934961cd9577c0c4404d34986824f8f593cae4aada\",\"stacks\":[\"io.buildpacks.stacks.bionic\",\"io.paketo.stacks.tiny\",\"*\"],\"uri\":\"https://repo1.maven.org/maven2/org/springframework/cloud/spring-cloud-bindings/1.13.0/spring-cloud-bindings-1.13.0.jar\",\"version\":\"1.13.0\"},\"build\":false,\"launch\":true,\"cache\":true},\"web-application-type\":{\"sha\":\"sha256:366ce7d1a7f90f2e4ad08752f87510eee3ffca18736fa63c03823c8c4ebf2925\",\"data\":{\"files\":\"17bf8d201efe0a7d4159ac43e1c68e044c2fc2091c5d75992396876e59a38ef9\"},\"build\":false,\"launch\":true,\"cache\":false}}}],\"config\":{\"sha\":\"sha256:e4ba8bce7d84bac47897b900a313be2d9e71bb5cbcc593ac71306516183746d5\"},\"launcher\":{\"sha\":\"sha256:d1c9d29a297226c0b1a8d289ce772ddaf041038541594f859e0a923ffe39490b\"},\"process-types\":{\"sha\":\"sha256:1dc94a70dbaa2171fb086500a5d27797f779219b126b0a1eebb9180c2792e80e\"},\"runImage\":{\"topLayer\":\"sha256:342db6440d60f10f949cddaf245280eb06b516b7d79d499c3b5cb73b30cf3e89\",\"reference\":\"6db52cd793d14a0b20faff217a15883b2b4f21d1b129ed362910150ae2b5b314\"},\"stack\":{\"runImage\":{\"image\":\"index.docker.io/paketobuildpacks/run-jammy-base:latest\"}}}","io.buildpacks.project.metadata":"{}","io.buildpacks.stack.description":"ubuntu:jammy with some common dependencies like tzdata and openssl","io.buildpacks.stack.distro.name":"ubuntu","io.buildpacks.stack.distro.version":"22.04","io.buildpacks.stack.homepage":"https://github.com/paketo-buildpacks/jammy-base-stack","io.buildpacks.stack.id":"io.buildpacks.stacks.jammy","io.buildpacks.stack.maintainer":"Paketo Buildpacks","io.buildpacks.stack.metadata":"{}","io.buildpacks.stack.released":"2024-05-14T14:29:02Z","org.opencontainers.image.ref.name":"ubuntu","org.opencontainers.image.version":"22.04","org.springframework.boot.version":"2.7.18"},"ParentId":"","RepoDigests":["<none>@<none>"],"RepoTags":["<none>:<none>"],"SharedSize":-1,"Size":333008497,"VirtualSize":333008497},{"Containers":-1,"Created":315532801,"Id":"sha256:37995cfb60a8f99be238266f26187167005315321286816ae98beb92bbc37043","Labels":{"io.buildpacks.build.metadata":"{\"buildpacks\":[{\"id\":\"paketo-buildpacks/ca-certificates\",\"version\":\"3.8.0\",\"homepage\":\"https://github.com/paketo-buildpacks/ca-certificates\"},{\"id\":\"paketo-buildpacks/bellsoft-liberica\",\"version\":\"10.8.0\",\"homepage\":\"https://github.com/paketo-buildpacks/bellsoft-liberica\"},{\"id\":\"paketo-buildpacks/syft\",\"version\":\"1.47.0\",\"homepage\":\"https://github.com/paketo-buildpacks/syft\"},{\"id\":\"paketo-buildpacks/executable-jar\",\"version\":\"6.10.0\",\"homepage\":\"https://github.com/paketo-buildpacks/executable-jar\"},{\"id\":\"paketo-buildpacks/dist-zip\",\"version\":\"5.8.0\",\"homepage\":\"https://github.com/paketo-buildpacks/dist-zip\"},{\"id\":\"paketo-buildpacks/spring-boot\",\"version\":\"5.30.0\",\"homepage\":\"https://github.com/paketo-buildpacks/spring-boot\"}],\"launcher\":{\"version\":\"0.19.6\",\"source\":{\"git\":{\"repository\":\"github.com/buildpacks/lifecycle\",\"commit\":\"73f6927a\"}}},\"processes\":[{\"type\":\"executable-jar\",\"command\":\"java\",\"args\":[\"org.springframework.boot.loader.JarLauncher\"],\"direct\":true,\"buildpackID\":\"paketo-buildpacks/executable-jar\"},{\"type\":\"task\",\"command\":\"java\",\"args\":[\"org.springframework.boot.loader.JarLauncher\"],\"direct\":true,\"buildpackID\":\"paketo-buildpacks/executable-jar\"},{\"type\":\"web\",\"command\":\"java\",\"args\":[\"org.springframework.boot.loader.JarLauncher\"],\"direct\":true,\"buildpackID\":\"paketo-buildpacks/executable-jar\"}],\"buildpack-default-process-type\":\"web\"}","io.buildpacks.lifecycle.metadata":"{\"app\":[{\"sha\":\"sha256:b59d9507b93119628dcf93b315ccec44b303f15b2d38f6ba79fcc12a7642410d\"},{\"sha\":\"sha256:ab99df5db2b97d32fa490bf9196b11e367a7f722f7df9f914fbfe4914305e43e\"},{\"sha\":\"sha256:5f70bf18a086007016e948b04aed3b82103a36bea41755b6cddfaf10ace3c6ef\"},{\"sha\":\"sha256:23499063bb9921a7c98749f7f3def2f06cff564a2a5256adc47741563a57a732\"},{\"sha\":\"sha256:5f70bf18a086007016e948b04aed3b82103a36bea41755b6cddfaf10ace3c6ef\"}],\"sbom\":{\"sha\":\"sha256:45af75fdf9d66ce085297ac2347f5669"
21:45:35.339 [Test worker] DEBUG com.github.dockerjava.zerodep.shaded.org.apache.hc.client5.http.wire - http-outgoing-0 << "cdd2743a044b076926f0d23826f57a17\"},\"buildpacks\":[{\"key\":\"paketo-buildpacks/ca-certificates\",\"version\":\"3.8.0\",\"layers\":{\"helper\":{\"sha\":\"sha256:a2edd8abc0db9ce8db94258c1d3f914f2241a303812236d03e067c676558494d\",\"data\":{\"buildpackInfo\":{\"clear-env\":false,\"description\":\"A Cloud Native Buildpack that adds custom CA certificates to a build and a created image\",\"homepage\":\"https://github.com/paketo-buildpacks/ca-certificates\",\"id\":\"paketo-buildpacks/ca-certificates\",\"keywords\":[\"ca-certificates\",\"trust\",\"certificates\"],\"licenses\":[{\"type\":\"Apache-2.0\",\"uri\":\"https://github.com/paketo-buildpacks/ca-certificates/blob/main/LICENSE\"}],\"name\":\"Paketo Buildpack for CA Certificates\",\"sbom-formats\":[\"application/vnd.cyclonedx+json\",\"application/vnd.syft+json\"],\"version\":\"3.8.0\"},\"helperNames\":[\"ca-certificates-helper\"]},\"build\":false,\"launch\":true,\"cache\":false}}},{\"key\":\"paketo-buildpacks/bellsoft-liberica\",\"version\":\"10.8.0\",\"layers\":{\"helper\":{\"sha\":\"sha256:87f6825285f182b9f8635f94aa9f4c353a1f4e91fe61be85297ea244f36e31e7\",\"data\":{\"buildpackInfo\":{\"clear-env\":false,\"description\":\"A Cloud Native Buildpack that provides the Bellsoft Liberica implementations of JREs and JDKs\",\"homepage\":\"https://github.com/paketo-buildpacks/bellsoft-liberica\",\"id\":\"paketo-buildpacks/bellsoft-liberica\",\"keywords\":[\"java\",\"jvm\",\"jre\",\"jdk\"],\"licenses\":[{\"type\":\"Apache-2.0\",\"uri\":\"https://github.com/paketo-buildpacks/bellsoft-liberica/blob/main/LICENSE\"}],\"name\":\"Paketo Buildpack for BellSoft Liberica\",\"sbom-formats\":[\"application/vnd.syft+json\",\"application/vnd.cyclonedx+json\"],\"version\":\"10.8.0\"},\"helperNames\":[\"java-opts\",\"jvm-heap\",\"link-local-dns\",\"memory-calculator\",\"security-providers-configurer\",\"jmx\",\"jfr\",\"openssl-certificate-loader\",\"security-providers-classpath-9\",\"debug-9\",\"nmt\"]},\"build\":false,\"launch\":true,\"cache\":false},\"java-security-properties\":{\"sha\":\"sha256:bea0a3dc2651cac7c9c567a5cb4e7536107b357cb9113e8806f690f050500012\",\"data\":{\"clear-env\":false,\"description\":\"A Cloud Native Buildpack that provides the Bellsoft Liberica implementations of JREs and JDKs\",\"homepage\":\"https://github.com/paketo-buildpacks/bellsoft-liber"
21:45:35.340 [Test worker] DEBUG com.github.dockerjava.zerodep.shaded.org.apache.hc.client5.http.wire - http-outgoing-0 << "[\r][\n]"
21:45:35.340 [Test worker] DEBUG com.github.dockerjava.zerodep.shaded.org.apache.hc.client5.http.wire - http-outgoing-0 << "8000[\r][\n]"
21:45:35.341 [Test worker] DEBUG com.github.dockerjava.zerodep.shaded.org.apache.hc.client5.http.wire - http-outgoing-0 << "ica\",\"id\":\"paketo-buildpacks/bellsoft-liberica\",\"keywords\":[\"java\",\"jvm\",\"jre\",\"jdk\"],\"licenses\":[{\"type\":\"Apache-2.0\",\"uri\":\"https://github.com/paketo-buildpacks/bellsoft-liberica/blob/main/LICENSE\"}],\"name\":\"Paketo Buildpack for BellSoft Liberica\",\"sbom-formats\":[\"application/vnd.syft+json\",\"application/vnd.cyclonedx+json\"],\"version\":\"10.8.0\"},\"build\":false,\"launch\":true,\"cache\":false},\"jre\":{\"sha\":\"sha256:5bc94934a9b93eafe3c55b5079cd449ddbd1305f1ef814ca74bb908b22a08401\",\"data\":{\"cert-file\":\"82f3a63130e0b47915659d619f177c8157c2bbb29dbf0f58ad2721ff84fb1190\",\"dependency\":{\"cpes\":[\"cpe:2.3:a:oracle:jre:17.0.11:*:*:*:*:*:*:*\"],\"deprecation_date\":\"0001-01-01T00:00:00Z\",\"id\":\"jre\",\"licenses\":[{\"type\":\"GPL-2.0 WITH Classpath-exception-2.0\",\"uri\":\"https://openjdk.java.net/legal/gplv2+ce.html\"}],\"name\":\"BellSoft Liberica JRE\",\"purl\":\"pkg:generic/bellsoft-jre@17.0.11?arch=amd64\",\"sha256\":\"fd331d4c4c769c1a2aef1191733f0298932772b860ccb8b5b1a99cd37594a48f\",\"stacks\":[\"*\"],\"uri\":\"https://github.com/bell-sw/Liberica/releases/download/17.0.11+12/bellsoft-jre17.0.11+12-linux-amd64.tar.gz\",\"version\":\"17.0.11\"}},\"build\":false,\"launch\":true,\"cache\":false}}},{\"key\":\"paketo-buildpacks/syft\",\"version\":\"1.47.0\",\"layers\":{}},{\"key\":\"paketo-buildpacks/executable-jar\",\"version\":\"6.10.0\",\"layers\":{\"classpath\":{\"sha\":\"sha256:417e5bfc3c82b9373cf6804206e071d2fc74560df867d0f39cb21ac3d15231b6\",\"data\":{\"classpath\":[\"/workspace\"],\"launch\":true},\"build\":true,\"launch\":true,\"cache\":false}}},{\"key\":\"paketo-buildpacks/dist-zip\",\"version\":\"5.8.0\",\"layers\":{}},{\"key\":\"paketo-buildpacks/spring-boot\",\"version\":\"5.30.0\",\"layers\":{\"helper\":{\"sha\":\"sha256:09558415beb4148268e735cc2dd3105a88e9c7f1cddfa529a2d74a3cfc21fa9d\",\"data\":{\"buildpackInfo\":{\"clear-env\":false,\"description\":\"A Cloud Native Buildpack that contributes Spring Boot dependency information and slices an application into multiple layers\",\"homepage\":\"https://github.com/paketo-buildpacks/spring-boot\",\"id\":\"paketo-buildpacks/spring-boot\",\"keywords\":[\"java\",\"spring\",\"spring-boot\"],\"licenses\":[{\"type\":\"Apache-2.0\",\"uri\":\"https://github.com/paketo-buildpacks/spring-boot/blob/main/LICENSE\"}],\"name\":\"Paketo Buildpack for Spring Boot\",\"sbom-formats\":[\"application/vnd.cyclonedx+json\",\"application/vnd.syft+json\"],\"version\":\"5.30.0\"},\"helperNames\":[\"spring-cloud-bindings\"]},\"build\":false,\"launch\":true,\"cache\":false},\"spring-cloud-bindings\":{\"sha\":\"sha256:585d8b141d7aa07eecde5a1bae075c7898ab5809a215d66f160d3dfd46eaf577\",\"data\":{\"cpes\":[\"cpe:2.3:a:vmware:spring_cloud_bindings:1.13.0:*:*:*:*:*:*:*\"],\"deprecation_date\":\"0001-01-01T00:00:00Z\",\"id\":\"spring-cloud-bindings\",\"licenses\":[{\"type\":\"Apache-2.0\",\"uri\":\"https://github.com/spring-cloud/spring-cloud-bindings/blob/main/LICENSE\"}],\"name\":\"Spring Cloud Bindings\",\"purl\":\"pkg:generic/springframework/spring-cloud-bindings@1.13.0\",\"sha256\":\"70a448cd45d1dbc117770f934961cd9577c0c4404d34986824f8f593cae4aada\",\"stacks\":[\"io.buildpacks.stacks.bionic\",\"io.paketo.stacks.tiny\",\"*\"],\"uri\":\"https://repo1.maven.org/maven2/org/springframework/cloud/spring-cloud-bindings/1.13.0/spring-cloud-bindings-1.13.0.jar\",\"version\":\"1.13.0\"},\"build\":false,\"launch\":true,\"cache\":true},\"web-application-type\":{\"sha\":\"sha256:366ce7d1a7f90f2e4ad08752f87510eee3ffca18736fa63c03823c8c4ebf2925\",\"data\":{\"files\":\"17bf8d201efe0a7d4159ac43e1c68e044c2fc2091c5d75992396876e59a38ef9\"},\"build\":false,\"launch\":true,\"cache\":false}}}],\"config\":{\"sha\":\"sha256:e4ba8bce7d84bac47897b900a313be2d9e71bb5cbcc593ac71306516183746d5\"},\"launcher\":{\"sha\":\"sha256:d1c9d29a297226c0b1a8d289ce772ddaf041038541594f859e0a923ffe39490b\"},\"process-types\":{\"sha\":\"sha256:1dc94a70dbaa2171fb086500a5d27797f779219b126b0a1eebb9180c2792e80e\"},\"runImage\":{\"topLayer\":\"sha256:d7b27151cdc0f128b16f23476b96d4cf00a613af279365c054a365420f0ae862\",\"reference\":\"bf4e5592fd5dfb695fc2de4656a0e05fd3663f627991521678fd6a850b293006\"},\"stack\":{\"runImage\":{\"image\":\"index.docker.io/paketobuildpacks/run-jammy-base:latest\"}}}","io.buildpacks.project.metadata":"{}","io.buildpacks.stack.description":"ubuntu:jammy with some common dependencies like tzdata and openssl","io.buildpacks.stack.distro.name":"ubuntu","io.buildpacks.stack.distro.version":"22.04","io.buildpacks.stack.homepage":"https://github.com/paketo-buildpacks/jammy-base-stack","io.buildpacks.stack.id":"io.buildpacks.stacks.jammy","io.buildpacks.stack.maintainer":"Paketo Buildpacks","io.buildpacks.stack.metadata":"{}","io.buildpacks.stack.released":"2024-05-29T02:44:17Z","org.opencontainers.image.ref.name":"ubuntu","org.opencontainers.image.version":"22.04","org.springframework.boot.version":"2.7.18"},"ParentId":"","RepoDigests":null,"RepoTags":["catalog-service:latest"],"SharedSize":-1,"Size":333008493,"VirtualSize":333008493},{"Containers":-1,"Created":315532801,"Id":"sha256:5f82328f53adabb3d238962469ef4dad0e2eeff5e81671a79de49516998a79c7","Labels":{"io.buildpacks.build.metadata":"{\"buildpacks\":[{\"id\":\"paketo-buildpacks/ca-certificates\",\"version\":\"3.8.0\",\"homepage\":\"https://github.com/paketo-buildpacks/ca-certificates\"},{\"id\":\"paketo-buildpacks/bellsoft-liberica\",\"version\":\"10.8.0\",\"homepage\":\"https://github.com/paketo-buildpacks/bellsoft-liberica\"},{\"id\":\"paketo-buildpacks/syft\",\"version\":\"1.47.0\",\"homepage\":\"https://github.com/paketo-buildpacks/syft\"},{\"id\":\"paketo-buildpacks/executable-jar\",\"version\":\"6.10.0\",\"homepage\":\"https://github.com/paketo-buildpacks/executable-jar\"},{\"id\":\"paketo-buildpacks/dist-zip\",\"version\":\"5.8.0\",\"homepage\":\"https://github.com/paketo-buildpacks/dist-zip\"},{\"id\":\"paketo-buildpacks/spring-boot\",\"version\":\"5.30.0\",\"homepage\":\"https://github.com/paketo-buildpacks/spring-boot\"}],\"launcher\":{\"version\":\"0.19.6\",\"source\":{\"git\":{\"repository\":\"github.com/buildpacks/lifecycle\",\"commit\":\"73f6927a\"}}},\"processes\":[{\"type\":\"executable-jar\",\"command\":\"java\",\"args\":[\"org.springframework.boot.loader.JarLauncher\"],\"direct\":true,\"buildpackID\":\"paketo-buildpacks/executable-jar\"},{\"type\":\"task\",\"command\":\"java\",\"args\":[\"org.springframework.boot.loader.JarLauncher\"],\"direct\":true,\"buildpackID\":\"paketo-buildpacks/executable-jar\"},{\"type\":\"web\",\"command\":\"java\",\"args\":[\"org.springframework.boot.loader.JarLauncher\"],\"direct\":true,\"buildpackID\":\"paketo-buildpacks/executable-jar\"}],\"buildpack-default-process-type\":\"web\"}","io.buildpacks.lifecycle.metadata":"{\"app\":[{\"sha\":\"sha256:b59d9507b93119628dcf93b315ccec44b303f15b2d38f6ba79fcc12a7642410d\"},{\"sha\":\"sha256:ab99df5db2b97d32fa490bf9196b11e367a7f722f7df9f914fbfe4914305e43e\"},{\"sha\":\"sha256:5f70bf18a086007016e948b04aed3b82103a36bea41755b6cddfaf10ace3c6ef\"},{\"sha\":\"sha256:9e0351bb8cf0342145319e8756b95da4af7fdeaa16242fadbd8be0dcd1c3184a\"},{\"sha\":\"sha256:5f70bf18a086007016e948b04aed3b82103a36bea41755b6cddfaf10ace3c6ef\"}],\"sbom\":{\"sha\":\"sha256:45af75fdf9d66ce085297ac2347f5669cdd2743a044b076926f0d23826f57a17\"},\"buildpacks\":[{\"key\":\"paketo-buildpacks/ca-certificates\",\"version\":\"3.8.0\",\"layers\":{\"helper\":{\"sha\":\"sha256:a2edd8abc0db9ce8db94258c1d3f914f2241a303812236d03e067c676558494d\",\"data\":{\"buildpackInfo\":{\"clear-env\":false,\"description\":\"A Cloud Native Buildpack that adds custom CA certificates to a build and a created image\",\"homepage\":\"https://github.com/paketo-buildpacks/ca-certificates\",\"id\":\"paketo-buildpacks/ca-certificates\",\"keywords\":[\"ca-certificates\",\"trust\",\"certificates\"],\"licenses\":[{\"type\":\"Apache-2.0\",\"uri\":\"https://github.com/paketo-buildpacks/ca-certificates/blob/main/LICENSE\"}],\"name\":\"Paketo Buildpack for CA Certificates\",\"sbom-formats\":[\"application/vnd.cyclonedx+json\",\"application/vnd.syft+json\"],\"version\":\"3.8.0\"},\"helperNames\":[\"ca-certificates-helper"
21:45:35.343 [Test worker] DEBUG com.github.dockerjava.zerodep.shaded.org.apache.hc.client5.http.wire - http-outgoing-0 << "\"]},\"build\":false,\"launch\":true,\"cache\":false}}},{\"key\":\"paketo-buildpacks/bellsoft-liberica\",\"version\":\"10.8.0\",\"layers\":{\"helper\":{\"sha\":\"sha256:87f6825285f182b9f8635f94aa9f4c353a1f4e91fe61be85297ea244f36e31e7\",\"data\":{\"buildpackInfo\":{\"clear-env\":false,\"description\":\"A Cloud Native Buildpack that provides the Bellsoft Liberica implementations of JREs and JDKs\",\"homepage\":\"https://github.com/paketo-buildpacks/bellsoft-liberica\",\"id\":\"paketo-buildpacks/bellsoft-liberica\",\"keywords\":[\"java\",\"jvm\",\"jre\",\"jdk\"],\"licenses\":[{\"type\":\"Apache-2.0\",\"uri\":\"https://github.com/paketo-buildpacks/bellsoft-liberica/blob/main/LICENSE\"}],\"name\":\"Paketo Buildpack for BellSoft Liberica\",\"sbom-formats\":[\"application/vnd.syft+json\",\"application/vnd.cyclonedx+json\"],\"version\":\"10.8.0\"},\"helperNames\":[\"java-opts\",\"jvm-heap\",\"link-local-dns\",\"memory-calculator\",\"security-providers-configurer\",\"jmx\",\"jfr\",\"openssl-certificate-loader\",\"security-providers-classpath-9\",\"debug-9\",\"nmt\"]},\"build\":false,\"launch\":true,\"cache\":false},\"java-security-properties\":{\"sha\":\"sha256:bea0a3dc2651cac7c9c567a5cb4e7536107b357cb9113e8806f690f050500012\",\"data\":{\"clear-env\":false,\"description\":\"A Cloud Native Buildpack that provides the Bellsoft Liberica implementations of JREs and JDKs\",\"homepage\":\"https://github.com/paketo-buildpacks/bellsoft-liberica\",\"id\":\"paketo-buildpacks/bellsoft-liberica\",\"keywords\":[\"java\",\"jvm\",\"jre\",\"jdk\"],\"licenses\":[{\"type\":\"Apache-2.0\",\"uri\":\"https://github.com/paketo-buildpacks/bellsoft-liberica/blob/main/LICENSE\"}],\"name\":\"Paketo Buildpack for BellSoft Liberica\",\"sbom-formats\":[\"application/vnd.syft+json\",\"application/vnd.cyclonedx+json\"],\"version\":\"10.8.0\"},\"build\":false,\"launch\":true,\"cache\":false},\"jre\":{\"sha\":\"sha256:5bc94934a9b93eafe3c55b5079cd449ddbd1305f1ef814ca74bb908b22a08401\",\"data\":{\"cert-file\":\"82f3a63130e0b47915659d619f177c8157c2bbb29dbf0f58ad2721ff84fb1190\",\"dependency\":{\"cpes\":[\"cpe:2.3:a:oracle:jre:17.0.11:*:*:*:*:*:*:*\"],\"deprecation_date\":\"0001-01-01T00:00:00Z\",\"id\":\"jre\",\"licenses\":[{\"type\":\"GPL-2.0 WITH Classpath-exception-2.0\",\"uri\":\"https://openjdk.java.net/legal/gplv2+ce.html\"}],\"name\":\"BellSoft Liberica JRE\",\"purl\":\"pkg:generic/bellsoft-jre@17.0.11?arch=amd64\",\"sha256\":\"fd331d4c4c769c1a2aef1191733f0298932772b860ccb8b5b1a99cd37594a48f\",\"stacks\":[\"*\"],\"uri\":\"https://github.com/bell-sw/Liberica/releases/download/17.0.11+12/bellsoft-jre17.0.11+12-linux-amd64.tar.gz\",\"version\":\"17.0.11\"}},\"build\":false,\"launch\":true,\"cache\":false}}},{\"key\":\"paketo-buildpacks/syft\",\"version\":\"1.47.0\",\"layers\":{}},{\"key\":\"paketo-buildpacks/executable-jar\",\"version\":\"6.10.0\",\"layers\":{\"classpath\":{\"sha\":\"sha256:417e5bfc3c82b9373cf6804206e071d2fc74560df867d0f39cb21ac3d15231b6\",\"data\":{\"classpath\":[\"/workspace\"],\"launch\":true},\"build\":true,\"launch\":true,\"cache\":false}}},{\"key\":\"paketo-buildpacks/dist-zip\",\"version\":\"5.8.0\",\"layers\":{}},{\"key\":\"paketo-buildpacks/spring-boot\",\"version\":\"5.30.0\",\"layers\":{\"helper\":{\"sha\":\"sha256:09558415beb4148268e735cc2dd3105a88e9c7f1cddfa529a2d74a3cfc21fa9d\",\"data\":{\"buildpackInfo\":{\"clear-env\":false,\"description\":\"A Cloud Native Buildpack that contributes Spring Boot dependency information and slices an application into multiple layers\",\"homepage\":\"https://github.com/paketo-buildpacks/spring-boot\",\"id\":\"paketo-buildpacks/spring-boot\",\"keywords\":[\"java\",\"spring\",\"spring-boot\"],\"licenses\":[{\"type\":\"Apache-2.0\",\"uri\":\"https://github.com/paketo-buildpacks/spring-boot/blob/main/LICENSE\"}],\"name\":\"Paketo Buildpack for Spring Boot\",\"sbom-formats\":[\"application/vnd.cyclonedx+json\",\"application/vnd.syft+json\"],\"version\":\"5.30.0\"},\"helperNames\":[\"spring-cloud-bindings\"]},\"build\":false,\"launch\":true,\"cache\":false},\"spring-cloud-bindings\":{\"sha\":\"sha256:585d8b141d7aa07eecde5a1bae075c7898ab5809a215d66f160d3dfd46eaf577\",\"data\":{\"cpes\":[\"cpe:2.3:a:vmware:spring_cloud_bindings:1.13.0:*:*:*:*:*:*:*\"],\"deprecation_date\":\"0001-01-01T00:00:00Z\",\"id\":\"spring-cloud-bindings\",\"licenses\":[{\"type\":\"Apache-2.0\",\"uri\":\"https://github.com/spring-cloud/spring-cloud-bindings/blob/main/LICENSE\"}],\"name\":\"Spring Cloud Bindings\",\"purl\":\"pkg:generic/springframework/spring-cloud-bindings@1.13.0\",\"sha256\":\"70a448cd45d1dbc117770f934961cd9577c0c4404d34986824f8f593cae4aada\",\"stacks\":[\"io.buildpacks.stacks.bionic\",\"io.paketo.stacks.tiny\",\"*\"],\"uri\":\"https://repo1.maven.org/maven2/org/springframework/cloud/spring-cloud-bindings/1.13.0/spring-cloud-bindings-1.13.0.jar\",\"version\":\"1.13.0\"},\"build\":false,\"launch\":true,\"cache\":true},\"web-application-type\":{\"sha\":\"sha256:366ce7d1a7f90f2e4ad08752f87510eee3ffca18736fa63c03823c8c4ebf2925\",\"data\":{\"files\":\"1bbbaa90dcf80c746ed3f4bf4cca9e3d58f474aca1abfa29aef0edb2b25e1a10\"},\"build\":false,\"launch\":true,\"cache\":false}}}],\"config\":{\"sha\":\"sha256:e4ba8bce7d84bac47897b900a313be2d9e71bb5cbcc593ac71306516183746d5\"},\"launcher\":{\"sha\":\"sha256:d1c9d29a297226c0b1a8d289ce772ddaf041038541594f859e0a923ffe39490b\"},\"process-types\":{\"sha\":\"sha256:1dc94a70dbaa2171fb086500a5d27797f779219b126b0a1eebb9180c2792e80e\"},\"runImage\":{\"topLayer\":\"sha256:342db6440d60f10f949cddaf245280eb06b516b7d79d499c3b5cb73b30cf3e89\",\"reference\":\"6db52cd793d14a0b20faff217a15883b2b4f21d1b129ed362910150ae2b5b314\"},\"stack\":{\"runImage\":{\"image\":\"index.docker.io/paketobuildpacks/run-jammy-base:latest\"}}}","io.buildpacks.project.metadata":"{}","io.buildpacks.stack.description":"ubuntu:jammy with some common dependencies like tzdata and openssl","io.buildpacks.stack.distro.name":"ubuntu","io.buildpacks.stack.distro.version":"22.04","io.buildpacks.stack.homepage":"https://github.com/paketo-buildpacks/jammy-base-stack","io.buildpacks.stack.id":"io.buildpacks.stacks.jammy","io.buildpacks.stack.maintainer":"Paketo Buildpacks","io.buildpacks.stack.metadata":"{}","io.buildpacks.stack.released":"2024-05-14T14:29:02Z","org.opencontainers.image.ref.name":"ubuntu","org.opencontainers.image.version":"22.04","org.springframework.boot.version":"2.7.18"},"ParentId":"","RepoDigests":["ghcr.io/danielkrokovsky/catalog-service@sha256:ff6d1e6c07bc35ce0b7a2de0655f733dc6bd61f3a8c9a8e362084769ac1a44e0"],"RepoTags":["ghcr.io/danielkrokovsky/catalog-service:latest"],"SharedSize":-1,"Size":333008432,"VirtualSize":333008432},{"Containers":-1,"Created":315532801,"Id":"sha256:f3b04cf00258a5754f84a58e164c86da5ee7b301f0e4f9797c039d733824f46c","Labels":{"io.buildpacks.build.metadata":"{\"buildpacks\":[{\"id\":\"paketo-buildpacks/ca-certificates\",\"version\":\"3.7.0\",\"homepage\":\"https://github.com/paketo-buildpacks/ca-certificates\"},{\"id\":\"paketo-buildpacks/bellsoft-liberica\",\"version\":\"10.7.2\",\"homepage\":\"https://github.com/paketo-buildpacks/bellsoft-liberica\"},{\"id\":\"paketo-buildpacks/syft\",\"version\":\"1.46.0\",\"homepage\":\"https://github.com/paketo-buildpacks/syft\"},{\"id\":\"paketo-buildpacks/executable-jar\",\"version\":\"6.9.0\",\"homepage\":\"https://github.com/paketo-buildpacks/executable-jar\"},{\"id\":\"paketo-buildpacks/dist-zip\",\"version\":\"5.7.0\",\"homepage\":\"https://github.com/paketo-buildpacks/dist-zip\"},{\"id\":\"paketo-buildpacks/spring-boot\",\"version\":\"5.29.1\",\"homepage\":\"https://github.com/paketo-buildpacks/spring-boot\"}],\"launcher\":{\"version\":\"0.19.6\",\"source\":{\"git\":{\"repository\":\"github.com/buildpacks/lifecycle\",\"commit\":\"73f6927a\"}}},\"processes\":[{\"type\":\"executable-jar\",\"command\":\"java\",\"args\":[\"org.springframework.boot.loader.JarLauncher\"],\"direct\":true,\"buildpackID\":\"paketo-buildpacks/executable-jar\"},{\"type\":\"task\",\"command\":\"java\""
21:45:35.345 [Test worker] DEBUG com.github.dockerjava.zerodep.shaded.org.apache.hc.client5.http.wire - http-outgoing-0 << ",\"args\":[\"org.springframework.boot.loader.JarLauncher\"],\"direct\":true,\"buildpackID\":\"paketo-buildpacks/executable-jar\"},{\"type\":\"web\",\"command\":\"java\",\"args\":[\"org.springframework.boot.loader.JarLauncher\"],\"direct\":true,\"buildpackID\":\"paketo-buildpacks/executable-jar\"}],\"buildpack-default-process-type\":\"web\"}","io.buildpacks.lifecycle.metadata":"{\"app\":[{\"sha\":\"sha256:6d101460d561d7c48d21eefc93963a3d286297908f379e652d0f295129aae12c\"},{\"sha\":\"sha256:ab99df5db2b97d32fa490bf9196b11e367a7f722f7df9f914fbfe4914305e43e\"},{\"sha\":\"sha256:5f70bf18a086007016e948b04aed3b82103a36bea41755b6cddfaf10ace3c6ef\"},{\"sha\":\"sha256:33bea3c0207f493a64fbebb7da6ce26479b58873351a061d2dfac7e211fb6854\"},{\"sha\":\"sha256:5f70bf18a086007016e948b04aed3b82103a36bea41755b6cddfaf10ace3c6ef\"}],\"sbom\":{\"sha\":\"sha256:364bebeb1f0dc019da2755b08e80ba1242f104aa23701130dc9dbb40742bddd2\"},\"buildpacks\":[{\"key\":\"paketo-buildpacks/ca-certificates\",\"version\":\"3.7.0\",\"layers\":{\"helper\":{\"sha\":\"sha256:859782fe454990c0066cfbc28c5e1703f2e9ebbccfa3a8a2fffa7e50c0e89b37\",\"data\":{\"buildpackInfo\":{\"clear-env\":false,\"description\":\"A Cloud Native Buildpack that adds custom CA certificates to a build and a created image\",\"homepage\":\"https://github.com/paketo-buildpacks/ca-certificates\",\"id\":\"paketo-buildpacks/ca-certificates\",\"keywords\":[\"ca-certificates\",\"trust\",\"certificates\"],\"licenses\":[{\"type\":\"Apache-2.0\",\"uri\":\"https://github.com/paketo-buildpacks/ca-certificates/blob/main/LICENSE\"}],\"name\":\"Paketo Buildpack for CA Certificates\",\"sbom-formats\":[\"application/vnd.cyclonedx+json\",\"application/vnd.syft+json\"],\"version\":\"3.7.0\"},\"helperNames\":[\"ca-certificates-helper\"]},\"build\":false,\"launch\":true,\"cache\":false}}},{\"key\":\"paketo-buildpacks/bellsoft-liberica\",\"version\":\"10.7.2\",\"layers\":{\"helper\":{\"sha\":\"sha256:be59fddf1145d1f5c6dd82c33ee5167496a3126bc624a9ceffb505c652d82e1d\",\"data\":{\"buildpackInfo\":{\"clear-env\":false,\"description\":\"A Cloud Native Buildpack that provides the Bellsoft Liberica implementations of JREs and JDKs\",\"homepage\":\"https://github.com/paketo-buildpacks/bellsoft-liberica\",\"id\":\"paketo-buildpacks/bellsoft-liberica\",\"keywords\":[\"java\",\"jvm\",\"jre\",\"jdk\"],\"licenses\":[{\"type\":\"Apache-2.0\",\"uri\":\"https://github.com/paketo-buildpacks/bellsoft-liberica/blob/main/LICENSE\"}],\"name\":\"Paketo Buildpack for BellSoft Liberica\",\"sbom-formats\":[\"application/vnd.syft+json\",\"application/vnd.cyclonedx+json\"],\"version\":\"10.7.2\"},\"helperNames\":[\"java-opts\",\"jvm-heap\",\"link-local-dns\",\"memory-calculator\",\"security-providers-configurer\",\"jmx\",\"jfr\",\"openssl-certificate-loader\",\"security-providers-classpath-9\",\"debug-9\",\"nmt\"]},\"build\":false,\"launch\":true,\"cache\":false},\"java-security-properties\":{\"sha\":\"sha256:bea0a3dc2651cac7c9c567a5cb4e7536107b357cb9113e8806f690f050500012\",\"data\":{\"clear-env\":false,\"description\":\"A Cloud Native Buildpack that provides the Bellsoft Liberica implementations of JREs and JDKs\",\"homepage\":\"https://github.com/paketo-buildpacks/bellsoft-liberica\",\"id\":\"paketo-buildpacks/bellsoft-liberica\",\"keywords\":[\"java\",\"jvm\",\"jre\",\"jdk\"],\"licenses\":[{\"type\":\"Apache-2.0\",\"uri\":\"https://github.com/paketo-buildpacks/bellsoft-liberica/blob/main/LICENSE\"}],\"name\":\"Paketo Buildpack for BellSoft Liberica\",\"sbom-formats\":[\"application/vnd.syft+json\",\"application/vnd.cyclonedx+json\"],\"version\":\"10.7.2\"},\"build\":false,\"launch\":true,\"cache\":false},\"jre\":{\"sha\":\"sha256:5bc94934a9b93eafe3c55b5079cd449ddbd1305f1ef814ca74bb908b22a08401\",\"data\":{\"cert-file\":\"82f3a63130e0b47915659d619f177c8157c2bbb29dbf0f58ad2721ff84fb1190\",\"dependency\":{\"cpes\":[\"cpe:2.3:a:oracle:jre:17.0.11:*:*:*:*:*:*:*\"],\"deprecation_date\":\"0001-01-01T00:00:00Z\",\"id\":\"jre\",\"licenses\":[{\"type\":\"GPL-2.0 WITH Classpath-exception-2.0\",\"uri\":\"https://openjdk.java.net/legal/gplv2+ce.html\"}],\"name\":\"BellSoft Liberica JRE\",\"purl\":\"pkg:generic/bellsoft-jre@17.0.11?arch=amd64\",\"sha256\":\"fd331d4c4c769c1a2aef1191733f0298932772b860ccb8b5b1a99cd37594a48f\",\"stacks\":[\"*\"],\"uri\":\"https://github.com/bell-sw/Liberica/releases/download/17.0.11+12/bellsoft-jre17.0.11+12-linux-amd64.tar.gz\",\"version\":\"17.0.11\"}},\"build\":false,\"launch\":true,\"cache\":false}}},{\"key\":\"paketo-buildpacks/syft\",\"version\":\"1.46.0\",\"layers\":{}},{\"key\":\"paketo-buildpacks/executable-jar\",\"version\":\"6.9.0\",\"layers\":{\"classpath\":{\"sha\":\"sha256:417e5bfc3c82b9373cf6804206e071d2fc74560df867d0f39cb21ac3d15231b6\",\"data\":{\"classpath\":[\"/workspace\"],\"launch\":true},\"build\":true,\"launch\":true,\"cache\":false}}},{\"key\":\"paketo-buildpacks/dist-zip\",\"version\":\"5.7.0\",\"layers\":{}},{\"key\":\"paketo-buildpacks/spring-boot\",\"version\":\"5.29.1\",\"layers\":{\"helper\":{\"sha\":\"sha256:5adb9d737067d28a2b45fa5cc39c4b99d23d2969e3b368eb30ff7507c4f55a6c\",\"data\":{\"buildpackInfo\":{\"clear-env\":false,\"description\":\"A Cloud Native Buildpack that contributes Spring Boot dependency information and slices an application into multiple layers\",\"homepage\":\"https://github.com/paketo-buildpacks/spring-boot\",\"id\":\"paketo-buildpacks/spring-boot\",\"keywords\":[\"java\",\"spring\",\"spring-boot\"],\"licenses\":[{\"type\":\"Apache-2.0\",\"uri\":\"https://github.com/paketo-buildpacks/spring-boot/blob/main/LICENSE\"}],\"name\":\"Paketo Buildpack for Spring Boot\",\"sbom-formats\":[\"application/vnd.cyclonedx+json\",\"application/vnd.syft+json\"],\"version\":\"5.29.1\"},\"helperNames\":[\"spring-cloud-bindings\"]},\"build\":false,\"launch\":true,\"cache\":false},\"spring-cloud-bindings\":{\"sha\":\"sha256:585d8b141d7aa07eecde5a1bae075c7898ab5809a215d66f160d3dfd46eaf577\",\"data\":{\"cpes\":[\"cpe:2.3:a:vmware:spring_cloud_bindings:1.13.0:*:*:*:*:*:*:*\"],\"deprecation_date\":\"0001-01-01T00:00:00Z\",\"id\":\"spring-cloud-bindings\",\"licenses\":[{\"type\":\"Apache-2.0\",\"uri\":\"https://github.com/spring-cloud/spring-cloud-bindings/blob/main/LICENSE\"}],\"name\":\"Spring Cloud Bindings\",\"purl\":\"pkg:generic/springframework/spring-cloud-bindings@1.13.0\",\"sha256\":\"70a448cd45d1dbc117770f934961cd9577c0c4404d34986824f8f593cae4aada\",\"stacks\":[\"io.buildpacks.stacks.bionic\",\"io.paketo.stacks.tiny\",\"*\"],\"uri\":\"https://repo1.maven.org/maven2/org/springframework/cloud/spring-cloud-bindings/1.13.0/spring-cloud-bindings-1.13.0.jar\",\"version\":\"1.13.0\"},\"build\":false,\"launch\":true,\"cache\":true},\"web-application-type\":{\"sha\":\"sha256:366ce7d1a7f90f2e4ad08752f87510eee3ffca18736fa63c03823c8c4ebf2925\",\"data\":{\"files\":\"6088adcc73642f041bbd089bf2f8d857473194223eb68ec1bfde342251130b6f\"},\"build\":false,\"launch\":true,\"cache\":false}}}],\"config\":{\"sha\":\"sha256:7175b9c30773506625b4c7d1a607010d55ed9477d8da7cc5f0a9d35428fea12f\"},\"launcher\":{\"sha\":\"sha256:d1c9d29a297226c0b1a8d289ce772ddaf041038541594f859e0a923ffe39490b\"},\"process-types\":{\"sha\":\"sha256:1dc94a70dbaa2171fb086500a5d27797f779219b126b0a1eebb9180c2792e80e\"},\"runImage\":{\"topLayer\":\"sha256:342db6440d60f10f949cddaf245280eb06b516b7d79d499c3b5cb73b30cf3e89\",\"reference\":\"6db52cd793d14a0b20faff217a15883b2b4f21d1b129ed362910150ae2b5b314\"},\"stack\":{\"runImage\":{\"image\":\"index.docker.io/paketobuildpacks/run-jammy-base:latest\"}}}","io.buildpacks.project.metadata":"{}","io.buildpacks.stack.description":"ubuntu:jammy with some common dependencies like tzdata and openssl","io.buildpacks.stack.distro.name":"ubuntu","io.buildpacks.stack.distro.version":"22.04","io.buildpacks.stack.homepage":"https://github.com/paketo-buildpacks/jammy-base-stack","io.buildpacks.stack.id":"io.buildpacks.stacks.jammy","io.buildpacks.stack.maintainer":"Paketo Buildpacks","io.buildpacks.stack.metadata":"{}","io.buildpacks.stack.relea"
21:45:35.346 [Test worker] DEBUG com.github.dockerjava.zerodep.shaded.org.apache.hc.client5.http.wire - http-outgoing-0 << "sed":"2024-05-14T14:29:02Z","org.opencontainers.image.ref.name":"ubuntu","org.opencontainers.image.version":"22.04","org.springframework.boot.version":"2.7.18"},"ParentId":"","RepoDigests":null,"RepoTags":["catalog-service:0.0.1-SNAPSHOT"],"SharedSize":-1,"Size":314013139,"VirtualSize":314013139},{"Containers":-1,"Created":315532801,"Id":"sha256:d187a4cda378c72137372828adc40b711e30d309e17041fb70c556ab30bdabcd","Labels":{"io.buildpacks.builder.metadata":"{\"description\":\"Ubuntu 22.04 Jammy Jellyfish base image with buildpacks for Java, Go, .NET Core, Node.js, Python, Apache HTTPD, NGINX and Procfile\",\"buildpacks\":[{\"id\":\"paketo-buildpacks/dotnet-core\",\"name\":\"Paketo Buildpack for .NET Core\",\"version\":\"0.46.0\",\"homepage\":\"https://github.com/paketo-buildpacks/dotnet-core\"},{\"id\":\"paketo-buildpacks/ca-certificates\",\"name\":\"Paketo Buildpack for CA Certificates\",\"version\":\"3.8.0\",\"homepage\":\"https://github.com/paketo-buildpacks/ca-certificates\"},{\"id\":\"paketo-buildpacks/dotnet-core-aspnet-runtime\",\"name\":\"Paketo Buildpack for ASP.NET Core Runtime\",\"version\":\"0.4.11\",\"homepage\":\"https://github.com/paketo-buildpacks/dotnet-core-aspnet-runtime\"},{\"id\":\"paketo-buildpacks/dotnet-core-sdk\",\"name\":\"Paketo Buildpack for .NET Core SDK\",\"version\":\"0.14.12\",\"homepage\":\"https://github.com/paketo-buildpacks/dotnet-core-sdk\"},{\"id\":\"paketo-buildpacks/dotnet-execute\",\"name\":\"Paketo Buildpack for .NET Execute\",\"version\":\"0.14.31\",\"homepage\":\"https://github.com/paketo-buildpacks/dotnet-execute\"},{\"id\":\"paketo-buildpacks/dotnet-publish\",\"name\":\"Paketo Buildpack for .NET Publish\",\"version\":\"0.12.32\",\"homepage\":\"https://github.com/paketo-buildpacks/dotnet-publish\"},{\"id\":\"paketo-buildpacks/environment-variables\",\"name\":\"Paketo Buildpack for Environment Variables\",\"version\":\"4.7.0\",\"homepage\":\"https://github.com/paketo-buildpacks/environment-variables\"},{\"id\":\"paketo-buildpacks/icu\",\"name\":\"Paketo Buildpack for ICU\",\"version\":\"0.7.11\",\"homepage\":\"https://github.com/paketo-buildpacks/icu\"},{\"id\":\"paketo-buildpacks/image-labels\",\"name\":\"Paketo Buildpack for Image Labels\",\"version\":\"4.7.0\",\"homepage\":\"https://github.com/paketo-buildpacks/image-labels\"},{\"id\":\"paketo-buildpacks/node-engine\",\"name\":\"Paketo Buildpack for Node Engine\",\"version\":\"3.2.2\",\"homepage\":\"https://github.com/paketo-buildpacks/node-engine\"},{\"id\":\"paketo-buildpacks/procfile\",\"name\":\"Paketo Buildpack for Procfile\",\"version\":\"5.9.0\",\"homepage\":\"https://github.com/paketo-buildpacks/procfile\"},{\"id\":\"paketo-buildpacks/vsdbg\",\"name\":\"Paketo Buildpack for Visual Studio Debugger\",\"version\":\"0.3.13\"},{\"id\":\"paketo-buildpacks/watchexec\",\"name\":\"Paketo Buildpack for Watchexec\",\"version\":\"3.2.0\",\"homepage\":\"https://github.com/paketo-buildpacks/watchexec\"},{\"id\":\"paketo-buildpacks/go\",\"name\":\"Paketo Buildpack for Go\",\"version\":\"4.8.0\",\"homepage\":\"https://github.com/paketo-buildpacks/go\"},{\"id\":\"paketo-buildpacks/ca-certificates\",\"name\":\"Paketo Buildpack for CA Certificates\",\"version\":\"3.6.8\",\"homepage\":\"https://github.com/paketo-buildpacks/ca-certificates\"},{\"id\":\"paketo-buildpacks/environment-variables\",\"name\":\"Paketo Buildpack for Environment Variables\",\"version\":\"4.5.7\",\"homepage\":\"https://github.com/paketo-buildpacks/environment-variables\"},{\"id\":\"paketo-buildpacks/git\",\"name\":\"Paketo Buildpack for Git\",\"version\":\"1.0.8\",\"homepage\":\"https://github.com/paketo-buildpacks/git\"},{\"id\":\"paketo-buildpacks/go-build\",\"name\":\"Paketo Buildpack for Go Build\",\"version\":\"2.2.1\",\"homepage\":\"https://github.com/paketo-buildpacks/go-build\"},{\"id\":\"paketo-buildpacks/go-dist\",\"name\":\"Paketo Buildpack for Go Distribution\",\"version\":\"2.5.0\",\"homepage\":\"https://github.com/paketo-buildpacks/go-dist\"},{\"id\":\"paketo-buildpacks/go-mod-vendor\",\"name\":\"Paketo Buildpack for Go Mod Vendor\",\"version\":\"1.0.29\",\"homepage\":\"https://github.com/paketo-buildpacks/go-mod-vendor\"},{\"id\":\"paketo-buildpacks/image-labels\",\"name\":\"Paketo Buildpack for Image Labels\",\"version\":\"4.5.6\",\"homepage\":\"https://github.com/paketo-buildpacks/image-labels\"},{\"id\":\"paketo-buildpacks/procfile\",\"name\":\"Paketo Buildpack for Procfile\",\"version\":\"5.6.9\",\"homepage\":\"https://github.com/paketo-buildpacks/procfile\"},{\"id\":\"paketo-buildpacks/watchexec\",\"name\":\"Paketo Buildpack for Watchexec\",\"version\":\"2.9.0\",\"homepage\":\"https://github.com/paketo-buildpacks/watchexec\"},{\"id\":\"paketo-buildpacks/java-native-image\",\"name\":\"Paketo Buildpack for Java Native Image\",\"version\":\"9.5.0\",\"homepage\":\"https://paketo.io/docs/howto/java/#build-an-app-as-a-graalvm-native-image-application\"},{\"id\":\"paketo-buildpacks/bellsoft-liberica\",\"name\":\"Paketo Buildpack for BellSoft Liberica\",\"version\":\"10.8.0\",\"homepage\":\"https://github.com/paketo-buildpacks/bellsoft-liberica\"},{\"id\":\"paketo-buildpacks/ca-certificates\",\"name\":\"Paketo Buildpack for CA Certificates\",\"version\":\"3.8.0\",\"homepage\":\"https://github.com/paketo-buildpacks/ca-certificates\"},{\"id\":\"paketo-buildpacks/datadog\",\"name\":\"Paketo Buildpack for Datadog\",\"version\":\"5.13.0\",\"homepage\":\"https://github.com/paketo-buildpacks/datadog\"},{\"id\":\"paketo-buildpacks/environment-variables\",\"name\":\"Paketo Buildpack for Environment Variables\",\"version\":\"4.7.0\",\"homepage\":\"https://github.com/paketo-buildpacks/environment-variables\"},{\"id\":\"paketo-buildpacks/executable-jar\",\"name\":\"Paketo Buildpack for Executable JAR\",\"version\":\"6.10.0\",\"homepage\":\"https://github.com/paketo-buildpacks/executable-jar\"},{\"id\":\"paketo-buildpacks/gradle\",\"name\":\"Paketo Buildpack for Gradle\",\"version\":\"7.11.0\",\"homepage\":\"https://github.com/paketo-buildpacks/gradle\"},{\"id\":\"paketo-buildpacks/image-labels\",\"name\":\"Paketo Buildpack for Image Labels\",\"version\":\"4.7.0\",\"homepage\":\"https://github.com/paketo-buildpacks/image-labels\"},{\"id\":\"paketo-buildpacks/leiningen\",\"name\":\"Paketo Buildpack for Leiningen\",\"version\":\"4.9.0\",\"homepage\":\"https://github.com/paketo-buildpacks/leiningen\"},{\"id\":\"paketo-buildpacks/maven\",\"name\":\"Paketo Buildpack for Maven\",\"version\":\"6.17.0\",\"homepage\":\"https://github.com/paketo-buildpacks/maven\"},{\"id\":\"paketo-buildpacks/native-image\",\"name\":\"Paketo Buildpack for Native Image\",\"version\":\"5.14.0\",\"homepage\":\"https://github.com/paketo-buildpacks/native-image\"},{\"id\":\"paketo-buildpacks/procfile\",\"name\":\"Paketo Buildpack for Procfile\",\"version\":\"5.9.0\",\"homepage\":\"https://github.com/paketo-buildpacks/procfile\"},{\"id\":\"paketo-buildpacks/sbt\",\"name\":\"Paketo Buildpack for SBT\",\"version\":\"6.15.0\",\"homepage\":\"https://github.com/paketo-buildpacks/sbt\"},{\"id\":\"paketo-buildpacks/spring-boot\",\"name\":\"Paketo Buildpack for Spring Boot\",\"version\":\"5.30.0\",\"homepage\":\"https://github.com/paketo-buildpacks/spring-boot\"},{\"id\":\"paketo-buildpacks/syft\",\"name\":\"Paketo Buildpack for Syft\",\"version\":\"1.47.0\",\"homepage\":\"https://github.com/paketo-buildpacks/syft\"},{\"id\":\"paketo-buildpacks/upx\",\"name\":\"Paketo Buildpack for UPX\",\"version\":\"3.6.0\",\"homepage\":\"https://github.com/paketo-buildpacks/upx\"},{\"id\":\"paketo-buildpacks/java\",\"name\":\"Paketo Buildpack for Java\",\"version\":\"14.1.0\",\"homepage\":\"https://paketo.io/docs/howto/java\"},{\"id\":\"paketo-buildpacks/apache-tomcat\",\"name\":\"Paketo Buildpack for Apache Tomcat\",\"version\":\"8.1.0\",\"homepage\":\"https://github.com/paketo-buildpacks/apache-tomcat\"},{\"id\":\"paketo-buildpacks/apache-tomee\",\"name\":\"Paketo Buildpack for Apache Tomee\",\"version\":\"1.10.0\",\"homepage\":\"https://github.com"
21:45:35.347 [Test worker] DEBUG com.github.dockerjava.zerodep.shaded.org.apache.hc.client5.http.wire - http-outgoing-0 << "/paketo-buildpacks/apache-tomee\"},{\"id\":\"paketo-buildpacks/azure-application-insights\",\"name\":\"Paketo Buildpack for Azure Application Insights\",\"version\":\"5.21.0\",\"homepage\":\"https://github.com/paketo-buildpacks/azure-application-insights\"},{\"id\":\"paketo-buildpacks/bellsoft-liberica\",\"name\":\"Paketo Buildpack for BellSoft Liberica\",\"version\":\"10.8.0\",\"homepage\":\"https://github.com/paketo-buildpacks/bellsoft-liberica\"},{\"id\":\"paketo-buildpacks/ca-certificates\",\"name\":\"Paketo Buildpack for CA Certificates\",\"version\":\"3.8.0\",\"homepage\""
21:45:35.348 [Test worker] DEBUG com.github.dockerjava.zerodep.shaded.org.apache.hc.client5.http.wire - http-outgoing-0 << "[\r][\n]"
21:45:35.348 [Test worker] DEBUG com.github.dockerjava.zerodep.shaded.org.apache.hc.client5.http.wire - http-outgoing-0 << "8000[\r][\n]"
21:45:35.348 [Test worker] DEBUG com.github.dockerjava.zerodep.shaded.org.apache.hc.client5.http.wire - http-outgoing-0 << ":\"https://github.com/paketo-buildpacks/ca-certificates\"},{\"id\":\"paketo-buildpacks/clojure-tools\",\"name\":\"Paketo Buildpack for Clojure Tools\",\"version\":\"2.10.0\",\"homepage\":\"https://github.com/paketo-buildpacks/clojure-tools\"},{\"id\":\"paketo-buildpacks/datadog\",\"name\":\"Paketo Buildpack for Datadog\",\"version\":\"5.13.0\",\"homepage\":\"https://github.com/paketo-buildpacks/datadog\"},{\"id\":\"paketo-buildpacks/dist-zip\",\"name\":\"Paketo Buildpack for DistZip\",\"version\":\"5.8.0\",\"homepage\":\"https://github.com/paketo-buildpacks/dist-zip\"},{\"id\":\"paketo-buildpacks/encrypt-at-rest\",\"name\":\"Paketo Buildpack for Encrypt-at-Rest\",\"version\":\"4.7.0\",\"homepage\":\"https://github.com/paketo-buildpacks/encrypt-at-rest\"},{\"id\":\"paketo-buildpacks/environment-variables\",\"name\":\"Paketo Buildpack for Environment Variables\",\"version\":\"4.7.0\",\"homepage\":\"https://github.com/paketo-buildpacks/environment-variables\"},{\"id\":\"paketo-buildpacks/executable-jar\",\"name\":\"Paketo Buildpack for Executable JAR\",\"version\":\"6.10.0\",\"homepage\":\"https://github.com/paketo-buildpacks/executable-jar\"},{\"id\":\"paketo-buildpacks/google-stackdriver\",\"name\":\"Paketo Buildpack for Google Stackdriver\",\"version\":\"9.0.2\",\"homepage\":\"https://github.com/paketo-buildpacks/google-stackdriver\"},{\"id\":\"paketo-buildpacks/gradle\",\"name\":\"Paketo Buildpack for Gradle\",\"version\":\"7.11.0\",\"homepage\":\"https://github.com/paketo-buildpacks/gradle\"},{\"id\":\"paketo-buildpacks/image-labels\",\"name\":\"Paketo Buildpack for Image Labels\",\"version\":\"4.7.0\",\"homepage\":\"https://github.com/paketo-buildpacks/image-labels\"},{\"id\":\"paketo-buildpacks/jattach\",\"name\":\"Paketo Buildpack for JAttach\",\"version\":\"1.8.0\",\"homepage\":\"https://github.com/paketo-buildpacks/jattach\"},{\"id\":\"paketo-buildpacks/java-memory-assistant\",\"name\":\"Paketo Buildpack for Java Memory Assistant\",\"version\":\"1.6.0\",\"homepage\":\"https://github.com/paketo-buildpacks/java-memory-assistant\"},{\"id\":\"paketo-buildpacks/leiningen\",\"name\":\"Paketo Buildpack for Leiningen\",\"version\":\"4.9.0\",\"homepage\":\"https://github.com/paketo-buildpacks/leiningen\"},{\"id\":\"paketo-buildpacks/liberty\",\"name\":\"Paketo Buildpack for Liberty\",\"version\":\"4.2.0\",\"homepage\":\"https://github.com/paketo-buildpacks/liberty\"},{\"id\":\"paketo-buildpacks/maven\",\"name\":\"Paketo Buildpack for Maven\",\"version\":\"6.17.0\",\"homepage\":\"https://github.com/paketo-buildpacks/maven\"},{\"id\":\"paketo-buildpacks/node-engine\",\"name\":\"Paketo Buildpack for Node Engine\",\"version\":\"3.2.2\",\"homepage\":\"https://github.com/paketo-buildpacks/node-engine\"},{\"id\":\"paketo-buildpacks/procfile\",\"name\":\"Paketo Buildpack for Procfile\",\"version\":\"5.9.0\",\"homepage\":\"https://github.com/paketo-buildpacks/procfile\"},{\"id\":\"paketo-buildpacks/sbt\",\"name\":\"Paketo Buildpack for SBT\",\"version\":\"6.15.0\",\"homepage\":\"https://github.com/paketo-buildpacks/sbt\"},{\"id\":\"paketo-buildpacks/spring-boot\",\"name\":\"Paketo Buildpack for Spring Boot\",\"version\":\"5.30.0\",\"homepage\":\"https://github.com/paketo-buildpacks/spring-boot\"},{\"id\":\"paketo-buildpacks/syft\",\"name\":\"Paketo Buildpack for Syft\",\"version\":\"1.47.0\",\"homepage\":\"https://github.com/paketo-buildpacks/syft\"},{\"id\":\"paketo-buildpacks/watchexec\",\"name\":\"Paketo Buildpack for Watchexec\",\"version\":\"3.2.0\",\"homepage\":\"https://github.com/paketo-buildpacks/watchexec\"},{\"id\":\"paketo-buildpacks/yarn\",\"name\":\"Paketo Buildpack for Yarn\",\"version\":\"1.3.2\",\"homepage\":\"https://github.com/paketo-buildpacks/yarn\"},{\"id\":\"paketo-buildpacks/nodejs\",\"name\":\"Paketo Buildpack for Node.js\",\"version\":\"2.2.0\",\"homepage\":\"https://github.com/paketo-buildpacks/nodejs\"},{\"id\":\"paketo-buildpacks/ca-certificates\",\"name\":\"Paketo Buildpack for CA Certificates\",\"version\":\"3.6.7\",\"homepage\":\"https://github.com/paketo-buildpacks/ca-certificates\"},{\"id\":\"paketo-buildpacks/datadog\",\"name\":\"Paketo Buildpack for Datadog\",\"version\":\"3.6.0\",\"homepage\":\"https://github.com/paketo-buildpacks/datadog\"},{\"id\":\"paketo-buildpacks/environment-variables\",\"name\":\"Paketo Buildpack for Environment Variables\",\"version\":\"4.5.6\",\"homepage\":\"https://github.com/paketo-buildpacks/environment-variables\"},{\"id\":\"paketo-buildpacks/image-labels\",\"name\":\"Paketo Buildpack for Image Labels\",\"version\":\"4.5.5\",\"homepage\":\"https://github.com/paketo-buildpacks/image-labels\"},{\"id\":\"paketo-buildpacks/node-engine\",\"name\":\"Paketo Buildpack for Node Engine\",\"version\":\"3.2.1\",\"homepage\":\"https://github.com/paketo-buildpacks/node-engine\"},{\"id\":\"paketo-buildpacks/node-run-script\",\"name\":\"Paketo Buildpack for Node Run Script\",\"version\":\"1.0.16\",\"homepage\":\"https://github.com/paketo-buildpacks/node-run-script\"},{\"id\":\"paketo-buildpacks/node-start\",\"name\":\"Paketo Buildpack for Node Start\",\"version\":\"1.1.5\",\"homepage\":\"https://github.com/paketo-buildpacks/node-start\"},{\"id\":\"paketo-buildpacks/npm-install\",\"name\":\"Paketo Buildpack for NPM Install\",\"version\":\"1.4.0\",\"homepage\":\"https://github.com/paketo-buildpacks/npm-install\"},{\"id\":\"paketo-buildpacks/npm-start\",\"name\":\"Paketo Buildpack for NPM Start\",\"version\":\"1.0.17\",\"homepage\":\"https://github.com/paketo-buildpacks/npm-start\"},{\"id\":\"paketo-buildpacks/procfile\",\"name\":\"Paketo Buildpack for Procfile\",\"version\":\"5.6.8\",\"homepage\":\"https://github.com/paketo-buildpacks/procfile\"},{\"id\":\"paketo-buildpacks/watchexec\",\"name\":\"Paketo Buildpack for Watchexec\",\"version\":\"2.8.7\",\"homepage\":\"https://github.com/paketo-buildpacks/watchexec\"},{\"id\":\"paketo-buildpacks/yarn\",\"name\":\"Paketo Buildpack for Yarn\",\"version\":\"1.3.2\",\"homepage\":\"https://github.com/paketo-buildpacks/yarn\"},{\"id\":\"paketo-buildpacks/yarn-install\",\"name\":\"Paketo Buildpack for Yarn Install\",\"version\":\"1.3.2\",\"homepage\":\"https://github.com/paketo-buildpacks/yarn-install\"},{\"id\":\"paketo-buildpacks/yarn-start\",\"name\":\"Paketo Buildpack for Yarn Start\",\"version\":\"1.2.2\",\"homepage\":\"https://github.com/paketo-buildpacks/yarn-start\"},{\"id\":\"paketo-buildpacks/procfile\",\"name\":\"Paketo Buildpack for Procfile\",\"version\":\"5.9.0\",\"homepage\":\"https://github.com/paketo-buildpacks/procfile\"},{\"id\":\"paketo-buildpacks/python\",\"name\":\"Paketo Buildpack for Python\",\"version\":\"2.19.0\"},{\"id\":\"paketo-buildpacks/ca-certificates\",\"name\":\"Paketo Buildpack for CA Certificates\",\"version\":\"3.7.0\",\"homepage\":\"https://github.com/paketo-buildpacks/ca-certificates\"},{\"id\":\"paketo-buildpacks/conda-env-update\",\"name\":\"Paketo Buildpack for Conda Env Update\",\"version\":\"0.7.13\",\"homepage\":\"https://github.com/paketo-buildpacks/conda-env-update\"},{\"id\":\"paketo-buildpacks/cpython\",\"name\":\"Paketo Buildpack for CPython\",\"version\":\"1.13.0\"},{\"id\":\"paketo-buildpacks/environment-variables\",\"name\":\"Paketo Buildpack for Environment Variables\",\"version\":\"4.6.0\",\"homepage\":\"https://github.com/paketo-buildpacks/environment-variables\"},{\"id\":\"paketo-buildpacks/image-labels\",\"name\":\"Paketo Buildpack for Image Labels\",\"version\":\"4.6.0\",\"homepage\":\"https://github.com/paketo-buildpacks/image-labels\"},{\"id\":\"paketo-buildpacks/miniconda\",\"name\":\"Paketo Buildpack for Miniconda\",\"
21:45:35.349 [Test worker] DEBUG com.github.dockerjava.zerodep.shaded.org.apache.hc.client5.http.wire - http-outgoing-0 << ""version\":\"0.10.0\"},{\"id\":\"paketo-buildpacks/pip\",\"name\":\"Paketo Buildpack for Pip\",\"version\":\"0.20.1\"},{\"id\":\"paketo-buildpacks/pip-install\",\"name\":\"Paketo Buildpack for Pip Install\",\"version\":\"0.6.1\"},{\"id\":\"paketo-buildpacks/pipenv\",\"name\":\"Paketo Buildpack for Pipenv\",\"version\":\"1.21.0\"},{\"id\":\"paketo-buildpacks/pipenv-install\",\"name\":\"Paketo Buildpack for Pipenv Install\",\"version\":\"0.6.19\"},{\"id\":\"paketo-buildpacks/poetry\",\"name\":\"Paketo Buildpack for Poetry\",\"version\":\"0.9.0\"},{\"id\":\"paketo-buildpacks/poetry-install\",\"name\":\"Paketo Buildpack for Poetry Install\",\"version\":\"0.3.19\"},{\"id\":\"paketo-buildpacks/poetry-run\",\"name\":\"Paketo Buildpack for Poetry Run\",\"version\":\"0.4.22\"},{\"id\":\"paketo-buildpacks/procfile\",\"name\":\"Paketo Buildpack for Procfile\",\"version\":\"5.8.0\",\"homepage\":\"https://github.com/paketo-buildpacks/procfile\"},{\"id\":\"paketo-buildpacks/python-start\",\"name\":\"Paketo Buildpack for Python Start\",\"version\":\"0.14.15\",\"homepage\":\"https://github.com/paketo-buildpacks/python-start\"},{\"id\":\"paketo-buildpacks/watchexec\",\"name\":\"Paketo Buildpack for Watchexec\",\"version\":\"3.1.2\",\"homepage\":\"https://github.com/paketo-buildpacks/watchexec\"},{\"id\":\"paketo-buildpacks/ruby\",\"name\":\"Paketo Buildpack for Ruby\",\"version\":\"0.46.0\",\"homepage\":\"https://github.com/paketo-buildpacks/ruby\"},{\"id\":\"paketo-buildpacks/bundle-install\",\"name\":\"Paketo Buildpack for Bundle Install\",\"version\":\"0.8.6\",\"homepage\":\"https://github.com/paketo-buildpacks/bundle-install\"},{\"id\":\"paketo-buildpacks/bundler\",\"name\":\"Paketo Buildpack for Bundler\",\"version\":\"0.8.10\",\"homepage\":\"https://github.com/paketo-buildpacks/bundler\"},{\"id\":\"paketo-buildpacks/ca-certificates\",\"name\":\"Paketo Buildpack for CA Certificates\",\"version\":\"3.8.0\",\"homepage\":\"https://github.com/paketo-buildpacks/ca-certificates\"},{\"id\":\"paketo-buildpacks/environment-variables\",\"name\":\"Paketo Buildpack for Environment Variables\",\"version\":\"4.7.0\",\"homepage\":\"https://github.com/paketo-buildpacks/environment-variables\"},{\"id\":\"paketo-buildpacks/image-labels\",\"name\":\"Paketo Buildpack for Image Labels\",\"version\":\"4.7.0\",\"homepage\":\"https://github.com/paketo-buildpacks/image-labels\"},{\"id\":\"paketo-buildpacks/mri\",\"name\":\"Paketo Buildpack for MRI\",\"version\":\"0.17.1\",\"homepage\":\"https://github.com/paketo-buildpacks/mri\"},{\"id\":\"paketo-buildpacks/node-engine\",\"name\":\"Paketo Buildpack for Node Engine\",\"version\":\"3.2.2\",\"homepage\":\"https://github.com/paketo-buildpacks/node-engine\"},{\"id\":\"paketo-buildpacks/passenger\",\"name\":\"Paketo Buildpack for Passenger\",\"version\":\"0.14.3\",\"homepage\":\"https://github.com/paketo-buildpacks/passenger\"},{\"id\":\"paketo-buildpacks/procfile\",\"name\":\"Paketo Buildpack for Procfile\",\"version\":\"5.9.0\",\"homepage\":\"https://github.com/paketo-buildpacks/procfile\"},{\"id\":\"paketo-buildpacks/puma\",\"name\":\"Paketo Buildpack for Puma\",\"version\":\"0.4.43\",\"homepage\":\"https://github.com/paketo-buildpacks/puma\"},{\"id\":\"paketo-buildpacks/rackup\",\"name\":\"Paketo Buildpack for Rackup\",\"version\":\"0.4.42\",\"homepage\":\"https://github.com/paketo-buildpacks/rackup\"},{\"id\":\"paketo-buildpacks/rails-assets\",\"name\":\"Paketo Buildpack for Rails Assets\",\"version\":\"0.10.12\",\"homepage\":\"https://github.com/paketo-buildpacks/rails-assets\"},{\"id\":\"paketo-buildpacks/rake\",\"name\":\"Paketo Buildpack for Rake\",\"version\":\"0.4.42\",\"homepage\":\"https://github.com/paketo-buildpacks/rake\"},{\"id\":\"paketo-buildpacks/thin\",\"name\":\"Paketo Buildpack for Thin\",\"version\":\"0.5.37\",\"homepage\":\"https://github.com/paketo-buildpacks/thin\"},{\"id\":\"paketo-buildpacks/unicorn\",\"name\":\"Paketo Buildpack for Unicorn\",\"version\":\"0.4.42\",\"homepage\":\"https://github.com/paketo-buildpacks/unicorn\"},{\"id\":\"paketo-buildpacks/yarn\",\"name\":\"Paketo Buildpack for Yarn\",\"version\":\"1.3.2\",\"homepage\":\"https://github.com/paketo-buildpacks/yarn\"},{\"id\":\"paketo-buildpacks/yarn-install\",\"name\":\"Paketo Buildpack for Yarn Install\",\"version\":\"1.3.2\",\"homepage\":\"https://github.com/paketo-buildpacks/yarn-install\"},{\"id\":\"paketo-buildpacks/web-servers\",\"name\":\"Paketo Buildpack for Web Servers\",\"version\":\"0.23.0\",\"homepage\":\"https://github.com/paketo-buildpacks/web-servers\"},{\"id\":\"paketo-buildpacks/ca-certificates\",\"name\":\"Paketo Buildpack for CA Certificates\",\"version\":\"3.8.0\",\"homepage\":\"https://github.com/paketo-buildpacks/ca-certificates\"},{\"id\":\"paketo-buildpacks/environment-variables\",\"name\":\"Paketo Buildpack for Environment Variables\",\"version\":\"4.7.0\",\"homepage\":\"https://github.com/paketo-buildpacks/environment-variables\"},{\"id\":\"paketo-buildpacks/httpd\",\"name\":\"Paketo Buildpack for Apache HTTP Server\",\"version\":\"0.7.19\",\"homepage\":\"https://github.com/paketo-buildpacks/httpd\"},{\"id\":\"paketo-buildpacks/image-labels\",\"name\":\"Paketo Buildpack for Image Labels\",\"version\":\"4.7.0\",\"homepage\":\"https://github.com/paketo-buildpacks/image-labels\"},{\"id\":\"paketo-buildpacks/nginx\",\"name\":\"Paketo Buildpack for Nginx Server\",\"version\":\"0.16.0\",\"homepage\":\"https://github.com/paketo-buildpacks/nginx\"},{\"id\":\"paketo-buildpacks/node-engine\",\"name\":\"Paketo Buildpack for Node Engine\",\"version\":\"3.2.2\",\"homepage\":\"https://github.com/paketo-buildpacks/node-engine\"},{\"id\":\"paketo-buildpacks/node-run-script\",\"name\":\"Paketo Buildpack for Node Run Script\",\"version\":\"1.0.16\",\"homepage\":\"https://github.com/paketo-buildpacks/node-run-script\"},{\"id\":\"paketo-buildpacks/npm-install\",\"name\":\"Paketo Buildpack for NPM Install\",\"version\":\"1.4.0\",\"homepage\":\"https://github.com/paketo-buildpacks/npm-install\"},{\"id\":\"paketo-buildpacks/procfile\",\"name\":\"Paketo Buildpack for Procfile\",\"version\":\"5.9.0\",\"homepage\":\"https://github.com/paketo-buildpacks/procfile\"},{\"id\":\"paketo-buildpacks/source-removal\",\"name\":\"Paketo Buildpack for Source Removal\",\"version\":\"0.2.1\"},{\"id\":\"paketo-buildpacks/watchexec\",\"name\":\"Paketo Buildpack for Watchexec\",\"version\":\"3.2.0\",\"homepage\":\"https://github.com/paketo-buildpacks/watchexec\"},{\"id\":\"paketo-buildpacks/yarn\",\"name\":\"Paketo Buildpack for Yarn\",\"version\":\"1.3.2\",\"homepage\":\"https://github.com/paketo-buildpacks/yarn\"},{\"id\":\"paketo-buildpacks/yarn-install\",\"name\":\"Paketo Buildpack for Yarn Install\",\"version\":\"1.3.2\",\"homepage\":\"https://github.com/paketo-buildpacks/yarn-install\"}],\"extensions\":null,\"stack\":{\"runImage\":{\"image\":\"index.docker.io/paketobuildpacks/run-jammy-base:latest\",\"mirrors\":[]}},\"lifecycle\":{\"version\":\"0.19.6\",\"api\":{\"buildpack\":\"0.7\",\"platform\":\"0.7\"},\"apis\":{\"buildpack\":{\"deprecated\":[],\"supported\":[\"0.7\",\"0.8\",\"0.9\",\"0.10\",\"0.11\"]},\"platform\":{\"deprecated\":[],\"supported\":[\"0.7\",\"0.8\",\"0.9\",\"0.10\",\"0.11\",\"0.12\",\"0.13\"]}}},\"createdBy\":{\"name\":\"Pack CLI\",\"version\":\"0.33.2+git-f2cffc4.build-5562\"},\"images\":[{\"image\":\"index.docker.io/paketobuildpacks/run-jammy-base:latest\",\"mirrors\":[]}]}","io.buildpacks.buildpack.layers":"{\"paketo-buildpacks/apache-tomcat\":{\"8.1.0\":{\"api\":\"0.7\",\"stacks\":[{\"id\":\"*\"}],\"targets\":[{\"os\":\"linux\",\"arch\":\"amd64\"},{\"os\":\"linux\",\"arch\":\"arm64\"}],\"layerDiffID\":\"sha256:ebd55eafd18ed10dd387caf8bf6a1641c817455fe324bf6119bf99182eb63a54\",\"homepage\":\"https://github.com/paketo-buildpacks/apache-tomcat\",\"name\":\"Paketo Buildpack for Apache Tomcat\"}},\"paketo-buildpacks/apache-tomee\":{\"1.10.0\":{\"api\":\"0.7\",\"stacks\":[{\"id\":\"*\"}],\"targets\":[{\"os\":\"linux\",\"arch\":\"amd64\"},{\"os"
21:45:35.350 [Test worker] DEBUG com.github.dockerjava.zerodep.shaded.org.apache.hc.client5.http.wire - http-outgoing-0 << "\":\"linux\",\"arch\":\"arm64\"}],\"layerDiffID\":\"sha256:b32cf7945e9d6c508b147f40a81989fcc7daf88651de7ad445476427a68911f5\",\"homepage\":\"https://github.com/paketo-buildpacks/apache-tomee\",\"name\":\"Paketo Buildpack for Apache Tomee\"}},\"paketo-buildpacks/azure-application-insights\":{\"5.21.0\":{\"api\":\"0.7\",\"stacks\":[{\"id\":\"io.buildpacks.stacks.bionic\"},{\"id\":\"io.paketo.stacks.tiny\"},{\"id\":\"*\"}],\"targets\":[{\"os\":\"linux\",\"arch\":\"amd64\"},{\"os\":\"linux\",\"arch\":\"arm64\"}],\"layerDiffID\":\"sha256:a19f2090cf2577b906b96528fb529c0f15500c0d0b51ee242ecda062363fd16d\",\"homepage\":\"https://github.com/paketo-buildpacks/azure-application-insights\",\"name\":\"Paketo Buildpack for Azure Application Insights\"}},\"paketo-buildpacks/bellsoft-liberica\":{\"10.8.0\":{\"api\":\"0.7\",\"stacks\":[{\"id\":\"*\"}],\"targets\":[{\"os\":\"linux\",\"arch\":\"amd64\"},{\"os\":\"linux\",\"arch\":\"arm64\"}],\"layerDiffID\":\"sha256:07935350cf9462ba738dc93337552d16da65db578751ace9fe71c64e648338dd\",\"homepage\":\"https://github.com/paketo-buildpacks/bellsoft-liberica\",\"name\":\"Paketo Buildpack for BellSoft Liberica\"}},\"paketo-buildpacks/bundle-install\":{\"0.8.6\":{\"api\":\"0.7\",\"stacks\":[{\"id\":\"*\"}],\"layerDiffID\":\"sha256:e95d2372acffaab26c4313c2afa8f11d341aa13d50d0e8a5b98312a462054940\",\"homepage\":\"https://github.com/paketo-buildpacks/bundle-install\",\"name\":\"Paketo Buildpack for Bundle Install\"}},\"paketo-buildpacks/bundler\":{\"0.8.10\":{\"api\":\"0.7\",\"stacks\":[{\"id\":\"io.buildpacks.stacks.bionic\"},{\"id\":\"io.buildpacks.stacks.jammy\"}],\"layerDiffID\":\"sha256:3a188334f53976e8896fb983aedd54dbc254dc934f1128d7053b6479e254f548\",\"homepage\":\"https://github.com/paketo-buildpacks/bundler\",\"name\":\"Paketo Buildpack for Bundler\"}},\"paketo-buildpacks/ca-certificates\":{\"3.6.7\":{\"api\":\"0.7\",\"stacks\":[{\"id\":\"io.buildpacks.stacks.bionic\"},{\"id\":\"io.paketo.stacks.tiny\"},{\"id\":\"*\"}],\"layerDiffID\":\"sha256:09958ee88d9b92eb8cac51041ca0b7e26ea4729d6c21cb4c4b0e73d1a03d97f2\",\"homepage\":\"https://github.com/paketo-buildpacks/ca-certificates\",\"name\":\"Paketo Buildpack for CA Certificates\"},\"3.6.8\":{\"api\":\"0.7\",\"stacks\":[{\"id\":\"io.buildpacks.stacks.bionic\"},{\"id\":\"io.paketo.stacks.tiny\"},{\"id\":\"*\"}],\"layerDiffID\":\"sha256:9883ab1d7d23d56b1c21dfa542e6ded1632389c1cddaa94028a1a58eb3ecbcae\",\"homepage\":\"https://github.com/paketo-buildpacks/ca-certificates\",\"name\":\"Paketo Buildpack for CA Certificates\"},\"3.7.0\":{\"api\":\"0.7\",\"stacks\":[{\"id\":\"io.buildpacks.stacks.bionic\"},{\"id\":\"io.paketo.stacks.tiny\"},{\"id\":\"*\"}],\"targets\":[{\"os\":\"linux\",\"arch\":\"amd64\"},{\"os\":\"linux\",\"arch\":\"arm64\"}],\"layerDiffID\":\"sha256:52f9c2838fa9e8d46d5144689680b27feb1b4befa37df3b11199fa0063a6c19e\",\"homepage\":\"https://github.com/paketo-buildpacks/ca-certificates\",\"name\":\"Paketo Buildpack for CA Certificates\"},\"3.8.0\":{\"api\":\"0.7\",\"stacks\":[{\"id\":\"io.buildpacks.stacks.bionic\"},{\"id\":\"io.paketo.stacks.tiny\"},{\"id\":\"*\"}],\"targets\":[{\"os\":\"linux\",\"arch\":\"amd64\"},{\"os\":\"linux\",\"arch\":\"arm64\"}],\"layerDiffID\":\"sha256:04fcfcf6a209550ec8e8ec91894375503463bd096527a252d89b45e97c1ce960\",\"homepage\":\"https://github.com/paketo-buildpacks/ca-certificates\",\"name\":\"Paketo Buildpack for CA Certificates\"}},\"paketo-buildpacks/clojure-tools\":{\"2.10.0\":{\"api\":\"0.7\",\"stacks\":[{\"id\":\"io.buildpacks.stacks.bionic\"},{\"id\":\"io.paketo.stacks.tiny\"},{\"id\":\"*\"}],\"targets\":[{\"os\":\"linux\",\"arch\":\"amd64\"},{\"os\":\"linux\",\"arch\":\"arm64\"}],\"layerDiffID\":\"sha256:73195e7ef8046484696ed3ae71baf72ee6d5a9656d033c17c068133282db2cb1\",\"homepage\":\"https://github.com/paketo-buildpacks/clojure-tools\",\"name\":\"Paketo Buildpack for Clojure Tools\"}},\"paketo-buildpacks/conda-env-update\":{\"0.7.13\":{\"api\":\"0.7\",\"stacks\":[{\"id\":\"*\"}],\"layerDiffID\":\"sha256:7b49fed5fb63d86c2168fe18f1f723a06eb0fdb00d0ba404942721081c0b1939\",\"homepage\":\"https://github.com/paketo-buildpacks/conda-env-update\",\"name\":\"Paketo Buildpack for Conda Env Update\"}},\"paketo-buildpacks/cpython\":{\"1.13.0\":{\"api\":\"0.7\",\"stacks\":[{\"id\":\"*\"}],\"layerDiffID\":\"sha256:8fb77a4df53a388c1aae020fcee7881641b1807ff84db67d10e13bd715c6cae8\",\"name\":\"Paketo Buildpack for CPython\"}},\"paketo-buildpacks/datadog\":{\"3.6.0\":{\"api\":\"0.7\",\"stacks\":[{\"id\":\"io.buildpacks.stacks.bionic\"},{\"id\":\"io.paketo.stacks.tiny\"},{\"id\":\"*\"}],\"layerDiffID\":\"sha256:b351bc73239608a09c7523656594df065fd2a6aacaee90254945d9e3070122ca\",\"homepage\":\"https://github.com/paketo-buildpacks/datadog\",\"name\":\"Paketo Buildpack for Datadog\"},\"5.13.0\":{\"api\":\"0.7\",\"stacks\":[{\"id\":\"*\"}],\"targets\":[{\"os\":\"linux\",\"arch\":\"amd64\"},{\"os\":\"linux\",\"arch\":\"arm64\"}],\"layerDiffID\":\"sha256:ba3113b29f1e4e644d443201c41fe3257342d95db94fbaa899fd471a49f5dfe5\",\"homepage\":\"https://github.com/paketo-buildpacks/datadog\",\"name\":\"Paketo Buildpack for Datadog\"}},\"paketo-buildpacks/dist-zip\":{\"5.8.0\":{\"api\":\"0.7\",\"stacks\":[{\"id\":\"*\"}],\"targets\":[{\"os\":\"linux\",\"arch\":\"amd64\"},{\"os\":\"linux\",\"arch\":\"arm64\"}],\"layerDiffID\":\"sha256:a9cb4ce33ef3a47b447d6326b2e8c05a8ec1d0798b72c8df963d569667301233\",\"homepage\":\"https://github.com/paketo-buildpacks/dist-zip\",\"name\":\"Paketo Buildpack for DistZip\"}},\"paketo-buildpacks/dotnet-core\":{\"0.46.0\":{\"api\":\"0.8\",\"order\":[{\"group\":[{\"id\":\"paketo-buildpacks/ca-certificates\",\"version\":\"3.8.0\",\"optional\":true},{\"id\":\"paketo-buildpacks/watchexec\",\"version\":\"3.2.0\",\"optional\":true},{\"id\":\"paketo-buildpacks/vsdbg\",\"version\":\"0.3.13\",\"optional\":true},{\"id\":\"paketo-buildpacks/dotnet-core-sdk\",\"version\":\"0.14.12\",\"optional\":true},{\"id\":\"paketo-buildpacks/icu\",\"version\":\"0.7.11\",\"optional\":true},{\"id\":\"paketo-buildpacks/node-engine\",\"version\":\"3.2.2\",\"optional\":true},{\"id\":\"paketo-buildpacks/dotnet-publish\",\"version\":\"0.12.32\",\"optional\":true},{\"id\":\"paketo-buildpacks/dotnet-core-aspnet-runtime\",\"version\":\"0.4.11\",\"optional\":true},{\"id\":\"paketo-buildpacks/dotnet-execute\",\"version\":\"0.14.31\"},{\"id\":\"paketo-buildpacks/procfile\",\"version\":\"5.9.0\",\"optional\":true},{\"id\":\"paketo-buildpacks/environment-variables\",\"version\":\"4.7.0\",\"optional\":true},{\"id\":\"paketo-buildpacks/image-labels\",\"version\":\"4.7.0\",\"optional\":true}]}],\"layerDiffID\":\"sha256:2f7bd5f23a2b1e2105c40bc74b03edec62ca590e94668cac6c160aaffe3f4a74\",\"homepage\":\"https://github.com/paketo-buildpacks/dotnet-core\",\"name\":\"Paketo Buildpack for .NET Core\"}},\"paketo-buildpacks/dotnet-core-aspnet-runtime\":{\"0.4.11\":{\"api\":\"0.8\",\"stacks\":[{\"id\":\"io.buildpacks.stacks.bionic\"},{\"id\":\"io.buildpacks.stacks.jammy\"}],\"layerDiffID\":\"sha256:5a35794e4a04a16ed596ac706656263c6ff45aa0951626710a8ae9eb4fe59018\",\"homepage\":\"https://github.com/paketo-buildpacks/dotnet-core-aspnet-runtime\",\"name\":\"Paketo Buildpack for ASP.NET Core Runtime\"}},\"paketo-buildpacks/dotnet-core-sdk\":{\"0.14.12\":{\"api\":\"0.8\",\"stacks\":[{\"id\":\"io.buildpacks.stacks.bionic\"},{\"id\":\"io.buildpacks.stacks.jammy\"}],\"layerDiffID\":\"sha256:5b3aedafa238adf498d98d3ddaf4dcb8b863d3bc9f1ecb501d3158eb9091a8a2\",\"homepage\":\"https://github.com/paketo-buildpacks/dotnet-core-sdk\",\"name\":\"Paketo Buildpack for .NET Core SDK\"}},\"paketo-buildpacks/dotnet-execute\":{\"0.14.31\":{\"api\":\"0.8\",\"stacks\":[{\"id\":\"*\"}],\"layerDiffID\":\"sha256:cc37b3a27778bf0cda42a5300cfbd4ea8109a2cc15b2f6bca5669c354f2df253\",\"homepage\":\"https://github.com/paketo-buildpacks/dotnet-execute\",\"name\":\"Paketo Buildpack for .NET Execute\"}},\"paketo-buildpacks/dotnet-publish\":{\"0.12.32\":{\"api\":\"0.8\",\"stacks\":[{\"id\":\"*\"}],\"layerDiffID\":\"sha256:e80c57d6"
21:45:35.351 [Test worker] DEBUG com.github.dockerjava.zerodep.shaded.org.apache.hc.client5.http.wire - http-outgoing-0 << "30cb906c9e40746c501b16227b538cb455b45d6c3d4566b924c68144\",\"homepage\":\"https://github.com/paketo-buildpacks/dotnet-publish\",\"name\":\"Paketo Buildpack for .NET Publish\"}},\"paketo-buildpacks/encrypt-at-rest\":{\"4.7.0\":{\"api\":\"0.7\",\"stacks\":[{\"id\":\"io.buildpacks.stacks.bionic\"},{\"id\":\"io.paketo.stacks.tiny\"},{\"id\":\"*\"}],\"targets\":[{\"os\":\"linux\",\"arch\":\"amd64\"},{\"os\":\"linux\",\"arch\":\"arm64\"}],\"layerDiffID\":\"sha256:0717ff66c9749cc2a18ba6dc2d00278c103510a0538c96a67884b51558fec859\",\"homepage\":\"https://github.com/paketo-buildpacks/encrypt-at-rest\",\"name\":\"Paketo Buildpack for Encrypt-at-Rest\"}},\"paketo-buildpacks/environment-variables\":{\"4.5.6\":{\"api\":\"0.7\",\"stacks\":[{\"id\":\"io.buildpacks.stacks.bionic\"},{\"id\":\"io.paketo.stacks.tiny\"},{\"id\":\"*\"}],\"layerDiffID\":\"sha256:491136e66ebd688914cbba8f67d6e84178245ba87c01f22f762b6ef966cbe718\",\"homepage\":\"https://github.com/paketo-buildpacks/environment-variables\",\"name\":\"Paketo Buildpack for Environment Variables\"},\"4.5.7\":{\"api\":\"0.7\",\"stacks\":[{\"id\":\"io.buildpacks.stacks.bionic\"},{\"id\":\"io.paketo.stacks.tiny\"},{\"id\":\"*\"}],\"layerDiffID\":\"sha256:dde4ecbaebb8aaafb29801403695c38a02b343a0ae92747380efc75740342a09\",\"homepage\":\"https://github.com/paketo-buildpacks/environment-variables\",\"name\":\"Paketo Buildpack for Environment Variables\"},\"4.6.0\":{\"api\":\"0.7\",\"stacks\":[{\"id\":\"io.buildpacks.stacks.bionic\"},{\"id\":\"io.paketo.stacks.tiny\"},{\"id\":\"*\"}],\"targets\":[{\"os\":\"linux\",\"arch\":\"amd64\"},{\"os\":\"linux\",\"arch\":\"arm64\"}],\"layerDiffID\":\"sha256:1385012c7cf1fb090e671ee8d346a886e393383686e5a0932f33a133ef08e853\",\"homepage\":\"https://github.com/paketo-buildpacks/environment-variables\",\"name\":\"Paketo Buildpack for Environment Variables\"},\"4.7.0\":{\"api\":\"0.7\",\"stacks\":[{\"id\":\"io.buildpacks.stacks.bionic\"},{\"id\":\"io.paketo.stacks.tiny\"},{\"id\":\"*\"}],\"targets\":[{\"os\":\"linux\",\"arch\":\"amd64\"},{\"os\":\"linux\",\"arch\":\"arm64\"}],\"layerDiffID\":\"sha256:6391d7f41e46a46ec4fb24bf295544bbd41cd29c0b34e38147eed6b743f09f55\",\"homepage\":\"https://github.com/paketo-buildpacks/environment-variables\",\"name\":\"Paketo Buildpack for Environment Variables\"}},\"paketo-buildpacks/executable-jar\":{\"6.10.0\":{\"api\":\"0.7\",\"stacks\":[{\"id\":\"io.buildpacks.stacks.bionic\"},{\"id\":\"io.paketo.stacks.tiny\"},{\"id\":\"*\"}],\"targets\":[{\"os\":\"linux\",\"arch\":\"amd64\"},{\"os\":\"linux\",\"arch\":\"arm64\"}],\"layerDiffID\":\"sha256:6f90c90811e33c33099ba549b25cb6f09360275056e71068eec96bb18eab3104\",\"homepage\":\"https://github.com/paketo-buildpacks/executable-jar\",\"name\":\"Paketo Buildpack for Executable JAR\"}},\"paketo-buildpacks/git\":{\"1.0.8\":{\"api\":\"0.7\",\"stacks\":[{\"id\":\"*\"}],\"layerDiffID\":\"sha256:6705b8397b9f7ec22c45b9d2b0138fd2a403e44b278d6cd7840aa2c4fecf3982\",\"homepage\":\"https://github.com/paketo-buildpacks/git\",\"name\":\"Paketo Buildpack for Git\"}},\"paketo-buildpacks/go\":{\"4.8.0\":{\"api\":\"0.7\",\"order\":[{\"group\":[{\"id\":\"paketo-buildpacks/ca-certificates\",\"version\":\"3.6.8\",\"optional\":true},{\"id\":\"paketo-buildpacks/watchexec\",\"version\":\"2.9.0\",\"optional\":true},{\"id\":\"paketo-buildpacks/go-dist\",\"version\":\"2.5.0\"},{\"id\":\"paketo-buildpacks/git\",\"version\":\"1.0.8\",\"optional\":true},{\"id\":\"paketo-buildpacks/go-mod-vendor\",\"version\":\"1.0.29\"},{\"id\":\"paketo-buildpacks/go-build\",\"version\":\"2.2.1\"},{\"id\":\"paketo-buildpacks/procfile\",\"version\":\"5.6.9\",\"optional\":true},{\"id\":\"paketo-buildpacks/environment-variables\",\"version\":\"4.5.7\",\"optional\":true},{\"id\":\"paketo-buildpacks/image-labels\",\"version\":\"4.5.6\",\"optional\":true}]},{\"group\":[{\"id\":\"paketo-buildpacks/ca-certificates\",\"version\":\"3.6.8\",\"optional\":true},{\"id\":\"paketo-buildpacks/watchexec\",\"version\":\"2.9.0\",\"optional\":true},{\"id\":\"paketo-buildpacks/go-dist\",\"version\":\"2.5.0\"},{\"id\":\"paketo-buildpacks/git\",\"version\":\"1.0.8\",\"optional\":true},{\"id\":\"paketo-buildpacks/go-build\",\"version\":\"2.2.1\"},{\"id\":\"paketo-buildpacks/procfile\",\"version\":\"5.6.9\",\"optional\":true},{\"id\":\"paketo-buildpacks/environment-variables\",\"version\":\"4.5.7\",\"optional\":true},{\"id\":\"paketo-buildpacks/image-labels\",\"version\":\"4.5.6\",\"optional\":true}]}],\"layerDiffID\":\"sha256:2ec8f81c22571d87e08661397d7730512dbdf07633600737670c6e7c11f570eb\",\"homepage\":\"https://github.com/paketo-buildpacks/go\",\"name\":\"Paketo Buildpack for Go\"}},\"paketo-buildpacks/go-build\":{\"2.2.1\":{\"api\":\"0.7\",\"stacks\":[{\"id\":\"*\"}],\"layerDiffID\":\"sha256:3a0f933f9674883fd4084f87b80a80c05a6f6b3511d3228e691f2599f739e739\",\"homepage\":\"https://github.com/paketo-buildpacks/go-build\",\"name\":\"Paketo Buildpack for Go Build\"}},\"paketo-buildpacks/go-dist\":{\"2.5.0\":{\"api\":\"0.7\",\"stacks\":[{\"id\":\"*\"}],\"layerDiffID\":\"sha256:a94c29266296206148cd3848a14ab0f4bcca92ce87d4777b4072ce9cfb2d3ba8\",\"homepage\":\"https://github.com/paketo-buildpacks/go-dist\",\"name\":\"Paketo Buildpack for Go Distribution\"}},\"paketo-buildpacks/go-mod-vendor\":{\"1.0.29\":{\"api\":\"0.7\",\"stacks\":[{\"id\":\"*\"}],\"layerDiffID\":\"sha256:4c32f7998f4ec07ea0155fc67dc3f53ce9365480455e133da7a5574b2d183148\",\"homepage\":\"https://github.com/paketo-buildpacks/go-mod-vendor\",\"name\":\"Paketo Buildpack for Go Mod Vendor\"}},\"paketo-buildpacks/google-stackdriver\":{\"9.0.2\":{\"api\":\"0.7\",\"stacks\":[{\"id\":\"*\"}],\"layerDiffID\":\"sha256:512b942472cb3eecaa64936e7dac6216810c3bf987184aa87607e14695e4939c\",\"homepage\":\"https://github.com/paketo-buildpacks/google-stackdriver\",\"name\":\"Paketo Buildpack for Google Stackdriver\"}},\"paketo-buildpacks/gradle\":{\"7.11.0\":{\"api\":\"0.7\",\"stacks\":[{\"id\":\"io.buildpacks.stacks.bionic\"},{\"id\":\"io.paketo.stacks.tiny\"},{\"id\":\"*\"}],\"targets\":[{\"os\":\"linux\",\"arch\":\"amd64\"},{\"os\":\"linux\",\"arch\":\"arm64\"}],\"layerDiffID\":\"sha256:0f39b113bff6d8f95bbbaf284970ebc4c83fe701a5722f574ecbd61db0fe1437\",\"homepage\":\"https://github.com/paketo-buildpacks/gradle\",\"name\":\"Paketo Buildpack for Gradle\"}},\"paketo-buildpacks/httpd\":{\"0.7.19\":{\"api\":\"0.7\",\"stacks\":[{\"id\":\"io.buildpacks.stacks.bionic\"},{\"id\":\"io.buildpacks.stacks.jammy\"}],\"layerDiffID\":\"sha256:cad5cb4e12946caf76bce22db7870a697ee23db85b910f36b1b26b2f39086709\",\"homepage\":\"https://github.com/paketo-buildpacks/httpd\",\"name\":\"Paketo Buildpack for Apache HTTP Server\"}},\"paketo-buildpacks/icu\":{\"0.7.11\":{\"api\":\"0.8\",\"stacks\":[{\"id\":\"io.buildpacks.stacks.bionic\"},{\"id\":\"io.buildpacks.stacks.jammy\"}],\"layerDiffID\":\"sha256:b0ed34c30607a8f8a54b96c3e72b7df892625c92e8df992408a219f7b2be9002\",\"homepage\":\"https://github.com/paketo-buildpacks/icu\",\"name\":\"Paketo Buildpack for ICU\"}},\"paketo-buildpacks/image-labels\":{\"4.5.5\":{\"api\":\"0.7\",\"stacks\":[{\"id\":\"io.buildpacks.stacks.bionic\"},{\"id\":\"io.paketo.stacks.tiny\"},{\"id\":\"*\"}],\"layerDiffID\":\"sha256:8c583593b549c46a53a13afe8c4a01200970cbcb8ee35526697d079232570456\",\"homepage\":\"https://github.com/paketo-buildpacks/image-labels\",\"name\":\"Paketo Buildpack for Image Labels\"},\"4.5.6\":{\"api\":\"0.7\",\"stacks\":[{\"id\":\"io.buildpacks.stacks.bionic\"},{\"id\":\"io.paketo.stacks.tiny\"},{\"id\":\"*\"}],\"layerDiffID\":\"sha256:7d19ab799120b2dc9b62d128ddd055d1125fe33ba18ca84ad78ace6c5694afd3\",\"homepage\":\"https://github.com/paketo-buildpacks/image-labels\",\"name\":\"Paketo Buildpack for Image Labels\"},\"4.6.0\":{\"api\":\"0.7\",\"stacks\":[{\"id\":\"io.buildpacks.stacks.bionic\"},{\"id\":\"io.paketo.stacks.tiny\"},{\"id\":\"*\"}],\"targets\":[{\"os\":\"linux\",\"arch\":\"amd64\"},{\"os\":\"linux\",\"arch\":\"arm64\"}],\"layerDiffID\":\"sha256:fcd6c320b55e00d201cd4bf8e4153fe07ebc6c252c560d77cea4ab7072"
21:45:35.352 [Test worker] DEBUG com.github.dockerjava.zerodep.shaded.org.apache.hc.client5.http.wire - http-outgoing-0 << "04cfc4\",\"homepage\":\"https://github.com/paketo-buildpacks/image-labels\",\"name\":\"Paketo Buildpack for Image Labels\"},\"4.7.0\":{\"api\":\"0.7\",\"stacks\":[{\"id\":\"io.buildpacks.stacks.bionic\"},{\"id\":\"io.paketo.stacks.tiny\"},{\"id\":\"*\"}],\"targets\":[{\"os\":\"linux\",\"arch\":\"amd64\"},{\"os\":\"linux\",\"arch\":\"arm64\"}],\"layerDiffID\":\"sha256:5aa968168d1e702fd12aad5029f741fef539cf918280b58ffc01f32c587ec508\",\"homepage\":\"https://github.com/paketo-buildpacks/image-labels\",\"name\":\"Paketo Buildpack for Image Labels\"}},\"paketo-buildpacks/jattach\":{\"1.8.0\":{\"api\":\"0.7\",\"stacks\":[{\"id\":\"*\"}],\"targets\":[{\"os\":\"linux\",\"arch\":\"amd64\"},{\"os\":\"linux\",\"arch\":\"arm64\"}],\"layerDiffID\":\"sha256:66d1850a00008a29204828a2a15b24bbe623df35c124d3a27a35c40a2e284f4d\",\"homepage\":\"https://github.com/paketo-buildpacks/jattach\",\"name\":\"Paketo Buildpack for JAttach\"}},\"paketo-buildpacks/java\":{\"14.1.0\":{\"api\":\"0.7\",\"order\":[{\"group\":[{\"id\":\"paketo-buildpacks/ca-certificates\",\"version\":\"3.8.0\",\"optional\":true},{\"id\":\"paketo-buildpacks/bellsoft-liberica\",\"version\":\"10.8.0\"},{\""
21:45:35.352 [Test worker] DEBUG com.github.dockerjava.zerodep.shaded.org.apache.hc.client5.http.wire - http-outgoing-0 << "[\r][\n]"
21:45:35.352 [Test worker] DEBUG com.github.dockerjava.zerodep.shaded.org.apache.hc.client5.http.wire - http-outgoing-0 << "8000[\r][\n]"
21:45:35.353 [Test worker] DEBUG com.github.dockerjava.zerodep.shaded.org.apache.hc.client5.http.wire - http-outgoing-0 << "id\":\"paketo-buildpacks/yarn\",\"version\":\"1.3.2\",\"optional\":true},{\"id\":\"paketo-buildpacks/node-engine\",\"version\":\"3.2.2\",\"optional\":true},{\"id\":\"paketo-buildpacks/syft\",\"version\":\"1.47.0\",\"optional\":true},{\"id\":\"paketo-buildpacks/leiningen\",\"version\":\"4.9.0\",\"optional\":true},{\"id\":\"paketo-buildpacks/clojure-tools\",\"version\":\"2.10.0\",\"optional\":true},{\"id\":\"paketo-buildpacks/gradle\",\"version\":\"7.11.0\",\"optional\":true},{\"id\":\"paketo-buildpacks/maven\",\"version\":\"6.17.0\",\"optional\":true},{\"id\":\"paketo-buildpacks/sbt\",\"version\":\"6.15.0\",\"optional\":true},{\"id\":\"paketo-buildpacks/watchexec\",\"version\":\"3.2.0\",\"optional\":true},{\"id\":\"paketo-buildpacks/executable-jar\",\"version\":\"6.10.0\",\"optional\":true},{\"id\":\"paketo-buildpacks/apache-tomcat\",\"version\":\"8.1.0\",\"optional\":true},{\"id\":\"paketo-buildpacks/apache-tomee\",\"version\":\"1.10.0\",\"optional\":true},{\"id\":\"paketo-buildpacks/liberty\",\"version\":\"4.2.0\",\"optional\":true},{\"id\":\"paketo-buildpacks/dist-zip\",\"version\":\"5.8.0\",\"optional\":true},{\"id\":\"paketo-buildpacks/spring-boot\",\"version\":\"5.30.0\",\"optional\":true},{\"id\":\"paketo-buildpacks/procfile\",\"version\":\"5.9.0\",\"optional\":true},{\"id\":\"paketo-buildpacks/jattach\",\"version\":\"1.8.0\",\"optional\":true},{\"id\":\"paketo-buildpacks/azure-application-insights\",\"version\":\"5.21.0\",\"optional\":true},{\"id\":\"paketo-buildpacks/google-stackdriver\",\"version\":\"9.0.2\",\"optional\":true},{\"id\":\"paketo-buildpacks/datadog\",\"version\":\"5.13.0\",\"optional\":true},{\"id\":\"paketo-buildpacks/java-memory-assistant\",\"version\":\"1.6.0\",\"optional\":true},{\"id\":\"paketo-buildpacks/encrypt-at-rest\",\"version\":\"4.7.0\",\"optional\":true},{\"id\":\"paketo-buildpacks/environment-variables\",\"version\":\"4.7.0\",\"optional\":true},{\"id\":\"paketo-buildpacks/image-labels\",\"version\":\"4.7.0\",\"optional\":true}]}],\"layerDiffID\":\"sha256:0fb2fdcda9cc87e62811efefaba94828e7140992a4f9a307b503f58f0a328a68\",\"homepage\":\"https://paketo.io/docs/howto/java\",\"name\":\"Paketo Buildpack for Java\"}},\"paketo-buildpacks/java-memory-assistant\":{\"1.6.0\":{\"api\":\"0.7\",\"stacks\":[{\"id\":\"io.buildpacks.stacks.bionic\"},{\"id\":\"io.paketo.stacks.tiny\"},{\"id\":\"*\"}],\"targets\":[{\"os\":\"linux\",\"arch\":\"amd64\"},{\"os\":\"linux\",\"arch\":\"arm64\"}],\"layerDiffID\":\"sha256:8e28674fcfb9945906910ea1273383b8687fc6297529a6713beabf21943d08db\",\"homepage\":\"https://github.com/paketo-buildpacks/java-memory-assistant\",\"name\":\"Paketo Buildpack for Java Memory Assistant\"}},\"paketo-buildpacks/java-native-image\":{\"9.5.0\":{\"api\":\"0.7\",\"order\":[{\"group\":[{\"id\":\"paketo-buildpacks/ca-certificates\",\"version\":\"3.8.0\",\"optional\":true},{\"id\":\"paketo-buildpacks/upx\",\"version\":\"3.6.0\",\"optional\":true},{\"id\":\"paketo-buildpacks/bellsoft-liberica\",\"version\":\"10.8.0\"},{\"id\":\"paketo-buildpacks/syft\",\"version\":\"1.47.0\",\"optional\":true},{\"id\":\"paketo-buildpacks/leiningen\",\"version\":\"4.9.0\",\"optional\":true},{\"id\":\"paketo-buildpacks/gradle\",\"version\":\"7.11.0\",\"optional\":true},{\"id\":\"paketo-buildpacks/maven\",\"version\":\"6.17.0\",\"optional\":true},{\"id\":\"paketo-buildpacks/sbt\",\"version\":\"6.15.0\",\"optional\":true},{\"id\":\"paketo-buildpacks/executable-jar\",\"version\":\"6.10.0\",\"optional\":true},{\"id\":\"paketo-buildpacks/spring-boot\",\"version\":\"5.30.0\",\"optional\":true},{\"id\":\"paketo-buildpacks/datadog\",\"version\":\"5.13.0\",\"optional\":true},{\"id\":\"paketo-buildpacks/native-image\",\"version\":\"5.14.0\"},{\"id\":\"paketo-buildpacks/procfile\",\"version\":\"5.9.0\",\"optional\":true},{\"id\":\"paketo-buildpacks/environment-variables\",\"version\":\"4.7.0\",\"optional\":true},{\"id\":\"paketo-buildpacks/image-labels\",\"version\":\"4.7.0\",\"optional\":true}]}],\"layerDiffID\":\"sha256:0873b34124d669bc9fe6732254d6bb124ea1c2efec506cfff3401edd209cbb71\",\"homepage\":\"https://paketo.io/docs/howto/java/#build-an-app-as-a-graalvm-native-image-application\",\"name\":\"Paketo Buildpack for Java Native Image\"}},\"paketo-buildpacks/leiningen\":{\"4.9.0\":{\"api\":\"0.7\",\"stacks\":[{\"id\":\"io.buildpacks.stacks.bionic\"},{\"id\":\"io.paketo.stacks.tiny\"},{\"id\":\"*\"}],\"targets\":[{\"os\":\"linux\",\"arch\":\"amd64\"},{\"os\":\"linux\",\"arch\":\"arm64\"}],\"layerDiffID\":\"sha256:635eaae683eb2421005ac578dd214cee48cc87014e39a94415f847da600c8697\",\"homepage\":\"https://github.com/paketo-buildpacks/leiningen\",\"name\":\"Paketo Buildpack for Leiningen\"}},\"paketo-buildpacks/liberty\":{\"4.2.0\":{\"api\":\"0.7\",\"stacks\":[{\"id\":\"*\"}],\"targets\":[{\"os\":\"linux\",\"arch\":\"amd64\"},{\"os\":\"linux\",\"arch\":\"arm64\"}],\"layerDiffID\":\"sha256:0a8edaef32bdcbc174fe225041128a28950442d54999e9a08ac9140d93d27a22\",\"homepage\":\"https://github.com/paketo-buildpacks/liberty\",\"name\":\"Paketo Buildpack for Liberty\"}},\"paketo-buildpacks/maven\":{\"6.17.0\":{\"api\":\"0.7\",\"stacks\":[{\"id\":\"io.buildpacks.stacks.bionic\"},{\"id\":\"io.paketo.stacks.tiny\"},{\"id\":\"*\"}],\"targets\":[{\"os\":\"linux\",\"arch\":\"amd64\"},{\"os\":\"linux\",\"arch\":\"arm64\"}],\"layerDiffID\":\"sha256:e6b711384a676bee69fcbf64ac50c3067b8ef1d13bb106a670438bf96a459d2a\",\"homepage\":\"https://github.com/paketo-buildpacks/maven\",\"name\":\"Paketo Buildpack for Maven\"}},\"paketo-buildpacks/miniconda\":{\"0.10.0\":{\"api\":\"0.7\",\"stacks\":[{\"id\":\"*\"}],\"layerDiffID\":\"sha256:d6561e9fc7a14071bb957d4a474118022a93f04311ed102caca2c596bd6bce54\",\"name\":\"Paketo Buildpack for Miniconda\"}},\"paketo-buildpacks/mri\":{\"0.17.1\":{\"api\":\"0.7\",\"stacks\":[{\"id\":\"io.buildpacks.stacks.bionic\"},{\"id\":\"io.buildpacks.stacks.jammy\"}],\"layerDiffID\":\"sha256:e62ad609202274d84b9060d2da436e76cdaaaf408ac9b85ef34454dfcc9d3caa\",\"homepage\":\"https://github.com/paketo-buildpacks/mri\",\"name\":\"Paketo Buildpack for MRI\"}},\"paketo-buildpacks/native-image\":{\"5.14.0\":{\"api\":\"0.7\",\"stacks\":[{\"id\":\"*\"}],\"targets\":[{\"os\":\"linux\",\"arch\":\"amd64\"},{\"os\":\"linux\",\"arch\":\"arm64\"}],\"layerDiffID\":\"sha256:980222375119bcfa95a666ce18b5b130c317d2dae2af694257deb08147f04171\",\"homepage\":\"https://github.com/paketo-buildpacks/native-image\",\"name\":\"Paketo Buildpack for Native Image\"}},\"paketo-buildpacks/nginx\":{\"0.16.0\":{\"api\":\"0.7\",\"stacks\":[{\"id\":\"io.buildpacks.stacks.bionic\"},{\"id\":\"io.buildpacks.stacks.jammy\"}],\"layerDiffID\":\"sha256:3ce9fa59847df2bfc4cfaab79af96d4450f31aaf4cc5cae549237159aea2a9f5\",\"homepage\":\"https://github.com/paketo-buildpacks/nginx\",\"name\":\"Paketo Buildpack for Nginx Server\"}},\"paketo-buildpacks/node-engine\":{\"3.2.1\":{\"api\":\"0.7\",\"stacks\":[{\"id\":\"io.buildpacks.stacks.bionic\"},{\"id\":\"io.buildpacks.stacks.jammy\"},{\"id\":\"*\"}],\"layerDiffID\":\"sha256:0a7e04dd72872490"
21:45:35.354 [Test worker] DEBUG com.github.dockerjava.zerodep.shaded.org.apache.hc.client5.http.wire - http-outgoing-0 << "42afb9800ec74d387d84b3a545db352198583edc9382d746\",\"homepage\":\"https://github.com/paketo-buildpacks/node-engine\",\"name\":\"Paketo Buildpack for Node Engine\"},\"3.2.2\":{\"api\":\"0.7\",\"stacks\":[{\"id\":\"io.buildpacks.stacks.bionic\"},{\"id\":\"io.buildpacks.stacks.jammy\"},{\"id\":\"*\"}],\"layerDiffID\":\"sha256:cee93558ce3631d46031f5de6a8b228b1291a57e2da1d258b4b32340e280ba52\",\"homepage\":\"https://github.com/paketo-buildpacks/node-engine\",\"name\":\"Paketo Buildpack for Node Engine\"}},\"paketo-buildpacks/node-run-script\":{\"1.0.16\":{\"api\":\"0.7\",\"stacks\":[{\"id\":\"*\"}],\"layerDiffID\":\"sha256:d1c48ce101423e074aef2cf36e2c9e11659a8e6c5213e5b8807818d1a9e4d75b\",\"homepage\":\"https://github.com/paketo-buildpacks/node-run-script\",\"name\":\"Paketo Buildpack for Node Run Script\"}},\"paketo-buildpacks/node-start\":{\"1.1.5\":{\"api\":\"0.7\",\"stacks\":[{\"id\":\"*\"}],\"layerDiffID\":\"sha256:883c245db5248900d88b37f452396711ed3eef7a3e29cb2f51ced296baf04f61\",\"homepage\":\"https://github.com/paketo-buildpacks/node-start\",\"name\":\"Paketo Buildpack for Node Start\"}},\"paketo-buildpacks/nodejs\":{\"2.2.0\":{\"api\":\"0.7\",\"order\":[{\"group\":[{\"id\":\"paketo-buildpacks/ca-certificates\",\"version\":\"3.6.7\",\"optional\":true},{\"id\":\"paketo-buildpacks/watchexec\",\"version\":\"2.8.7\",\"optional\":true},{\"id\":\"paketo-buildpacks/node-engine\",\"version\":\"3.2.1\"},{\"id\":\"paketo-buildpacks/yarn\",\"version\":\"1.3.2\"},{\"id\":\"paketo-buildpacks/yarn-install\",\"version\":\"1.3.2\"},{\"id\":\"paketo-buildpacks/node-run-script\",\"version\":\"1.0.16\",\"optional\":true},{\"id\":\"paketo-buildpacks/node-start\",\"version\":\"1.1.5\",\"optional\":true},{\"id\":\"paketo-buildpacks/yarn-start\",\"version\":\"1.2.2\",\"optional\":true},{\"id\":\"paketo-buildpacks/procfile\",\"version\":\"5.6.8\",\"optional\":true},{\"id\":\"paketo-buildpacks/datadog\",\"version\":\"3.6.0\",\"optional\":true},{\"id\":\"paketo-buildpacks/environment-variables\",\"version\":\"4.5.6\",\"optional\":true},{\"id\":\"paketo-buildpacks/image-labels\",\"version\":\"4.5.5\",\"optional\":true}]},{\"group\":[{\"id\":\"paketo-buildpacks/ca-certificates\",\"version\":\"3.6.7\",\"optional\":true},{\"id\":\"paketo-buildpacks/watchexec\",\"version\":\"2.8.7\",\"optional\":true},{\"id\":\"paketo-buildpacks/node-engine\",\"version\":\"3.2.1\"},{\"id\":\"paketo-buildpacks/npm-install\",\"version\":\"1.4.0\"},{\"id\":\"paketo-buildpacks/node-run-script\",\"version\":\"1.0.16\",\"optional\":true},{\"id\":\"paketo-buildpacks/node-start\",\"version\":\"1.1.5\",\"optional\":true},{\"id\":\"paketo-buildpacks/npm-start\",\"version\":\"1.0.17\",\"optional\":true},{\"id\":\"paketo-buildpacks/procfile\",\"version\":\"5.6.8\",\"optional\":true},{\"id\":\"paketo-buildpacks/datadog\",\"version\":\"3.6.0\",\"optional\":true},{\"id\":\"paketo-buildpacks/environment-variables\",\"version\":\"4.5.6\",\"optional\":true},{\"id\":\"paketo-buildpacks/image-labels\",\"version\":\"4.5.5\",\"optional\":true}]},{\"group\":[{\"id\":\"paketo-buildpacks/ca-certificates\",\"version\":\"3.6.7\",\"optional\":true},{\"id\":\"paketo-buildpacks/watchexec\",\"version\":\"2.8.7\",\"optional\":true},{\"id\":\"paketo-buildpacks/node-engine\",\"version\":\"3.2.1\"},{\"id\":\"paketo-buildpacks/node-start\",\"version\":\"1.1.5\"},{\"id\":\"paketo-buildpacks/procfile\",\"version\":\"5.6.8\",\"optional\":true},{\"id\":\"paketo-buildpacks/datadog\",\"version\":\"3.6.0\",\"optional\":true},{\"id\":\"paketo-buildpacks/environment-variables\",\"version\":\"4.5.6\",\"optional\":true},{\"id\":\"paketo-buildpacks/image-labels\",\"version\":\"4.5.5\",\"optional\":true}]}],\"layerDiffID\":\"sha256:ccd1532a8ffaf1fd3bc324e3a28c11b103e849b948b6a2b256fc95072afbaaaa\",\"homepage\":\"https://github.com/paketo-buildpacks/nodejs\",\"name\":\"Paketo Buildpack for Node.js\"}},\"paketo-buildpacks/npm-install\":{\"1.4.0\":{\"api\":\"0.7\",\"stacks\":[{\"id\":\"*\"}],\"layerDiffID\":\"sha256:e569e1a58ac29627361bf91bcd623b082d08a628d055407dc0d4830495c6f258\",\"homepage\":\"https://github.com/paketo-buildpacks/npm-install\",\"name\":\"Paketo Buildpack for NPM Install\"}},\"paketo-buildpacks/npm-start\":{\"1.0.17\":{\"api\":\"0.7\",\"stacks\":[{\"id\":\"*\"}],\"layerDiffID\":\"sha256:6b30f1406258da7040bbf59d9845a29a700c80e71ba96902efda85f6ee2b9bdc\",\"homepage\":\"https://github.com/paketo-buildpacks/npm-start\",\"name\":\"Paketo Buildpack for NPM Start\"}},\"paketo-buildpacks/passenger\":{\"0.14.3\":{\"api\":\"0.7\",\"stacks\":[{\"id\":\"io.buildpacks.stacks.bionic\"},{\"id\":\"io.buildpacks.stacks.jammy\"}],\"layerDiffID\":\"sha256:d53115fdd434941476c694d4594c2f186cea626970b25a56a469dc4ff7728e60\",\"homepage\":\"https://github.com/paketo-buildpacks/passenger\",\"name\":\"Paketo Buildpack for Passenger\"}},\"paketo-buildpacks/pip\":{\"0.20.1\":{\"api\":\"0.7\",\"stacks\":[{\"id\":\"*\"}],\"layerDiffID\":\"sha256:a6dcaca7d3cf2aeadd5b497435e6d3ea25e3ae961c2849a95dbcd16254421194\",\"name\":\"Paketo Buildpack for Pip\"}},\"paketo-buildpacks/pip-install\":{\"0.6.1\":{\"api\":\"0.7\",\"stacks\":[{\"id\":\"*\"}],\"layerDiffID\":\"sha256:6cdacb684be60886cb3d94b41680f8f6de5c6d4027ba39bef383753207dcf29b\",\"name\":\"Paketo Buildpack for Pip Install\"}},\"paketo-buildpacks/pipenv\":{\"1.21.0\":{\"api\":\"0.7\",\"stacks\":[{\"id\":\"*\"}],\"layerDiffID\":\"sha256:966f7325a77def4f75e22f92db2a19fc9db10e8cb046a5fe55e739c68e5f0c64\",\"name\":\"Paketo Buildpack for Pipenv\"}},\"paketo-buildpacks/pipenv-install\":{\"0.6.19\":{\"api\":\"0.7\",\"stacks\":[{\"id\":\"*\"}],\"layerDiffID\":\"sha256:de3ac31a5c8420983a6044708b47bdb6e172899400b6d70a3f3b63354a70f489\",\"name\":\"Paketo Buildpack for Pipenv Install\"}},\"paketo-buildpacks/poetry\":{\"0.9.0\":{\"api\":\"0.7\",\"stacks\":[{\"id\":\"*\"}],\"layerDiffID\":\"sha256:e05e1aaab036cc724ff9dd1d42a978762824e90cd55b258f941c623b134a0c1d\",\"name\":\"Paketo Buildpack for Poetry\"}},\"paketo-buildpacks/poetry-install\":{\"0.3.19\":{\"api\":\"0.7\",\"stacks\":[{\"id\":\"*\"}],\"layerDiffID\":\"sha256:5a7829fef35187712b99a488b10d7c14203bac804b3a1dcf8f3ff803e5dfa4b9\",\"name\":\"Paketo Buildpack for Poetry Install\"}},\"paketo-buildpacks/poetry-run\":{\"0.4.22\":{\"api\":\"0.8\",\"stacks\":[{\"id\":\"*\"}],\"layerDiffID\":\"sha256:a549b9568af3af9bc69d1366a3b45bdc0ced7e8f0ec7c9466824eb0952aff77c\",\"name\":\"Paketo Buildpack for Poetry Run\"}},\"paketo-buildpacks/procfile\":{\"5.6.8\":{\"api\":\"0.7\",\"stacks\":[{\"id\":\"*\"}],\"layerDiffID\":\"sha256:7ed29173481c523f069fd9d4ca8a168733a161a2c45660423afb1bd9ada3545a\",\"homepage\":\"https://github.com/paketo-buildpacks/procfile\",\"name\":\"Paketo Buildpack for Procfile\"},\"5.6.9\":{\"api\":\"0.7\",\"stacks\":[{\"id\":\"*\"}],\"layerDiffID\":\"sha256:dc56a8f75d233007cccc9774f825a4aedd718c97355ac2b6ef048ca1847ea50e\",\"homepage\":\"https://github.com/paketo-buildpacks/procfile\",\"name\":\"Paketo Buildpack for Procfile\"},\"5.8.0\":{\"api\":\"0.7\",\"stacks\":[{\"id\":\"*\"}],\"targets\":[{\"os\":\"linux\",\"arch\":\"amd64\"},{\"os\":\"linux\",\"arch\":\"arm64\"}],\"layerDiffID\":\"sha256:29902f3e5d0042912c7688d9c78ea8789068cdc3f8da5a5bfad2395d575a0225\",\"homepage\":\"https://github.com/paketo-buildpacks/procfile\",\"name\":\"Paketo Buildpack for Procfile\"},\"5.9.0\":{\"api\":\"0.7\",\"stacks\":[{\"id\":\"*\"}],\"targets\":[{\"os\":\"linux\",\"arch\":\"amd64\"},{\"os\":\"linux\",\"arch\":\"arm64\"}],\"layerDiffID\":\"sha256:2a5d0067dc311066de4df12e2c9e53eb95df78fd68221ac3c5bf7472ff7a97fb\",\"homepage\":\"https://github.com/paketo-buildpacks/procfile\",\"name\":\"Paketo Buildpack for Procfile\"}},\"paketo-buildpacks/puma\":{\"0.4.43\":{\"api\":\"0.7\",\"stacks\":[{\"id\":\"*\"}],\"layerDiffID\":\"sha256:3a3edf7539558b71118f291911202e716c5f7bf11e4bd01e25417d0997b8668d\",\"homepage\":\"https://github.com/paketo-buildpacks/puma\",\"name\":\"Paketo Buildpack for Puma\"}},\"paketo-buildpacks/python\":{\"2.19.0\":{\"api\":\"0.8\",\"order\":[{\"group\":[{"
21:45:35.354 [Test worker] DEBUG com.github.dockerjava.zerodep.shaded.org.apache.hc.client5.http.wire - http-outgoing-0 << "\"id\":\"paketo-buildpacks/ca-certificates\",\"version\":\"3.7.0\",\"optional\":true},{\"id\":\"paketo-buildpacks/watchexec\",\"version\":\"3.1.2\",\"optional\":true},{\"id\":\"paketo-buildpacks/cpython\",\"version\":\"1.13.0\"},{\"id\":\"paketo-buildpacks/pip\",\"version\":\"0.20.1\"},{\"id\":\"paketo-buildpacks/pipenv\",\"version\":\"1.21.0\"},{\"id\":\"paketo-buildpacks/pipenv-install\",\"version\":\"0.6.19\"},{\"id\":\"paketo-buildpacks/python-start\",\"version\":\"0.14.15\"},{\"id\":\"paketo-buildpacks/procfile\",\"version\":\"5.8.0\",\"optional\":true},{\"id\":\"paketo-buildpacks/environment-variables\",\"version\":\"4.6.0\",\"optional\":true},{\"id\":\"paketo-buildpacks/image-labels\",\"version\":\"4.6.0\",\"optional\":true}]},{\"group\":[{\"id\":\"paketo-buildpacks/ca-certificates\",\"version\":\"3.7.0\",\"optional\":true},{\"id\":\"paketo-buildpacks/watchexec\",\"version\":\"3.1.2\",\"optional\":true},{\"id\":\"paketo-buildpacks/cpython\",\"version\":\"1.13.0\"},{\"id\":\"paketo-buildpacks/pip\",\"version\":\"0.20.1\"},{\"id\":\"paketo-buildpacks/pip-install\",\"version\":\"0.6.1\"},{\"id\":\"paketo-buildpacks/python-start\",\"version\":\"0.14.15\"},{\"id\":\"paketo-buildpacks/procfile\",\"version\":\"5.8.0\",\"optional\":true},{\"id\":\"paketo-buildpacks/environment-variables\",\"version\":\"4.6.0\",\"optional\":true},{\"id\":\"paketo-buildpacks/image-labels\",\"version\":\"4.6.0\",\"optional\":true}]},{\"group\":[{\"id\":\"paketo-buildpacks/ca-certificates\",\"version\":\"3.7.0\",\"optional\":true},{\"id\":\"paketo-buildpacks/watchexec\",\"version\":\"3.1.2\",\"optional\":true},{\"id\":\"paketo-buildpacks/miniconda\",\"version\":\"0.10.0\"},{\"id\":\"paketo-buildpacks/conda-env-update\",\"version\":\"0.7.13\"},{\"id\":\"paketo-buildpacks/python-start\",\"version\":\"0.14.15\"},{\"id\":\"paketo-buildpacks/procfile\",\"version\":\"5.8.0\",\"optional\":true},{\"id\":\"paketo-buildpacks/environment-variables\",\"version\":\"4.6.0\",\"optional\":true},{\"id\":\"paketo-buildpacks/image-labels\",\"version\":\"4.6.0\",\"optional\":true}]},{\"group\":[{\"id\":\"paketo-buildpacks/ca-certificates\",\"version\":\"3.7.0\",\"optional\":true},{\"id\":\"paketo-buildpacks/watchexec\",\"version\":\"3.1.2\",\"optional\":true},{\"id\":\"paketo-buildpacks/cpython\",\"version\":\"1.13.0\"},{\"id\":\"paketo-buildpacks/pip\",\"version\":\"0.20.1\"},{\"id\":\"paketo-buildpacks/poetry\",\"version\":\"0.9.0\"},{\"id\":\"paketo-buildpacks/poetry-install\",\"version\":\"0.3.19\"},{\"id\":\"paketo-buildpacks/poetry-run\",\"version\":\"0.4.22\"},{\"id\":\"paketo-buildpacks/procfile\",\"version\":\"5.8.0\",\"optional\":true},{\"id\":\"paketo-buildpacks/environment-variables\",\"version\":\"4.6.0\",\"optional\":true},{\"id\":\"paketo-buildpacks/image-labels\",\"version\":\"4.6.0\",\"optional\":true}]},{\"group\":[{\"id\":\"paketo-buildpacks/ca-certificates\",\"version\":\"3.7.0\",\"optional\":true},{\"id\":\"paketo-buildpacks/watchexec\",\"version\":\"3.1.2\",\"optional\":true},{\"id\":\"paketo-buildpacks/cpython\",\"version\":\"1.13.0\"},{\"id\":\"paketo-buildpacks/pip\",\"version\":\"0.20.1\"},{\"id\":\"paketo-buildpacks/poetry\",\"version\":\"0.9.0\"},{\"id\":\"paketo-buildpacks/poetry-install\",\"version\":\"0.3.19\"},{\"id\":\"paketo-buildpacks/python-start\",\"version\":\"0.14.15\"},{\"id\":\"paketo-buildpacks/procfile\",\"version\":\"5.8.0\",\"optional\":true},{\"id\":\"paketo-buildpacks/environment-variables\",\"version\":\"4.6.0\",\"optional\":true},{\"id\":\"paketo-buildpacks/image-labels\",\"version\":\"4.6.0\",\"optional\":true}]},{\"group\":[{\"id\":\"paketo-buildpacks/ca-certificates\",\"version\":\"3.7.0\",\"optional\":true},{\"id\":\"paketo-buildpacks/watchexec\",\"version\":\"3.1.2\",\"optional\":true},{\"id\":\"paketo-buildpacks/cpython\",\"version\":\"1.13.0\"},{\"id\":\"paketo-buildpacks/python-start\",\"version\":\"0.14.15\"},{\"id\":\"paketo-buildpacks/procfile\",\"version\":\"5.8.0\",\"optional\":true},{\"id\":\"paketo-buildpacks/environment-variables\",\"version\":\"4.6.0\",\"optional\":true},{\"id\":\"paketo-buildpacks/image-labels\",\"version\":\"4.6.0\",\"optional\":true}]}],\"layerDiffID\":\"sha256:80ada522d0b5a8e2bc6b95639dda4888c8265b27a082666ad0b34255d2f77c16\",\"name\":\"Paketo Buildpack for Python\"}},\"paketo-buildpacks/python-start\":{\"0.14.15\":{\"api\":\"0.8\",\"stacks\":[{\"id\":\"*\"}],\"layerDiffID\":\"sha256:fa27d532466a9b49c9d9f23c2c6449a5378407bc93a6891e1b646f5c7e26708d\",\"homepage\":\"https://github.com/paketo-buildpacks/python-start\",\"name\":\"Paketo Buildpack for Python Start\"}},\"paketo-buildpacks/rackup\":{\"0.4.42\":{\"api\":\"0.7\",\"stacks\":[{\"id\":\"*\"}],\"layerDiffID\":\"sha256:6825b00ff67de246c32117da87972f39ba3b13deb05b66d36bb46390ad26cd07\",\"homepage\":\"https://github.com/paketo-buildpacks/rackup\",\"name\":\"Paketo Buildpack for Rackup\"}},\"paketo-buildpacks/rails-assets\":{\"0.10.12\":{\"api\":\"0.7\",\"stacks\":[{\"id\":\"*\"}],\"layerDiffID\":\"sha256:df116893427d158696803b203c80d1be87f89326ca0515bb54ce09f3e9a60cb2\",\"homepage\":\"https://github.com/paketo-buildpacks/rails-assets\",\"name\":\"Paketo Buildpack for Rails Assets\"}},\"paketo-buildpacks/rake\":{\"0.4.42\":{\"api\":\"0.7\",\"stacks\":[{\"id\":\"*\"}],\"layerDiffID\":\"sha256:daa5c4d91e1d37ad7aa30c0f0ff2f38f757e9a2c3bbb5f85d1dc0f76c77dda17\",\"homepage\":\"https://github.com/paketo-buildpacks/rake\",\"name\":\"Paketo Buildpack for Rake\"}},\"paketo-buildpacks/ruby\":{\"0.46.0\":{\"api\":\"0.7\",\"order\":[{\"group\":[{\"id\":\"paketo-buildpacks/ca-certificates\",\"version\":\"3.8.0\",\"optional\":true},{\"id\":\"paketo-buildpacks/mri\",\"version\":\"0.17.1\"},{\"id\":\"paketo-buildpacks/bundler\",\"version\":\"0.8.10\"},{\"id\":\"paketo-buildpacks/bundle-install\",\"version\":\"0.8.6\"},{\"id\":\"paketo-buildpacks/node-engine\",\"version\":\"3.2.2\",\"optional\":true},{\"id\":\"paketo-buildpacks/yarn\",\"version\":\"1.3.2\",\"optional\":true},{\"id\":\"paketo-buildpacks/yarn-install\",\"version\":\"1.3.2\",\"optional\":true},{\"id\":\"paketo-buildpacks/rails-assets\",\"version\":\"0.10.12\",\"optional\":true},{\"id\":\"paketo-buildpacks/puma\",\"version\":\"0.4.43\"},{\"id\":\"paketo-buildpacks/procfile\",\"version\":\"5.9.0\",\"optional\":true},{\"id\":\"paketo-buildpacks/environment-variables\",\"version\":\"4.7.0\",\"optional\":true},{\"id\":\"paketo-buildpacks/image-labels\",\"version\":\"4.7.0\",\"optional\":true}]},{\"group\":[{\"id\":\"paketo-buildpacks/ca-certificates\",\"version\":\"3.8.0\",\"optional\":true},{\"id\":\"paketo-buildpacks/mri\",\"version\":\"0.17.1\"},{\"id\":\"paketo-buildpacks/bundler\",\"version\":\"0.8.10\"},{\"id\":\"paketo-buildpacks/bundle-install\",\"version\":\"0.8.6\"},{\"id\":\"paketo-buildpacks/node-engine\",\"version\":\"3.2.2\",\"optional\":true},{\"id\":\"paketo-buildpacks/yarn\",\"version\":\"1.3.2\",\"optional\":true},{\"id\":\"paketo-buildpacks/yarn-install\",\"version\":\"1.3.2\",\"optional\":true},{\"id\":\"paketo-buildpacks/rails-assets\",\"version\":\"0.10.12\",\"optional\":true},{\"id\":\"paketo-buildpacks/thin\",\"version\":\"0.5.37\"},{\"id\":\"paketo-buildpacks/procfile\",\"version\":\"5.9.0\",\"optional\":true},{\"id\":\"paketo-buildpacks/environment-variables\",\"version\":\"4.7.0\",\"optional\":true},{\"id\":\"paketo-buildpacks/image-labels\",\"version\":\"4.7.0\",\"optional\":true}]},{\"group\":[{\"id\":\"paketo-buildpacks/ca-certificates\",\"version\":\"3.8.0\",\"optional\":true},{\"id\":\"paketo-buildpacks/mri\",\"version\":\"0.17.1\"},{\"id\":\"paketo-buildpacks/bundler\",\"version\":\"0.8.10\"},{\"id\":\"paketo-buildpacks/bundle-install\",\"version\":\"0.8.6\"},{\"id\":\"paketo-buildpacks/node-engine\",\"version\":\"3.2.2\",\"optional\":true},{\"id\":\"paketo-buildpacks/yarn\",\"version\":\"1.3.2\",\"optional\":true},{\"id\":\"paketo-buildpacks/yarn-install\",\"version\":\"1.3.2\",\"optional\":true},{\"id\":\"paketo-buildpacks/rails-assets\",\"version\":\"0.10.12\",\"optional\":tru"
21:45:35.355 [Test worker] DEBUG com.github.dockerjava.zerodep.shaded.org.apache.hc.client5.http.wire - http-outgoing-0 << "e},{\"id\":\"paketo-buildpacks/unicorn\",\"version\":\"0.4.42\"},{\"id\":\"paketo-buildpacks/procfile\",\"version\":\"5.9.0\",\"optional\":true},{\"id\":\"paketo-buildpacks/environment-variables\",\"version\":\"4.7.0\",\"optional\":true},{\"id\":\"paketo-buildpacks/image-labels\",\"version\":\"4.7.0\",\"optional\":true}]},{\"group\":[{\"id\":\"paketo-buildpacks/ca-certificates\",\"version\":\"3.8.0\",\"optional\":true},{\"id\":\"paketo-buildpacks/mri\",\"version\":\"0.17.1\"},{\"id\":\"paketo-buildpacks/bundler\",\"version\":\"0.8.10\"},{\"id\":\"paketo-buildpacks/bundle-install\",\"version\":\"0.8.6\"},{\"id\":\"paketo-buildpacks/node-engine\",\"version\":\"3.2.2\",\"optional\":true},{\"id\":\"paketo-buildpacks/yarn\",\"version\":\"1.3.2\",\"optional\":true},{\"id\":\"paketo-buildpacks/yarn-install\",\"version\":\"1.3.2\",\"optional\":true},{\"id\":\"paketo-buildpacks/rails-assets\",\"version\":\"0.10.12\",\"optional\":true},{\"id\":\"paketo-buildpacks/passenger\",\"version\":\"0.14.3\"},{\"id\":\"paketo-buildpacks/procfile\",\"version\":\"5.9.0\",\"optional\":true},{\"id\":\"paketo-buildpacks/environment-variables\",\"version\":\"4.7.0\",\"optional\":true},{\"id\":\"paketo-buildpacks/image-labels\",\"version\":\"4.7.0\",\"optional\":true}]},{\"group\":[{\"id\":\"paketo-buildpacks/ca-certificates\",\"version\":\"3.8.0\",\"optional\":true},{\"id\":\"paketo-buildpacks/mri\",\"version\":\"0.17.1\"},{\"id\":\"paketo-buildpacks/bundler\",\"version\":\"0.8.10\"},{\"id\":\"paketo-buildpacks/bundle-install\",\"version\":\"0.8.6\"},{\"id\":\"paketo-buildpacks/node-engine\",\"version\":\"3.2.2\",\"optional\":true},{\"id\":\"paketo-buildpacks/yarn\",\"version\":\"1.3.2\",\"optional\":true},{\"id\":\"paketo-buildpacks/yarn-install\",\"version\":\"1.3.2\",\"optional\":true},{\"id\":\"paketo-buildpacks/rails-assets\",\"version\":\"0.10.12\",\"optional\":true},{\"id\":\"paketo-buildpacks/rackup\",\"version\":\"0.4.42\"},{\"id\":\"paketo-buildpacks/procfile\",\"version\":\"5.9.0\",\"optional\":true},{\"id\":\"paketo-buildpacks/environment-variables\",\"version\":\"4.7.0\",\"optional\":true},{\"id\":\"paketo-buildpacks/image-labels\",\"version\":\"4.7.0\",\"optional\":true}]},{\"group\":[{\"id\":\"paketo-buildpacks/ca-certificates\",\"version\":\"3.8.0\",\"optional\":true},{\"id\":\"paketo-buildpacks/mri\",\"version\":\"0.17.1\"},{\"id\":\"paketo-buildpacks/bundler\",\"version\":\"0.8.10\",\"optional\":true},{\"id\":\"paketo-buildpacks/bundle-install\",\"version\":\"0.8.6\",\"optional\":true},{\"id\":\"paketo-buildpacks/rake\",\"version\":\"0.4.42\"},{\"id\":\"paketo-buildpacks/procfile\",\"version\":\"5.9.0\",\"optional\":true},{\"id\":\"paketo-buildpacks/environment-variables\",\"version\":\"4.7.0\",\"optional\":true},{\"id\":\"paketo-buildpacks/image-labels\",\"version\":\"4.7.0\",\"optional\":true}]}],\"layerDiffID\":\"sha256:89bb8f77ff5d5581d6029947dbca37ce5fb60d539f618ce14a745f16408c8dc8\",\"homepage\":\"https://github.com/paketo-buildpacks/ruby\",\"name\":\"Paketo Buildpack for Ruby\"}},\"paketo-buildpacks/sbt\":{\"6.15.0\":{\"api\":\"0.7\",\"stacks\":[{\"id\":\"io.buildpacks.stacks.bionic\"},{\"id\":\"io.paketo.stacks.tiny\"},{\"id\":\"*\"}],\"targets\":[{\"os\":\"linux\",\"arch\":\"amd64\"},{\"os\":\"linux\",\"arch\":\"arm64\"}],\"layerDiffID\":\"sha256:f4cb2cdf6268320a658a82db1462ff395080b818743f819b504302580412a30d\",\"homepage\":\"https://github.com/paketo-buildpacks/sbt\",\"name\":\"Paketo Buildpack for SBT\"}},\"paketo-buildpacks/source-removal\":{\"0.2.1\":{\"api\":\"0.7\",\"stacks\":[{\"id\":\"*\"}],\"layerDiffID\":\"sha256:c9b2b4846699e199bf3baa9f694c2914da8404ab2278da08576a53ecd11cd608\",\"name\":\"Paketo Buildpack for Source Removal\"}},\"paketo-buildpacks/spring-boot\":{\"5.30.0\":{\"api\":\"0.7\",\"stacks\":[{\"id\":\"io.buildpacks.stacks.bionic\"},{\"id\":\"io.paketo.stacks.tiny\"},{\"id\":\"*\"}],\"targets\":[{\"os\":\"linux\",\"arch\":\"amd64\"},{\"os\":\"linux\",\"arch\":\"arm64\"}],\"layerDiffID\":\"sha256:2e1a06e8edbdef02242f9f9561c25b49f6e3927258fd6a9ba94f33828e729e1b\",\"homepage\":\"https://github.com/paketo-buildpacks/spring-boot\",\"name\":\"Paketo Buildpack for Spring Boot\"}},\"paketo-buildpacks/syft\":{\"1.47.0\":{\"api\":\"0.7\",\"stacks\":[{\"id\":\"*\"}],\"targets\":[{\"os\":\"linux\",\"arch\":\"amd64\"},{\"os\":\"linux\",\"arch\":\"arm64\"}],\"layerDiffID\":\"sha256:b2f411dd4d1d84f3a583b3fa0f7ccfb1bc646e5771257acb6cc71141ab63b24c\",\"homepage\":\"https://github.com/paketo-buildpacks/syft\",\"name\":\"Paketo Buildpack for Syft\"}},\"paketo-buildpacks/thin\":{\"0.5.37\":{\"api\":\"0.7\",\"stacks\":[{\"id\":\"*\"}],\"layerDiffID\":\"sha256:5af39cb08b80879c788f32778ea73b6ec972069b2fbd4e850f679719ce6d3607\",\"homepage\":\"https://github.com/paketo-buildpacks/thin\",\"name\":\"Paketo Buildpack for Thin\"}},\"paketo-buildpacks/unicorn\":{\"0.4.42\":{\"api\":\"0.7\",\"stacks\":[{\"id\":\"*\"}],\"layerDiffID\":\"sha256:768c2d409a2b772d0ab9c3a9bc193c9ac2567ced3c3546fae5c6522b0336158b\",\"homepage\":\"https://github.com/paketo-buildpacks/unicorn\",\"name\":\"Paketo Buildpack for Unicorn\"}},\"paketo-buildpacks/upx\":{\"3.6.0\":{\"api\":\"0.7\",\"stacks\":[{\"id\":\"io.buildpacks.stacks.bionic\"},{\"id\":\"io.paketo.stacks.tiny\"},{\"id\":\"*\"}],\"targets\":[{\"os\":\"linux\",\"arch\":\"amd64\"},{\"os\":\"linux\",\"arch\":\"arm64\"}],\"layerDiffID\":\"sha256:08215ee28d108f6b96ca276bb575ed314364324de9d9a925660a3a93c177d775\",\"homepage\":\"https://github.com/paketo-buildpacks/upx\",\"name\":\"Paketo Buildpack for UPX\"}},\"paketo-buildpacks/vsdbg\":{\"0.3.13\":{\"api\":\"0.8\",\"stacks\":[{\"id\":\"io.buildpacks.stacks.bionic\"},{\"id\":\"io.buildpacks.stacks.jammy\"}],\"layerDiffID\":\"sha256:a0f11c4629aa3c8f043b368b4c217b783a74e6b84db146620eee2c8cb9578088\",\"name\":\"Paketo Buildpack for Visual Studio Debugger\"}},\"paketo-buildpacks/watchexec\":{\"2.8.7\":{\"api\":\"0.7\",\"stacks\":[{\"id\":\"io.buildpacks.stacks.bionic\"},{\"id\":\"io.paketo.stacks.tiny\"},{\"id\":\"*\"}],\"layerDiffID\":\"sha256:0c5056a64de25640f4a2b9fde21186b5425007c233a1c402c52dcc96a2e2146d\",\"homepage\":\"https://github.com/paketo-buildpacks/watchexec\",\"name\":\"Paketo Buildpack for Watchexec\"},\"2.9.0\":{\"api\":\"0.7\",\"stacks\":[{\"id\":\"*\"}],\"layerDiffID\":\"sha256:f4f037dc8b971f054a4875d76281d8d7d7367648c91158fed313e5bb4f6b6061\",\"homepage\":\"https://github.com/paketo-buildpacks/watchexec\",\"name\":\"Paketo Buildpack for Watchexec\"},\"3.1.2\":{\"api\":\"0.7\",\"stacks\":[{\"id\":\"*\"}],\"targets\":[{\"os\":\"linux\",\"arch\":\"amd64\"},{\"os\":\"linux\",\"arch\":\"arm64\"}],\"layerDiffID\":\"sha256:ae6e108d26208fde3a3773c090a7b47197315c51b6b8aa2b08d7ec5cb173477a\",\"homepage\":\"https://github.com/paketo-buildpacks/watchexec\",\"name\":\"Paketo Buildpack for Watchexec\"},\"3.2.0\":{\"api\":\"0.7\",\"stacks\":[{\"id\":\"*\"}],\"targets\":[{\"os\":\"linux\",\"arch\":\"amd64\"},{\"os\":\"linux\",\"arch\":\"arm64\"}],\"layerDiffID\":\"sha256:082de05043a199e3078659a6bc4c1a71d185dbbfac65c8895a5840b4846fd784\",\"homepage\":\"https://github.com/paketo-buildpacks/watchexec\",\"name\":\"Paketo Buildpack for Watchexec\"}},\"paketo-buildpacks/web-servers\":{\"0.23.0\":{\"api\":\"0.7\",\"order\":[{\"group\":[{\"id\":\"paketo-buildpacks/ca-certificates\",\"version\":\"3.8.0\",\"optional\":true},{\"id\":\"paketo-buildpacks/watchexec\",\"version\":\"3.2.0\",\"optional\":true},{\"id\":\"paketo-buildpacks/node-engine\",\"version\":\"3.2.2\"},{\"id\":\"paketo-buildpacks/yarn\",\"version\":\"1.3.2\"},{\"id\":\"paketo-buildpacks/yarn-install\",\"version\":\"1.3.2\"},{\"id\":\"paketo-buildpacks/node-run-script\",\"version\":\"1.0.16\"},{\"id\":\"paketo-buildpacks/nginx\",\"version\":\"0.16.0\"},{\"id\":\"paketo-buildpacks/procfile\",\"version\":\"5.9.0\",\"optional\":true},{\"id\":\"paketo-buildpacks/environment-variables\",\"version\":\"4.7.0\",\"optional\":true},{\"id\":\"paketo-buildpacks/image-labels\",\"version\":\"4.7.0\",\"optional\":true},{\"id\":\"paketo-b"
21:45:35.357 [Test worker] DEBUG com.github.dockerjava.zerodep.shaded.org.apache.hc.client5.http.wire - http-outgoing-0 << "uildpacks/source-removal\",\"version\":\"0.2.1\"}]},{\"group\":[{\"id\":\"paketo-buildpacks/ca-certificates\",\"version\":\"3.8.0\",\"optional\":true},{\"id\":\"paketo-buildpacks/watchexec\",\"version\":\"3.2.0\",\"optional\":true},{\"id\":\"paketo-buildpacks/node-engine\",\"version\":\"3.2.2\"},{\"id\":\"paketo-buildpacks/npm-install\",\"version\":\"1.4.0\"},{\"id\":\"paketo-buildpacks/node-run-script\",\"version\":\"1.0.16\"},{\"id\":\"paketo-buildpacks/nginx\",\"version\":\"0.16.0\"},{\"id\":\"paketo-buildpacks/procfile\",\"version\":\"5.9.0\",\"optional\":true},{\"id\":\"paketo-buildpacks/environment-variables\",\"version\":\"4.7.0\",\"optional\":true},{\"id\":\"paketo-buildpacks/image-labels\",\"version\":\"4.7.0\",\"optional\":true},{\"id\":\"paketo-buildpacks/source-removal\",\"version\":\"0.2.1\"}]},{\"group\":[{\"id\":\"paketo-buildpacks/ca-certificates\",\"version\":\"3.8.0\",\"optional\":true},{\"id\":\"paketo-buildpacks/watchexec\",\"version\":\"3.2.0\",\"optional\":true},{\"id\":\"paketo-buildpacks/node-engine\",\"version\":\"3.2.2\"},{\"id\":\"paketo-buildpacks/yarn\",\"version\":\"1.3.2\"},{\"id\":\"paketo-buildpacks/yarn-install\",\"version\":\"1.3.2\"},{\"id\":\"paketo-buildpacks/node-run-script\",\"version\":\"1.0.16\"},{\"id\":\"paketo-buildpacks/httpd\",\"version\":\"0.7.19\"},{\"id\":\"paketo-buildpacks/procfile\",\"version\":\"5.9.0\",\"optional\":true},{\"id\":\"paketo-buildpacks/environment-variables\",\"version\":\"4.7.0\",\"optional\":true},{\"id\":\"paketo-buildpacks/image-labels\",\"version\":\"4.7.0\",\"optional\":true},{\"id\":\"paketo-buildpacks/source-removal\",\"version\":\"0.2.1\"}]},{\"group\":[{\"id\":\"paketo-buildpacks/ca-certificates\",\"version\":\"3.8.0\",\"optional\":true},{\"id\":"
21:45:35.358 [Test worker] DEBUG com.github.dockerjava.zerodep.shaded.org.apache.hc.client5.http.wire - http-outgoing-0 << "[\r][\n]"
21:45:35.358 [Test worker] DEBUG com.github.dockerjava.zerodep.shaded.org.apache.hc.client5.http.wire - http-outgoing-0 << "8000[\r][\n]"
21:45:35.359 [Test worker] DEBUG com.github.dockerjava.zerodep.shaded.org.apache.hc.client5.http.wire - http-outgoing-0 << "\"paketo-buildpacks/watchexec\",\"version\":\"3.2.0\",\"optional\":true},{\"id\":\"paketo-buildpacks/node-engine\",\"version\":\"3.2.2\"},{\"id\":\"paketo-buildpacks/npm-install\",\"version\":\"1.4.0\"},{\"id\":\"paketo-buildpacks/node-run-script\",\"version\":\"1.0.16\"},{\"id\":\"paketo-buildpacks/httpd\",\"version\":\"0.7.19\"},{\"id\":\"paketo-buildpacks/procfile\",\"version\":\"5.9.0\",\"optional\":true},{\"id\":\"paketo-buildpacks/environment-variables\",\"version\":\"4.7.0\",\"optional\":true},{\"id\":\"paketo-buildpacks/image-labels\",\"version\":\"4.7.0\",\"optional\":true},{\"id\":\"paketo-buildpacks/source-removal\",\"version\":\"0.2.1\"}]},{\"group\":[{\"id\":\"paketo-buildpacks/ca-certificates\",\"version\":\"3.8.0\",\"optional\":true},{\"id\":\"paketo-buildpacks/watchexec\",\"version\":\"3.2.0\",\"optional\":true},{\"id\":\"paketo-buildpacks/nginx\",\"version\":\"0.16.0\"},{\"id\":\"paketo-buildpacks/procfile\",\"version\":\"5.9.0\",\"optional\":true},{\"id\":\"paketo-buildpacks/environment-variables\",\"version\":\"4.7.0\",\"optional\":true},{\"id\":\"paketo-buildpacks/image-labels\",\"version\":\"4.7.0\",\"optional\":true},{\"id\":\"paketo-buildpacks/source-removal\",\"version\":\"0.2.1\"}]},{\"group\":[{\"id\":\"paketo-buildpacks/ca-certificates\",\"version\":\"3.8.0\",\"optional\":true},{\"id\":\"paketo-buildpacks/watchexec\",\"version\":\"3.2.0\",\"optional\":true},{\"id\":\"paketo-buildpacks/httpd\",\"version\":\"0.7.19\"},{\"id\":\"paketo-buildpacks/procfile\",\"version\":\"5.9.0\",\"optional\":true},{\"id\":\"paketo-buildpacks/environment-variables\",\"version\":\"4.7.0\",\"optional\":true},{\"id\":\"paketo-buildpacks/image-labels\",\"version\":\"4.7.0\",\"optional\":true},{\"id\":\"paketo-buildpacks/source-removal\",\"version\":\"0.2.1\"}]}],\"layerDiffID\":\"sha256:ae8dbb266b1b39690524e9de63303404da7ef62ba8133d88e47f9666791d09fa\",\"homepage\":\"https://github.com/paketo-buildpacks/web-servers\",\"name\":\"Paketo Buildpack for Web Servers\"}},\"paketo-buildpacks/yarn\":{\"1.3.2\":{\"api\":\"0.7\",\"stacks\":[{\"id\":\"io.buildpacks.stacks.bionic\"},{\"id\":\"io.buildpacks.stacks.jammy\"},{\"id\":\"*\"}],\"layerDiffID\":\"sha256:96fab70b4cab76dd8b3363c848324ae9fb422ba85bf7571705de468155ffa26b\",\"homepage\":\"https://github.com/paketo-buildpacks/yarn\",\"name\":\"Paketo Buildpack for Yarn\"}},\"paketo-buildpacks/yarn-install\":{\"1.3.2\":{\"api\":\"0.7\",\"stacks\":[{\"id\":\"*\"}],\"layerDiffID\":\"sha256:3d3857be918e614186a24f967ea3cc1b163e25a3cbf11da2c2333a068a5e483e\",\"homepage\":\"https://github.com/paketo-buildpacks/yarn-install\",\"name\":\"Paketo Buildpack for Yarn Install\"}},\"paketo-buildpacks/yarn-start\":{\"1.2.2\":{\"api\":\"0.7\",\"stacks\":[{\"id\":\"*\"}],\"layerDiffID\":\"sha256:122f59ffb37f51931d73fec03dc2a9b1eff2fbdadf672f15722fccbe544c8e53\",\"homepage\":\"https://github.com/paketo-buildpacks/yarn-start\",\"name\":\"Paketo Buildpack for Yarn Start\"}}}","io.buildpacks.buildpack.order":"[{\"group\":[{\"id\":\"paketo-buildpacks/ruby\",\"version\":\"0.46.0\"}]},{\"group\":[{\"id\":\"paketo-buildpacks/dotnet-core\",\"version\":\"0.46.0\"}]},{\"group\":[{\"id\":\"paketo-buildpacks/go\",\"version\":\"4.8.0\"}]},{\"group\":[{\"id\":\"paketo-buildpacks/java-native-image\",\"version\":\"9.5.0\"}]},{\"group\":[{\"id\":\"paketo-buildpacks/java\",\"version\":\"14.1.0\"}]},{\"group\":[{\"id\":\"paketo-buildpacks/web-servers\",\"version\":\"0.23.0\"}]},{\"group\":[{\"id\":\"paketo-buildpacks/nodejs\",\"version\":\"2.2.0\"}]},{\"group\":[{\"id\":\"paketo-buildpacks/python\",\"version\":\"2.19.0\"}]},{\"group\":[{\"id\":\"paketo-buildpacks/procfile\",\"version\":\"5.9.0\"}]}]","io.buildpacks.buildpack.order-extensions":"null","io.buildpacks.extension.layers":"{}","io.buildpacks.stack.description":"ubuntu:jammy with compilers and shell utilities","io.buildpacks.stack.distro.name":"ubuntu","io.buildpacks.stack.distro.version":"22.04","io.buildpacks.stack.homepage":"https://github.com/paketo-buildpacks/jammy-base-stack","io.buildpacks.stack.id":"io.buildpacks.stacks.jammy","io.buildpacks.stack.maintainer":"Paketo Buildpacks","io.buildpacks.stack.metadata":"{}","io.buildpacks.stack.mixins":"null","io.buildpacks.stack.released":"2024-05-29T02:44:17Z","org.opencontainers.image.ref.name":"ubuntu","org.opencontainers.image.version":"22.04"},"ParentId":"","RepoDigests":["paketobuildpacks/builder-jammy-base@sha256:5168027e17b11d53a843962cbdd237d2886a7e60be197999ca0838c5c06817a3"],"RepoTags":["paketobuildpacks/builder-jammy-base:latest"],"SharedSize":-1,"Size":1469425674,"VirtualSize":1469425674},{"Containers":-1,"Created":315532801,"Id":"sha256:8a1b11d9ea7b685b14f09cb3041bf1eefc247458c0ef80f20d9d546858ba5f01","Labels":{"io.buildpacks.builder.metadata":"{\"description\":\"Ubuntu 22.04 Jammy Jellyfish base image with buildpacks for Java, Go, .NET Core, Node.js, Python, Apache HTTPD, NGINX and Procfile\",\"buildpacks\":[{\"id\":\"paketo-buildpacks/dotnet-core\",\"name\":\"Paketo Buildpack for .NET Core\",\"version\":\"0.45.0\",\"homepage\":\"https://github.com/paketo-buildpacks/dotnet-core\"},{\"id\":\"paketo-buildpacks/ca-certificates\",\"name\":\"Paketo Buildpack for CA Certificates\",\"version\":\"3.7.0\",\"homepage\":\"https://github.com/paketo-buildpacks/ca-certificates\"},{\"id\":\"paketo-buildpacks/dotnet-core-aspnet-runtime\",\"name\":\"Paketo Buildpack for ASP.NET Core Runtime\",\"version\":\"0.4.7\",\"homepage\":\"https://github.com/paketo-buildpacks/dotnet-core-aspnet-runtime\"},{\"id\":\"paketo-buildpacks/dotnet-core-sdk\",\"name\":\"Paketo Buildpack for .NET Core SDK\",\"version\":\"0.14.8\",\"homepage\":\"https://github.com/paketo-buildpacks/dotnet-core-sdk\"},{\"id\":\"paketo-buildpacks/dotnet-execute\",\"name\":\"Paketo Buildpack for .NET Execute\",\"version\":\"0.14.31\",\"homepage\":\"https://github.com/paketo-buildpacks/dotnet-execute\"},{\"id\":\"paketo-buildpacks/dotnet-publish\",\"name\":\"Paketo Buildpack for .NET Publish\",\"version\":\"0.12.30\",\"homepage\":\"https://github.com/paketo-buildpacks/dotnet-publish\"},{\"id\":\"paketo-buildpacks/environment-variables\",\"name\":\"Paketo Buildpack for Environment Variables\",\"version\":\"4.6.0\",\"homepage\":\"https://github.com/paketo-buildpacks/environment-variables\"},{\"id\":\"paketo-buildpacks/icu\",\"name\":\"Paketo Buildpack for ICU\",\"version\":\"0.7.9\",\"homepage\":\"https://github.com/paketo-buildpacks/icu\"},{\""
21:45:35.361 [Test worker] DEBUG com.github.dockerjava.zerodep.shaded.org.apache.hc.client5.http.wire - http-outgoing-0 << "id\":\"paketo-buildpacks/image-labels\",\"name\":\"Paketo Buildpack for Image Labels\",\"version\":\"4.6.0\",\"homepage\":\"https://github.com/paketo-buildpacks/image-labels\"},{\"id\":\"paketo-buildpacks/node-engine\",\"name\":\"Paketo Buildpack for Node Engine\",\"version\":\"3.2.2\",\"homepage\":\"https://github.com/paketo-buildpacks/node-engine\"},{\"id\":\"paketo-buildpacks/procfile\",\"name\":\"Paketo Buildpack for Procfile\",\"version\":\"5.7.0\",\"homepage\":\"https://github.com/paketo-buildpacks/procfile\"},{\"id\":\"paketo-buildpacks/vsdbg\",\"name\":\"Paketo Buildpack for Visual Studio Debugger\",\"version\":\"0.3.11\"},{\"id\":\"paketo-buildpacks/watchexec\",\"name\":\"Paketo Buildpack for Watchexec\",\"version\":\"2.10.0\",\"homepage\":\"https://github.com/paketo-buildpacks/watchexec\"},{\"id\":\"paketo-buildpacks/go\",\"name\":\"Paketo Buildpack for Go\",\"version\":\"4.8.0\",\"homepage\":\"https://github.com/paketo-buildpacks/go\"},{\"id\":\"paketo-buildpacks/ca-certificates\",\"name\":\"Paketo Buildpack for CA Certificates\",\"version\":\"3.6.8\",\"homepage\":\"https://github.com/paketo-buildpacks/ca-certificates\"},{\"id\":\"paketo-buildpacks/environment-variables\",\"name\":\"Paketo Buildpack for Environment Variables\",\"version\":\"4.5.7\",\"homepage\":\"https://github.com/paketo-buildpacks/environment-variables\"},{\"id\":\"paketo-buildpacks/git\",\"name\":\"Paketo Buildpack for Git\",\"version\":\"1.0.8\",\"homepage\":\"https://github.com/paketo-buildpacks/git\"},{\"id\":\"paketo-buildpacks/go-build\",\"name\":\"Paketo Buildpack for Go Build\",\"version\":\"2.2.1\",\"homepage\":\"https://github.com/paketo-buildpacks/go-build\"},{\"id\":\"paketo-buildpacks/go-dist\",\"name\":\"Paketo Buildpack for Go Distribution\",\"version\":\"2.5.0\",\"homepage\":\"https://github.com/paketo-buildpacks/go-dist\"},{\"id\":\"paketo-buildpacks/go-mod-vendor\",\"name\":\"Paketo Buildpack for Go Mod Vendor\",\"version\":\"1.0.29\",\"homepage\":\"https://github.com/paketo-buildpacks/go-mod-vendor\"},{\"id\":\"paketo-buildpacks/image-labels\",\"name\":\"Paketo Buildpack for Image Labels\",\"version\":\"4.5.6\",\"homepage\":\"https://github.com/paketo-buildpacks/image-labels\"},{\"id\":\"paketo-buildpacks/procfile\",\"name\":\"Paketo Buildpack for Procfile\",\"version\":\"5.6.9\",\"homepage\":\"https://github.com/paketo-buildpacks/procfile\"},{\"id\":\"paketo-buildpacks/watchexec\",\"name\":\"Paketo Buildpack for Watchexec\",\"version\":\"2.9.0\",\"homepage\":\"https://github.com/paketo-buildpacks/watchexec\"},{\"id\":\"paketo-buildpacks/java-native-image\",\"name\":\"Paketo Buildpack for Java Native Image\",\"version\":\"9.4.0\",\"homepage\":\"https://paketo.io/docs/howto/java/#build-an-app-as-a-graalvm-native-image-application\"},{\"id\":\"paketo-buildpacks/bellsoft-liberica\",\"name\":\"Paketo Buildpack for BellSoft Liberica\",\"version\":\"10.7.2\",\"homepage\":\"https://github.com/paketo-buildpacks/bellsoft-liberica\"},{\"id\":\"paketo-buildpacks/ca-certificates\",\"name\":\"Paketo Buildpack for CA Certificates\",\"version\":\"3.7.0\",\"homepage\":\"https://github.com/paketo-buildpacks/ca-certificates\"},{\"id\":\"paketo-buildpacks/datadog\",\"name\":\"Paketo Buildpack for Datadog\",\"version\":\"5.12.0\",\"homepage\":\"https://github.com/paketo-buildpacks/datadog\"},{\"id\":\"paketo-buildpacks/environment-variables\",\"name\":\"Paketo Buildpack for Environment Variables\",\"version\":\"4.6.0\",\"homepage\":\"https://github.com/paketo-buildpacks/environment-variables\"},{\"id\":\"paketo-buildpacks/executable-jar\",\"name\":\"Paketo Buildpack for Executable JAR\",\"version\":\"6.9.0\",\"homepage\":\"https://github.com/paketo-buildpacks/executable-jar\"},{\"id\":\"paketo-buildpacks/gradle\",\"name\":\"Paketo Buildpack for Gradle\",\"version\":\"7.10.0\",\"homepage\":\"https://github.com/paketo-buildpacks/gradle\"},{\"id\":\"paketo-buildpacks/image-labels\",\"name\":\"Paketo Buildpack for Image Labels\",\"version\":\"4.6.0\",\"homepage\":\"https://github.com/paketo-buildpacks/image-labels\"},{\"id\":\"paketo-buildpacks/leiningen\",\"name\":\"Paketo Buildpack for Leiningen\",\"version\":\"4.8.0\",\"homepage\":\"https://github.com/paketo-buildpacks/leiningen\"},{\"id\":\"paketo-buildpacks/maven\",\"name\":\"Paketo Buildpack for Maven\",\"version\":\"6.16.0\",\"homepage\":\"https://github.com/paketo-buildpacks/maven\"},{\"id\":\"paketo-buildpacks/native-image\",\"name\":\"Paketo Buildpack for Native Image\",\"version\":\"5.13.0\",\"homepage\":\"https://github.com/paketo-buildpacks/native-image\"},{\"id\":\"paketo-buildpacks/procfile\",\"name\":\"Paketo Buildpack for Procfile\",\"version\":\"5.8.0\",\"homepage\":\"https://github.com/paketo-buildpacks/procfile\"},{\"id\":\"paketo-buildpacks/sbt\",\"name\":\"Paketo Buildpack for SBT\",\"version\":\"6.14.0\",\"homepage\":\"https://github.com/paketo-buildpacks/sbt\"},{\"id\":\"paketo-buildpacks/spring-boot\",\"name\":\"Paketo Buildpack for Spring Boot\",\"version\":\"5.29.1\",\"homepage\":\"https://github.com/paketo-buildpacks/spring-boot\"},{\"id\":\"paketo-buildpacks/syft\",\"name\":\"Paketo Buildpack for Syft\",\"version\":\"1.46.0\",\"homepage\":\"https://github.com/paketo-buildpacks/syft\"},{\"id\":\"paketo-buildpacks/upx\",\"name\":\"Paketo Buildpack for UPX\",\"version\":\"3.5.0\",\"homepage\":\"https://github.com/paketo-buildpacks/upx\"},{\"id\":\"paketo-buildpacks/java\",\"name\":\"Paketo Buildpack for Java\",\"version\":\"14.0.0\",\"homepage\":\"https://paketo.io/docs/howto/java\"},{\"id\":\"paketo-buildpacks/apache-tomcat\",\"name\":\"Paketo Buildpack for Apache Tomcat\",\"version\":\"8.0.0\",\"homepage\":\"https://github.com/paketo-buildpacks/apache-tomcat\"},{\"id\":\"paketo-buildpacks/apache-tomee\",\"name\":\"Paketo Buildpack for Apache Tomee\",\"version\":\"1.9.0\",\"homepage\":\"https://github.com/paketo-buildpacks/apache-tomee\"},{\"id\":\"paketo-buildpacks/azure-application-insights\",\"name\":\"Paketo Buildpack for Azure Application Insights\",\"version\":\"5.20.0\",\"homepage\":\"https://github.com/paketo-buildpacks/azure-application-insights\"},{\"id\":\"paketo-buildpacks/bellsoft-liberica\",\"name\":\"Paketo Buildpack for BellSoft Liberica\",\"version\":\"10.7.2\",\"homepage\":\"https://github.com/paketo-buildpacks/bellsoft-liberica\"},{\"id\":\"paketo-buildpacks/ca-certificates\",\"name\":\"Paketo Buildpack for CA Certificates\",\"version\":\"3.7.0\",\"homepage\":\"https://github.com/paketo-buildpacks/ca-certificates\"},{\"id\":\"paketo-buildpacks/clojure-tools\",\"name\":\"Paketo Buildpack for Clojure Tools\",\"version\":\"2.9.1\",\"homepage\":\"https://github.com/paketo-buildpacks/clojure-tools\"},{\"id\":\"paketo-buildpacks/datadog\",\"name\":\"Paketo Buildpack for Datadog\",\"version\":\"5.12.0\",\"homepage\":\"https://github.com/paketo-buildpacks/datadog\"},{\"id\":\"paketo-buildpacks/dist-zip\",\"name\":\"Paketo Buildpack for DistZip\",\"version\":\"5.7.0\",\"homepage\":\"https://github.com/paketo-buildpacks/dist-zip\"},{\"id\":\"paketo-buildpacks/encrypt-at-rest\",\"name\":\"Paketo Buildpack for Encrypt-at-Rest\",\"version\":\"4.6.2\",\"homepage\":\"https://github.com/paketo-buildpacks/encrypt-at-rest\"},{\"id\":\"paketo-buildpacks/environment-variables\",\"name\":\"Paketo Buildpack for Environment Variables\",\"version\":\"4.6.0\",\"homepage\":\"https://github.com/paketo-buildpacks/environment-variables\"},{\"id\":\"paketo-buildpacks/executable-jar\",\"name\":\"Paketo Buildpack for Executable JAR\",\"version\":\"6.9.0\",\"homepage\":\"https://github.com/paketo-buildpacks/executable-jar\"},{\"id\":\"paketo-buildpacks/google-stackdriver\",\"name\":\"Paketo Buildpack for Google Stackdriver\",\"version\":\"9.0.1\",\"homepage\":\"https://github.com/paketo-buildpacks/google-stackdriver\"},{\"id\":\"paketo-buildpacks/gradle\",\"name\":\"Paketo Buildpack for Gradle\",\"version\":\"7.10.0\",\"homepage\":\"https://github.com/paketo-buildpacks/gradle\"},{\"id\":\"paketo-buildpacks/imag"
21:45:35.362 [Test worker] DEBUG com.github.dockerjava.zerodep.shaded.org.apache.hc.client5.http.wire - http-outgoing-0 << "e-labels\",\"name\":\"Paketo Buildpack for Image Labels\",\"version\":\"4.6.0\",\"homepage\":\"https://github.com/paketo-buildpacks/image-labels\"},{\"id\":\"paketo-buildpacks/jattach\",\"name\":\"Paketo Buildpack for JAttach\",\"version\":\"1.7.0\",\"homepage\":\"https://github.com/paketo-buildpacks/jattach\"},{\"id\":\"paketo-buildpacks/java-memory-assistant\",\"name\":\"Paketo Buildpack for Java Memory Assistant\",\"version\":\"1.5.0\",\"homepage\":\"https://github.com/paketo-buildpacks/java-memory-assistant\"},{\"id\":\"paketo-buildpacks/leiningen\",\"name\":\"Paketo Buildpack for Leiningen\",\"version\":\"4.8.0\",\"homepage\":\"https://github.com/paketo-buildpacks/leiningen\"},{\"id\":\"paketo-buildpacks/liberty\",\"name\":\"Paketo Buildpack for Liberty\",\"version\":\"4.1.0\",\"homepage\":\"https://github.com/paketo-buildpacks/liberty\"},{\"id\":\"paketo-buildpacks/maven\",\"name\":\"Paketo Buildpack for Maven\",\"version\":\"6.16.0\",\"homepage\":\"https://github.com/paketo-buildpacks/maven\"},{\"id\":\"paketo-buildpacks/node-engine\",\"name\":\"Paketo Buildpack for Node Engine\",\"version\":\"3.2.2\",\"homepage\":\"https://github.com/paketo-buildpacks/node-engine\"},{\"id\":\"paketo-buildpacks/procfile\",\"name\":\"Paketo Buildpack for Procfile\",\"version\":\"5.8.0\",\"homepage\":\"https://github.com/paketo-buildpacks/procfile\"},{\"id\":\"paketo-buildpacks/sbt\",\"name\":\"Paketo Buildpack for SBT\",\"version\":\"6.14.0\",\"homepage\":\"https://github.com/paketo-buildpacks/sbt\"},{\"id\":\"paketo-buildpacks/spring-boot\",\"name\":\"Paketo Buildpack for Spring Boot\",\"version\":\"5.29.1\",\"homepage\":\"https://github.com/paketo-buildpacks/spring-boot\"},{\"id\":\"paketo-buildpacks/syft\",\"name\":\"Paketo Buildpack for Syft\",\"version\":\"1.46.0\",\"homepage\":\"https://github.com/paketo-buildpacks/syft\"},{\"id\":\"paketo-buildpacks/watchexec\",\"name\":\"Paketo Buildpack for Watchexec\",\"version\":\"3.1.2\",\"homepage\":\"https://github.com/paketo-buildpacks/watchexec\"},{\"id\":\"paketo-buildpacks/yarn\",\"name\":\"Paketo Buildpack for Yarn\",\"version\":\"1.3.2\",\"homepage\":\"https://github.com/paketo-buildpacks/yarn\"},{\"id\":\"paketo-buildpacks/nodejs\",\"name\":\"Paketo Buildpack for Node.js\",\"version\":\"2.2.0\",\"homepage\":\"https://github.com/paketo-buildpacks/nodejs\"},{\"id\":\"paketo-buildpacks/ca-certificates\",\"name\":\"Paketo Buildpack for CA Certificates\",\"version\":\"3.6.7\",\"homepage\":\"https://github.com/paketo-buildpacks/ca-certificates\"},{\"id\":\"paketo-buildpacks/datadog\",\"name\":\"Paketo Buildpack for Datadog\",\"version\":\"3.6.0\",\"homepage\":\"https://github.com/paketo-buildpacks/datadog\"},{\"id\":\"paketo-buildpacks/environment-variables\",\"name\":\"Paketo Buildpack for Environment Variables\",\"version\":\"4.5.6\",\"homepage\":\"https://github.com/paketo-buildpacks/environment-variables\"},{\"id\":\"paketo-buildpacks/image-labels\",\"name\":\"Paketo Buildpack for Image Labels\",\"version\":\"4.5.5\",\"homepage\":\"https://github.com/paketo-buildpacks/image-labels\"},{\"id\":\"paketo-buildpacks/node-engine\",\"name\":\"Paketo Buildpack for Node Engine\",\"version\":\"3.2.1\",\"homepage\":\"https://github.com/paketo-buildpacks/node-engine\"},{\"id\":\"paketo-buildpacks/node-run-script\",\"name\":\"Paketo Buildpack for Node Run Script\",\"version\":\"1.0.16\",\"homepage\":\"https://github.com/paketo-buildpacks/node-run-script\"},{\"id\":\"paketo-buildpacks/node-start\",\"name\":\"Paketo Buildpack for Node Start\",\"version\":\"1.1.5\",\"homepage\":\"https://github.com/paketo-buildpacks/node-start\"},{\"id\":\"paketo-buildpacks/npm-install\",\"name\":\"Paketo Buildpack for NPM Install\",\"version\":\"1.4.0\",\"homepage\":\"https://github.com/paketo-buildpacks/npm-install\"},{\"id\":\"paketo-buildpacks/npm-start\",\"name\":\"Paketo Buildpack for NPM Start\",\"version\":\"1.0.17\",\"homepage\":\"https://github.com/paketo-buildpacks/npm-start\"},{\"id\":\"paketo-buildpacks/procfile\",\"name\":\"Paketo Buildpack for Procfile\",\"version\":\"5.6.8\",\"homepage\":\"https://github.com/paketo-buildpacks/procfile\"},{\"id\":\"paketo-buildpacks/watchexec\",\"name\":\"Paketo Buildpack for Watchexec\",\"version\":\"2.8.7\",\"homepage\":\"https://github.com/paketo-buildpacks/watchexec\"},{\"id\":\"paketo-buildpacks/yarn\",\"name\":\"Paketo Buildpack for Yarn\",\"version\":\"1.3.2\",\"homepage\":\"https://github.com/paketo-buildpacks/yarn\"},{\"id\":\"paketo-buildpacks/yarn-install\",\"name\":\"Paketo Buildpack for Yarn Install\",\"version\":\"1.3.2\",\"homepage\":\"https://github.com/paketo-buildpacks/yarn-install\"},{\"id\":\"paketo-buildpacks/yarn-start\",\"name\":\"Paketo Buildpack for Yarn Start\",\"version\":\"1.2.2\",\"homepage\":\"https://github.com/paketo-buildpacks/yarn-start\"},{\"id\":\"paketo-buildpacks/procfile\",\"name\":\"Paketo Buildpack for Procfile\",\"version\":\"5.8.0\",\"homepage\":\"https://github.com/paketo-buildpacks/procfile\"},{\"id\":\"paketo-buildpacks/python\",\"name\":\"Paketo Buildpack for Python\",\"version\":\"2.19.0\"},{\"id\":\"paketo-buildpacks/ca-certificates\",\"name\":\"Paketo Buildpack for CA Certificates\",\"version\":\"3.7.0\",\"homepage\":\"https://github.com/paketo-buildpacks/ca-certificates\"},{\"id\":\"paketo-buildpacks/conda-env-update\",\"name\":\"Paketo Buildpack for Conda Env Update\",\"version\":\"0.7.13\",\"homepage\":\"https://github.com/paketo-buildpacks/conda-env-update\"},{\"id\":\"paketo-buildpacks/cpython\",\"name\":\"Paketo Buildpack for CPython\",\"version\":\"1.13.0\"},{\"id\":\"paketo-buildpacks/environment-variables\",\"name\":\"Paketo Buildpack for Environment Variables\",\"version\":\"4.6.0\",\"homepage\":\"https://github.com/paketo-buildpacks/environment-variables\"},{\"id\":\"paketo-buildpacks/image-labels\",\"name\":\"Paketo Buildpack for Image Labels\",\"version\":\"4.6.0\",\"homepage\":\"https://github.com/paketo-buildpacks/image-labels\"},{\"id\":\"paketo-buildpacks/miniconda\",\"name\":\"Paketo Buildpack for Miniconda\",\"version\":\"0.10.0\"},{\"id\":\"paketo-buildpacks/pip\",\"name\":\"Paketo Buildpack for Pip\",\"version\":\"0.20.1\"},{\"id\":\"paketo-buildpacks/pip-install\",\"name\":\"Paketo Buildpack for Pip Install\",\"version\":\"0.6.1\"},{\"id\":\"paketo-buildpacks/pipenv\",\"name\":\"Paketo Buildpack for Pipenv\",\"version\":\"1.21.0\"},{\"id\":\"paketo-buildpacks/pipenv-install\",\"name\":\"Paketo Buildpack for Pipenv Install\",\"version\":\"0.6.19\"},{\"id\":\"paketo-buildpacks/poetry\",\"name\":\"Paketo Buildpack for Poetry\",\"version\":\"0.9.0\"},{\"id\":\"paketo-buildpacks/poetry-install\",\"name\":\"Paketo Buildpack for Poetry Install\",\"version\":\"0.3.19\"},{\"id\":\"paketo-buildpacks/poetry-run\",\"name\":\"Paketo Buildpack for Poetry Run\",\"version\":\"0.4.22\"},{\"id\":\"paketo-buildpacks/procfile\",\"name\":\"Paketo Buildpack for Procfile\",\"version\":\"5.8.0\",\"homepage\":\"https://github.com/paketo-buildpacks/procfile\"},{\"id\":\"paketo-buildpacks/python-start\",\"name\":\"Paketo Buildpack for Python Start\",\"version\":\"0.14.15\",\"homepage\":\"https://github.com/paketo-buildpacks/python-start\"},{\"id\":\"paketo-buildpacks/watchexec\",\"name\":\"Paketo Buildpack for Watchexec\",\"version\":\"3.1.2\",\"homepage\":\"https://github.com/paketo-buildpacks/watchexec\"},{\"id\":\"paketo-buildpacks/ruby\",\"name\":\"Paketo Buildpack for Ruby\",\"version\":\"0.45.0\",\"homepage\":\"https://github.com/paketo-buildpacks/ruby\"},{\"id\":\"paketo-buildpacks/bundle-install\",\"name\":\"Paketo Buildpack for Bundle Install\",\"version\":\"0.8.5\",\"homepage\":\"https://github.com/paketo-buildpacks/bundle-install\"},{\"id\":\"paketo-buildpacks/bundler\",\"name\":\"Paketo Buildpack for Bundler\",\"version\":\"0.8.7\",\"homepage\":\"https://github.com/paketo-buildpacks/bundler\"},{\"id\":\"paketo-buildpacks/ca-certificates\",\"name\":\"Paketo Buildpack for CA Certificates\",\"version\":\"3.7.0\",\"homepage\":\"https://git"
21:45:35.364 [Test worker] DEBUG com.github.dockerjava.zerodep.shaded.org.apache.hc.client5.http.wire - http-outgoing-0 << "hub.com/paketo-buildpacks/ca-certificates\"},{\"id\":\"paketo-buildpacks/environment-variables\",\"name\":\"Paketo Buildpack for Environment Variables\",\"version\":\"4.6.0\",\"homepage\":\"https://github.com/paketo-buildpacks/environment-variables\"},{\"id\":\"paketo-buildpacks/image-labels\",\"name\":\"Paketo Buildpack for Image Labels\",\"version\":\"4.6.0\",\"homepage\":\"https://github.com/paketo-buildpacks/image-labels\"},{\"id\":\"paketo-buildpacks/mri\",\"name\":\"Paketo Buildpack for MRI\",\"version\":\"0.16.2\",\"homepage\":\"https://github.com/paketo-buildpacks/mri\"},{\"id\":\"paketo-buildpacks/node-engine\",\"name\":\"Paketo Buildpack for Node Engine\",\"version\":\"3.2.2\",\"homepage\":\"https://github.com/paketo-buildpacks/node-engine\"},{\"id\":\"paketo-buildpacks/passenger\",\"name\":\"Paketo Buildpack for Passenger\",\"version\":\"0.14.2\",\"homepage\":\"https://github.com/paketo-buildpacks/passenger\"},{\"id\":\"paketo-buildpacks/procfile\",\"name\":\"Paketo Buildpack for Procfile\",\"version\":\"5.7.0\",\"homepage\":\"https://github.com/paketo-buildpacks/procfile\"},{\"id\":\"paketo-buildpacks/puma\",\"name\":\"Paketo Buildpack for Puma\",\"version\":\"0.4.40\",\"homepage\":\"https://github.com/paketo-buildpacks/puma\"},{\"id\":\"paketo-buildpacks/rackup\",\"name\":\"Paketo Buildpack for Rackup\",\"version\":\"0.4.39\",\"homepage\":\"https://github.com/paketo-buildpacks/rackup\"},{\"id\":\"paketo-buildpacks/rails-assets\",\"name\":\"Paketo Buildpack for Rails Assets\",\"version\":\"0.10.9\",\"homepage\":\"https://github.com/paketo-buildpacks/rails-assets\"},{\"id\":\"paketo-buildpacks/rake\",\"name\":\"Paketo Buildpack for Rake\",\"version\":\"0.4.39\",\"homepage\":\"https://github.com/paketo-buildpacks/rake\"},{\"id\":\"paketo-buildpacks/thin\",\"name\":\"Paketo Buildpack for Thin\",\"version\":\"0.5.37\",\"homepage\":\"https://github.com/paketo-buildpacks/thin\"},{\"id\":\"paketo-buildpacks/unicorn\",\"name\":\"Paketo Buildpack for Unicorn\",\"version\":\"0.4.39\",\"homepage\":\"https://github.com/paketo-buildpacks/unicorn\"},{\"id\":\"paketo-buildpacks/yarn\",\"name\":\"Paketo Buildpack for Yarn\",\"version\":\"1.3.2\",\"homepage\":\"https://github.com/paketo-buildpacks/yarn\"},{\"id\":\"paketo-buildpacks/yarn-install\",\"name\":\"Paketo Buildpack for Yarn Install\",\"version\":\"1.3.2\",\"homepage\":\"https://github.com/paketo-buildpacks/yarn-install\"},{\"id\":\"paketo-buildpacks/web-servers\",\"name\":\"Paketo Buildpack for Web Servers\",\"version\":\"0.22.0\",\"homepage\":\"https://github.com/paketo-buildpacks/web-servers\"},{\"id\":\"paketo-buildpacks/ca-certificates\",\"name\":\"Paketo Buildpack for CA Certificates\",\"version\":\"3.7.0\",\"homepage\":\"https://github.com/paketo-buildpacks/ca-certificates\"},{\"id\":\"paketo-buildpacks/environment-variables\",\"name\":\"Paketo Buildpack for Environment Variables\",\"version\":\"4.6.0\",\"homepage\":\"https://github.com/paketo-buildpacks/environment-variables\"},{\"id\":\"paketo-buildpacks/httpd\",\"name\":\"Paketo Buildpack for Apache HTTP Server\",\"version\":\"0.7.19\",\"homepage\":\"https://github.com/paketo-buildpacks/httpd\"},{\"id\":\"paketo-buildpacks/image-labels\",\"name\":\"Paketo Buildpack for Image Labels\",\"version\":\"4.6.0\",\"homepage\":\"https://github.com/paketo-buildpacks/image-labels\"},{\"id\":\"paketo-buildpacks/nginx\",\"name\":\"Paketo Buildpack for Nginx Server\",\"version\":\"0.16.0\",\"homepage\":\"https://github.com/paketo-buildpacks/nginx\"},{\"id\":\"paketo-buildpacks/node-engine\",\"name\":\"Paketo Buildpack for Node Engine\",\"version\":\"3.2.2\",\"homepage\":\"https://github.com/paketo-buildpacks/node-engine\"},{\"id\":\"paketo-buildpacks/node-run-script\",\"name\":\"Paketo Buildpack for Node Run Script\",\"version\":\"1.0.16\",\"homepage\":\"https://github.com/paketo-buildpacks/node-run-script\"},{\"id\":\"paketo-buildpacks/npm-install\",\"name\":\"Paketo Buildpack for NPM Install\",\"version\":\"1.4.0\",\"homepage\":\"https://github.com/paketo-buildpacks/npm-install\"},{\"id\":\"paketo-buildpacks/procfile\",\"name\":\"Paketo Buildpack for Procfile\",\"version\":\"5.8.0\",\"homepage\":\"https://github.com/paketo-buildpacks/procfile\"},{\"id\":\"paketo-buildpacks/source-removal\",\"name\":\"Paketo Buildpack for Source Removal\",\"version\":\"0.2.1\"},{\"id\":\"paketo-buildpacks/watchexec\",\"name\":\"Paketo Buildpack for Watchexec\",\"version\":\"3.1.2\",\"homepage\":\"https://github.com/paketo-buildpacks/watchexec\"},{\"id\":\"paketo-buildpacks/yarn\",\"name\":\"Paketo Buildpack for Yarn\",\"version\":\"1.3.2\",\"homepage\":\"https://github.com/paketo-buildpacks/yarn\"},{\"id\":\"paketo-buildpacks/yarn-install\",\"name\":\"Paketo Buildpack for Yarn Install\",\"version\":\"1.3.2\",\"homepage\":\"https://github.com/paketo-buildpacks/yarn-install\"}],\"extensions\":null,\"stack\":{\"runImage\":{\"image\":\"index.docker.io/paketobuildpacks/run-jammy-base:latest\",\"mirrors\":[]}},\"lifecycle\":{\"version\":\"0.19.6\",\"api\":{\"buildpack\":\"0.7\",\"platform\":\"0.7\"},\"apis\":{\"buildpack\":{\"deprecated\":[],\"supported\":[\"0.7\",\"0.8\",\"0.9\",\"0.10\",\"0.11\"]},\"platform\":{\"deprecated\":[],\"supported\":[\"0.7\",\"0.8\",\"0.9\",\"0.10\",\"0.11\",\"0.12\",\"0.13\"]}}},\"createdBy\":{\"name\":\"Pack CLI\",\"version\":\"0.33.2+git-f2cffc4.build-5562\"},\"images\":[{\"image\":\"index.docker.io/paketobuildpacks/run-jammy-base:latest\",\"mirrors\":[]}]}","io.buildpacks.buildpack.layers":"{\"paketo-buildpacks/apache-tomcat\":{\"8.0.0\":{\"api\":\"0.7\",\"stacks\":[{\"id\":\"*\"}],\"targets\":[{\"os\":\"linux\",\"arch\":\"amd64\"},{\"os\":\"linux\",\"arch\":\"arm64\"}],\"layerDiffID\":\"sha256:4cab9d1c7ce1f4d4b2c8412df31b5f9a4584c46c7319cfe2509864ec0b71a1d0\",\"homepage\":\"https://github.com/paketo-buildpacks/apache-tomcat\",\"name\":\"Paketo Buildpack for Apache Tomcat\"}},\"paketo-buildpacks/apache-tomee\":{\"1.9.0\":{\"api\":\"0.7\",\"stacks\":[{\"id\":\"*\"}],\"targets\":[{\"os\":\"linux\",\"arch\":\"amd64\"},{\"os\":\"linux\",\"arch\":\"arm64\"}],\"layerDiffID\":\"sha256:b286a8b541b4bec4525d254310a6e4b0e4e1894351c1bdface429aa79c131bb7\",\"homepage\":\"https://github.com/paketo-buildpacks/apache-tomee\",\"name\":\"Paketo Buildpack for Apache Tomee\"}},\"paketo-buildpacks/azure-application-insights\":{\"5.20.0\":{\"api\":\"0.7\",\"stacks\":[{\"id\":\"io.buildpacks.stacks.bionic\"},{\"id\":\"io.paketo.stacks.tiny\"},{\"id\":\"*\"}],\"targets\":[{\"os\":\"linux\",\"arch\":\"amd64\"},{\"os\":\"linux\",\"arch\":\"arm64\"}],\"layerDiffID\":\"sha256:4a4dad707efa9e9484fcd8812e76a36ede2fce254276638d03e6514c4df99a4d\",\"homepage\":\"https://github.com/paketo-buildpacks/azure-application-insights\",\"name\":\"Paketo Buildpack for Azure Application Insights\"}},\"paketo-buildpacks/bellsoft-liberica\":{\"10.7.2\":{\"api\":\"0.7\",\"stacks\":[{\"id\":\"*\"}],\"targets\":[{\"os\":\"linux\",\"arch\":\"amd64\"},{\"os\":\"linux\",\"arch\":\"arm64\"}],\"layerDiffID\":\"sha256:c9736f054a5a57608322b2cf6ae1dad2b83a4cdfbd392f7c5d7b36f8aed6bc83\",\"homepage\":\"https://github.com/paketo-buildpacks/bellsoft-liberica\",\"name\":\"Paketo Buildpack for BellSoft Liberica\"}},\"paketo-buildpacks/bundle-install\":{\"0.8.5\":{\"api\":\"0.7\",\"stacks\":[{\"id\":\"*\"}],\"layerDiffID\":\"sha256:1b3818b4d7d42ac7498fa086549676873b967e54ad5323cf2fd1d533c926ac52\",\"homepage\":\"https://github.com/paketo-buildpacks/bundle-install\",\"name\":\"Paketo Buildpack for Bundle Install\"}},\"paketo-buildpacks/bundler\":{\"0.8.7\":{\"api\":\"0.7\",\"stacks\":[{\"id\":\"io.buildpacks.stacks.bionic\"},{\"id\":\"io.buildpacks.stacks.jammy\"}],\"layerDiffID\":\"sha256:0ea72b8c70ae4754e09632eeef564e55d06e3dbd3ea3d09ca4e484a2f2dc960a\",\"homepage\":\"https://github.com/paketo-buildpacks/bundler\",\"name\":\"Paketo Buildpack for Bundler\"}},\"paketo-buildpacks/ca-certificates\":{\"3.6.7\":{\"api\":\"0.7\",\"stacks\":[{\"id\":\"io.buildpacks.stacks.bionic\"},{\"id\":\"io.paketo.stacks"
21:45:35.365 [Test worker] DEBUG com.github.dockerjava.zerodep.shaded.org.apache.hc.client5.http.wire - http-outgoing-0 << ".tiny\"},{\"id\":\"*\"}],\"layerDiffID\":\"sha256:09958ee88d9b92eb8cac51041ca0b7e26ea4729d6c21cb4c4b0e73d1a03d97f2\",\"homepage\":\"https://github.com/paketo-buildpacks/ca-certificates\",\"name\":\"Paketo Buildpack for CA Certificates\"},\"3.6.8\":{\"api\":\"0.7\",\"stacks\":[{\"id\":\"io.buildpacks.stacks.bionic\"},{\"id\":\"io.paketo.stacks.tiny\"},{\"id\":\"*\"}],\"layerDiffID\":\"sha256:9883ab1d7d23d56b1c21dfa542e6ded1632389c1cddaa94028a1a58eb3ecbcae\",\"homepage\":\"https://github.com/paketo-buildpacks/ca-certificates\",\"name\":\"Paketo Buildpack for CA Certificates\"},\"3.7.0\":{\"api\":\"0.7\",\"stacks\":[{\"id\":\"io.buildpacks.stacks.bionic\"},{\"id\":\"io.paketo.stacks.tiny\"},{\"id\":\"*\"}],\"targets\":[{\"os\":\"linux\",\"arch\":\"amd64\"},{\"os\":\"linux\",\"arch\":\"arm64\"}],\"layerDiffID\":\"sha256:52f9c2838fa9e8d46d5144689680b27feb1b4befa37df3b11199fa0063a6c19e\",\"homepage\":\"https://github.com/paketo-buildpacks/ca-certificates\",\"name\":\"Paketo Buildpack for CA Certificates\"}},\"paketo-buildpacks/clojure-tools\":{\"2.9.1\":{\"api\":\"0.7\",\"stacks\":[{\"id\":\"io.buildpacks.stacks.bionic\"},{\"id\":\"io.paketo.stacks.tiny\"},{\"id\":\"*\"}],\"targets\":[{\"os\":\"linux\",\"arch\":\"amd64\"},{\"os\":\"linux\",\"arch\":\"arm64\"}],\"layerDiffID\":\"sha256:84b4b50ce601463e1b7f20b703df8a5b1b12c741e9a6276b9953f9f30137ccc6\",\"homepage\":\"https://github.com/paketo-buildpacks/clojure-tools\",\"name\":\"Paketo Buildpack for Clojure Tools\"}},\"paketo-buildpacks/conda-env-update\":{\"0.7.13\":{\"api\":\"0.7\",\"stacks\":[{\"id\":\"*\"}],\"layerDiffID\":\"sha256:7b49fed5fb63d86c2168fe18f1f723a06eb0fdb00d0ba404942721081c0b1939\",\"homepage\":\"https://github.com/paketo-buildpacks/conda-env-update\",\"name\":\"Paketo Buildpack for Conda Env Update\"}},\"paketo-buildpacks/cpython\":{\"1.13.0\":{\"api\":\"0.7\",\"stacks\":[{\"id\":\"*\"}],\"layerDiffID\":\"sha256:8fb77a4df53a388c1aae020fcee7881641b1807ff84db67d10e13bd715c6cae8\",\"name\":\"Paketo Buildpack for CPython\"}},\"paketo-buildpacks/datadog\":{\"3.6.0\":{\"api\":\"0.7\",\"stacks\":[{\"id\":\"io.buildpacks.stacks.bionic\"},{\"id\":\"io.paketo.stacks.tiny\"},{\"id\":\"*\"}],\"layerDiffID\":\"sha256:b351bc73239608a09c7523656594df065fd2a6aacaee90254945d9e3070122ca\",\"homepage\":\"https://github.com/paketo-buildpacks/datadog\","
21:45:35.366 [Test worker] DEBUG com.github.dockerjava.zerodep.shaded.org.apache.hc.client5.http.wire - http-outgoing-0 << "[\r][\n]"
21:45:35.366 [Test worker] DEBUG com.github.dockerjava.zerodep.shaded.org.apache.hc.client5.http.wire - http-outgoing-0 << "8000[\r][\n]"
21:45:35.367 [Test worker] DEBUG com.github.dockerjava.zerodep.shaded.org.apache.hc.client5.http.wire - http-outgoing-0 << "\"name\":\"Paketo Buildpack for Datadog\"},\"5.12.0\":{\"api\":\"0.7\",\"stacks\":[{\"id\":\"*\"}],\"targets\":[{\"os\":\"linux\",\"arch\":\"amd64\"},{\"os\":\"linux\",\"arch\":\"arm64\"}],\"layerDiffID\":\"sha256:45b8358e727e5edea7f5844659f28bbe13a584634f72e7f9a416ad85fa44c7db\",\"homepage\":\"https://github.com/paketo-buildpacks/datadog\",\"name\":\"Paketo Buildpack for Datadog\"}},\"paketo-buildpacks/dist-zip\":{\"5.7.0\":{\"api\":\"0.7\",\"stacks\":[{\"id\":\"*\"}],\"targets\":[{\"os\":\"linux\",\"arch\":\"amd64\"},{\"os\":\"linux\",\"arch\":\"arm64\"}],\"layerDiffID\":\"sha256:446be140203a82dd447cea2e29599c04d16aff321fb3d58f426a1e4c087d1d57\",\"homepage\":\"https://github.com/paketo-buildpacks/dist-zip\",\"name\":\"Paketo Buildpack for DistZip\"}},\"paketo-buildpacks/dotnet-core\":{\"0.45.0\":{\"api\":\"0.8\",\"order\":[{\"group\":[{\"id\":\"paketo-buildpacks/ca-certificates\",\"version\":\"3.7.0\",\"optional\":true},{\"id\":\"paketo-buildpacks/watchexec\",\"version\":\"2.10.0\",\"optional\":true},{\"id\":\"paketo-buildpacks/vsdbg\",\"version\":\"0.3.11\",\"optional\":true},{\"id\":\"paketo-buildpacks/dotnet-core-sdk\",\"version\":\"0.14.8\",\"optional\":true},{\"id\":\"paketo-buildpacks/icu\",\"version\":\"0.7.9\",\"optional\":true},{\"id\":\"paketo-buildpacks/node-engine\",\"version\":\"3.2.2\",\"optional\":true},{\"id\":\"paketo-buildpacks/dotnet-publish\",\"version\":\"0.12.30\",\"optional\":true},{\"id\":\"paketo-buildpacks/dotnet-core-aspnet-runtime\",\"version\":\"0.4.7\",\"optional\":true},{\"id\":\"paketo-buildpacks/dotnet-execute\",\"version\":\"0.14.31\"},{\"id\":\"paketo-buildpacks/procfile\",\"version\":\"5.7.0\",\"optional\":true},{\"id\":\"paketo-buildpacks/environment-variables\",\"version\":\"4.6.0\",\"optional\":true},{\"id\":\"paketo-buildpacks/image-labels\",\"version\":\"4.6.0\",\"optional\":true}]}],\"layerDiffID\":\"sha256:7f08b84becc3295ce31a3faddd7f95f42cbe319791d8b965974a8fa6f852b1cd\",\"homepage\":\"https://github.com/paketo-buildpacks/dotnet-core\",\"name\":\"Paketo Buildpack for .NET Core\"}},\"paketo-buildpacks/dotnet-core-aspnet-runtime\":{\"0.4.7\":{\"api\":\"0.8\",\"stacks\":[{\"id\":\"io.buildpacks.stacks.bionic\"},{\"id\":\"io.buildpacks.stacks.jammy\"}],\"layerDiffID\":\"sha256:1c1b3e4055ba774f976c5405e9b92126170ba34a96f8afe767cd2ffb1e178abe\",\"homepage\":\"https://github.com/paketo-buildpacks/dotnet-core-aspnet-runtime\",\"name\":\"Paketo Buildpack for ASP.NET Core Runtime\"}},\"paketo-buildpacks/dotnet-core-sdk\":{\"0.14.8\":{\"api\":\"0.8\",\"stacks\":[{\"id\":\"io.buildpacks.stacks.bionic\"},{\"id\":\"io.buildpacks.stacks.jammy\"}],\"layerDiffID\":\"sha256:43b1fd0fa5492eb7c3f82bfd1d9231797a246a96058bb20fff9437f27bb260b6\",\"homepage\":\"https://github.com/paketo-buildpacks/dotnet-core-sdk\",\"name\":\"Paketo Buildpack for .NET Core SDK\"}},\"paketo-buildpacks/dotnet-execute\":{\"0.14.31\":{\"api\":\"0.8\",\"stacks\":[{\"id\":\"*\"}],\"layerDiffID\":\"sha256:cc37b3a27778bf0cda42a5300cfbd4ea8109a2cc15b2f6bca5669c354f2df253\",\"homepage\":\"https://github.com/paketo-buildpacks/dotnet-execute\",\"name\":\"Paketo Buildpack for .NET Execute\"}},\"paketo-buildpacks/dotnet-publish\":{\"0.12.30\":{\"api\":\"0.8\",\"stacks\":[{\"id\":\"*\"}],\"layerDiffID\":\"sha256:00dea12e28b4f12e27a8cb20e6be3118c05cd77599b82fef70a1e01f1c3aa02b\",\"homepage\":\"https://github.com/paketo-buildpacks/dotnet-publish\",\"name\":\"Paketo Buildpack for .NET Publish\"}},\"paketo-buildpacks/encrypt-at-rest\":{\"4.6.2\":{\"api\":\"0.7\",\"stacks\":[{\"id\":\"io.buildpacks.stacks.bionic\"},{\"id\":\"io.paketo.stacks.tiny\"},{\"id\":\"*\"}],\"targets\":[{\"os\":\"linux\",\"arch\":\"amd64\"},{\"os\":\"linux\",\"arch\":\"arm64\"}],\"layerDiffID\":\"sha256:2d478082eef50bcd5583cd570f6dd984664878b331b375b7ac5c595f759f3119\",\"homepage\":\"https://github.com/paketo-buildpacks/encrypt-at-rest\",\"name\":\"Paketo Buildpack for Encrypt-at-Rest\"}},\"paketo-buildpacks/environment-variables\":{\"4.5.6\":{\"api\":\"0.7\",\"stacks\":[{\"id\":\"io.buildpacks.stacks.bionic\"},{\"id\":\"io.paketo.stacks.tiny\"},{\"id\":\"*\"}],\"layerDiffID\":\"sha256:491136e66ebd688914cbba8f67d6e84178245ba87c01f22f762b6ef966cbe718\",\"homepage\":\"https://github.com/paketo-buildpacks/environment-variables\",\"name\":\"Paketo Buildpack for Environment Variables\"},\"4.5.7\":{\"api\":\"0.7\",\"stacks\":[{\"id\":\"io.buildpacks.stacks.bionic\"},{\"id\":\"io.paketo.stacks.tiny\"},{\"id\":\"*\"}],\"layerDiffID\":\"sha256:dde4ecbaebb8aaafb29801403695c38a02b343a0ae92747380efc75740342a09\",\"homepage\":\"https://github.com/paketo-buildpacks/environment-variables\",\"name\":\"Paketo Buildpack for Environment Variables\"},\"4.6.0\":{\"api\":\"0.7\",\"stacks\":[{\"id\":\"io.buildpacks.stacks.bionic\"},{\"id\":\"io.paketo.stacks.tiny\"},{\"id\":\"*\"}],\"targets\":[{\"os\":\"linux\",\"arch\":\"amd64\"},{\"os\":\"linux\",\"arch\":\"arm64\"}],\"layerDiffID\":\"sha256:1385012c7cf1fb090e671ee8d346a886e393383686e5a0932f33a133ef08e853\",\"homepage\":\"https://github.com/paketo-buildpacks/environment-variables\",\"name\":\"Paketo Buildpack for Environment Variables\"}},\"paketo-buildpacks/executable-jar\":{\"6.9.0\":{\"api\":\"0.7\",\"stacks\":[{\"id\":\"io.buildpacks.stacks.bionic\"},{\"id\":\"io.paketo.stacks.tiny\"},{\"id\":\"*\"}],\"targets\":[{\"os\":\"linux\",\"arch\":\"amd64\"},{\"os\":\"linux\",\"arch\":\"arm64\"}],\"layerDiffID\":\"sha256:1b03629d77151a18d69f61faf2d13b78eac17d385327d6501358dcf487850013\",\"homepage\":\"https://github.com/paketo-buildpacks/executable-jar\",\"name\":\"Paketo Buildpack for Executable JAR\"}},\"paketo-buildpacks/git\":{\"1.0.8\":{\"api\":\"0.7\",\"stacks\":[{\"id\":\"*\"}],\"layerDiffID\":\"sha256:6705b8397b9f7ec22c45b9d2b0138fd2a403e44b278d6cd7840aa2c4fecf3982\",\"homepage\":\"https://github.com/paketo-buildpacks/git\",\"name\":\"Paketo Buildpack for Git\"}},\"paketo-buildpacks/go\":{\"4.8.0\":{\"api\":\"0.7\",\"order\":[{\"group\":[{\"id\":\"paketo-buildpacks/ca-certificates\",\"version\":\"3.6.8\",\"optional\":true},{\"id\":\"paketo-buildpacks/watchexec\",\"version\":\"2.9.0\",\"optional\":true},{\"id\":\"paketo-buildpacks/go-dist\",\"version\":\"2.5.0\"},{\"id\":\"paketo-buildpacks/git\",\"version\":\"1.0.8\",\"optional\":true},{\"id\":\"paketo-buildpacks/go-mod-vendor\",\"version\":\"1.0.29\"},{\"id\":\"paketo-buildpacks/go-build\",\"version\":\"2.2.1\"},{\"id\":\"paketo-buildpacks/procfile\",\"version\":\"5.6.9\",\"optional\":true},{\"id\":\"paketo-buildpacks/environment-variables\",\"version\":\"4.5.7\",\"optional\":true},{\"id\":\"paketo-buildpacks/image-labels\",\"version\":\"4.5.6\",\"optional\":true}]},{\"group\":[{\"id\":\"paketo-buildpacks/ca-certificates\",\"version\":\"3.6.8\",\"optional\":true},{\"id\":\"paketo-buildpacks/watchexec\",\"version\":\"2.9.0\",\"optional\":true},{\"id\":\"paketo-buildpacks/go-dist\",\"version\":\"2.5.0\"},{\"id\":\"paketo-buildpacks/git\",\"version\":\"1.0.8\",\"optional\":true},{\"id\":\"paketo-buildpacks/go-build\",\"version\":\"2.2.1\"},{\"id\":\"paketo-buildpacks/procfile\",\"version\":\"5.6.9\",\"optional\":true},{\"id\":\"paketo-buildpacks/environment-variables\",\"version\":\"4.5.7\",\"optional\":true},{\"id\":\"paketo-buildpacks/image-labels\",\"version\":\"4.5.6\",\"optional\":true}]}],\"layerDiffID\":\"sha256:2ec8f81c22571d87e08661397d7730512dbdf07633600737670c6e7c11f570eb\",\"homepage\":\"https://github.com/paketo-buildpacks/go\",\"name\":\"Paketo Buildpack for Go\"}},\"paketo-buildpacks/go-build\":{\"2.2.1\":{\"api\":\"0.7\",\"stacks\":[{\"id\":\"*\"}],\"layerDiffID\":\"sha256:3a0f933f9674883fd4084f87b80a80c05a6f6b3511d3228e691f2599f739e739\",\"homepage\":\"https://github.com/paketo-buildpacks/go-build\",\"name\":\"Paketo Buildpack for Go Build\"}},\"paketo-buildpacks/go-dist\":{\"2.5.0\":{\"api\":\"0.7\",\"stacks\":[{\"id\":\"*\"}],\"layerDiffID\":\"sha256:a94c29266296206148cd3848a14ab0f4bcca92ce87d4777b4072ce9cfb2d3ba8\",\"homepage\":\"https://github.com/paketo-buildpacks/go-dist\",\"name\":\"Paketo Buildpack for Go Distribution\"}},\"paketo-buildpacks/go-mod-vendor\":{\"1.0.29\":{\"api\":\"0.7\",\"stacks\":[{\"id\":\"*\"}],\"layerDiffID\":\"sha256:4c32f7998f4ec07ea0155fc67"
21:45:35.368 [Test worker] DEBUG com.github.dockerjava.zerodep.shaded.org.apache.hc.client5.http.wire - http-outgoing-0 << "dc3f53ce9365480455e133da7a5574b2d183148\",\"homepage\":\"https://github.com/paketo-buildpacks/go-mod-vendor\",\"name\":\"Paketo Buildpack for Go Mod Vendor\"}},\"paketo-buildpacks/google-stackdriver\":{\"9.0.1\":{\"api\":\"0.7\",\"stacks\":[{\"id\":\"*\"}],\"layerDiffID\":\"sha256:59ae16a09bdd70ab8788374fe6c7ba931b62c1898f1c1e0d3cb0313adeb0f567\",\"homepage\":\"https://github.com/paketo-buildpacks/google-stackdriver\",\"name\":\"Paketo Buildpack for Google Stackdriver\"}},\"paketo-buildpacks/gradle\":{\"7.10.0\":{\"api\":\"0.7\",\"stacks\":[{\"id\":\"io.buildpacks.stacks.bionic\"},{\"id\":\"io.paketo.stacks.tiny\"},{\"id\":\"*\"}],\"targets\":[{\"os\":\"linux\",\"arch\":\"amd64\"},{\"os\":\"linux\",\"arch\":\"arm64\"}],\"layerDiffID\":\"sha256:afbcb57bb062d3511551228e1ce5ede79559a52792afded26f2c3ebe7ee9948a\",\"homepage\":\"https://github.com/paketo-buildpacks/gradle\",\"name\":\"Paketo Buildpack for Gradle\"}},\"paketo-buildpacks/httpd\":{\"0.7.19\":{\"api\":\"0.7\",\"stacks\":[{\"id\":\"io.buildpacks.stacks.bionic\"},{\"id\":\"io.buildpacks.stacks.jammy\"}],\"layerDiffID\":\"sha256:cad5cb4e12946caf76bce22db7870a697ee23db85b910f36b1b26b2f39086709\",\"homepage\":\"https://github.com/paketo-buildpacks/httpd\",\"name\":\"Paketo Buildpack for Apache HTTP Server\"}},\"paketo-buildpacks/icu\":{\"0.7.9\":{\"api\":\"0.8\",\"stacks\":[{\"id\":\"io.buildpacks.stacks.bionic\"},{\"id\":\"io.buildpacks.stacks.jammy\"}],\"layerDiffID\":\"sha256:3119c847f6e1318b4121a9a1251639b424ea6482862ebd07d249cfe7330a42cd\",\"homepage\":\"https://github.com/paketo-buildpacks/icu\",\"name\":\"Paketo Buildpack for ICU\"}},\"paketo-buildpacks/image-labels\":{\"4.5.5\":{\"api\":\"0.7\",\"stacks\":[{\"id\":\"io.buildpacks.stacks.bionic\"},{\"id\":\"io.paketo.stacks.tiny\"},{\"id\":\"*\"}],\"layerDiffID\":\"sha256:8c583593b549c46a53a13afe8c4a01200970cbcb8ee35526697d079232570456\",\"homepage\":\"https://github.com/paketo-buildpacks/image-labels\",\"name\":\"Paketo Buildpack for Image Labels\"},\"4.5.6\":{\"api\":\"0.7\",\"stacks\":[{\"id\":\"io.buildpacks.stacks.bionic\"},{\"id\":\"io.paketo.stacks.tiny\"},{\"id\":\"*\"}],\"layerDiffID\":\"sha256:7d19ab799120b2dc9b62d128ddd055d1125fe33ba18ca84ad78ace6c5694afd3\",\"homepage\":\"https://github.com/paketo-buildpacks/image-labels\",\"name\":\"Paketo Buildpack for Image Labels\"},\"4.6.0\":{\"api\":\"0.7\",\"stacks\":[{\"id\":\"io.buildpacks.stacks.bionic\"},{\"id\":\"io.paketo.stacks.tiny\"},{\"id\":\"*\"}],\"targets\":[{\"os\":\"linux\",\"arch\":\"amd64\"},{\"os\":\"linux\",\"arch\":\"arm64\"}],\"layerDiffID\":\"sha256:fcd6c320b55e00d201cd4bf8e4153fe07ebc6c252c560d77cea4ab707204cfc4\",\"homepage\":\"https://github.com/paketo-buildpacks/image-labels\",\"name\":\"Paketo Buildpack for Image Labels\"}},\"paketo-buildpacks/jattach\":{\"1.7.0\":{\"api\":\"0.7\",\"stacks\":[{\"id\":\"*\"}],\"targets\":[{\"os\":\"linux\",\"arch\":\"amd64\"},{\"os\":\"linux\",\"arch\":\"arm64\"}],\"layerDiffID\":\"sha256:e82c654f2aa182b01e6b44d5b835d3ed7fcff6ac72eaf38a0c85cbfa0d3bb254\",\"homepage\":\"https://github.com/paketo-buildpacks/jattach\",\"name\":\"Paketo Buildpack for JAttach\"}},\"paketo-buildpacks/java\":{\"14.0.0\":{\"api\":\"0.7\",\"order\":[{\"group\":[{\"id\":\"paketo-buildpacks/ca-certificates\",\"version\":\"3.7.0\",\"optional\":true},{\"id\":\"paketo-buildpacks/bellsoft-liberica\",\"version\":\"10.7.2\"},{\"id\":\"paketo-buildpacks/yarn\",\"version\":\"1.3.2\",\"optional\":true},{\"id\":\"paketo-buildpacks/node-engine\",\"version\":\"3.2.2\",\"optional\":true},{\"id\":\"paketo-buildpacks/syft\",\"version\":\"1.46.0\",\"optional\":true},{\"id\":\"paketo-buildpacks/leiningen\",\"version\":\"4.8.0\",\"optional\":true},{\"id\":\"paketo-buildpacks/clojure-tools\",\"version\":\"2.9.1\",\"optional\":true},{\"id\":\"paketo-buildpacks/gradle\",\"version\":\"7.10.0\",\"optional\":true},{\"id\":\"paketo-buildpacks/maven\",\"version\":\"6.16.0\",\"optional\":true},{\"id\":\"paketo-buildpacks/sbt\",\"version\":\"6.14.0\",\"optional\":true},{\"id\":\"paketo-buildpacks/watchexec\",\"version\":\"3.1.2\",\"optional\":true},{\"id\":\"paketo-buildpacks/executable-jar\",\"version\":\"6.9.0\",\"optional\":true},{\"id\":\"paketo-buildpacks/apache-tomcat\",\"version\":\"8.0.0\",\"optional\":true},{\"id\":\"paketo-buildpacks/apache-tomee\",\"version\":\"1.9.0\",\"optional\":true},{\"id\":\"paketo-buildpacks/liberty\",\"version\":\"4.1.0\",\"optional\":true},{\"id\":\"paketo-buildpacks/dist-zip\",\"version\":\"5.7.0\",\"optional\":true},{\"id\":\"paketo-buildpacks/spring-boot\",\"version\":\"5.29.1\",\"optional\":true},{\"id\":\"paketo-buildpacks/procfile\",\"version\":\"5.8.0\",\"optional\":true},{\"id\":\"paketo-buildpacks/jattach\",\"version\":\"1.7.0\",\"optional\":true},{\"id\":\"paketo-buildpacks/azure-application-insights\",\"version\":\"5.20.0\",\"optional\":true},{\"id\":\"paketo-buildpacks/google-stackdriver\",\"version\":\"9.0.1\",\"optional\":true},{\"id\":\"paketo-buildpacks/datadog\",\"version\":\"5.12.0\",\"optional\":true},{\"id\":\"paketo-buildpacks/java-memory-assistant\",\"version\":\"1.5.0\",\"optional\":true},{\"id\":\"paketo-buildpacks/encrypt-at-rest\",\"version\":\"4.6.2\",\"optional\":true},{\"id\":\"paketo-buildpacks/environment-variables\",\"version\":\"4.6.0\",\"optional\":true},{\"id\":\"paketo-buildpacks/image-labels\",\"version\":\"4.6.0\",\"optional\":true}]}],\"layerDiffID\":\"sha256:430fb4d753dcfde77b8542ec27725d332802e46754285902b2826ed1e975a25e\",\"homepage\":\"https://paketo.io/docs/howto/java\",\"name\":\"Paketo Buildpack for Java\"}},\"paketo-buildpacks/java-memory-assistant\":{\"1.5.0\":{\"api\":\"0.7\",\"stacks\":[{\"id\":\"io.buildpacks.stacks.bionic\"},{\"id\":\"io.paketo.stacks.tiny\"},{\"id\":\"*\"}],\"targets\":[{\"os\":\"linux\",\"arch\":\"amd64\"},{\"os\":\"linux\",\"arch\":\"arm64\"}],\"layerDiffID\":\"sha256:f45e41127a87cc783d62fec508fbe34769e42d16cc9be9da673d1dcf917cfe5e\",\"homepage\":\"https://github.com/paketo-buildpacks/java-memory-assistant\",\"name\":\"Paketo Buildpack for Java Memory Assistant\"}},\"paketo-buildpacks/java-native-image\":{\"9.4.0\":{\"api\":\"0.7\",\"order\":[{\"group\":[{\"id\":\"paketo-buildpacks/ca-certificates\",\"version\":\"3.7.0\",\"optional\":true},{\"id\":\"paketo-buildpacks/upx\",\"version\":\"3.5.0\",\"optional\":true},{\"id\":\"paketo-buildpacks/bellsoft-liberica\",\"version\":\"10.7.2\"},{\"id\":\"paketo-buildpacks/syft\",\"version\":\"1.46.0\",\"optional\":true},{\"id\":\"paketo-buildpacks/leiningen\",\"version\":\"4.8.0\",\"optional\":true},{\"id\":\"paketo-buildpacks/gradle\",\"version\":\"7.10.0\",\"optional\":true},{\"id\":\"paketo-buildpacks/maven\",\"version\":\"6.16.0\",\"optional\":true},{\"id\":\"paketo-buildpacks/sbt\",\"version\":\"6.14.0\",\"optional\":true},{\"id\":\"paketo-buildpacks/executable-jar\",\"version\":\"6.9.0\",\"optional\":true},{\"id\":\"paketo-buildpacks/spring-boot\",\"version\":\"5.29.1\",\"optional\":true},{\"id\":\"paketo-buildpacks/datadog\",\"version\":\"5.12.0\",\"optional\":true},{\"id\":\"paketo-buildpacks/native-image\",\"version\":\"5.13.0\"},{\"id\":\"paketo-buildpacks/procfile\",\"version\":\"5.8.0\",\"optional\":true},{\"id\":\"paketo-buildpacks/environment-variables\",\"version\":\"4.6.0\",\"optional\":true},{\"id\":\"paketo-buildpacks/image-labels\",\"version\":\"4.6.0\",\"optional\":true}]}],\"layerDiffID\":\"sha256:fcb281eb9259d4e1cf387e6392ecd601dd336c8259d84f8e8338ef4993135e19\",\"homepage\":\"https://paketo.io/docs/howto/java/#build-an-app-as-a-graalvm-native-image-application\",\"name\":\"Paketo Buildpack for Java Native Image\"}},\"paketo-buildpacks/leiningen\":{\"4.8.0\":{\"api\":\"0.7\",\"stacks\":[{\"id\":\"io.buildpacks.stacks.bionic\"},{\"id\":\"io.paketo.stacks.tiny\"},{\"id\":\"*\"}],\"targets\":[{\"os\":\"linux\",\"arch\":\"amd64\"},{\"os\":\"linux\",\"arch\":\"arm64\"}],\"layerDiffID\":\"sha256:c7dea58653c2a567e30a69b6bd342ab6ddd7a26f5631a47f5bcccc809d7d083b\",\"homepage\":\"https://github.com/paketo-buildpacks/leininge"
21:45:35.369 [Test worker] DEBUG com.github.dockerjava.zerodep.shaded.org.apache.hc.client5.http.wire - http-outgoing-0 << "n\",\"name\":\"Paketo Buildpack for Leiningen\"}},\"paketo-buildpacks/liberty\":{\"4.1.0\":{\"api\":\"0.7\",\"stacks\":[{\"id\":\"*\"}],\"targets\":[{\"os\":\"linux\",\"arch\":\"amd64\"},{\"os\":\"linux\",\"arch\":\"arm64\"}],\"layerDiffID\":\"sha256:1e7b4eb94898bf221ef20cad3884c8fb70f0644fed48f947a3671864e3d5881b\",\"homepage\":\"https://github.com/paketo-buildpacks/liberty\",\"name\":\"Paketo Buildpack for Liberty\"}},\"paketo-buildpacks/maven\":{\"6.16.0\":{\"api\":\"0.7\",\"stacks\":[{\"id\":\"io.buildpacks.stacks.bionic\"},{\"id\":\"io.paketo.stacks.tiny\"},{\"id\":\"*\"}],\"targets\":[{\"os\":\"linux\",\"arch\":\"amd64\"},{\"os\":\"linux\",\"arch\":\"arm64\"}],\"layerDiffID\":\"sha256:791bb6dcc5182552d6c0caa319548e66173daa978893096958d0c8c301303c9f\",\"homepage\":\"https://github.com/paketo-buildpacks/maven\",\"name\":\"Paketo Buildpack for Maven\"}},\"paketo-buildpacks/miniconda\":{\"0.10.0\":{\"api\":\"0.7\",\"stacks\":[{\"id\":\"*\"}],\"layerDiffID\":\"sha256:d6561e9fc7a14071bb957d4a474118022a93f04311ed102caca2c596bd6bce54\",\"name\":\"Paketo Buildpack for Miniconda\"}},\"paketo-buildpacks/mri\":{\"0.16.2\":{\"api\":\"0.7\",\"stacks\":[{\"id\":\"io.buildpacks.stacks.bionic\"},{\"id\":\"io.buildpacks.stacks.jammy\"}],\"layerDiffID\":\"sha256:8ddf87bd3b2ae8393e28b61017c0263e4538641f5cc8af5bd2a8deaf6d693ce0\",\"homepage\":\"https://github.com/paketo-buildpacks/mri\",\"name\":\"Paketo Buildpack for MRI\"}},\"paketo-buildpacks/native-image\":{\"5.13.0\":{\"api\":\"0.7\",\"stacks\":[{\"id\":\"*\"}],\"targets\":[{\"os\":\"linux\",\"arch\":\"amd64\"},{\"os\":\"linux\",\"arch\":\"arm64\"}],\"layerDiffID\":\"sha256:dd9f399802ebaf861bb62f83f184c7fbffd2ace861dadd687a36df1a85eaed0c\",\"homepage\":\"https://github.com/paketo-buildpacks/native-image\",\"name\":\"Paketo Buildpack for Native Image\"}},\"paketo-buildpacks/nginx\":{\"0.16.0\":{\"api\":\"0.7\",\"stacks\":[{\"id\":\"io.buildpacks.stacks.bionic\"},{\"id\":\"io.buildpacks.stacks.jammy\"}],\"layerDiffID\":\"sha256:3ce9fa59847df2bfc4cfaab79af96d4450f31aaf4cc5cae549237159aea2a9f5\",\"homepage\":\"https://github.com/paketo-buildpacks/nginx\",\"name\":\"Paketo Buildpack for Nginx Server\"}},\"paketo-buildpacks/node-engine\":{\"3.2.1\":{\"api\":\"0.7\",\"stacks\":[{\"id\":\"io.buildpacks.stacks.bionic\"},{\"id\":\"io.buildpacks.stacks.jammy\"},{\"id\":\"*\"}],\"layerDiffID\":\"sha256:0a7e04dd7287249042afb9800ec74d387d84b3a545db352198583edc9382d746\",\"homepage\":\"https://github.com/paketo-buildpacks/node-engine\",\"name\":\"Paketo Buildpack for Node Engine\"},\"3.2.2\":{\"api\":\"0.7\",\"stacks\":[{\"id\":\"io.buildpacks.stacks.bionic\"},{\"id\":\"io.buildpacks.stacks.jammy\"},{\"id\":\"*\"}],\"layerDiffID\":\"sha256:cee93558ce3631d46031f5de6a8b228b1291a57e2da1d258b4b32340e280ba52\",\"homepage\":\"https://github.com/paketo-buildpacks/node-engine\",\"name\":\"Paketo Buildpack for Node Engine\"}},\"paketo-buildpacks/node-run-script\":{\"1.0.16\":{\"api\":\"0.7\",\"stacks\":[{\"id\":\"*\"}],\"layerDiffID\":\"sha256:d1c48ce101423e074aef2cf36e2c9e11659a8e6c5213e5b8807818d1a9e4d75b\",\"homepage\":\"https://github.com/paketo-buildpacks/node-run-script\",\"name\":\"Paketo Buildpack for Node Run Script\"}},\"paketo-buildpacks/node-start\":{\"1.1.5\":{\"api\":\"0.7\",\"stacks\":[{\"id\":\"*\"}],\"layerDiffID\":\"sha256:883c245db5248900d88b37f452396711ed3eef7a3e29cb2f51ced296baf04f61\",\"homepage\":\"https://github.com/paketo-buildpacks/node-start\",\"name\":\"Paketo Buildpack for Node Start\"}},\"paketo-buildpacks/nodejs\":{\"2.2.0\":{\"api\":\"0.7\",\"order\":[{\"group\":[{\"id\":\"paketo-buildpacks/ca-certificates\",\"version\":\"3.6.7\",\"optional\":true},{\"id\":\"paketo-buildpacks/watchexec\",\"version\":\"2.8.7\",\"optional\":true},{\"id\":\"paketo-buildpacks/node-engine\",\"version\":\"3.2.1\"},{\"id\":\"paketo-buildpacks/yarn\",\"version\":\"1.3.2\"},{\"id\":\"paketo-buildpacks/yarn-install\",\"version\":\"1.3.2\"},{\"id\":\"paketo-buildpacks/node-run-script\",\"version\":\"1.0.16\",\"optional\":true},{\"id\":\"paketo-buildpacks/node-start\",\"version\":\"1.1.5\",\"optional\":true},{\"id\":\"paketo-buildpacks/yarn-start\",\"version\":\"1.2.2\",\"optional\":true},{\"id\":\"paketo-buildpacks/procfile\",\"version\":\"5.6.8\",\"optional\":true},{\"id\":\"paketo-buildpacks/datadog\",\"version\":\"3.6.0\",\"optional\":true},{\"id\":\"paketo-buildpacks/environment-variables\",\"version\":\"4.5.6\",\"optional\":true},{\"id\":\"paketo-buildpacks/image-labels\",\"version\":\"4.5.5\",\"optional\":true}]},{\"group\":[{\"id\":\"paketo-buildpacks/ca-certificates\",\"version\":\"3.6.7\",\"optional\":true},{\"id\":\"paketo-buildpacks/watchexec\",\"version\":\"2.8.7\",\"optional\":true},{\"id\":\"paketo-buildpacks/node-engine\",\"version\":\"3.2.1\"},{\"id\":\"paketo-buildpacks/npm-install\",\"version\":\"1.4.0\"},{\"id\":\"paketo-buildpacks/node-run-script\",\"version\":\"1.0.16\",\"optional\":true},{\"id\":\"paketo-buildpacks/node-start\",\"version\":\"1.1.5\",\"optional\":true},{\"id\":\"paketo-buildpacks/npm-start\",\"version\":\"1.0.17\",\"optional\":true},{\"id\":\"paketo-buildpacks/procfile\",\"version\":\"5.6.8\",\"optional\":true},{\"id\":\"paketo-buildpacks/datadog\",\"version\":\"3.6.0\",\"optional\":true},{\"id\":\"paketo-buildpacks/environment-variables\",\"version\":\"4.5.6\",\"optional\":true},{\"id\":\"paketo-buildpacks/image-labels\",\"version\":\"4.5.5\",\"optional\":true}]},{\"group\":[{\"id\":\"paketo-buildpacks/ca-certificates\",\"version\":\"3.6.7\",\"optional\":true},{\"id\":\"paketo-buildpacks/watchexec\",\"version\":\"2.8.7\",\"optional\":true},{\"id\":\"paketo-buildpacks/node-engine\",\"version\":\"3.2.1\"},{\"id\":\"paketo-buildpacks/node-start\",\"version\":\"1.1.5\"},{\"id\":\"paketo-buildpacks/procfile\",\"version\":\"5.6.8\",\"optional\":true},{\"id\":\"paketo-buildpacks/datadog\",\"version\":\"3.6.0\",\"optional\":true},{\"id\":\"paketo-buildpacks/environment-variables\",\"version\":\"4.5.6\",\"optional\":true},{\"id\":\"paketo-buildpacks/image-labels\",\"version\":\"4.5.5\",\"optional\":true}]}],\"layerDiffID\":\"sha256:ccd1532a8ffaf1fd3bc324e3a28c11b103e849b948b6a2b256fc95072afbaaaa\",\"homepage\":\"https://github.com/paketo-buildpacks/nodejs\",\"name\":\"Paketo Buildpack for Node.js\"}},\"paketo-buildpacks/npm-install\":{\"1.4.0\":{\"api\":\"0.7\",\"stacks\":[{\"id\":\"*\"}],\"layerDiffID\":\"sha256:e569e1a58ac29627361bf91bcd623b082d08a628d055407dc0d4830495c6f258\",\"homepage\":\"https://github.com/paketo-buildpacks/npm-install\",\"name\":\"Paketo Buildpack for NPM Install\"}},\"paketo-buildpacks/npm-start\":{\"1.0.17\":{\"api\":\"0.7\",\"stacks\":[{\"id\":\"*\"}],\"layerDiffID\":\"sha256:6b30f1406258da7040bbf59d9845a29a700c80e71ba96902efda85f6ee2b9bdc\",\"homepage\":\"https://github.com/paketo-buildpacks/npm-start\",\"name\":\"Paketo Buildpack for NPM Start\"}},\"paketo-buildpacks/passenger\":{\"0.14.2\":{\"api\":\"0.7\",\"stacks\":[{\"id\":\"io.buildpacks.stacks.bionic\"},{\"id\":\"io.buildpacks.stacks.jammy\"}],\"layerDiffID\":\"sha256:93c22cdbfd877102c38f43afae9ea2009f889e12eda500c61a8f5d6d5b73bef2\",\"homepage\":\"https://github.com/paketo-buildpacks/passenger\",\"name\":\"Paketo Buildpack for Passenger\"}},\"paketo-buildpacks/pip\":{\"0.20.1\":{\"api\":\"0.7\",\"stacks\":[{\"id\":\"*\"}],\"layerDiffID\":\"sha256:a6dcaca7d3cf2aeadd5b497435e6d3ea25e3ae961c2849a95dbcd16254421194\",\"name\":\"Paketo Buildpack for Pip\"}},\"paketo-buildpacks/pip-install\":{\"0.6.1\":{\"api\":\"0.7\",\"stacks\":[{\"id\":\"*\"}],\"layerDiffID\":\"sha256:6cdacb684be60886cb3d94b41680f8f6de5c6d4027ba39bef383753207dcf29b\",\"name\":\"Paketo Buildpack for Pip Install\"}},\"paketo-buildpacks/pipenv\":{\"1.21.0\":{\"api\":\"0.7\",\"stacks\":[{\"id\":\"*\"}],\"layerDiffID\":\"sha256:966f7325a77def4f75e22f92db2a19fc9db10e8cb046a5fe55e739c68e5f0c64\",\"name\":\"Paketo Buildpack for Pipenv\"}},\"paketo-buildpacks/pipenv-install\":{\"0.6.19\":{\"api\":\"0.7\",\"stacks\":[{\"id\":\"*\"}],\"layerDiffID\":\"sha256:de"
21:45:35.370 [Test worker] DEBUG com.github.dockerjava.zerodep.shaded.org.apache.hc.client5.http.wire - http-outgoing-0 << "3ac31a5c8420983a6044708b47bdb6e172899400b6d70a3f3b63354a70f489\",\"name\":\"Paketo Buildpack for Pipenv Install\"}},\"paketo-buildpacks/poetry\":{\"0.9.0\":{\"api\":\"0.7\",\"stacks\":[{\"id\""
21:45:35.373 [Test worker] DEBUG com.github.dockerjava.zerodep.shaded.org.apache.hc.client5.http.wire - http-outgoing-0 << ":\"*\"}],\"layerDiffID\":\"sha256:e05e1aaab036cc724ff9dd1d42a978762824e90cd55b258f941c623b134a0c1d\",\"name\":\"Paketo Buildpack for Poetry\"}},\"paketo-buildpacks/poetry-install\":{\"0.3.19\":{\"api\":\"0.7\",\"stacks\":[{\"id\":\"*\"}],\"layerDiffID\":\"sha256:5a7829fef35187712b99a488b10d7c14203bac804b3a1dcf8f3ff803e5dfa4b9\",\"name\":\"Paketo Buildpack for Poetry Install\"}},\"paketo-buildpacks/poetry-run\":{\"0.4.22\":{\"api\":\"0.8\",\"stacks\":[{\"id\":\"*\"}],\"layerDiffID\":\"sha256:a549b9568af3af9bc69d1366a3b45bdc0ced7e8f0ec7c9466824eb0952aff77c\",\"name\":\"Paketo Buildpack for Poetry Run\"}},\"paketo-buildpacks/procfile\":{\"5.6.8\":{\"api\":\"0.7\",\"stacks\":[{\"id\":\"*\"}],\"layerDiffID\":\"sha256:7ed29173481c523f069fd9d4ca8a168733a161a2c45660423afb1bd9ada3545a\",\"homepage\":\"https://github.com/paketo-buildpacks/procfile\",\"name\":\"Paketo Buildpack for Procfile\"},\"5.6.9\":{\"api\":\"0.7\",\"stacks\":[{\"id\":\"*\"}],\"layerDiffID\":\"sha256:dc56a8f75d233007cccc9774f825a4aedd718c97355ac2b6ef048ca1847ea50e\",\"homepage\":\"https://github.com/paketo-buildpacks/procfile\",\"name\":\"Paketo Buildpack for Procfile\"},\"5.7.0\":{\"api\":\"0.7\",\"stacks\":[{\"id\":\"*\"}],\"targets\":[{\"os\":\"linux\",\"arch\":\"amd64\"},{\"os\":\"linux\",\"arch\":\"arm64\"}],\"layerDiffID\":\"sha256:fb764ecebedaa2fd61788e51b87dda3475b5abe44e855838d44976e96b0ef629\",\"homepage\":\"https://github.com/paketo-buildpacks/procfile\",\"name\":\"Paketo Buildpack for Procfile\"},\"5.8.0\":{\"api\":\"0.7\",\"stacks\":[{\"id\":\"*\"}],\"targets\":[{\"os\":\"linux\",\"arch\":\"amd64\"},{\"os\":\"linux\",\"arch\":\"arm64\"}],\"layerDiffID\":\"sha256:29902f3e5d0042912c7688d9c78ea8789068cdc3f8da5a5bfad2395d575a0225\",\"homepage\":\"https://github.com/paketo-buildpacks/procfile\",\"name\":\"Paketo Buildpack for Procfile\"}},\"paketo-buildpacks/puma\":{\"0.4.40\":{\"api\":\"0.7\",\"stacks\":[{\"id\":\"*\"}],\"layerDiffID\":\"sha256:cc18628c6e37f73ae7aeac97dd8573731ce599df02a099e34781b0cbabd1b7ae\",\"homepage\":\"https://github.com/paketo-buildpacks/puma\",\"name\":\"Paketo Buildpack for Puma\"}},\"paketo-buildpacks/python\":{\"2.19.0\":{\"api\":\"0.8\",\"order\":[{\"group\":[{\"id\":\"paketo-buildpacks/ca-certificates\",\"version\":\"3.7.0\",\"optional\":true},{\"id\":\"paketo-buildpacks/watchexec\",\"version\":\"3.1.2\",\"optional\":true},{\"id\":\"paketo-buildpacks/cpython\",\"version\":\"1.13.0\"},{\"id\":\"paketo-buildpacks/pip\",\"version\":\"0.20.1\"},{\"id\":\"paketo-buildpacks/pipenv\",\"version\":\"1.21.0\"},{\"id\":\"paketo-buildpacks/pipenv-install\",\"version\":\"0.6.19\"},{\"id\":\"paketo-buildpacks/python-start\",\"version\":\"0.14.15\"},{\"id\":\"paketo-buildpacks/procfile\",\"version\":\"5.8.0\",\"optional\":true},{\"id\":\"paketo-buildpacks/environment-variables\",\"version\":\"4.6.0\",\"optional\":true},{\"id\":\"paketo-buildpacks/image-labels\",\"version\":\"4.6.0\",\"optional\":true}]},{\"group\":[{\"id\":\"paketo-buildpacks/ca-certificates\",\"version\":\"3.7.0\",\"optional\":true},{\"id\":\"paketo-buildpacks/watchexec\",\"version\":\"3.1.2\",\"optional\":true},{\"id\":\"paketo-buildpacks/cpython\",\"version\":\"1.13.0\"},{\"id\":\"paketo-buildpacks/pip\",\"version\":\"0.20.1\"},{\"id\":\"paketo-buildpacks/pip-install\",\"version\":\"0.6.1\"},{\"id\":\"paketo-buildpacks/python-start\",\"version\":\"0.14.15\"},{\"id\":\"paketo-buildpacks/procfile\",\"version\":\"5.8.0\",\"optional\":true},{\"id\":\"paketo-buildpacks/environment-variables\",\"version\":\"4.6.0\",\"optional\":true},{\"id\":\"paketo-buildpacks/image-labels\",\"version\":\"4.6.0\",\"optional\":true}]},{\"group\":[{\"id\":\"paketo-buildpacks/ca-certificates\",\"version\":\"3.7.0\",\"optional\":true},{\"id\":\"paketo-buildpacks/watchexec\",\"version\":\"3.1.2\",\"optional\":true},{\"id\":\"paketo-buildpacks/miniconda\",\"version\":\"0.10.0\"},{\"id\":\"paketo-buildpacks/conda-env-update\",\"version\":\"0.7.13\"},{\"id\":\"paketo-buildpacks/python-start\",\"version\":\"0.14.15\"},{\"id\":\"paketo-buildpacks/procfile\",\"version\":\"5.8.0\",\"optional\":true},{\"id\":\"paketo-buildpacks/environment-variables\",\"version\":\"4.6.0\",\"optional\":true},{\"id\":\"paketo-buildpacks/image-labels\",\"version\":\"4.6.0\",\"optional\":true}]},{\"group\":[{\"id\":\"paketo-buildpacks/ca-certificates\",\"version\":\"3.7.0\",\"optional\":true},{\"id\":\"paketo-buildpacks/watchexec\",\"version\":\"3.1.2\",\"optional\":true},{\"id\":\"paketo-buildpacks/cpython\",\"version\":\"1.13.0\"},{\"id\":\"paketo-buildpacks/pip\",\"version\":\"0.20.1\"},{\"id\":\"paketo-buildpacks/poetry\",\"version\":\"0.9.0\"},{\"id\":\"paketo-buildpacks/poetry-install\",\"version\":\"0.3.19\"},{\"id\":\"paketo-buildpacks/poetry-run\",\"version\":\"0.4.22\"},{\"id\":\"paketo-buildpacks/procfile\",\"version\":\"5.8.0\",\"optional\":true},{\"id\":\"paketo-buildpacks/environment-variables\",\"version\":\"4.6.0\",\"optional\":true},{\"id\":\"paketo-buildpacks/image-labels\",\"version\":\"4.6.0\",\"optional\":true}]},{\"group\":[{\"id\":\"paketo-buildpacks/ca-certificates\",\"version\":\"3.7.0\",\"optional\":true},{\"id\":\"paketo-buildpacks/watchexec\",\"version\":\"3.1.2\",\"optional\":true},{\"id\":\"paketo-buildpacks/cpython\",\"version\":\"1.13.0\"},{\"id\":\"paketo-buildpacks/pip\",\"version\":\"0.20.1\"},{\"id\":\"paketo-buildpacks/poetry\",\"version\":\"0.9.0\"},{\"id\":\"paketo-buildpacks/poetry-install\",\"version\":\"0.3.19\"},{\"id\":\"paketo-buildpacks/python-start\",\"version\":\"0.14.15\"},{\"id\":\"paketo-buildpacks/procfile\",\"version\":\"5.8.0\",\"optional\":true},{\"id\":\"paketo-buildpacks/environment-variables\",\"version\":\"4.6.0\",\"optional\":true},{\"id\":\"paketo-buildpacks/image-labels\",\"version\":\"4.6.0\",\"optional\":true}]},{\"group\":[{\"id\":\"paketo-buildpacks/ca-certificates\",\"version\":\"3.7.0\",\"optional\":true},{\"id\":\"paketo-buildpacks/watchexec\",\"version\":\"3.1.2\",\"optional\":true},{\"id\":\"paketo-buildpacks/cpython\",\"version\":\"1.13.0\"},{\"id\":\"paketo-buildpacks/python-start\",\"version\":\"0.14.15\"},{\"id\":\"paketo-buildpacks/procfile\",\"version\":\"5.8.0\",\"optional\":true},{\"id\":\"paketo-buildpacks/environment-variables\",\"version\":\"4.6.0\",\"optional\":true},{\"id\":\"paketo-buildpacks/image-labels\",\"version\":\"4.6.0\",\"optional\":true}]}],\"layerDiffID\":\"sha256:80ada522d0b5a8e2bc6b95639dda4888c8265b27a082666ad0b34255d2f77c16\",\"name\":\"Paketo Buildpack for Python\"}},\"paketo-buildpacks/python-start\":{\"0.14.15\":{\"api\":\"0.8\",\"stacks\":[{\"id\":\"*\"}],\"layerDiffID\":\"sha256:fa27d532466a9b49c9d9f23c2c6449a5378407bc93a6891e1b646f5c7e26708d\",\"homepage\":\"https://github.com/paketo-buildpacks/python-start\",\"name\":\"Paketo Buildpack for Python Start\"}},\"paketo-buildpacks/rackup\":{\"0.4.39\":{\"api\":\"0.7\",\"stacks\":[{\"id\":\"*\"}],\"layerDiffID\":\"sha256:04b5878590658efce092cc91731f5e57984d09b01e82e6fc6dea4845defc2caa\",\"homepage\":\"https://github.com/paketo-buildpacks/rackup\",\"name\":\"Paketo Buildpack for Rackup\"}},\"paketo-buildpacks/rails-assets\":{\"0.10.9\":{\"api\":\"0.7\",\"stacks\":[{\"id\":\"*\"}],\"layerDiffID\":\"sha256:b0754609ae7c947dd9123e85ff14888f68d927ca7a2440603042a61e3672bbd7\",\"homepage\":\"https://github.com/paketo-buildpacks/rails-assets\",\"name\":\"Paketo Buildpack for Rails Assets\"}},\"paketo-buildpacks/rake\":{\"0.4.39\":{\"api\":\"0.7\",\"stacks\":[{\"id\":\"*\"}],\"layerDiffID\":\"sha256:1ba1162c859636cc20c26205c153f43d87bf71141438a8997987b31b2c77ab85\",\"homepage\":\"https://github.com/paketo-buildpacks/rake\",\"name\":\"Paketo Buildpack for Rake\"}},\"paketo-buildpacks/ruby\":{\"0.45.0\":{\"api\":\"0.7\",\"order\":[{\"group\":[{\"id\":\"paketo-buildpacks/ca-certificates\",\"version\":\"3.7.0\",\"optional\":true},{\"id\":\"paketo-buildpacks/mri\",\"version\":\"0.16.2\"},{\"id\":\"paketo-buildpacks/bundler\",\"version\":\"0.8.7\"},{\"id\":\"paketo-buildpacks/bundle-install\",\"version\":\"0.8.5\"}"
21:45:35.374 [Test worker] DEBUG com.github.dockerjava.zerodep.shaded.org.apache.hc.client5.http.wire - http-outgoing-0 << ",{\"id\":\"paketo-buildpacks/node-engine\",\"version\":\"3.2.2\",\"optional\":true},{\"id\":\"paketo-buildpacks/yarn\",\"version\":\"1.3.2\",\"optional\":true},{\"id\":\"paketo-buildpacks/yarn-install\",\"version\":\"1.3.2\",\"optional\":true},{\"id\":\"paketo-buildpacks/rails-assets\",\"version\":\"0.10.9\",\"optional\":true},{\"id\":\"paketo-buildpacks/puma\",\"version\":\"0.4.40\"},{\"i[\r][\n]"
21:45:35.375 [Test worker] DEBUG com.github.dockerjava.zerodep.shaded.org.apache.hc.client5.http.wire - http-outgoing-0 << "8000[\r][\n]"
21:45:35.375 [Test worker] DEBUG com.github.dockerjava.zerodep.shaded.org.apache.hc.client5.http.wire - http-outgoing-0 << "d\":\"paketo-buildpacks/procfile\",\"version\":\"5.7.0\",\"optional\":true},{\"id\":\"paketo-buildpacks/environment-variables\",\"version\":\"4.6.0\",\"optional\":true},{\"id\":\"paketo-buildpacks/image-labels\",\"version\":\"4.6.0\",\"optional\":true}]},{\"group\":[{\"id\":\"paketo-buildpacks/ca-certificates\",\"version\":\"3.7.0\",\"optional\":true},{\"id\":\"paketo-buildpacks/mri\",\"version\":\"0.16.2\"},{\"id\":\"paketo-buildpacks/bundler\",\"version\":\"0.8.7\"},{\"id\":\"paketo-buildpacks/bundle-install\",\"version\":\"0.8.5\"},{\"id\":\"paketo-buildpacks/node-engine\",\"version\":\"3.2.2\",\"optional\":true},{\"id\":\"paketo-buildpacks/yarn\",\"version\":\"1.3.2\",\"optional\":true},{\"id\":\"paketo-buildpacks/yarn-install\",\"version\":\"1.3.2\",\"optional\":true},{\"id\":\"paketo-buildpacks/rails-assets\",\"version\":\"0.10.9\",\"optional\":true},{\"id\":\"paketo-buildpacks/thin\",\"version\":\"0.5.37\"},{\"id\":\"paketo-buildpacks/procfile\",\"version\":\"5.7.0\",\"optional\":true},{\"id\":\"paketo-buildpacks/environment-variables\",\"version\":\"4.6.0\",\"optional\":true},{\"id\":\"paketo-buildpacks/image-labels\",\"version\":\"4.6.0\",\"optional\":true}]},{\"group\":[{\"id\":\"paketo-buildpacks/ca-certificates\",\"version\":\"3.7.0\",\"optional\":true},{\"id\":\"paketo-buildpacks/mri\",\"version\":\"0.16.2\"},{\"id\":\"paketo-buildpacks/bundler\",\"version\":\"0.8.7\"},{\"id\":\"paketo-buildpacks/bundle-install\",\"version\":\"0.8.5\"},{\"id\":\"paketo-buildpacks/node-engine\",\"version\":\"3.2.2\",\"optional\":true},{\"id\":\"paketo-buildpacks/yarn\",\"version\":\"1.3.2\",\"optional\":true},{\"id\":\"paketo-buildpacks/yarn-install\",\"version\":\"1.3.2\",\"optional\":true},{\"id\":\"paketo-buildpacks/rails-assets\",\"version\":\"0.10.9\",\"optional\":true},{\"id\":\"paketo-buildpacks/unicorn\",\"version\":\"0.4.39\"},{\"id\":\"paketo-buildpacks/procfile\",\"version\":\"5.7.0\",\"optional\":true},{\"id\":\"paketo-buildpacks/environment-variables\",\"version\":\"4.6.0\",\"optional\":true},{\"id\":\"paketo-buildpacks/image-labels\",\"version\":\"4.6.0\",\"optional\":true}]},{\"group\":[{\"id\":\"paketo-buildpacks/ca-certificates\",\"version\":\"3.7.0\",\"optional\":true},{\"id\":\"paketo-buildpacks/mri\",\"version\":\"0.16.2\"},{\"id\":\"paketo-buildpacks/bundler\",\"version\":\"0.8.7\"},{\"id\":\"paketo-buildpacks/bundle-install\",\"version\":\"0.8.5\"},{\"id\":\"paketo-buildpacks/node-engine\",\"version\":\"3.2.2\",\"optional\":true},{\"id\":\"paketo-buildpacks/yarn\",\"version\":\"1.3.2\",\"optional\":true},{\"id\":\"paketo-buildpacks/yarn-install\",\"version\":\"1.3.2\",\"optional\":true},{\"id\":\"paketo-buildpacks/rails-assets\",\"version\":\"0.10.9\",\"optional\":true},{\"id\":\"paketo-buildpacks/passenger\",\"version\":\"0.14.2\"},{\"id\":\"paketo-buildpacks/procfile\",\"version\":\"5.7.0\",\"optional\":true},{\"id\":\"paketo-buildpacks/environment-variables\",\"version\":\"4.6.0\",\"optional\":true},{\"id\":\"paketo-buildpacks/image-labels\",\"version\":\"4.6.0\",\"optional\":true}]},{\"group\":[{\"id\":\"paketo-buildpacks/ca-certificates\",\"version\":\"3.7.0\",\"optional\":true},{\"id\":\"paketo-buildpacks/mri\",\"version\":\"0.16.2\"},{\"id\":\"paketo-buildpacks/bundler\",\"version\":\"0.8.7\"},{\"id\":\"paketo-buildpacks/bundle-install\",\"version\":\"0.8.5\"},{\"id\":\"paketo-buildpacks/node-engine\",\"version\":\"3.2.2\",\"optional\":true},{\"id\":\"paketo-buildpacks/yarn\",\"version\":\"1.3.2\",\"optional\":true},{\"id\":\"paketo-buildpacks/yarn-install\",\"version\":\"1.3.2\",\"optional\":true},{\"id\":\"paketo-buildpacks/rails-assets\",\"version\":\"0.10.9\",\"optional\":true},{\"id\":\"paketo-buildpacks/rackup\",\"version\":\"0.4.39\"},{\"id\":\"paketo-buildpacks/procfile\",\"version\":\"5.7.0\",\"optional\":true},{\"id\":\"paketo-buildpacks/environment-variables\",\"version\":\"4.6.0\",\"optional\":true},{\"id\":\"paketo-buildpacks/image-labels\",\"version\":\"4.6.0\",\"optional\":true}]},{\"group\":[{\"id\":\"paketo-buildpacks/ca-certificates\",\"version\":\"3.7.0\",\"optional\":true},{\"id\":\"paketo-buildpacks/mri\",\"version\":\"0.16.2\"},{\"id\":\"paketo-buildpacks/bundler\",\"version\":\"0.8.7\",\"optional\":true},{\"id\":\"paketo-buildpacks/bundle-install\",\"version\":\"0.8.5\",\"optional\":true},{\"id\":\"paketo-buildpacks/rake\",\"version\":\"0.4.39\"},{\"id\":\"paketo-buildpacks/procfile\",\"version\":\"5.7.0\",\"optional\":true},{\"id\":\"paketo-buildpacks/environment-variables\",\"version\":\"4.6.0\",\"optional\":true},{\"id\":\"paketo-buildpacks/image-labels\",\"version\":\"4.6.0\",\"optional\":true}]}],\"layerDiffID\":\"sha256:6835da52555fff8db3a729393dae12c10b35bac91a8e75737e385d8043b9870a\",\"homepage\":\"https://github.com/paketo-buildpacks/ruby\",\"name\":\"Paketo Buildpack for Ruby\"}},\"paketo-buildpacks/sbt\":{\"6.14.0\":{\"api\":\"0.7\",\"stacks\":[{\"id\":\"io.buildpacks.stacks.bionic\"},{\"id\":\"io.paketo.stacks.tiny\"},{\"id\":\"*\"}],\"targets\":[{\"os\":\"linux\",\"arch\":\"amd64\"},{\"os\":\"linux\",\"arch\":\"arm64\"}],\"layerDiffID\":\"sha256:78d60d58265cfdcdb4f5cad3014d166a21ae3aaa6e6ee88aacf657d7d8442c75\",\"homepage\":\"https://github.com/paketo-buildpacks/sbt\",\"name\":\"Paketo Buildpack for SBT\"}},\"paketo-buildpacks/source-removal\":{\"0.2.1\":{\"api\":\"0.7\",\"stacks\":[{\"id\":\"*\"}],\"layerDiffID\":\"sha256:c9b2b4846699e199bf3baa9f694c2914da8404ab2278da08576a53ecd11cd608\",\"name\":\"Paketo Buildpack for Source Removal\"}},\"paketo-buildpacks/spring-boot\":{\"5.29.1\":{\"api\":\"0.7\",\"stacks\":[{\"id\":\"io.buildpacks.stacks.bionic\"},{\"id\":\"io.paketo.stacks.tiny\"},{\"id\":\"*\"}],\"targets\":[{\"os\":\"linux\",\"arch\":\"amd64\"},{\"os\":\"linux\",\"arch\":\"arm64\"}],\"layerDiffID\":\"sha256:942be2b29e928055e76a404e147869d051d6b7abd07698885844b88aa2fa701d\",\"homepage\":\"https://github.com/paketo-buildpacks/spring-boot\",\"name\":\"Paketo Buildpack for Spring Boot\"}},\"paketo-buildpacks/syft\":{\"1.46.0\":{\"api\":\"0.7\",\"stacks\":[{\"id\":\"*\"}],\"targets\":[{\"os\":\"linux\",\"arch\":\"amd64\"},{\"os\":\"linux\",\"arch\":\"arm64\"}],\"layerDiffID\":\"sha256:6dd1ecaa17adc9b92fb650dc96663f42b55b010492b1dac9ace20295a6b6e8a5\",\"homepage\":\"https://github.com/paketo-buildpacks/syft\",\"name\":\"Paketo Buildpack for Syft\"}},\"paketo-buildpacks/thin\":{\"0.5.37\":{\"api\":\"0.7\",\"stacks\":[{\"id\":\"*\"}],\"layerDiffID\":\"sha256:5af39cb08b80879c788f32778ea73b6ec972069b2fbd4e850f679719ce6d3607\",\"homepage\":\"https://github.com/paketo-buildpacks/thin\",\"name\":\"Paketo Buildpack for Thin\"}},\"paketo-buildpacks/unicorn\":{\"0.4.39\":{\"api\":\"0.7\",\"stacks\":[{\"id\":\"*\"}],\"layerDiffID\":\"sha256:0c350a77d3bda7b06fa21e829945a6185856628d97da284b321fe57934ba8cdf\",\"homepage\":\"https://github.com/paketo-buildpacks/unicorn\",\"name\":\"Paketo Buildpack for Unicorn\"}},\"paketo-buildpacks/upx\":{\"3.5.0\":{\"api\":\"0.7\",\"stacks\":[{\"id\":\"io.buildpacks.stacks.bionic\"},{\"id\":\"io.paketo.stacks.tiny\"},{\"id\":\"*\"}],\"targets\":[{\"os\":\"linux\",\"arch\":\"amd64\"},{\"os\":\"linux\",\"arch\":\"arm64\"}],\"layerDiffID\":\"sha256:60df7bef2ef54e57614a7646e2154d1a5b42a0aa0c48e78bcc4072941f4110a6\",\"homepage\":\"https://github.com/paketo-buildpacks/upx\",\"name\":\"Paketo Buildpack for UPX\"}},\"paketo-buildpacks/vsdbg\":{\"0.3.11\":{\"api\":\"0.8\",\"stacks\":[{\"id\":\"io.buildpacks.stacks.bionic\"},{\"id\":\"io.buildpacks.stacks.jammy\"}],\"layerDiffID\":\"sha256:a1b4049a46361cb419935fdf78338cd1a42b5d8619fa0b8ea6f0966c9bd71843\",\"name\":\"Paketo Buildpack for Visual Studio Debugger\"}},\"paketo-buildpacks/watchexec\":{\"2.10.0\":{\"api\":\"0.7\",\"stacks\":[{\"id\":\"*\"}],\"targets\":[{\"os\":\"linux\",\"arch\":\"amd64\"},{\"os\":\"linux\",\"a"
21:45:35.376 [Test worker] DEBUG com.github.dockerjava.zerodep.shaded.org.apache.hc.client5.http.wire - http-outgoing-0 << "rch\":\"arm64\"}],\"layerDiffID\":\"sha256:e968d2c4e179709eb2d32d7032fded5df329f60a8cfcd66e25b4c79c80afa139\",\"homepage\":\"https://github.com/paketo-buildpacks/watchexec\",\"name\":\"Paketo Buildpack for Watchexec\"},\"2.8.7\":{\"api\":\"0.7\",\"stacks\":[{\"id\":\"io.buildpacks.stacks.bionic\"},{\"id\":\"io.paketo.stacks.tiny\"},{\"id\":\"*\"}],\"layerDiffID\":\"sha256:0c5056a64de25640f4a2b9fde21186b5425007c233a1c402c52dcc96a2e2146d\",\"homepage\":\"https://github.com/paketo-buildpacks/watchexec\",\"name\":\"Paketo Buildpack for Watchexec\"},\"2.9.0\":{\"api\":\"0.7\",\"stacks\":[{\"id\":\"*\"}],\"layerDiffID\":\"sha256:f4f037dc8b971f054a4875d76281d8d7d7367648c91158fed313e5bb4f6b6061\",\"homepage\":\"https://github.com/paketo-buildpacks/watchexec\",\"name\":\"Paketo Buildpack for Watchexec\"},\"3.1.2\":{\"api\":\"0.7\",\"stacks\":[{\"id\":\"*\"}],\"targets\":[{\"os\":\"linux\",\"arch\":\"amd64\"},{\"os\":\"linux\",\"arch\":\"arm64\"}],\"layerDiffID\":\"sha256:ae6e108d26208fde3a3773c090a7b47197315c51b6b8aa2b08d7ec5cb173477a\",\"homepage\":\"https://github.com/paketo-buildpacks/watchexec\",\"name\":\"Paketo Buildpack for Watchexec\"}},\"paketo-buildpacks/web-servers\":{\"0.22.0\":{\"api\":\"0.7\",\"order\":[{\"group\":[{\"id\":\"paketo-buildpacks/ca-certificates\",\"version\":\"3.7.0\",\"optional\":true},{\"id\":\"paketo-buildpacks/watchexec\",\"version\":\"3.1.2\",\"optional\":true},{\"id\":\"paketo-buildpacks/node-engine\",\"version\":\"3.2.2\"},{\"id\":\"paketo-buildpacks/yarn\",\"version\":\"1.3.2\"},{\"id\":\"paketo-buildpacks/yarn-install\",\"version\":\"1.3.2\"},{\"id\":\"paketo-buildpacks/node-run-script\",\"version\":\"1.0.16\"},{\"id\":\"paketo-buildpacks/nginx\",\"version\":\"0.16.0\"},{\"id\":\"paketo-buildpacks/procfile\",\"version\":\"5.8.0\",\"optional\":true},{\"id\":\"paketo-buildpacks/environment-variables\",\"version\":\"4.6.0\",\"optional\":true},{\"id\":\"paketo-buildpacks/image-labels\",\"version\":\"4.6.0\",\"optional\":true},{\"id\":\"paketo-buildpacks/source-removal\",\"version\":\"0.2.1\"}]},{\"group\":[{\"id\":\"paketo-buildpacks/ca-certificates\",\"version\":\"3.7.0\",\"optional\":true},{\"id\":\"paketo-buildpacks/watchexec\",\"version\":\"3.1.2\",\"optional\":true},{\"id\":\"paketo-buildpacks/node-engine\",\"version\":\"3.2.2\"},{\"id\":\"paketo-buildpacks/npm-install\",\"version\":\"1.4.0\"},{\"id\":\"paketo-buildpacks/node-run-script\",\"version\":\"1.0.16\"},{\"id\":\"paketo-buildpacks/nginx\",\"version\":\"0.16.0\"},{\"id\":\"paketo-buildpacks/procfile\",\"version\":\"5.8.0\",\"optional\":true},{\"id\":\"paketo-buildpacks/environment-variables\",\"version\":\"4.6.0\",\"optional\":true},{\"id\":\"paketo-buildpacks/image-labels\",\"version\":\"4.6.0\",\"optional\":true},{\"id\":\"paketo-buildpacks/source-removal\",\"version\":\"0.2.1\"}]},{\"group\":[{\"id\":\"paketo-buildpacks/ca-certificates\",\"version\":\"3.7.0\",\"optional\":true},{\"id\":\"paketo-buildpacks/watchexec\",\"version\":\"3.1.2\",\"optional\":true},{\"id\":\"paketo-buildpacks/node-engine\",\"version\":\"3.2.2\"},{\"id\":\"paketo-buildpacks/yarn\",\"version\":\"1.3.2\"},{\"id\":\"paketo-buildpacks/yarn-install\",\"version\":\"1.3.2\"},{\"id\":\"paketo-buildpacks/node-run-script\",\"version\":\"1.0.16\"},{\"id\":\"paketo-buildpacks/httpd\",\"version\":\"0.7.19\"},{\"id\":\"paketo-buildpacks/procfile\",\"version\":\"5.8.0\",\"optional\":true},{\"id\":\"paketo-buildpacks/environment-variables\",\"version\":\"4.6.0\",\"optional\":true},{\"id\":\"paketo-buildpacks/image-labels\",\"version\":\"4.6.0\",\"optional\":true},{\"id\":\"paketo-buildpacks/source-removal\",\"version\":\"0.2.1\"}]},{\"group\":[{\"id\":\"paketo-buildpacks/ca-certificates\",\"version\":\"3.7.0\",\"optional\":true},{\"id\":\"paketo-buildpacks/watchexec\",\"version\":\"3.1.2\",\"optional\":true},{\"id\":\"paketo-buildpacks/node-engine\",\"version\":\"3.2.2\"},{\"id\":\"paketo-buildpacks/npm-install\",\"version\":\"1.4.0\"},{\"id\":\"paketo-buildpacks/node-run-script\",\"version\":\"1.0.16\"},{\"id\":\"paketo-buildpacks/httpd\",\"version\":\"0.7.19\"},{\"id\":\"paketo-buildpacks/procfile\",\"version\":\"5.8.0\",\"optional\":true},{\"id\":\"paketo-buildpacks/environment-variables\",\"version\":\"4.6.0\",\"optional\":true},{\"id\":\"paketo-buildpacks/image-labels\",\"version\":\"4.6.0\",\"optional\":true},{\"id\":\"paketo-buildpacks/source-removal\",\"version\":\"0.2.1\"}]},{\"group\":[{\"id\":\"paketo-buildpacks/ca-certificates\",\"version\":\"3.7.0\",\"optional\":true},{\"id\":\"paketo-buildpacks/watchexec\",\"version\":\"3.1.2\",\"optional\":true},{\"id\":\"paketo-buildpacks/nginx\",\"version\":\"0.16.0\"},{\"id\":\"paketo-buildpacks/procfile\",\"version\":\"5.8.0\",\"optional\":true},{\"id\":\"paketo-buildpacks/environment-variables\",\"version\":\"4.6.0\",\"optional\":true},{\"id\":\"paketo-buildpacks/image-labels\",\"version\":\"4.6.0\",\"optional\":true},{\"id\":\"paketo-buildpacks/source-removal\",\"version\":\"0.2.1\"}]},{\"group\":[{\"id\":\"paketo-buildpacks/ca-certificates\",\"version\":\"3.7.0\",\"optional\":true},{\"id\":\"paketo-buildpacks/watchexec\",\"version\":\"3.1.2\",\"optional\":true},{\"id\":\"paketo-buildpacks/httpd\",\"version\":\"0.7.19\"},{\"id\":\"paketo-buildpacks/procfile\",\"version\":\"5.8.0\",\"optional\":true},{\"id\":\"paketo-buildpacks/environment-variables\",\"version\":\"4.6.0\",\"optional\":true},{\"id\":\"paketo-buildpacks/image-labels\",\"version\":\"4.6.0\",\"optional\":true},{\"id\":\"paketo-buildpacks/source-removal\",\"version\":\"0.2.1\"}]}],\"layerDiffID\":\"sha256:285b5cf838d1333e64f21845742fd2f29ebe91f99edd41ac36a6fdc389675651\",\"homepage\":\"https://github.com/paketo-buildpacks/web-servers\",\"name\":\"Paketo Buildpack for Web Servers\"}},\"paketo-buildpacks/yarn\":{\"1.3.2\":{\"api\":\"0.7\",\"stacks\":[{\"id\":\"io.buildpacks.stacks.bionic\"},{\"id\":\"io.buildpacks.stacks.jammy\"},{\"id\":\"*\"}],\"layerDiffID\":\"sha256:96fab70b4cab76dd8b3363c848324ae9fb422ba85bf7571705de468155ffa26b\",\"homepage\":\"https://github.com/paketo-buildpacks/yarn\",\"name\":\"Paketo Buildpack for Yarn\"}},\"paketo-buildpacks/yarn-install\":{\"1.3.2\":{\"api\":\"0.7\",\"stacks\":[{\"id\":\"*\"}],\"layerDiffID\":\"sha256:3d3857be918e614186a24f967ea3cc1b163e25a3cbf11da2c2333a068a5e483e\",\"homepage\":\"https://github.com/paketo-buildpacks/yarn-install\",\"name\":\"Paketo Buildpack for Yarn Install\"}},\"paketo-buildpacks/yarn-start\":{\"1.2.2\":{\"api\":\"0.7\",\"stacks\":[{\"id\":\"*\"}],\"layerDiffID\":\"sha256:122f59ffb37f51931d73fec03dc2a9b1eff2fbdadf672f15722fccbe544c8e53\",\"homepage\":\"https://github.com/paketo-buildpacks/yarn-start\",\"name\":\"Paketo Buildpack for Yarn Start\"}}}","io.buildpacks.buildpack.order":"[{\"group\":[{\"id\":\"paketo-buildpacks/ruby\",\"version\":\"0.45.0\"}]},{\"group\":[{\"id\":\"paketo-buildpacks/dotnet-core\",\"version\":\"0.45.0\"}]},{\"group\":[{\"id\":\"paketo-buildpacks/go\",\"version\":\"4.8.0\"}]},{\"group\":[{\"id\":\"paketo-buildpacks/java-native-image\",\"version\":\"9.4.0\"}]},{\"group\":[{\"id\":\"paketo-buildpacks/java\",\"version\":\"14.0.0\"}]},{\"group\":[{\"id\":\"paketo-buildpacks/web-servers\",\"version\":\"0.22.0\"}]},{\"group\":[{\"id\":\"paketo-buildpacks/nodejs\",\"version\":\"2.2.0\"}]},{\"group\":[{\"id\":\"paketo-buildpacks/python\",\"version\":\"2.19.0\"}]},{\"group\":[{\"id\":\"paketo-buildpacks/procfile\",\"version\":\"5.8.0\"}]}]","io.buildpacks.buildpack.order-extensions":"null","io.buildpacks.extension.layers":"{}","io.buildpacks.stack.description":"ubuntu:jammy with compilers and shell utilities","io.buildpacks.stack.distro.name":"ubuntu","io.buildpacks.stack.distro.version":"22.04","io.buildpacks.stack.homepage":"https://github.com/paketo-buildpacks/jammy-base-stack","io.buildpacks.stack.id":"io.buildpacks.stacks.jammy","io.buildpacks.stack.maintainer":"Paketo Buildpacks","io.buildpacks.stack.metadata":"{}","io.buildpacks.stack.mixins":"null","io.buildpacks.stack.released":"2024-05-14T14:2"
21:45:35.378 [Test worker] DEBUG com.github.dockerjava.zerodep.shaded.org.apache.hc.client5.http.wire - http-outgoing-0 << "9:02Z","org.opencontainers.image.ref.name":"ubuntu","org.opencontainers.image.version":"22.04"},"ParentId":"","RepoDigests":["paketobuildpacks/builder-jammy-base@sha256:6d8912bf89e04142738d31a"
21:45:35.379 [Test worker] DEBUG com.github.dockerjava.zerodep.shaded.org.apache.hc.client5.http.wire - http-outgoing-0 << "712c5b5d7e3308123357070807919415a67e8e329"],"RepoTags":null,"SharedSize":-1,"Size":1449167453,"VirtualSize":1449167453},{"Containers":-1,"Created":315532801,"Id":"sha256:43a7aae151cecb2e78dea8edeb66f9bb295398f9481ffa895a5162573dd3b517","Labels":{"io.buildpacks.build.metadata":"{\"buildpacks\":[{\"id\":\"paketo-buildpacks/ca-certificates\",\"version\":\"3.8.0\",\"homepage\":\"https://github.com/paketo-buildpacks/ca-certificates\"},{\"id\":\"paketo-buildpacks/bellsoft-liberica\",\"version\":\"10.8.0\",\"homepage\":\"https://github.com/paketo-buildpacks/bellsoft-liberica\"},{\"id\":\"paketo-buildpacks/syft\",\"version\":\"1.47.0\",\"homepage\":\"https://github.com/paketo-buildpacks/syft\"},{\"id\":\"paketo-buildpacks/executable-jar\",\"version\":\"6.10.0\",\"homepage\":\"https://github.com/paketo-buildpacks/executable-jar\"},{\"id\":\"paketo-buildpacks/dist-zip\",\"version\":\"5.8.0\",\"homepage\":\"https://github.com/paketo-buildpacks/dist-zip\"},{\"id\":\"paketo-buildpacks/spring-boot\",\"version\":\"5.30.0\",\"homepage\":\"https://github.com/paketo-buildpacks/spring-boot\"}],\"launcher\":{\"version\":\"0.19.6\",\"source\":{\"git\":{\"repository\":\"github.com/buildpacks/lifecycle\",\"commit\":\"73f6927a\"}}},\"processes\":[{\"type\":\"executable-jar\",\"command\":\"java\",\"args\":[\"org.springframework.boot.loader.JarLauncher\"],\"direct\":true,\"buildpackID\":\"paketo-buildpacks/executable-jar\"},{\"type\":\"task\",\"command\":\"java\",\"args\":[\"org.springframework.boot.loader.JarLauncher\"],\"direct\":true,\"buildpackID\":\"paketo-buildpacks/executable-jar\"},{\"type\":\"web\",\"command\":\"java\",\"args\":[\"org.springframework.boot.loader.JarLauncher\"],\"direct\":true,\"buildpackID\":\"paketo-buildpacks/executable-jar\"}],\"buildpack-default-process-type\":\"web\"}","io.buildpacks.lifecycle.metadata":"{\"app\":[{\"sha\":\"sha256:2c6054993f3934b425a894ec8cb5f446cd4de28c135f1273a3c2dfd15690a84d\"},{\"sha\":\"sha256:ab99df5db2b97d32fa490bf9196b11e367a7f722f7df9f914fbfe4914305e43e\"},{\"sha\":\"sha256:5f70bf18a086007016e948b04aed3b82103a36bea41755b6cddfaf10ace3c6ef\"},{\"sha\":\"sha256:c82cb6d2183417087343b304782e2853cc3ff2649774395444cc31c34ad1a6c0\"},{\"sha\":\"sha256:5f70bf18a086007016e948b04aed3b82103a36bea41755b6cddfaf10ace3c6ef\"}],\"sbom\":{\"sha\":\"sha256:8e0d10dd335a0edaccd4eab4005487588fbd20edf3d1c854cc012313b347d863\"},\"buildpacks\":[{\"key\":\"paketo-buildpacks/ca-certificates\",\"version\":\"3.8.0\",\"layers\":{\"helper\":{\"sha\":\"sha256:a2edd8abc0db9ce8db94258c1d3f914f2241a303812236d03e067c676558494d\",\"data\":{\"buildpackInfo\":{\"clear-env\":false,\"description\":\"A Cloud Native Buildpack that adds custom CA certificates to a build and a created image\",\"homepage\":\"https://github.com/paketo-buildpacks/ca-certificates\",\"id\":\"paketo-buildpacks/ca-certificates\",\"keywords\":[\"ca-certificates\",\"trust\",\"certificates\"],\"licenses\":[{\"type\":\"Apache-2.0\",\"uri\":\"https://github.com/paketo-buildpacks/ca-certificates/blob/main/LICENSE\"}],\"name\":\"Paketo Buildpack for CA Certificates\",\"sbom-formats\":[\"application/vnd.cyclonedx+json\",\"application/vnd.syft+json\"],\"version\":\"3.8.0\"},\"helperNames\":[\"ca-certificates-helper\"]},\"build\":false,\"launch\":true,\"cache\":false}}},{\"key\":\"paketo-buildpacks/bellsoft-liberica\",\"version\":\"10.8.0\",\"layers\":{\"helper\":{\"sha\":\"sha256:87f6825285f182b9f8635f94aa9f4c353a1f4e91fe61be85297ea244f36e31e7\",\"data\":{\"buildpackInfo\":{\"clear-env\":false,\"description\":\"A Cloud Native Buildpack that provides the Bellsoft Liberica implementations of JREs and JDKs\",\"homepage\":\"https://github.com/paketo-buildpacks/bellsoft-liberica\",\"id\":\"paketo-buildpacks/bellsoft-liberica\",\"keywords\":[\"java\",\"jvm\",\"jre\",\"jdk\"],\"licenses\":[{\"type\":\"Apache-2.0\",\"uri\":\"https://github.com/paketo-buildpacks/bellsoft-liberica/blob/main/LICENSE\"}],\"name\":\"Paketo Buildpack for BellSoft Liberica\",\"sbom-formats\":[\"application/vnd.syft+json\",\"application/vnd.cyclonedx+json\"],\"version\":\"10.8.0\"},\"helperNames\":[\"java-opts\",\"jvm-heap\",\"link-local-dns\",\"memory-calculator\",\"security-providers-configurer\",\"jmx\",\"jfr\",\"openssl-certificate-loader\",\"security-providers-classpath-9\",\"debug-9\",\"nmt\"]},\"build\":false,\"launch\":true,\"cache\":false},\"java-security-properties\":{\"sha\":\"sha256:bea0a3dc2651cac7c9c567a5cb4e7536107b357cb9113e8806f690f050500012\",\"data\":{\"clear-env\":false,\"description\":\"A Cloud Native Buildpack that provides the Bellsoft Liberica implementations of JREs and JDKs\",\"homepage\":\"https://github.com/paketo-buildpacks/bellsoft-liberica\",\"id\":\"paketo-buildpacks/bellsoft-liberica\",\"keywords\":[\"java\",\"jvm\",\"jre\",\"jdk\"],\"licenses\":[{\"type\":\"Apache-2.0\",\"uri\":\"https://github.com/paketo-buildpacks/bellsoft-liberica/blob/main/LICENSE\"}],\"name\":\"Paketo Buildpack for BellSoft Liberica\",\"sbom-formats\":[\"application/vnd.syft+json\",\"application/vnd.cyclonedx+json\"],\"version\":\"10.8.0\"},\"build\":false,\"launch\":true,\"cache\":false},\"jre\":{\"sha\":\"sha256:5bc94934a9b93eafe3c55b5079cd449ddbd1305f1ef814ca74bb908b22a08401\",\"data\":{\"cert-file\":\"82f3a63130e0b47915659d619f177c8157c2bbb29dbf0f58ad2721ff84fb1190\",\"dependency\":{\"cpes\":[\"cpe:2.3:a:oracle:jre:17.0.11:*:*:*:*:*:*:*\"],\"deprecation_date\":\"0001-01-01T00:00:00Z\",\"id\":\"jre\",\"licenses\":[{\"type\":\"GPL-2.0 WITH Classpath-exception-2.0\",\"uri\":\"https://openjdk.java.net/legal/gplv2+ce.html\"}],\"name\":\"BellSoft Liberica JRE\",\"purl\":\"pkg:generic/bellsoft-jre@17.0.11?arch=amd64\",\"sha256\":\"fd331d4c4c769c1a2aef1191733f0298932772b860ccb8b5b1a99cd37594a48f\",\"stacks\":[\"*\"],\"uri\":\"https://github.com/bell-sw/Liberica/releases/download/17.0.11+12/bellsoft-jre17.0.11+12-linux-amd64.tar.gz\",\"version\":\"17.0.11\"}},\"build\":false,\"launch\":true,\"cache\":false}}},{\"key\":\"paketo-buildpacks/syft\",\"version\":\"1.47.0\",\"layers\":{}},{\"key\":\"paketo-buildpacks/executable-jar\",\"version\":\"6.10.0\",\"layers\":{\"classpath\":{\"sha\":\"sha256:417e5bfc3c82b9373cf6804206e071d2fc74560df867d0f39cb21ac3d15231b6\",\"data\":{\"classpath\":[\"/workspace\"],\"launch\":true},\"build\":true,\"launch\":true,\"cache\":false}}},{\"key\":\"paketo-buildpacks/dist-zip\",\"version\":\"5.8.0\",\"layers\":{}},{\"key\":\"paketo-buildpacks/spring-boot\",\"version\":\"5.30.0\",\"layers\":{\"helper\":{\"sha\":\"sha256:09558415beb4148268e735cc2dd3105a88e9c7f1cddfa529a2d74a3cfc21fa9d\",\"data\":{\"buildpackInfo\":{\"clear-env\":false,\"description\":\"A Cloud Native Buildpack that contributes Spring Boot dependency information and slices an application into multiple layers\",\"homepage\":\"https://github.com/paketo-buildpacks/spring-boot\",\"id\":\"paketo-buildpacks/spring-boot\",\"keywords\":[\"java\",\"spring\",\"spring-boot\"],\"licenses\":[{\"type\":\"Apache-2.0\",\"uri\":\"https://github.com/paketo-buildpacks/spring-boot/blob/main/LICENSE\"}],\"name\":\"Paketo Buildpack for Spring Boot\",\"sbom-formats\":[\"application/vnd.cyclonedx+json\",\"application/vnd.syft+json\"],\"version\":\"5.30.0\"},\"helperNames\":[\"spring-cloud-bindings\"]},\"build\":false,\"launch\":true,\"cache\":false},\"spring-cloud-bindings\":{\"sha\":\"sha256:585d8b141d7aa07eecde5a1bae075c7898ab5809a215d66f160d3dfd46eaf577\",\"data\":{\"cpes\":[\"cpe:2.3:a:vmware:spring_cloud_bindings:1.13.0:*:*:*:*:*:*:*\"],\"deprecation_date\":\"0001-01-01T00:00:00Z\",\"id\":\"spring-cloud-bindings\",\"licenses\":[{\"type\":\"Apache-2.0\",\"uri\":\"https://github.com/spring-cloud/spring-cloud-bindings/blob/main/LICENSE\"}],\"name\":\"Spring Cloud Bindings\",\"purl\":\"pkg:generic/springframework/spring-cloud-bindings@1.13.0\",\"sha256\":\"70a448cd45d1dbc117770f934961cd9577c0c4404d34986824f8f593cae4aada\",\"stacks\":[\"io.buildpacks.stacks.bionic\",\"io.paketo.stacks.tiny\",\"*\"],\"uri\":\"https://repo1.maven.org/maven2/org/springframework/cl"
21:45:35.380 [Test worker] DEBUG com.github.dockerjava.zerodep.shaded.org.apache.hc.client5.http.wire - http-outgoing-0 << "oud/spring-cloud-bindings/1.13.0/spring-cloud-bindings-1.13.0.jar\",\"version\":\"1.13.0\"},\"build\":false,\"launch\":true,\"cache\":true},\"web-application-type\":{\"sha\":\"sha256:366ce7d1a7f90f2e4ad08752f87510eee3ffca18736fa63c03823c8c4ebf2925\",\"data\":{\"files\":\"0ce2e7c3cf52653827efedb52e23d39458d9ad3ea55f047ed16c5103ceae1e7d\"},\"build\":false,\"launch\":true,\"cache\":false}}}],\"config\":{\"sha\":\"sha256:e4ba8bce7d84bac47897b900a313be2d9e71bb5cbcc593ac71306516183746d5\"},\"launcher\":{\"sha\":\"sha256:d1c9d29a297226c0b1a8d289ce772ddaf041038541594f859e0a923ffe39490b\"},\"process-types\":{\"sha\":\"sha256:1dc94a70dbaa2171fb086500a5d27797f779219b126b0a1eebb9180c2792e80e\"},\"runImage\":{\"topLayer\":\"sha256:342db6440d60f10f949cddaf245280eb06b516b7d79d499c3b5cb73b30cf3e89\",\"reference\":\"6db52cd793d14a0b20faff217a15883b2b4f21d1b129ed362910150ae2b5b314\"},\"stack\":{\"runImage\":{\"image\":\"index.docker.io/paketobuildpacks/run-jammy-base:latest\"}}}","io.buildpacks.project.metadata":"{}","io.buildpacks.stack.description":"ubuntu:jammy with some common dependencies like tzdata and openssl","io.buildpacks.stack.distro.name":"ubuntu","io.buildpacks.stack.distro.version":"22.04","io.buildpacks.stack.homepage":"https://github.com/paketo-buildpacks/jammy-base-stack","io.buildpacks.stack.id":"io.buildpacks.stacks.jammy","io.buildpacks.stack.maintainer":"Paketo Buildpacks","io.buildpacks.stack.metadata":"{}","io.buildpacks.stack.released":"2024-05-14T14:29:02Z","org.opencontainers.image.ref.name":"ubuntu","org.opencontainers.image.version":"22.04","org.springframework.boot.version":"2.7.18"},"ParentId":"","RepoDigests":null,"RepoTags":["config-service:0.0.1-SNAPSHOT"],"SharedSize":-1,"Size":333761186,"VirtualSize":333761186},{"Containers":-1,"Created":315532801,"Id":"sha256:cea6bf320304fa14fb65309ad044028848ce15404c3af39a8d3e466b04fc435c","Labels":{"io.buildpacks.build.metadata":"{\"buildpacks\":[{\"id\":\"paketo-buildpacks/ca-certificates\",\"version\":\"3.8.0\",\"homepage\":\"https://github.com/paketo-buildpacks/ca-certificates\"},{\"id\":\"paketo-buildpacks/bellsoft-liberica\",\"version\":\"10.8.0\",\"homepage\":\"https://github.com/paketo-buildpacks/bellsoft-liberica\"},{\"id\":\"paketo-buildpacks/syft\",\"version\":\"1.47.0\",\"homepage\":\"https://github.com/paketo-buildpacks/syft\"},{\"id\":\"paketo-buildpacks/executable-jar\",\"version\":\"6.10.0\",\"homepage\":\"https://github.com/paketo-buildpacks/executable-jar\"},{\"id\":\"paketo-buildpacks/dist-zip\",\"version\":\"5.8.0\",\"homepage\":\"https://github.com/paketo-buildpacks/dist-zip\"},{\"id\":\"paketo-buildpacks/spring-boot\",\"version\":\"5.30.0\",\"homepage\":\"https://github.com/paketo-buildpacks/spring-boot\"}],\"launcher\":{\"version\":\"0.19.6\",\"source\":{\"git\":{\"repository\":\"github.com/buildpacks/lifecycle\",\"commit\":\"73f6927a\"}}},\"processes\":[{\"type\":\"executable-jar\",\"command\":\"java\",\"args\":[\"org.springframework.boot.loader.JarLauncher\"],\"direct\":true,\"buildpackID\":\"paketo-buildpacks/executable-jar\"},{\"type\":\"task\",\"command\":\"java\",\"args\":[\"org.springframework.boot.loader.JarLauncher\"],\"direct\":true,\"buildpackID\":\"paketo-buildpacks/executable-jar\"},{\"type\":\"web\",\"command\":\"java\",\"args\":[\"org.springframework.boot.loader.JarLauncher\"],\"direct\":true,\"buildpackID\":\"paketo-buildpacks/executable-jar\"}],\"buildpack-default-process-type\":\"web\"}","io.buildpacks.lifecycle.metadata":"{\"app\":[{\"sha\":\"sha256:233e6342a69c5cab44722da2266b5930bed021cb224cd7d7290470be4b535264\"},{\"sha\":\"sha256:ab99df5db2b97d32fa490bf9196b11e367a7f722f7df9f914fbfe4914305e43e\"},{\"sha\":\"sha256:5f70bf18a086007016e948b04aed3b82103a36bea41755b6cddfaf10ace3c6ef\"},{\"sha\":\"sha256:329131e535ff2aa587dc8a39d9c0e4bb9681581b0b9879d67d1d07ac9c14a71c\"},{\"sha\":\"sha256:5f70bf18a086007016e948b04aed3b82103a36bea41755b6cddfaf10ace3c6ef\"}],\"sbom\":{\"sha\":\"sha256:df51201639dc65f93df702962c1bed3e06782dfb277a65fdd3d301514d372f61\"},\"buildpacks\":[{\"key\":\"paketo-buildpacks/ca-certificates\",\"version\":\"3.8.0\",\"layers\":{\"helper\":{\"sha\":\"sha256:a2edd8abc0db9ce8db94258c1d3f914f2241a303812236d03e067c676558494d\",\"data\":{\"buildpackInfo\":{\"clear-env\":false,\"description\":\"A Cloud Native Buildpack that adds custom CA certificates to a build and a created image\",\"homepage\":\"https://github.com/paketo-buildpacks/ca-certificates\",\"id\":\"paketo-buildpacks/ca-certificates\",\"keywords\":[\"ca-certificates\",\"trust\",\"certificates\"],\"licenses\":[{\"type\":\"Apache-2.0\",\"uri\":\"https://github.com/paketo-buildpacks/ca-certificates/blob/main/LICENSE\"}],\"name\":\"Paketo Buildpack for CA Certificates\",\"sbom-formats\":[\"application/vnd.cyclonedx+json\",\"application/vnd.syft+json\"],\"version\":\"3.8.0\"},\"helperNames\":[\"ca-certificates-helper\"]},\"build\":false,\"launch\":true,\"cache\":false}}},{\"key\":\"paketo-buildpacks/bellsoft-liberica\",\"version\":\"10.8.0\",\"layers\":{\"helper\":{\"sha\":\"sha256:87f6825285f182b9f8635f94aa9f4c353a1f4e91fe61be85297ea244f36e31e7\",\"data\":{\"buildpackInfo\":{\"clear-env\":false,\"description\":\"A Cloud Native Buildpack that provides the Bellsoft Liberica implementations of JREs and JDKs\",\"homepage\":\"https://github.com/paketo-buildpacks/bellsoft-liberica\",\"id\":\"paketo-buildpacks/bellsoft-liberica\",\"keywords\":[\"java\",\"jvm\",\"jre\",\"jdk\"],\"licenses\":[{\"type\":\"Apache-2.0\",\"uri\":\"https://github.com/paketo-buildpacks/bellsoft-liberica/blob/main/LICENSE\"}],\"name\":\"Paketo Buildpack for BellSoft Liberica\",\"sbom-formats\":[\"application/vnd.syft+json\",\"application/vnd.cyclonedx+json\"],\"version\":\"10.8.0\"},\"helperNames\":[\"java-opts\",\"jvm-heap\",\"link-local-dns\",\"memory-calculator\",\"security-providers-configurer\",\"jmx\",\"jfr\",\"openssl-certificate-loader\",\"security-providers-classpath-9\",\"debug-9\",\"nmt\"]},\"build\":false,\"launch\":true,\"cache\":false},\"java-security-properties\":{\"sha\":\"sha256:bea0a3dc2651cac7c9c567a5cb4e7536107b357cb9113e8806f690f050500012\",\"data\":{\"clear-env\":false,\"description\":\"A Cloud Native Buildpack that provides the Bellsoft Liberica implementations of JREs and JDKs\",\"homepage\":\"https://github.com/paketo-buildpacks/bellsoft-liberica\",\"id\":\"paketo-buildpacks/bellsoft-liberica\",\"keywords\":[\"java\",\"jvm\",\"jre\",\"jdk\"],\"licenses\":[{\"type\":\"Apache-2.0\",\"uri\":\"https://github.com/paketo-buildpacks/bellsoft-liberica/blob/main/LICENSE\"}],\"name\":\"Paketo Buildpack for BellSoft Liberica\",\"sbom-formats\":[\"application/vnd.syft+json\",\"application/vnd.cyclonedx+json\"],\"version\":\"10.8.0\"},\"build\":false,\"launch\":true,\"cache\":false},\"jre\":{\"sha\":\"sha256:5bc94934a9b93eafe3c55b5079cd449ddbd1305f1ef814ca74bb908b22a08401\",\"data\":{\"cert-file\":\"82f3a63130e0b47915659d619f177c8157c2bbb29dbf0f58ad2721ff84fb1190\",\"dependency\":{\"cpes\":[\"cpe:2.3:a:oracle:jre:17.0.11:*:*:*:*:*:*:*\"],\"deprecation_date\":\"0001-01-01T00:00:00Z\",\"id\":\"jre\",\"licenses\":[{\"type\":\"GPL-2.0 WITH Classpath-exception-2.0\",\"uri\":\"https://openjdk.java.net/legal/gplv2+ce.html\"}],\"name\":\"BellSoft Liberica JRE\",\"purl\":\"pkg:generic/bellsoft-jre@17.0.11?arch=amd64\",\"sha256\":\"fd331d4c4c769c1a2aef1191733f0298932772b860ccb8b5b1a99cd37594a48f\",\"stacks\":[\"*\"],\"uri\":\"https://github.com/bell-sw/Liberica/releases/download/17.0.11+12/bellsoft-jre17.0.11+12-linux-amd64.tar.gz\",\"version\":\"17.0.11\"}},\"build\":false,\"launch\":true,\"cache\":false}}},{\"key\":\"paketo-buildpacks/syft\",\"version\":\"1.47.0\",\"layers\":{}},{\"key\":\"paketo-buildpacks/executable-jar\",\"version\":\"6.10.0\",\"layers\":{\"classpath\":{\"sha\":\"sha256:417e5bfc3c82b9373cf6804206e071d2fc74560df867d0f39cb21ac3d15231b6\",\"data\":{\"classpath\":[\"/workspace\"],\"launch\":true},\"build\":true,\"launch\":true,\"cache\":false}}},{\"key\":\"paketo-buildpacks/dist-zip\",\"version\":\"5."
21:45:35.381 [Test worker] DEBUG com.github.dockerjava.zerodep.shaded.org.apache.hc.client5.http.wire - http-outgoing-0 << "8.0\",\"layers\":{}},{\"key\":\"paketo-buildpacks/spring-boot\",\"version\":\"5.30.0\",\"layers\":{\"helper\":{\"sha\":\"sha256:09558415beb4148268e735cc2dd3105a88e9c7f1cddfa529a2d74a3cfc21fa9d\",\"data\":{\"buildpackInfo\":{\"clear-env\":false,\"description\":\"A Cloud Native Buildpack that contributes Spring Boot dependency information and slices an application into multiple layers\",\"homepage\":\"https://github.com/paketo-buildpacks/spring-boot\",\"id\":\"paketo-buildpacks/spring-boot\",\"keywords\":[\"java\",\"spring\",\"spring-boot\"],\"licenses\":[{\"type\":\"Apache-2.0\",\"uri\":\"https://github.com/paketo-buildpacks/spring-boot/blob/main/LICENSE\"}],\"name\":\"Paketo Buildpack for Spring Boot\",\"sbom-formats\":[\"application/vnd.cyclonedx+json\",\"application/vnd.s"
21:45:35.382 [Test worker] DEBUG com.github.dockerjava.zerodep.shaded.org.apache.hc.client5.http.wire - http-outgoing-0 << "[\r][\n]"
21:45:35.382 [Test worker] DEBUG com.github.dockerjava.zerodep.shaded.org.apache.hc.client5.http.wire - http-outgoing-0 << "a34[\r][\n]"
21:45:35.382 [Test worker] DEBUG com.github.dockerjava.zerodep.shaded.org.apache.hc.client5.http.wire - http-outgoing-0 << "yft+json\"],\"version\":\"5.30.0\"},\"helperNames\":[\"spring-cloud-bindings\"]},\"build\":false,\"launch\":true,\"cache\":false},\"spring-cloud-bindings\":{\"sha\":\"sha256:585d8b141d7aa07eecde5a1bae075c7898ab5809a215d66f160d3dfd46eaf577\",\"data\":{\"cpes\":[\"cpe:2.3:a:vmware:spring_cloud_bindings:1.13.0:*:*:*:*:*:*:*\"],\"deprecation_date\":\"0001-01-01T00:00:00Z\",\"id\":\"spring-cloud-bindings\",\"licenses\":[{\"type\":\"Apache-2.0\",\"uri\":\"https://github.com/spring-cloud/spring-cloud-bindings/blob/main/LICENSE\"}],\"name\":\"Spring Cloud Bindings\",\"purl\":\"pkg:generic/springframework/spring-cloud-bindings@1.13.0\",\"sha256\":\"70a448cd45d1dbc117770f934961cd9577c0c4404d34986824f8f593cae4aada\",\"stacks\":[\"io.buildpacks.stacks.bionic\",\"io.paketo.stacks.tiny\",\"*\"],\"uri\":\"https://repo1.maven.org/maven2/org/springframework/cloud/spring-cloud-bindings/1.13.0/spring-cloud-bindings-1.13.0.jar\",\"version\":\"1.13.0\"},\"build\":false,\"launch\":true,\"cache\":true},\"web-application-type\":{\"sha\":\"sha256:cdd4575ae9b376f8c8925c9b305123f24c4afaf52bfe5efcbf0283adfbd4fc6a\",\"data\":{\"files\":\"638eb2dfd768087e609ca2d79fd8191685624a89de1bea34b59adf32beae934d\"},\"build\":false,\"launch\":true,\"cache\":false}}}],\"config\":{\"sha\":\"sha256:e4ba8bce7d84bac47897b900a313be2d9e71bb5cbcc593ac71306516183746d5\"},\"launcher\":{\"sha\":\"sha256:d1c9d29a297226c0b1a8d289ce772ddaf041038541594f859e0a923ffe39490b\"},\"process-types\":{\"sha\":\"sha256:1dc94a70dbaa2171fb086500a5d27797f779219b126b0a1eebb9180c2792e80e\"},\"runImage\":{\"topLayer\":\"sha256:d7b27151cdc0f128b16f23476b96d4cf00a613af279365c054a365420f0ae862\",\"reference\":\"bf4e5592fd5dfb695fc2de4656a0e05fd3663f627991521678fd6a850b293006\"},\"stack\":{\"runImage\":{\"image\":\"index.docker.io/paketobuildpacks/run-jammy-base:latest\"}}}","io.buildpacks.project.metadata":"{}","io.buildpacks.stack.description":"ubuntu:jammy with some common dependencies like tzdata and openssl","io.buildpacks.stack.distro.name":"ubuntu","io.buildpacks.stack.distro.version":"22.04","io.buildpacks.stack.homepage":"https://github.com/paketo-buildpacks/jammy-base-stack","io.buildpacks.stack.id":"io.buildpacks.stacks.jammy","io.buildpacks.stack.maintainer":"Paketo Buildpacks","io.buildpacks.stack.metadata":"{}","io.buildpacks.stack.released":"2024-05-29T02:44:17Z","org.opencontainers.image.ref.name":"ubuntu","org.opencontainers.image.version":"22.04","org.springframework.boot.version":"2.7.18"},"ParentId":"","RepoDigests":["<none>@<none>"],"RepoTags":["<none>:<none>"],"SharedSize":-1,"Size":338823093,"VirtualSize":338823093}][\n]"
21:45:35.382 [Test worker] DEBUG com.github.dockerjava.zerodep.shaded.org.apache.hc.client5.http.wire - http-outgoing-0 << "[\r][\n]"
21:45:35.382 [Test worker] DEBUG com.github.dockerjava.zerodep.shaded.org.apache.hc.client5.http.wire - http-outgoing-0 << "0[\r][\n]"
21:45:35.382 [Test worker] DEBUG com.github.dockerjava.zerodep.shaded.org.apache.hc.client5.http.wire - http-outgoing-0 << "[\r][\n]"
21:45:35.384 [Test worker] DEBUG com.github.dockerjava.zerodep.shaded.org.apache.hc.client5.http.impl.classic.InternalHttpClient - ep-00000002: releasing valid endpoint
21:45:35.384 [Test worker] DEBUG com.github.dockerjava.zerodep.shaded.org.apache.hc.client5.http.impl.io.PoolingHttpClientConnectionManager - ep-00000002: releasing endpoint
21:45:35.385 [Test worker] DEBUG com.github.dockerjava.zerodep.shaded.org.apache.hc.client5.http.impl.io.PoolingHttpClientConnectionManager - ep-00000002: connection http-outgoing-0 can be kept alive for 3 MINUTES
21:45:35.385 [Test worker] DEBUG com.github.dockerjava.zerodep.shaded.org.apache.hc.client5.http.impl.io.PoolingHttpClientConnectionManager - ep-00000002: connection released [route: {}->unix://localhost:2375][total available: 1; route allocated: 1 of 2147483647; total allocated: 1 of 2147483647]
21:45:35.389 [Test worker] DEBUG org.testcontainers.images.LocalImagesCache - repoTags is null, skipping image: Image(created=1715696905, id=sha256:6db52cd793d14a0b20faff217a15883b2b4f21d1b129ed362910150ae2b5b314, parentId=, repoTags=null, repoDigests=[paketobuildpacks/run-jammy-base@sha256:ea0789090e3dcc6d3670a0e67aef87e3277db613a190f1d49d5828d00e55909a], size=103873571, virtualSize=103873571, sharedSize=-1, labels={io.buildpacks.stack.description=ubuntu:jammy with some common dependencies like tzdata and openssl, io.buildpacks.stack.distro.name=ubuntu, io.buildpacks.stack.distro.version=22.04, io.buildpacks.stack.homepage=https://github.com/paketo-buildpacks/jammy-base-stack, io.buildpacks.stack.id=io.buildpacks.stacks.jammy, io.buildpacks.stack.maintainer=Paketo Buildpacks, io.buildpacks.stack.metadata={}, io.buildpacks.stack.released=2024-05-14T14:29:02Z, org.opencontainers.image.ref.name=ubuntu, org.opencontainers.image.version=22.04}, containers=-1)
21:45:35.391 [Test worker] DEBUG org.testcontainers.images.LocalImagesCache - repoTags is null, skipping image: Image(created=315532801, id=sha256:2bc1e5943e402a365447b44dc97f4a733635dd4f0da9d1c4921d5c0a571bf9af, parentId=, repoTags=null, repoDigests=[paketobuildpacks/builder-jammy-base@sha256:402495c95f8aaec02d3b182758ed326ab0cd35143d7c208b9e815d27f4cd6389], size=1479262543, virtualSize=1479262543, sharedSize=-1, labels={io.buildpacks.builder.metadata={"description":"Ubuntu 22.04 Jammy Jellyfish base image with buildpacks for Java, Go, .NET Core, Node.js, Python, Apache HTTPD, NGINX and Procfile","buildpacks":[{"id":"paketo-buildpacks/dotnet-core","name":"Paketo Buildpack for .NET Core","version":"0.45.0","homepage":"https://github.com/paketo-buildpacks/dotnet-core"},{"id":"paketo-buildpacks/ca-certificates","name":"Paketo Buildpack for CA Certificates","version":"3.7.0","homepage":"https://github.com/paketo-buildpacks/ca-certificates"},{"id":"paketo-buildpacks/dotnet-core-aspnet-runtime","name":"Paketo Buildpack for ASP.NET Core Runtime","version":"0.4.7","homepage":"https://github.com/paketo-buildpacks/dotnet-core-aspnet-runtime"},{"id":"paketo-buildpacks/dotnet-core-sdk","name":"Paketo Buildpack for .NET Core SDK","version":"0.14.8","homepage":"https://github.com/paketo-buildpacks/dotnet-core-sdk"},{"id":"paketo-buildpacks/dotnet-execute","name":"Paketo Buildpack for .NET Execute","version":"0.14.31","homepage":"https://github.com/paketo-buildpacks/dotnet-execute"},{"id":"paketo-buildpacks/dotnet-publish","name":"Paketo Buildpack for .NET Publish","version":"0.12.30","homepage":"https://github.com/paketo-buildpacks/dotnet-publish"},{"id":"paketo-buildpacks/environment-variables","name":"Paketo Buildpack for Environment Variables","version":"4.6.0","homepage":"https://github.com/paketo-buildpacks/environment-variables"},{"id":"paketo-buildpacks/icu","name":"Paketo Buildpack for ICU","version":"0.7.9","homepage":"https://github.com/paketo-buildpacks/icu"},{"id":"paketo-buildpacks/image-labels","name":"Paketo Buildpack for Image Labels","version":"4.6.0","homepage":"https://github.com/paketo-buildpacks/image-labels"},{"id":"paketo-buildpacks/node-engine","name":"Paketo Buildpack for Node Engine","version":"3.2.2","homepage":"https://github.com/paketo-buildpacks/node-engine"},{"id":"paketo-buildpacks/procfile","name":"Paketo Buildpack for Procfile","version":"5.7.0","homepage":"https://github.com/paketo-buildpacks/procfile"},{"id":"paketo-buildpacks/vsdbg","name":"Paketo Buildpack for Visual Studio Debugger","version":"0.3.11"},{"id":"paketo-buildpacks/watchexec","name":"Paketo Buildpack for Watchexec","version":"2.10.0","homepage":"https://github.com/paketo-buildpacks/watchexec"},{"id":"paketo-buildpacks/go","name":"Paketo Buildpack for Go","version":"4.8.0","homepage":"https://github.com/paketo-buildpacks/go"},{"id":"paketo-buildpacks/ca-certificates","name":"Paketo Buildpack for CA Certificates","version":"3.6.8","homepage":"https://github.com/paketo-buildpacks/ca-certificates"},{"id":"paketo-buildpacks/environment-variables","name":"Paketo Buildpack for Environment Variables","version":"4.5.7","homepage":"https://github.com/paketo-buildpacks/environment-variables"},{"id":"paketo-buildpacks/git","name":"Paketo Buildpack for Git","version":"1.0.8","homepage":"https://github.com/paketo-buildpacks/git"},{"id":"paketo-buildpacks/go-build","name":"Paketo Buildpack for Go Build","version":"2.2.1","homepage":"https://github.com/paketo-buildpacks/go-build"},{"id":"paketo-buildpacks/go-dist","name":"Paketo Buildpack for Go Distribution","version":"2.5.0","homepage":"https://github.com/paketo-buildpacks/go-dist"},{"id":"paketo-buildpacks/go-mod-vendor","name":"Paketo Buildpack for Go Mod Vendor","version":"1.0.29","homepage":"https://github.com/paketo-buildpacks/go-mod-vendor"},{"id":"paketo-buildpacks/image-labels","name":"Paketo Buildpack for Image Labels","version":"4.5.6","homepage":"https://github.com/paketo-buildpacks/image-labels"},{"id":"paketo-buildpacks/procfile","name":"Paketo Buildpack for Procfile","version":"5.6.9","homepage":"https://github.com/paketo-buildpacks/procfile"},{"id":"paketo-buildpacks/watchexec","name":"Paketo Buildpack for Watchexec","version":"2.9.0","homepage":"https://github.com/paketo-buildpacks/watchexec"},{"id":"paketo-buildpacks/java-native-image","name":"Paketo Buildpack for Java Native Image","version":"9.5.0","homepage":"https://paketo.io/docs/howto/java/#build-an-app-as-a-graalvm-native-image-application"},{"id":"paketo-buildpacks/bellsoft-liberica","name":"Paketo Buildpack for BellSoft Liberica","version":"10.8.0","homepage":"https://github.com/paketo-buildpacks/bellsoft-liberica"},{"id":"paketo-buildpacks/ca-certificates","name":"Paketo Buildpack for CA Certificates","version":"3.8.0","homepage":"https://github.com/paketo-buildpacks/ca-certificates"},{"id":"paketo-buildpacks/datadog","name":"Paketo Buildpack for Datadog","version":"5.13.0","homepage":"https://github.com/paketo-buildpacks/datadog"},{"id":"paketo-buildpacks/environment-variables","name":"Paketo Buildpack for Environment Variables","version":"4.7.0","homepage":"https://github.com/paketo-buildpacks/environment-variables"},{"id":"paketo-buildpacks/executable-jar","name":"Paketo Buildpack for Executable JAR","version":"6.10.0","homepage":"https://github.com/paketo-buildpacks/executable-jar"},{"id":"paketo-buildpacks/gradle","name":"Paketo Buildpack for Gradle","version":"7.11.0","homepage":"https://github.com/paketo-buildpacks/gradle"},{"id":"paketo-buildpacks/image-labels","name":"Paketo Buildpack for Image Labels","version":"4.7.0","homepage":"https://github.com/paketo-buildpacks/image-labels"},{"id":"paketo-buildpacks/leiningen","name":"Paketo Buildpack for Leiningen","version":"4.9.0","homepage":"https://github.com/paketo-buildpacks/leiningen"},{"id":"paketo-buildpacks/maven","name":"Paketo Buildpack for Maven","version":"6.17.0","homepage":"https://github.com/paketo-buildpacks/maven"},{"id":"paketo-buildpacks/native-image","name":"Paketo Buildpack for Native Image","version":"5.14.0","homepage":"https://github.com/paketo-buildpacks/native-image"},{"id":"paketo-buildpacks/procfile","name":"Paketo Buildpack for Procfile","version":"5.9.0","homepage":"https://github.com/paketo-buildpacks/procfile"},{"id":"paketo-buildpacks/sbt","name":"Paketo Buildpack for SBT","version":"6.15.0","homepage":"https://github.com/paketo-buildpacks/sbt"},{"id":"paketo-buildpacks/spring-boot","name":"Paketo Buildpack for Spring Boot","version":"5.30.0","homepage":"https://github.com/paketo-buildpacks/spring-boot"},{"id":"paketo-buildpacks/syft","name":"Paketo Buildpack for Syft","version":"1.47.0","homepage":"https://github.com/paketo-buildpacks/syft"},{"id":"paketo-buildpacks/upx","name":"Paketo Buildpack for UPX","version":"3.6.0","homepage":"https://github.com/paketo-buildpacks/upx"},{"id":"paketo-buildpacks/java","name":"Paketo Buildpack for Java","version":"14.1.0","homepage":"https://paketo.io/docs/howto/java"},{"id":"paketo-buildpacks/apache-tomcat","name":"Paketo Buildpack for Apache Tomcat","version":"8.1.0","homepage":"https://github.com/paketo-buildpacks/apache-tomcat"},{"id":"paketo-buildpacks/apache-tomee","name":"Paketo Buildpack for Apache Tomee","version":"1.10.0","homepage":"https://github.com/paketo-buildpacks/apache-tomee"},{"id":"paketo-buildpacks/azure-application-insights","name":"Paketo Buildpack for Azure Application Insights","version":"5.21.0","homepage":"https://github.com/paketo-buildpacks/azure-application-insights"},{"id":"paketo-buildpacks/bellsoft-liberica","name":"Paketo Buildpack for BellSoft Liberica","version":"10.8.0","homepage":"https://github.com/paketo-buildpacks/bellsoft-liberica"},{"id":"paketo-buildpacks/ca-certificates","name":"Paketo Buildpack for CA Certificates","version":"3.8.0","homepage":"https://github.com/paketo-buildpacks/ca-certificates"},{"id":"paketo-buildpacks/clojure-tools","name":"Paketo Buildpack for Clojure Tools","version":"2.10.0","homepage":"https://github.com/paketo-buildpacks/clojure-tools"},{"id":"paketo-buildpacks/datadog","name":"Paketo Buildpack for Datadog","version":"5.13.0","homepage":"https://github.com/paketo-buildpacks/datadog"},{"id":"paketo-buildpacks/dist-zip","name":"Paketo Buildpack for DistZip","version":"5.8.0","homepage":"https://github.com/paketo-buildpacks/dist-zip"},{"id":"paketo-buildpacks/encrypt-at-rest","name":"Paketo Buildpack for Encrypt-at-Rest","version":"4.7.0","homepage":"https://github.com/paketo-buildpacks/encrypt-at-rest"},{"id":"paketo-buildpacks/environment-variables","name":"Paketo Buildpack for Environment Variables","version":"4.7.0","homepage":"https://github.com/paketo-buildpacks/environment-variables"},{"id":"paketo-buildpacks/executable-jar","name":"Paketo Buildpack for Executable JAR","version":"6.10.0","homepage":"https://github.com/paketo-buildpacks/executable-jar"},{"id":"paketo-buildpacks/google-stackdriver","name":"Paketo Buildpack for Google Stackdriver","version":"9.0.2","homepage":"https://github.com/paketo-buildpacks/google-stackdriver"},{"id":"paketo-buildpacks/gradle","name":"Paketo Buildpack for Gradle","version":"7.11.0","homepage":"https://github.com/paketo-buildpacks/gradle"},{"id":"paketo-buildpacks/image-labels","name":"Paketo Buildpack for Image Labels","version":"4.7.0","homepage":"https://github.com/paketo-buildpacks/image-labels"},{"id":"paketo-buildpacks/jattach","name":"Paketo Buildpack for JAttach","version":"1.8.0","homepage":"https://github.com/paketo-buildpacks/jattach"},{"id":"paketo-buildpacks/java-memory-assistant","name":"Paketo Buildpack for Java Memory Assistant","version":"1.6.0","homepage":"https://github.com/paketo-buildpacks/java-memory-assistant"},{"id":"paketo-buildpacks/leiningen","name":"Paketo Buildpack for Leiningen","version":"4.9.0","homepage":"https://github.com/paketo-buildpacks/leiningen"},{"id":"paketo-buildpacks/liberty","name":"Paketo Buildpack for Liberty","version":"4.2.0","homepage":"https://github.com/paketo-buildpacks/liberty"},{"id":"paketo-buildpacks/maven","name":"Paketo Buildpack for Maven","version":"6.17.0","homepage":"https://github.com/paketo-buildpacks/maven"},{"id":"paketo-buildpacks/node-engine","name":"Paketo Buildpack for Node Engine","version":"3.2.2","homepage":"https://github.com/paketo-buildpacks/node-engine"},{"id":"paketo-buildpacks/procfile","name":"Paketo Buildpack for Procfile","version":"5.9.0","homepage":"https://github.com/paketo-buildpacks/procfile"},{"id":"paketo-buildpacks/sbt","name":"Paketo Buildpack for SBT","version":"6.15.0","homepage":"https://github.com/paketo-buildpacks/sbt"},{"id":"paketo-buildpacks/spring-boot","name":"Paketo Buildpack for Spring Boot","version":"5.30.0","homepage":"https://github.com/paketo-buildpacks/spring-boot"},{"id":"paketo-buildpacks/syft","name":"Paketo Buildpack for Syft","version":"1.47.0","homepage":"https://github.com/paketo-buildpacks/syft"},{"id":"paketo-buildpacks/watchexec","name":"Paketo Buildpack for Watchexec","version":"3.2.0","homepage":"https://github.com/paketo-buildpacks/watchexec"},{"id":"paketo-buildpacks/yarn","name":"Paketo Buildpack for Yarn","version":"1.3.2","homepage":"https://github.com/paketo-buildpacks/yarn"},{"id":"paketo-buildpacks/nodejs","name":"Paketo Buildpack for Node.js","version":"2.2.0","homepage":"https://github.com/paketo-buildpacks/nodejs"},{"id":"paketo-buildpacks/ca-certificates","name":"Paketo Buildpack for CA Certificates","version":"3.6.7","homepage":"https://github.com/paketo-buildpacks/ca-certificates"},{"id":"paketo-buildpacks/datadog","name":"Paketo Buildpack for Datadog","version":"3.6.0","homepage":"https://github.com/paketo-buildpacks/datadog"},{"id":"paketo-buildpacks/environment-variables","name":"Paketo Buildpack for Environment Variables","version":"4.5.6","homepage":"https://github.com/paketo-buildpacks/environment-variables"},{"id":"paketo-buildpacks/image-labels","name":"Paketo Buildpack for Image Labels","version":"4.5.5","homepage":"https://github.com/paketo-buildpacks/image-labels"},{"id":"paketo-buildpacks/node-engine","name":"Paketo Buildpack for Node Engine","version":"3.2.1","homepage":"https://github.com/paketo-buildpacks/node-engine"},{"id":"paketo-buildpacks/node-run-script","name":"Paketo Buildpack for Node Run Script","version":"1.0.16","homepage":"https://github.com/paketo-buildpacks/node-run-script"},{"id":"paketo-buildpacks/node-start","name":"Paketo Buildpack for Node Start","version":"1.1.5","homepage":"https://github.com/paketo-buildpacks/node-start"},{"id":"paketo-buildpacks/npm-install","name":"Paketo Buildpack for NPM Install","version":"1.4.0","homepage":"https://github.com/paketo-buildpacks/npm-install"},{"id":"paketo-buildpacks/npm-start","name":"Paketo Buildpack for NPM Start","version":"1.0.17","homepage":"https://github.com/paketo-buildpacks/npm-start"},{"id":"paketo-buildpacks/procfile","name":"Paketo Buildpack for Procfile","version":"5.6.8","homepage":"https://github.com/paketo-buildpacks/procfile"},{"id":"paketo-buildpacks/watchexec","name":"Paketo Buildpack for Watchexec","version":"2.8.7","homepage":"https://github.com/paketo-buildpacks/watchexec"},{"id":"paketo-buildpacks/yarn","name":"Paketo Buildpack for Yarn","version":"1.3.2","homepage":"https://github.com/paketo-buildpacks/yarn"},{"id":"paketo-buildpacks/yarn-install","name":"Paketo Buildpack for Yarn Install","version":"1.3.2","homepage":"https://github.com/paketo-buildpacks/yarn-install"},{"id":"paketo-buildpacks/yarn-start","name":"Paketo Buildpack for Yarn Start","version":"1.2.2","homepage":"https://github.com/paketo-buildpacks/yarn-start"},{"id":"paketo-buildpacks/procfile","name":"Paketo Buildpack for Procfile","version":"5.9.0","homepage":"https://github.com/paketo-buildpacks/procfile"},{"id":"paketo-buildpacks/python","name":"Paketo Buildpack for Python","version":"2.19.0"},{"id":"paketo-buildpacks/ca-certificates","name":"Paketo Buildpack for CA Certificates","version":"3.7.0","homepage":"https://github.com/paketo-buildpacks/ca-certificates"},{"id":"paketo-buildpacks/conda-env-update","name":"Paketo Buildpack for Conda Env Update","version":"0.7.13","homepage":"https://github.com/paketo-buildpacks/conda-env-update"},{"id":"paketo-buildpacks/cpython","name":"Paketo Buildpack for CPython","version":"1.13.0"},{"id":"paketo-buildpacks/environment-variables","name":"Paketo Buildpack for Environment Variables","version":"4.6.0","homepage":"https://github.com/paketo-buildpacks/environment-variables"},{"id":"paketo-buildpacks/image-labels","name":"Paketo Buildpack for Image Labels","version":"4.6.0","homepage":"https://github.com/paketo-buildpacks/image-labels"},{"id":"paketo-buildpacks/miniconda","name":"Paketo Buildpack for Miniconda","version":"0.10.0"},{"id":"paketo-buildpacks/pip","name":"Paketo Buildpack for Pip","version":"0.20.1"},{"id":"paketo-buildpacks/pip-install","name":"Paketo Buildpack for Pip Install","version":"0.6.1"},{"id":"paketo-buildpacks/pipenv","name":"Paketo Buildpack for Pipenv","version":"1.21.0"},{"id":"paketo-buildpacks/pipenv-install","name":"Paketo Buildpack for Pipenv Install","version":"0.6.19"},{"id":"paketo-buildpacks/poetry","name":"Paketo Buildpack for Poetry","version":"0.9.0"},{"id":"paketo-buildpacks/poetry-install","name":"Paketo Buildpack for Poetry Install","version":"0.3.19"},{"id":"paketo-buildpacks/poetry-run","name":"Paketo Buildpack for Poetry Run","version":"0.4.22"},{"id":"paketo-buildpacks/procfile","name":"Paketo Buildpack for Procfile","version":"5.8.0","homepage":"https://github.com/paketo-buildpacks/procfile"},{"id":"paketo-buildpacks/python-start","name":"Paketo Buildpack for Python Start","version":"0.14.15","homepage":"https://github.com/paketo-buildpacks/python-start"},{"id":"paketo-buildpacks/watchexec","name":"Paketo Buildpack for Watchexec","version":"3.1.2","homepage":"https://github.com/paketo-buildpacks/watchexec"},{"id":"paketo-buildpacks/ruby","name":"Paketo Buildpack for Ruby","version":"0.45.0","homepage":"https://github.com/paketo-buildpacks/ruby"},{"id":"paketo-buildpacks/bundle-install","name":"Paketo Buildpack for Bundle Install","version":"0.8.5","homepage":"https://github.com/paketo-buildpacks/bundle-install"},{"id":"paketo-buildpacks/bundler","name":"Paketo Buildpack for Bundler","version":"0.8.7","homepage":"https://github.com/paketo-buildpacks/bundler"},{"id":"paketo-buildpacks/ca-certificates","name":"Paketo Buildpack for CA Certificates","version":"3.7.0","homepage":"https://github.com/paketo-buildpacks/ca-certificates"},{"id":"paketo-buildpacks/environment-variables","name":"Paketo Buildpack for Environment Variables","version":"4.6.0","homepage":"https://github.com/paketo-buildpacks/environment-variables"},{"id":"paketo-buildpacks/image-labels","name":"Paketo Buildpack for Image Labels","version":"4.6.0","homepage":"https://github.com/paketo-buildpacks/image-labels"},{"id":"paketo-buildpacks/mri","name":"Paketo Buildpack for MRI","version":"0.16.2","homepage":"https://github.com/paketo-buildpacks/mri"},{"id":"paketo-buildpacks/node-engine","name":"Paketo Buildpack for Node Engine","version":"3.2.2","homepage":"https://github.com/paketo-buildpacks/node-engine"},{"id":"paketo-buildpacks/passenger","name":"Paketo Buildpack for Passenger","version":"0.14.2","homepage":"https://github.com/paketo-buildpacks/passenger"},{"id":"paketo-buildpacks/procfile","name":"Paketo Buildpack for Procfile","version":"5.7.0","homepage":"https://github.com/paketo-buildpacks/procfile"},{"id":"paketo-buildpacks/puma","name":"Paketo Buildpack for Puma","version":"0.4.40","homepage":"https://github.com/paketo-buildpacks/puma"},{"id":"paketo-buildpacks/rackup","name":"Paketo Buildpack for Rackup","version":"0.4.39","homepage":"https://github.com/paketo-buildpacks/rackup"},{"id":"paketo-buildpacks/rails-assets","name":"Paketo Buildpack for Rails Assets","version":"0.10.9","homepage":"https://github.com/paketo-buildpacks/rails-assets"},{"id":"paketo-buildpacks/rake","name":"Paketo Buildpack for Rake","version":"0.4.39","homepage":"https://github.com/paketo-buildpacks/rake"},{"id":"paketo-buildpacks/thin","name":"Paketo Buildpack for Thin","version":"0.5.37","homepage":"https://github.com/paketo-buildpacks/thin"},{"id":"paketo-buildpacks/unicorn","name":"Paketo Buildpack for Unicorn","version":"0.4.39","homepage":"https://github.com/paketo-buildpacks/unicorn"},{"id":"paketo-buildpacks/yarn","name":"Paketo Buildpack for Yarn","version":"1.3.2","homepage":"https://github.com/paketo-buildpacks/yarn"},{"id":"paketo-buildpacks/yarn-install","name":"Paketo Buildpack for Yarn Install","version":"1.3.2","homepage":"https://github.com/paketo-buildpacks/yarn-install"},{"id":"paketo-buildpacks/web-servers","name":"Paketo Buildpack for Web Servers","version":"0.22.0","homepage":"https://github.com/paketo-buildpacks/web-servers"},{"id":"paketo-buildpacks/ca-certificates","name":"Paketo Buildpack for CA Certificates","version":"3.7.0","homepage":"https://github.com/paketo-buildpacks/ca-certificates"},{"id":"paketo-buildpacks/environment-variables","name":"Paketo Buildpack for Environment Variables","version":"4.6.0","homepage":"https://github.com/paketo-buildpacks/environment-variables"},{"id":"paketo-buildpacks/httpd","name":"Paketo Buildpack for Apache HTTP Server","version":"0.7.19","homepage":"https://github.com/paketo-buildpacks/httpd"},{"id":"paketo-buildpacks/image-labels","name":"Paketo Buildpack for Image Labels","version":"4.6.0","homepage":"https://github.com/paketo-buildpacks/image-labels"},{"id":"paketo-buildpacks/nginx","name":"Paketo Buildpack for Nginx Server","version":"0.16.0","homepage":"https://github.com/paketo-buildpacks/nginx"},{"id":"paketo-buildpacks/node-engine","name":"Paketo Buildpack for Node Engine","version":"3.2.2","homepage":"https://github.com/paketo-buildpacks/node-engine"},{"id":"paketo-buildpacks/node-run-script","name":"Paketo Buildpack for Node Run Script","version":"1.0.16","homepage":"https://github.com/paketo-buildpacks/node-run-script"},{"id":"paketo-buildpacks/npm-install","name":"Paketo Buildpack for NPM Install","version":"1.4.0","homepage":"https://github.com/paketo-buildpacks/npm-install"},{"id":"paketo-buildpacks/procfile","name":"Paketo Buildpack for Procfile","version":"5.8.0","homepage":"https://github.com/paketo-buildpacks/procfile"},{"id":"paketo-buildpacks/source-removal","name":"Paketo Buildpack for Source Removal","version":"0.2.1"},{"id":"paketo-buildpacks/watchexec","name":"Paketo Buildpack for Watchexec","version":"3.1.2","homepage":"https://github.com/paketo-buildpacks/watchexec"},{"id":"paketo-buildpacks/yarn","name":"Paketo Buildpack for Yarn","version":"1.3.2","homepage":"https://github.com/paketo-buildpacks/yarn"},{"id":"paketo-buildpacks/yarn-install","name":"Paketo Buildpack for Yarn Install","version":"1.3.2","homepage":"https://github.com/paketo-buildpacks/yarn-install"}],"extensions":null,"stack":{"runImage":{"image":"index.docker.io/paketobuildpacks/run-jammy-base:latest","mirrors":[]}},"lifecycle":{"version":"0.19.6","api":{"buildpack":"0.7","platform":"0.7"},"apis":{"buildpack":{"deprecated":[],"supported":["0.7","0.8","0.9","0.10","0.11"]},"platform":{"deprecated":[],"supported":["0.7","0.8","0.9","0.10","0.11","0.12","0.13"]}}},"createdBy":{"name":"Pack CLI","version":"0.33.2+git-f2cffc4.build-5562"},"images":[{"image":"index.docker.io/paketobuildpacks/run-jammy-base:latest","mirrors":[]}]}, io.buildpacks.buildpack.layers={"paketo-buildpacks/apache-tomcat":{"8.1.0":{"api":"0.7","stacks":[{"id":"*"}],"targets":[{"os":"linux","arch":"amd64"},{"os":"linux","arch":"arm64"}],"layerDiffID":"sha256:ebd55eafd18ed10dd387caf8bf6a1641c817455fe324bf6119bf99182eb63a54","homepage":"https://github.com/paketo-buildpacks/apache-tomcat","name":"Paketo Buildpack for Apache Tomcat"}},"paketo-buildpacks/apache-tomee":{"1.10.0":{"api":"0.7","stacks":[{"id":"*"}],"targets":[{"os":"linux","arch":"amd64"},{"os":"linux","arch":"arm64"}],"layerDiffID":"sha256:b32cf7945e9d6c508b147f40a81989fcc7daf88651de7ad445476427a68911f5","homepage":"https://github.com/paketo-buildpacks/apache-tomee","name":"Paketo Buildpack for Apache Tomee"}},"paketo-buildpacks/azure-application-insights":{"5.21.0":{"api":"0.7","stacks":[{"id":"io.buildpacks.stacks.bionic"},{"id":"io.paketo.stacks.tiny"},{"id":"*"}],"targets":[{"os":"linux","arch":"amd64"},{"os":"linux","arch":"arm64"}],"layerDiffID":"sha256:a19f2090cf2577b906b96528fb529c0f15500c0d0b51ee242ecda062363fd16d","homepage":"https://github.com/paketo-buildpacks/azure-application-insights","name":"Paketo Buildpack for Azure Application Insights"}},"paketo-buildpacks/bellsoft-liberica":{"10.8.0":{"api":"0.7","stacks":[{"id":"*"}],"targets":[{"os":"linux","arch":"amd64"},{"os":"linux","arch":"arm64"}],"layerDiffID":"sha256:07935350cf9462ba738dc93337552d16da65db578751ace9fe71c64e648338dd","homepage":"https://github.com/paketo-buildpacks/bellsoft-liberica","name":"Paketo Buildpack for BellSoft Liberica"}},"paketo-buildpacks/bundle-install":{"0.8.5":{"api":"0.7","stacks":[{"id":"*"}],"layerDiffID":"sha256:1b3818b4d7d42ac7498fa086549676873b967e54ad5323cf2fd1d533c926ac52","homepage":"https://github.com/paketo-buildpacks/bundle-install","name":"Paketo Buildpack for Bundle Install"}},"paketo-buildpacks/bundler":{"0.8.7":{"api":"0.7","stacks":[{"id":"io.buildpacks.stacks.bionic"},{"id":"io.buildpacks.stacks.jammy"}],"layerDiffID":"sha256:0ea72b8c70ae4754e09632eeef564e55d06e3dbd3ea3d09ca4e484a2f2dc960a","homepage":"https://github.com/paketo-buildpacks/bundler","name":"Paketo Buildpack for Bundler"}},"paketo-buildpacks/ca-certificates":{"3.6.7":{"api":"0.7","stacks":[{"id":"io.buildpacks.stacks.bionic"},{"id":"io.paketo.stacks.tiny"},{"id":"*"}],"layerDiffID":"sha256:09958ee88d9b92eb8cac51041ca0b7e26ea4729d6c21cb4c4b0e73d1a03d97f2","homepage":"https://github.com/paketo-buildpacks/ca-certificates","name":"Paketo Buildpack for CA Certificates"},"3.6.8":{"api":"0.7","stacks":[{"id":"io.buildpacks.stacks.bionic"},{"id":"io.paketo.stacks.tiny"},{"id":"*"}],"layerDiffID":"sha256:9883ab1d7d23d56b1c21dfa542e6ded1632389c1cddaa94028a1a58eb3ecbcae","homepage":"https://github.com/paketo-buildpacks/ca-certificates","name":"Paketo Buildpack for CA Certificates"},"3.7.0":{"api":"0.7","stacks":[{"id":"io.buildpacks.stacks.bionic"},{"id":"io.paketo.stacks.tiny"},{"id":"*"}],"targets":[{"os":"linux","arch":"amd64"},{"os":"linux","arch":"arm64"}],"layerDiffID":"sha256:52f9c2838fa9e8d46d5144689680b27feb1b4befa37df3b11199fa0063a6c19e","homepage":"https://github.com/paketo-buildpacks/ca-certificates","name":"Paketo Buildpack for CA Certificates"},"3.8.0":{"api":"0.7","stacks":[{"id":"io.buildpacks.stacks.bionic"},{"id":"io.paketo.stacks.tiny"},{"id":"*"}],"targets":[{"os":"linux","arch":"amd64"},{"os":"linux","arch":"arm64"}],"layerDiffID":"sha256:04fcfcf6a209550ec8e8ec91894375503463bd096527a252d89b45e97c1ce960","homepage":"https://github.com/paketo-buildpacks/ca-certificates","name":"Paketo Buildpack for CA Certificates"}},"paketo-buildpacks/clojure-tools":{"2.10.0":{"api":"0.7","stacks":[{"id":"io.buildpacks.stacks.bionic"},{"id":"io.paketo.stacks.tiny"},{"id":"*"}],"targets":[{"os":"linux","arch":"amd64"},{"os":"linux","arch":"arm64"}],"layerDiffID":"sha256:73195e7ef8046484696ed3ae71baf72ee6d5a9656d033c17c068133282db2cb1","homepage":"https://github.com/paketo-buildpacks/clojure-tools","name":"Paketo Buildpack for Clojure Tools"}},"paketo-buildpacks/conda-env-update":{"0.7.13":{"api":"0.7","stacks":[{"id":"*"}],"layerDiffID":"sha256:7b49fed5fb63d86c2168fe18f1f723a06eb0fdb00d0ba404942721081c0b1939","homepage":"https://github.com/paketo-buildpacks/conda-env-update","name":"Paketo Buildpack for Conda Env Update"}},"paketo-buildpacks/cpython":{"1.13.0":{"api":"0.7","stacks":[{"id":"*"}],"layerDiffID":"sha256:8fb77a4df53a388c1aae020fcee7881641b1807ff84db67d10e13bd715c6cae8","name":"Paketo Buildpack for CPython"}},"paketo-buildpacks/datadog":{"3.6.0":{"api":"0.7","stacks":[{"id":"io.buildpacks.stacks.bionic"},{"id":"io.paketo.stacks.tiny"},{"id":"*"}],"layerDiffID":"sha256:b351bc73239608a09c7523656594df065fd2a6aacaee90254945d9e3070122ca","homepage":"https://github.com/paketo-buildpacks/datadog","name":"Paketo Buildpack for Datadog"},"5.13.0":{"api":"0.7","stacks":[{"id":"*"}],"targets":[{"os":"linux","arch":"amd64"},{"os":"linux","arch":"arm64"}],"layerDiffID":"sha256:ba3113b29f1e4e644d443201c41fe3257342d95db94fbaa899fd471a49f5dfe5","homepage":"https://github.com/paketo-buildpacks/datadog","name":"Paketo Buildpack for Datadog"}},"paketo-buildpacks/dist-zip":{"5.8.0":{"api":"0.7","stacks":[{"id":"*"}],"targets":[{"os":"linux","arch":"amd64"},{"os":"linux","arch":"arm64"}],"layerDiffID":"sha256:a9cb4ce33ef3a47b447d6326b2e8c05a8ec1d0798b72c8df963d569667301233","homepage":"https://github.com/paketo-buildpacks/dist-zip","name":"Paketo Buildpack for DistZip"}},"paketo-buildpacks/dotnet-core":{"0.45.0":{"api":"0.8","order":[{"group":[{"id":"paketo-buildpacks/ca-certificates","version":"3.7.0","optional":true},{"id":"paketo-buildpacks/watchexec","version":"2.10.0","optional":true},{"id":"paketo-buildpacks/vsdbg","version":"0.3.11","optional":true},{"id":"paketo-buildpacks/dotnet-core-sdk","version":"0.14.8","optional":true},{"id":"paketo-buildpacks/icu","version":"0.7.9","optional":true},{"id":"paketo-buildpacks/node-engine","version":"3.2.2","optional":true},{"id":"paketo-buildpacks/dotnet-publish","version":"0.12.30","optional":true},{"id":"paketo-buildpacks/dotnet-core-aspnet-runtime","version":"0.4.7","optional":true},{"id":"paketo-buildpacks/dotnet-execute","version":"0.14.31"},{"id":"paketo-buildpacks/procfile","version":"5.7.0","optional":true},{"id":"paketo-buildpacks/environment-variables","version":"4.6.0","optional":true},{"id":"paketo-buildpacks/image-labels","version":"4.6.0","optional":true}]}],"layerDiffID":"sha256:7f08b84becc3295ce31a3faddd7f95f42cbe319791d8b965974a8fa6f852b1cd","homepage":"https://github.com/paketo-buildpacks/dotnet-core","name":"Paketo Buildpack for .NET Core"}},"paketo-buildpacks/dotnet-core-aspnet-runtime":{"0.4.7":{"api":"0.8","stacks":[{"id":"io.buildpacks.stacks.bionic"},{"id":"io.buildpacks.stacks.jammy"}],"layerDiffID":"sha256:1c1b3e4055ba774f976c5405e9b92126170ba34a96f8afe767cd2ffb1e178abe","homepage":"https://github.com/paketo-buildpacks/dotnet-core-aspnet-runtime","name":"Paketo Buildpack for ASP.NET Core Runtime"}},"paketo-buildpacks/dotnet-core-sdk":{"0.14.8":{"api":"0.8","stacks":[{"id":"io.buildpacks.stacks.bionic"},{"id":"io.buildpacks.stacks.jammy"}],"layerDiffID":"sha256:43b1fd0fa5492eb7c3f82bfd1d9231797a246a96058bb20fff9437f27bb260b6","homepage":"https://github.com/paketo-buildpacks/dotnet-core-sdk","name":"Paketo Buildpack for .NET Core SDK"}},"paketo-buildpacks/dotnet-execute":{"0.14.31":{"api":"0.8","stacks":[{"id":"*"}],"layerDiffID":"sha256:cc37b3a27778bf0cda42a5300cfbd4ea8109a2cc15b2f6bca5669c354f2df253","homepage":"https://github.com/paketo-buildpacks/dotnet-execute","name":"Paketo Buildpack for .NET Execute"}},"paketo-buildpacks/dotnet-publish":{"0.12.30":{"api":"0.8","stacks":[{"id":"*"}],"layerDiffID":"sha256:00dea12e28b4f12e27a8cb20e6be3118c05cd77599b82fef70a1e01f1c3aa02b","homepage":"https://github.com/paketo-buildpacks/dotnet-publish","name":"Paketo Buildpack for .NET Publish"}},"paketo-buildpacks/encrypt-at-rest":{"4.7.0":{"api":"0.7","stacks":[{"id":"io.buildpacks.stacks.bionic"},{"id":"io.paketo.stacks.tiny"},{"id":"*"}],"targets":[{"os":"linux","arch":"amd64"},{"os":"linux","arch":"arm64"}],"layerDiffID":"sha256:0717ff66c9749cc2a18ba6dc2d00278c103510a0538c96a67884b51558fec859","homepage":"https://github.com/paketo-buildpacks/encrypt-at-rest","name":"Paketo Buildpack for Encrypt-at-Rest"}},"paketo-buildpacks/environment-variables":{"4.5.6":{"api":"0.7","stacks":[{"id":"io.buildpacks.stacks.bionic"},{"id":"io.paketo.stacks.tiny"},{"id":"*"}],"layerDiffID":"sha256:491136e66ebd688914cbba8f67d6e84178245ba87c01f22f762b6ef966cbe718","homepage":"https://github.com/paketo-buildpacks/environment-variables","name":"Paketo Buildpack for Environment Variables"},"4.5.7":{"api":"0.7","stacks":[{"id":"io.buildpacks.stacks.bionic"},{"id":"io.paketo.stacks.tiny"},{"id":"*"}],"layerDiffID":"sha256:dde4ecbaebb8aaafb29801403695c38a02b343a0ae92747380efc75740342a09","homepage":"https://github.com/paketo-buildpacks/environment-variables","name":"Paketo Buildpack for Environment Variables"},"4.6.0":{"api":"0.7","stacks":[{"id":"io.buildpacks.stacks.bionic"},{"id":"io.paketo.stacks.tiny"},{"id":"*"}],"targets":[{"os":"linux","arch":"amd64"},{"os":"linux","arch":"arm64"}],"layerDiffID":"sha256:1385012c7cf1fb090e671ee8d346a886e393383686e5a0932f33a133ef08e853","homepage":"https://github.com/paketo-buildpacks/environment-variables","name":"Paketo Buildpack for Environment Variables"},"4.7.0":{"api":"0.7","stacks":[{"id":"io.buildpacks.stacks.bionic"},{"id":"io.paketo.stacks.tiny"},{"id":"*"}],"targets":[{"os":"linux","arch":"amd64"},{"os":"linux","arch":"arm64"}],"layerDiffID":"sha256:6391d7f41e46a46ec4fb24bf295544bbd41cd29c0b34e38147eed6b743f09f55","homepage":"https://github.com/paketo-buildpacks/environment-variables","name":"Paketo Buildpack for Environment Variables"}},"paketo-buildpacks/executable-jar":{"6.10.0":{"api":"0.7","stacks":[{"id":"io.buildpacks.stacks.bionic"},{"id":"io.paketo.stacks.tiny"},{"id":"*"}],"targets":[{"os":"linux","arch":"amd64"},{"os":"linux","arch":"arm64"}],"layerDiffID":"sha256:6f90c90811e33c33099ba549b25cb6f09360275056e71068eec96bb18eab3104","homepage":"https://github.com/paketo-buildpacks/executable-jar","name":"Paketo Buildpack for Executable JAR"}},"paketo-buildpacks/git":{"1.0.8":{"api":"0.7","stacks":[{"id":"*"}],"layerDiffID":"sha256:6705b8397b9f7ec22c45b9d2b0138fd2a403e44b278d6cd7840aa2c4fecf3982","homepage":"https://github.com/paketo-buildpacks/git","name":"Paketo Buildpack for Git"}},"paketo-buildpacks/go":{"4.8.0":{"api":"0.7","order":[{"group":[{"id":"paketo-buildpacks/ca-certificates","version":"3.6.8","optional":true},{"id":"paketo-buildpacks/watchexec","version":"2.9.0","optional":true},{"id":"paketo-buildpacks/go-dist","version":"2.5.0"},{"id":"paketo-buildpacks/git","version":"1.0.8","optional":true},{"id":"paketo-buildpacks/go-mod-vendor","version":"1.0.29"},{"id":"paketo-buildpacks/go-build","version":"2.2.1"},{"id":"paketo-buildpacks/procfile","version":"5.6.9","optional":true},{"id":"paketo-buildpacks/environment-variables","version":"4.5.7","optional":true},{"id":"paketo-buildpacks/image-labels","version":"4.5.6","optional":true}]},{"group":[{"id":"paketo-buildpacks/ca-certificates","version":"3.6.8","optional":true},{"id":"paketo-buildpacks/watchexec","version":"2.9.0","optional":true},{"id":"paketo-buildpacks/go-dist","version":"2.5.0"},{"id":"paketo-buildpacks/git","version":"1.0.8","optional":true},{"id":"paketo-buildpacks/go-build","version":"2.2.1"},{"id":"paketo-buildpacks/procfile","version":"5.6.9","optional":true},{"id":"paketo-buildpacks/environment-variables","version":"4.5.7","optional":true},{"id":"paketo-buildpacks/image-labels","version":"4.5.6","optional":true}]}],"layerDiffID":"sha256:2ec8f81c22571d87e08661397d7730512dbdf07633600737670c6e7c11f570eb","homepage":"https://github.com/paketo-buildpacks/go","name":"Paketo Buildpack for Go"}},"paketo-buildpacks/go-build":{"2.2.1":{"api":"0.7","stacks":[{"id":"*"}],"layerDiffID":"sha256:3a0f933f9674883fd4084f87b80a80c05a6f6b3511d3228e691f2599f739e739","homepage":"https://github.com/paketo-buildpacks/go-build","name":"Paketo Buildpack for Go Build"}},"paketo-buildpacks/go-dist":{"2.5.0":{"api":"0.7","stacks":[{"id":"*"}],"layerDiffID":"sha256:a94c29266296206148cd3848a14ab0f4bcca92ce87d4777b4072ce9cfb2d3ba8","homepage":"https://github.com/paketo-buildpacks/go-dist","name":"Paketo Buildpack for Go Distribution"}},"paketo-buildpacks/go-mod-vendor":{"1.0.29":{"api":"0.7","stacks":[{"id":"*"}],"layerDiffID":"sha256:4c32f7998f4ec07ea0155fc67dc3f53ce9365480455e133da7a5574b2d183148","homepage":"https://github.com/paketo-buildpacks/go-mod-vendor","name":"Paketo Buildpack for Go Mod Vendor"}},"paketo-buildpacks/google-stackdriver":{"9.0.2":{"api":"0.7","stacks":[{"id":"*"}],"layerDiffID":"sha256:512b942472cb3eecaa64936e7dac6216810c3bf987184aa87607e14695e4939c","homepage":"https://github.com/paketo-buildpacks/google-stackdriver","name":"Paketo Buildpack for Google Stackdriver"}},"paketo-buildpacks/gradle":{"7.11.0":{"api":"0.7","stacks":[{"id":"io.buildpacks.stacks.bionic"},{"id":"io.paketo.stacks.tiny"},{"id":"*"}],"targets":[{"os":"linux","arch":"amd64"},{"os":"linux","arch":"arm64"}],"layerDiffID":"sha256:0f39b113bff6d8f95bbbaf284970ebc4c83fe701a5722f574ecbd61db0fe1437","homepage":"https://github.com/paketo-buildpacks/gradle","name":"Paketo Buildpack for Gradle"}},"paketo-buildpacks/httpd":{"0.7.19":{"api":"0.7","stacks":[{"id":"io.buildpacks.stacks.bionic"},{"id":"io.buildpacks.stacks.jammy"}],"layerDiffID":"sha256:cad5cb4e12946caf76bce22db7870a697ee23db85b910f36b1b26b2f39086709","homepage":"https://github.com/paketo-buildpacks/httpd","name":"Paketo Buildpack for Apache HTTP Server"}},"paketo-buildpacks/icu":{"0.7.9":{"api":"0.8","stacks":[{"id":"io.buildpacks.stacks.bionic"},{"id":"io.buildpacks.stacks.jammy"}],"layerDiffID":"sha256:3119c847f6e1318b4121a9a1251639b424ea6482862ebd07d249cfe7330a42cd","homepage":"https://github.com/paketo-buildpacks/icu","name":"Paketo Buildpack for ICU"}},"paketo-buildpacks/image-labels":{"4.5.5":{"api":"0.7","stacks":[{"id":"io.buildpacks.stacks.bionic"},{"id":"io.paketo.stacks.tiny"},{"id":"*"}],"layerDiffID":"sha256:8c583593b549c46a53a13afe8c4a01200970cbcb8ee35526697d079232570456","homepage":"https://github.com/paketo-buildpacks/image-labels","name":"Paketo Buildpack for Image Labels"},"4.5.6":{"api":"0.7","stacks":[{"id":"io.buildpacks.stacks.bionic"},{"id":"io.paketo.stacks.tiny"},{"id":"*"}],"layerDiffID":"sha256:7d19ab799120b2dc9b62d128ddd055d1125fe33ba18ca84ad78ace6c5694afd3","homepage":"https://github.com/paketo-buildpacks/image-labels","name":"Paketo Buildpack for Image Labels"},"4.6.0":{"api":"0.7","stacks":[{"id":"io.buildpacks.stacks.bionic"},{"id":"io.paketo.stacks.tiny"},{"id":"*"}],"targets":[{"os":"linux","arch":"amd64"},{"os":"linux","arch":"arm64"}],"layerDiffID":"sha256:fcd6c320b55e00d201cd4bf8e4153fe07ebc6c252c560d77cea4ab707204cfc4","homepage":"https://github.com/paketo-buildpacks/image-labels","name":"Paketo Buildpack for Image Labels"},"4.7.0":{"api":"0.7","stacks":[{"id":"io.buildpacks.stacks.bionic"},{"id":"io.paketo.stacks.tiny"},{"id":"*"}],"targets":[{"os":"linux","arch":"amd64"},{"os":"linux","arch":"arm64"}],"layerDiffID":"sha256:5aa968168d1e702fd12aad5029f741fef539cf918280b58ffc01f32c587ec508","homepage":"https://github.com/paketo-buildpacks/image-labels","name":"Paketo Buildpack for Image Labels"}},"paketo-buildpacks/jattach":{"1.8.0":{"api":"0.7","stacks":[{"id":"*"}],"targets":[{"os":"linux","arch":"amd64"},{"os":"linux","arch":"arm64"}],"layerDiffID":"sha256:66d1850a00008a29204828a2a15b24bbe623df35c124d3a27a35c40a2e284f4d","homepage":"https://github.com/paketo-buildpacks/jattach","name":"Paketo Buildpack for JAttach"}},"paketo-buildpacks/java":{"14.1.0":{"api":"0.7","order":[{"group":[{"id":"paketo-buildpacks/ca-certificates","version":"3.8.0","optional":true},{"id":"paketo-buildpacks/bellsoft-liberica","version":"10.8.0"},{"id":"paketo-buildpacks/yarn","version":"1.3.2","optional":true},{"id":"paketo-buildpacks/node-engine","version":"3.2.2","optional":true},{"id":"paketo-buildpacks/syft","version":"1.47.0","optional":true},{"id":"paketo-buildpacks/leiningen","version":"4.9.0","optional":true},{"id":"paketo-buildpacks/clojure-tools","version":"2.10.0","optional":true},{"id":"paketo-buildpacks/gradle","version":"7.11.0","optional":true},{"id":"paketo-buildpacks/maven","version":"6.17.0","optional":true},{"id":"paketo-buildpacks/sbt","version":"6.15.0","optional":true},{"id":"paketo-buildpacks/watchexec","version":"3.2.0","optional":true},{"id":"paketo-buildpacks/executable-jar","version":"6.10.0","optional":true},{"id":"paketo-buildpacks/apache-tomcat","version":"8.1.0","optional":true},{"id":"paketo-buildpacks/apache-tomee","version":"1.10.0","optional":true},{"id":"paketo-buildpacks/liberty","version":"4.2.0","optional":true},{"id":"paketo-buildpacks/dist-zip","version":"5.8.0","optional":true},{"id":"paketo-buildpacks/spring-boot","version":"5.30.0","optional":true},{"id":"paketo-buildpacks/procfile","version":"5.9.0","optional":true},{"id":"paketo-buildpacks/jattach","version":"1.8.0","optional":true},{"id":"paketo-buildpacks/azure-application-insights","version":"5.21.0","optional":true},{"id":"paketo-buildpacks/google-stackdriver","version":"9.0.2","optional":true},{"id":"paketo-buildpacks/datadog","version":"5.13.0","optional":true},{"id":"paketo-buildpacks/java-memory-assistant","version":"1.6.0","optional":true},{"id":"paketo-buildpacks/encrypt-at-rest","version":"4.7.0","optional":true},{"id":"paketo-buildpacks/environment-variables","version":"4.7.0","optional":true},{"id":"paketo-buildpacks/image-labels","version":"4.7.0","optional":true}]}],"layerDiffID":"sha256:0fb2fdcda9cc87e62811efefaba94828e7140992a4f9a307b503f58f0a328a68","homepage":"https://paketo.io/docs/howto/java","name":"Paketo Buildpack for Java"}},"paketo-buildpacks/java-memory-assistant":{"1.6.0":{"api":"0.7","stacks":[{"id":"io.buildpacks.stacks.bionic"},{"id":"io.paketo.stacks.tiny"},{"id":"*"}],"targets":[{"os":"linux","arch":"amd64"},{"os":"linux","arch":"arm64"}],"layerDiffID":"sha256:8e28674fcfb9945906910ea1273383b8687fc6297529a6713beabf21943d08db","homepage":"https://github.com/paketo-buildpacks/java-memory-assistant","name":"Paketo Buildpack for Java Memory Assistant"}},"paketo-buildpacks/java-native-image":{"9.5.0":{"api":"0.7","order":[{"group":[{"id":"paketo-buildpacks/ca-certificates","version":"3.8.0","optional":true},{"id":"paketo-buildpacks/upx","version":"3.6.0","optional":true},{"id":"paketo-buildpacks/bellsoft-liberica","version":"10.8.0"},{"id":"paketo-buildpacks/syft","version":"1.47.0","optional":true},{"id":"paketo-buildpacks/leiningen","version":"4.9.0","optional":true},{"id":"paketo-buildpacks/gradle","version":"7.11.0","optional":true},{"id":"paketo-buildpacks/maven","version":"6.17.0","optional":true},{"id":"paketo-buildpacks/sbt","version":"6.15.0","optional":true},{"id":"paketo-buildpacks/executable-jar","version":"6.10.0","optional":true},{"id":"paketo-buildpacks/spring-boot","version":"5.30.0","optional":true},{"id":"paketo-buildpacks/datadog","version":"5.13.0","optional":true},{"id":"paketo-buildpacks/native-image","version":"5.14.0"},{"id":"paketo-buildpacks/procfile","version":"5.9.0","optional":true},{"id":"paketo-buildpacks/environment-variables","version":"4.7.0","optional":true},{"id":"paketo-buildpacks/image-labels","version":"4.7.0","optional":true}]}],"layerDiffID":"sha256:0873b34124d669bc9fe6732254d6bb124ea1c2efec506cfff3401edd209cbb71","homepage":"https://paketo.io/docs/howto/java/#build-an-app-as-a-graalvm-native-image-application","name":"Paketo Buildpack for Java Native Image"}},"paketo-buildpacks/leiningen":{"4.9.0":{"api":"0.7","stacks":[{"id":"io.buildpacks.stacks.bionic"},{"id":"io.paketo.stacks.tiny"},{"id":"*"}],"targets":[{"os":"linux","arch":"amd64"},{"os":"linux","arch":"arm64"}],"layerDiffID":"sha256:635eaae683eb2421005ac578dd214cee48cc87014e39a94415f847da600c8697","homepage":"https://github.com/paketo-buildpacks/leiningen","name":"Paketo Buildpack for Leiningen"}},"paketo-buildpacks/liberty":{"4.2.0":{"api":"0.7","stacks":[{"id":"*"}],"targets":[{"os":"linux","arch":"amd64"},{"os":"linux","arch":"arm64"}],"layerDiffID":"sha256:0a8edaef32bdcbc174fe225041128a28950442d54999e9a08ac9140d93d27a22","homepage":"https://github.com/paketo-buildpacks/liberty","name":"Paketo Buildpack for Liberty"}},"paketo-buildpacks/maven":{"6.17.0":{"api":"0.7","stacks":[{"id":"io.buildpacks.stacks.bionic"},{"id":"io.paketo.stacks.tiny"},{"id":"*"}],"targets":[{"os":"linux","arch":"amd64"},{"os":"linux","arch":"arm64"}],"layerDiffID":"sha256:e6b711384a676bee69fcbf64ac50c3067b8ef1d13bb106a670438bf96a459d2a","homepage":"https://github.com/paketo-buildpacks/maven","name":"Paketo Buildpack for Maven"}},"paketo-buildpacks/miniconda":{"0.10.0":{"api":"0.7","stacks":[{"id":"*"}],"layerDiffID":"sha256:d6561e9fc7a14071bb957d4a474118022a93f04311ed102caca2c596bd6bce54","name":"Paketo Buildpack for Miniconda"}},"paketo-buildpacks/mri":{"0.16.2":{"api":"0.7","stacks":[{"id":"io.buildpacks.stacks.bionic"},{"id":"io.buildpacks.stacks.jammy"}],"layerDiffID":"sha256:8ddf87bd3b2ae8393e28b61017c0263e4538641f5cc8af5bd2a8deaf6d693ce0","homepage":"https://github.com/paketo-buildpacks/mri","name":"Paketo Buildpack for MRI"}},"paketo-buildpacks/native-image":{"5.14.0":{"api":"0.7","stacks":[{"id":"*"}],"targets":[{"os":"linux","arch":"amd64"},{"os":"linux","arch":"arm64"}],"layerDiffID":"sha256:980222375119bcfa95a666ce18b5b130c317d2dae2af694257deb08147f04171","homepage":"https://github.com/paketo-buildpacks/native-image","name":"Paketo Buildpack for Native Image"}},"paketo-buildpacks/nginx":{"0.16.0":{"api":"0.7","stacks":[{"id":"io.buildpacks.stacks.bionic"},{"id":"io.buildpacks.stacks.jammy"}],"layerDiffID":"sha256:3ce9fa59847df2bfc4cfaab79af96d4450f31aaf4cc5cae549237159aea2a9f5","homepage":"https://github.com/paketo-buildpacks/nginx","name":"Paketo Buildpack for Nginx Server"}},"paketo-buildpacks/node-engine":{"3.2.1":{"api":"0.7","stacks":[{"id":"io.buildpacks.stacks.bionic"},{"id":"io.buildpacks.stacks.jammy"},{"id":"*"}],"layerDiffID":"sha256:0a7e04dd7287249042afb9800ec74d387d84b3a545db352198583edc9382d746","homepage":"https://github.com/paketo-buildpacks/node-engine","name":"Paketo Buildpack for Node Engine"},"3.2.2":{"api":"0.7","stacks":[{"id":"io.buildpacks.stacks.bionic"},{"id":"io.buildpacks.stacks.jammy"},{"id":"*"}],"layerDiffID":"sha256:cee93558ce3631d46031f5de6a8b228b1291a57e2da1d258b4b32340e280ba52","homepage":"https://github.com/paketo-buildpacks/node-engine","name":"Paketo Buildpack for Node Engine"}},"paketo-buildpacks/node-run-script":{"1.0.16":{"api":"0.7","stacks":[{"id":"*"}],"layerDiffID":"sha256:d1c48ce101423e074aef2cf36e2c9e11659a8e6c5213e5b8807818d1a9e4d75b","homepage":"https://github.com/paketo-buildpacks/node-run-script","name":"Paketo Buildpack for Node Run Script"}},"paketo-buildpacks/node-start":{"1.1.5":{"api":"0.7","stacks":[{"id":"*"}],"layerDiffID":"sha256:883c245db5248900d88b37f452396711ed3eef7a3e29cb2f51ced296baf04f61","homepage":"https://github.com/paketo-buildpacks/node-start","name":"Paketo Buildpack for Node Start"}},"paketo-buildpacks/nodejs":{"2.2.0":{"api":"0.7","order":[{"group":[{"id":"paketo-buildpacks/ca-certificates","version":"3.6.7","optional":true},{"id":"paketo-buildpacks/watchexec","version":"2.8.7","optional":true},{"id":"paketo-buildpacks/node-engine","version":"3.2.1"},{"id":"paketo-buildpacks/yarn","version":"1.3.2"},{"id":"paketo-buildpacks/yarn-install","version":"1.3.2"},{"id":"paketo-buildpacks/node-run-script","version":"1.0.16","optional":true},{"id":"paketo-buildpacks/node-start","version":"1.1.5","optional":true},{"id":"paketo-buildpacks/yarn-start","version":"1.2.2","optional":true},{"id":"paketo-buildpacks/procfile","version":"5.6.8","optional":true},{"id":"paketo-buildpacks/datadog","version":"3.6.0","optional":true},{"id":"paketo-buildpacks/environment-variables","version":"4.5.6","optional":true},{"id":"paketo-buildpacks/image-labels","version":"4.5.5","optional":true}]},{"group":[{"id":"paketo-buildpacks/ca-certificates","version":"3.6.7","optional":true},{"id":"paketo-buildpacks/watchexec","version":"2.8.7","optional":true},{"id":"paketo-buildpacks/node-engine","version":"3.2.1"},{"id":"paketo-buildpacks/npm-install","version":"1.4.0"},{"id":"paketo-buildpacks/node-run-script","version":"1.0.16","optional":true},{"id":"paketo-buildpacks/node-start","version":"1.1.5","optional":true},{"id":"paketo-buildpacks/npm-start","version":"1.0.17","optional":true},{"id":"paketo-buildpacks/procfile","version":"5.6.8","optional":true},{"id":"paketo-buildpacks/datadog","version":"3.6.0","optional":true},{"id":"paketo-buildpacks/environment-variables","version":"4.5.6","optional":true},{"id":"paketo-buildpacks/image-labels","version":"4.5.5","optional":true}]},{"group":[{"id":"paketo-buildpacks/ca-certificates","version":"3.6.7","optional":true},{"id":"paketo-buildpacks/watchexec","version":"2.8.7","optional":true},{"id":"paketo-buildpacks/node-engine","version":"3.2.1"},{"id":"paketo-buildpacks/node-start","version":"1.1.5"},{"id":"paketo-buildpacks/procfile","version":"5.6.8","optional":true},{"id":"paketo-buildpacks/datadog","version":"3.6.0","optional":true},{"id":"paketo-buildpacks/environment-variables","version":"4.5.6","optional":true},{"id":"paketo-buildpacks/image-labels","version":"4.5.5","optional":true}]}],"layerDiffID":"sha256:ccd1532a8ffaf1fd3bc324e3a28c11b103e849b948b6a2b256fc95072afbaaaa","homepage":"https://github.com/paketo-buildpacks/nodejs","name":"Paketo Buildpack for Node.js"}},"paketo-buildpacks/npm-install":{"1.4.0":{"api":"0.7","stacks":[{"id":"*"}],"layerDiffID":"sha256:e569e1a58ac29627361bf91bcd623b082d08a628d055407dc0d4830495c6f258","homepage":"https://github.com/paketo-buildpacks/npm-install","name":"Paketo Buildpack for NPM Install"}},"paketo-buildpacks/npm-start":{"1.0.17":{"api":"0.7","stacks":[{"id":"*"}],"layerDiffID":"sha256:6b30f1406258da7040bbf59d9845a29a700c80e71ba96902efda85f6ee2b9bdc","homepage":"https://github.com/paketo-buildpacks/npm-start","name":"Paketo Buildpack for NPM Start"}},"paketo-buildpacks/passenger":{"0.14.2":{"api":"0.7","stacks":[{"id":"io.buildpacks.stacks.bionic"},{"id":"io.buildpacks.stacks.jammy"}],"layerDiffID":"sha256:93c22cdbfd877102c38f43afae9ea2009f889e12eda500c61a8f5d6d5b73bef2","homepage":"https://github.com/paketo-buildpacks/passenger","name":"Paketo Buildpack for Passenger"}},"paketo-buildpacks/pip":{"0.20.1":{"api":"0.7","stacks":[{"id":"*"}],"layerDiffID":"sha256:a6dcaca7d3cf2aeadd5b497435e6d3ea25e3ae961c2849a95dbcd16254421194","name":"Paketo Buildpack for Pip"}},"paketo-buildpacks/pip-install":{"0.6.1":{"api":"0.7","stacks":[{"id":"*"}],"layerDiffID":"sha256:6cdacb684be60886cb3d94b41680f8f6de5c6d4027ba39bef383753207dcf29b","name":"Paketo Buildpack for Pip Install"}},"paketo-buildpacks/pipenv":{"1.21.0":{"api":"0.7","stacks":[{"id":"*"}],"layerDiffID":"sha256:966f7325a77def4f75e22f92db2a19fc9db10e8cb046a5fe55e739c68e5f0c64","name":"Paketo Buildpack for Pipenv"}},"paketo-buildpacks/pipenv-install":{"0.6.19":{"api":"0.7","stacks":[{"id":"*"}],"layerDiffID":"sha256:de3ac31a5c8420983a6044708b47bdb6e172899400b6d70a3f3b63354a70f489","name":"Paketo Buildpack for Pipenv Install"}},"paketo-buildpacks/poetry":{"0.9.0":{"api":"0.7","stacks":[{"id":"*"}],"layerDiffID":"sha256:e05e1aaab036cc724ff9dd1d42a978762824e90cd55b258f941c623b134a0c1d","name":"Paketo Buildpack for Poetry"}},"paketo-buildpacks/poetry-install":{"0.3.19":{"api":"0.7","stacks":[{"id":"*"}],"layerDiffID":"sha256:5a7829fef35187712b99a488b10d7c14203bac804b3a1dcf8f3ff803e5dfa4b9","name":"Paketo Buildpack for Poetry Install"}},"paketo-buildpacks/poetry-run":{"0.4.22":{"api":"0.8","stacks":[{"id":"*"}],"layerDiffID":"sha256:a549b9568af3af9bc69d1366a3b45bdc0ced7e8f0ec7c9466824eb0952aff77c","name":"Paketo Buildpack for Poetry Run"}},"paketo-buildpacks/procfile":{"5.6.8":{"api":"0.7","stacks":[{"id":"*"}],"layerDiffID":"sha256:7ed29173481c523f069fd9d4ca8a168733a161a2c45660423afb1bd9ada3545a","homepage":"https://github.com/paketo-buildpacks/procfile","name":"Paketo Buildpack for Procfile"},"5.6.9":{"api":"0.7","stacks":[{"id":"*"}],"layerDiffID":"sha256:dc56a8f75d233007cccc9774f825a4aedd718c97355ac2b6ef048ca1847ea50e","homepage":"https://github.com/paketo-buildpacks/procfile","name":"Paketo Buildpack for Procfile"},"5.7.0":{"api":"0.7","stacks":[{"id":"*"}],"targets":[{"os":"linux","arch":"amd64"},{"os":"linux","arch":"arm64"}],"layerDiffID":"sha256:fb764ecebedaa2fd61788e51b87dda3475b5abe44e855838d44976e96b0ef629","homepage":"https://github.com/paketo-buildpacks/procfile","name":"Paketo Buildpack for Procfile"},"5.8.0":{"api":"0.7","stacks":[{"id":"*"}],"targets":[{"os":"linux","arch":"amd64"},{"os":"linux","arch":"arm64"}],"layerDiffID":"sha256:29902f3e5d0042912c7688d9c78ea8789068cdc3f8da5a5bfad2395d575a0225","homepage":"https://github.com/paketo-buildpacks/procfile","name":"Paketo Buildpack for Procfile"},"5.9.0":{"api":"0.7","stacks":[{"id":"*"}],"targets":[{"os":"linux","arch":"amd64"},{"os":"linux","arch":"arm64"}],"layerDiffID":"sha256:2a5d0067dc311066de4df12e2c9e53eb95df78fd68221ac3c5bf7472ff7a97fb","homepage":"https://github.com/paketo-buildpacks/procfile","name":"Paketo Buildpack for Procfile"}},"paketo-buildpacks/puma":{"0.4.40":{"api":"0.7","stacks":[{"id":"*"}],"layerDiffID":"sha256:cc18628c6e37f73ae7aeac97dd8573731ce599df02a099e34781b0cbabd1b7ae","homepage":"https://github.com/paketo-buildpacks/puma","name":"Paketo Buildpack for Puma"}},"paketo-buildpacks/python":{"2.19.0":{"api":"0.8","order":[{"group":[{"id":"paketo-buildpacks/ca-certificates","version":"3.7.0","optional":true},{"id":"paketo-buildpacks/watchexec","version":"3.1.2","optional":true},{"id":"paketo-buildpacks/cpython","version":"1.13.0"},{"id":"paketo-buildpacks/pip","version":"0.20.1"},{"id":"paketo-buildpacks/pipenv","version":"1.21.0"},{"id":"paketo-buildpacks/pipenv-install","version":"0.6.19"},{"id":"paketo-buildpacks/python-start","version":"0.14.15"},{"id":"paketo-buildpacks/procfile","version":"5.8.0","optional":true},{"id":"paketo-buildpacks/environment-variables","version":"4.6.0","optional":true},{"id":"paketo-buildpacks/image-labels","version":"4.6.0","optional":true}]},{"group":[{"id":"paketo-buildpacks/ca-certificates","version":"3.7.0","optional":true},{"id":"paketo-buildpacks/watchexec","version":"3.1.2","optional":true},{"id":"paketo-buildpacks/cpython","version":"1.13.0"},{"id":"paketo-buildpacks/pip","version":"0.20.1"},{"id":"paketo-buildpacks/pip-install","version":"0.6.1"},{"id":"paketo-buildpacks/python-start","version":"0.14.15"},{"id":"paketo-buildpacks/procfile","version":"5.8.0","optional":true},{"id":"paketo-buildpacks/environment-variables","version":"4.6.0","optional":true},{"id":"paketo-buildpacks/image-labels","version":"4.6.0","optional":true}]},{"group":[{"id":"paketo-buildpacks/ca-certificates","version":"3.7.0","optional":true},{"id":"paketo-buildpacks/watchexec","version":"3.1.2","optional":true},{"id":"paketo-buildpacks/miniconda","version":"0.10.0"},{"id":"paketo-buildpacks/conda-env-update","version":"0.7.13"},{"id":"paketo-buildpacks/python-start","version":"0.14.15"},{"id":"paketo-buildpacks/procfile","version":"5.8.0","optional":true},{"id":"paketo-buildpacks/environment-variables","version":"4.6.0","optional":true},{"id":"paketo-buildpacks/image-labels","version":"4.6.0","optional":true}]},{"group":[{"id":"paketo-buildpacks/ca-certificates","version":"3.7.0","optional":true},{"id":"paketo-buildpacks/watchexec","version":"3.1.2","optional":true},{"id":"paketo-buildpacks/cpython","version":"1.13.0"},{"id":"paketo-buildpacks/pip","version":"0.20.1"},{"id":"paketo-buildpacks/poetry","version":"0.9.0"},{"id":"paketo-buildpacks/poetry-install","version":"0.3.19"},{"id":"paketo-buildpacks/poetry-run","version":"0.4.22"},{"id":"paketo-buildpacks/procfile","version":"5.8.0","optional":true},{"id":"paketo-buildpacks/environment-variables","version":"4.6.0","optional":true},{"id":"paketo-buildpacks/image-labels","version":"4.6.0","optional":true}]},{"group":[{"id":"paketo-buildpacks/ca-certificates","version":"3.7.0","optional":true},{"id":"paketo-buildpacks/watchexec","version":"3.1.2","optional":true},{"id":"paketo-buildpacks/cpython","version":"1.13.0"},{"id":"paketo-buildpacks/pip","version":"0.20.1"},{"id":"paketo-buildpacks/poetry","version":"0.9.0"},{"id":"paketo-buildpacks/poetry-install","version":"0.3.19"},{"id":"paketo-buildpacks/python-start","version":"0.14.15"},{"id":"paketo-buildpacks/procfile","version":"5.8.0","optional":true},{"id":"paketo-buildpacks/environment-variables","version":"4.6.0","optional":true},{"id":"paketo-buildpacks/image-labels","version":"4.6.0","optional":true}]},{"group":[{"id":"paketo-buildpacks/ca-certificates","version":"3.7.0","optional":true},{"id":"paketo-buildpacks/watchexec","version":"3.1.2","optional":true},{"id":"paketo-buildpacks/cpython","version":"1.13.0"},{"id":"paketo-buildpacks/python-start","version":"0.14.15"},{"id":"paketo-buildpacks/procfile","version":"5.8.0","optional":true},{"id":"paketo-buildpacks/environment-variables","version":"4.6.0","optional":true},{"id":"paketo-buildpacks/image-labels","version":"4.6.0","optional":true}]}],"layerDiffID":"sha256:80ada522d0b5a8e2bc6b95639dda4888c8265b27a082666ad0b34255d2f77c16","name":"Paketo Buildpack for Python"}},"paketo-buildpacks/python-start":{"0.14.15":{"api":"0.8","stacks":[{"id":"*"}],"layerDiffID":"sha256:fa27d532466a9b49c9d9f23c2c6449a5378407bc93a6891e1b646f5c7e26708d","homepage":"https://github.com/paketo-buildpacks/python-start","name":"Paketo Buildpack for Python Start"}},"paketo-buildpacks/rackup":{"0.4.39":{"api":"0.7","stacks":[{"id":"*"}],"layerDiffID":"sha256:04b5878590658efce092cc91731f5e57984d09b01e82e6fc6dea4845defc2caa","homepage":"https://github.com/paketo-buildpacks/rackup","name":"Paketo Buildpack for Rackup"}},"paketo-buildpacks/rails-assets":{"0.10.9":{"api":"0.7","stacks":[{"id":"*"}],"layerDiffID":"sha256:b0754609ae7c947dd9123e85ff14888f68d927ca7a2440603042a61e3672bbd7","homepage":"https://github.com/paketo-buildpacks/rails-assets","name":"Paketo Buildpack for Rails Assets"}},"paketo-buildpacks/rake":{"0.4.39":{"api":"0.7","stacks":[{"id":"*"}],"layerDiffID":"sha256:1ba1162c859636cc20c26205c153f43d87bf71141438a8997987b31b2c77ab85","homepage":"https://github.com/paketo-buildpacks/rake","name":"Paketo Buildpack for Rake"}},"paketo-buildpacks/ruby":{"0.45.0":{"api":"0.7","order":[{"group":[{"id":"paketo-buildpacks/ca-certificates","version":"3.7.0","optional":true},{"id":"paketo-buildpacks/mri","version":"0.16.2"},{"id":"paketo-buildpacks/bundler","version":"0.8.7"},{"id":"paketo-buildpacks/bundle-install","version":"0.8.5"},{"id":"paketo-buildpacks/node-engine","version":"3.2.2","optional":true},{"id":"paketo-buildpacks/yarn","version":"1.3.2","optional":true},{"id":"paketo-buildpacks/yarn-install","version":"1.3.2","optional":true},{"id":"paketo-buildpacks/rails-assets","version":"0.10.9","optional":true},{"id":"paketo-buildpacks/puma","version":"0.4.40"},{"id":"paketo-buildpacks/procfile","version":"5.7.0","optional":true},{"id":"paketo-buildpacks/environment-variables","version":"4.6.0","optional":true},{"id":"paketo-buildpacks/image-labels","version":"4.6.0","optional":true}]},{"group":[{"id":"paketo-buildpacks/ca-certificates","version":"3.7.0","optional":true},{"id":"paketo-buildpacks/mri","version":"0.16.2"},{"id":"paketo-buildpacks/bundler","version":"0.8.7"},{"id":"paketo-buildpacks/bundle-install","version":"0.8.5"},{"id":"paketo-buildpacks/node-engine","version":"3.2.2","optional":true},{"id":"paketo-buildpacks/yarn","version":"1.3.2","optional":true},{"id":"paketo-buildpacks/yarn-install","version":"1.3.2","optional":true},{"id":"paketo-buildpacks/rails-assets","version":"0.10.9","optional":true},{"id":"paketo-buildpacks/thin","version":"0.5.37"},{"id":"paketo-buildpacks/procfile","version":"5.7.0","optional":true},{"id":"paketo-buildpacks/environment-variables","version":"4.6.0","optional":true},{"id":"paketo-buildpacks/image-labels","version":"4.6.0","optional":true}]},{"group":[{"id":"paketo-buildpacks/ca-certificates","version":"3.7.0","optional":true},{"id":"paketo-buildpacks/mri","version":"0.16.2"},{"id":"paketo-buildpacks/bundler","version":"0.8.7"},{"id":"paketo-buildpacks/bundle-install","version":"0.8.5"},{"id":"paketo-buildpacks/node-engine","version":"3.2.2","optional":true},{"id":"paketo-buildpacks/yarn","version":"1.3.2","optional":true},{"id":"paketo-buildpacks/yarn-install","version":"1.3.2","optional":true},{"id":"paketo-buildpacks/rails-assets","version":"0.10.9","optional":true},{"id":"paketo-buildpacks/unicorn","version":"0.4.39"},{"id":"paketo-buildpacks/procfile","version":"5.7.0","optional":true},{"id":"paketo-buildpacks/environment-variables","version":"4.6.0","optional":true},{"id":"paketo-buildpacks/image-labels","version":"4.6.0","optional":true}]},{"group":[{"id":"paketo-buildpacks/ca-certificates","version":"3.7.0","optional":true},{"id":"paketo-buildpacks/mri","version":"0.16.2"},{"id":"paketo-buildpacks/bundler","version":"0.8.7"},{"id":"paketo-buildpacks/bundle-install","version":"0.8.5"},{"id":"paketo-buildpacks/node-engine","version":"3.2.2","optional":true},{"id":"paketo-buildpacks/yarn","version":"1.3.2","optional":true},{"id":"paketo-buildpacks/yarn-install","version":"1.3.2","optional":true},{"id":"paketo-buildpacks/rails-assets","version":"0.10.9","optional":true},{"id":"paketo-buildpacks/passenger","version":"0.14.2"},{"id":"paketo-buildpacks/procfile","version":"5.7.0","optional":true},{"id":"paketo-buildpacks/environment-variables","version":"4.6.0","optional":true},{"id":"paketo-buildpacks/image-labels","version":"4.6.0","optional":true}]},{"group":[{"id":"paketo-buildpacks/ca-certificates","version":"3.7.0","optional":true},{"id":"paketo-buildpacks/mri","version":"0.16.2"},{"id":"paketo-buildpacks/bundler","version":"0.8.7"},{"id":"paketo-buildpacks/bundle-install","version":"0.8.5"},{"id":"paketo-buildpacks/node-engine","version":"3.2.2","optional":true},{"id":"paketo-buildpacks/yarn","version":"1.3.2","optional":true},{"id":"paketo-buildpacks/yarn-install","version":"1.3.2","optional":true},{"id":"paketo-buildpacks/rails-assets","version":"0.10.9","optional":true},{"id":"paketo-buildpacks/rackup","version":"0.4.39"},{"id":"paketo-buildpacks/procfile","version":"5.7.0","optional":true},{"id":"paketo-buildpacks/environment-variables","version":"4.6.0","optional":true},{"id":"paketo-buildpacks/image-labels","version":"4.6.0","optional":true}]},{"group":[{"id":"paketo-buildpacks/ca-certificates","version":"3.7.0","optional":true},{"id":"paketo-buildpacks/mri","version":"0.16.2"},{"id":"paketo-buildpacks/bundler","version":"0.8.7","optional":true},{"id":"paketo-buildpacks/bundle-install","version":"0.8.5","optional":true},{"id":"paketo-buildpacks/rake","version":"0.4.39"},{"id":"paketo-buildpacks/procfile","version":"5.7.0","optional":true},{"id":"paketo-buildpacks/environment-variables","version":"4.6.0","optional":true},{"id":"paketo-buildpacks/image-labels","version":"4.6.0","optional":true}]}],"layerDiffID":"sha256:6835da52555fff8db3a729393dae12c10b35bac91a8e75737e385d8043b9870a","homepage":"https://github.com/paketo-buildpacks/ruby","name":"Paketo Buildpack for Ruby"}},"paketo-buildpacks/sbt":{"6.15.0":{"api":"0.7","stacks":[{"id":"io.buildpacks.stacks.bionic"},{"id":"io.paketo.stacks.tiny"},{"id":"*"}],"targets":[{"os":"linux","arch":"amd64"},{"os":"linux","arch":"arm64"}],"layerDiffID":"sha256:f4cb2cdf6268320a658a82db1462ff395080b818743f819b504302580412a30d","homepage":"https://github.com/paketo-buildpacks/sbt","name":"Paketo Buildpack for SBT"}},"paketo-buildpacks/source-removal":{"0.2.1":{"api":"0.7","stacks":[{"id":"*"}],"layerDiffID":"sha256:c9b2b4846699e199bf3baa9f694c2914da8404ab2278da08576a53ecd11cd608","name":"Paketo Buildpack for Source Removal"}},"paketo-buildpacks/spring-boot":{"5.30.0":{"api":"0.7","stacks":[{"id":"io.buildpacks.stacks.bionic"},{"id":"io.paketo.stacks.tiny"},{"id":"*"}],"targets":[{"os":"linux","arch":"amd64"},{"os":"linux","arch":"arm64"}],"layerDiffID":"sha256:2e1a06e8edbdef02242f9f9561c25b49f6e3927258fd6a9ba94f33828e729e1b","homepage":"https://github.com/paketo-buildpacks/spring-boot","name":"Paketo Buildpack for Spring Boot"}},"paketo-buildpacks/syft":{"1.47.0":{"api":"0.7","stacks":[{"id":"*"}],"targets":[{"os":"linux","arch":"amd64"},{"os":"linux","arch":"arm64"}],"layerDiffID":"sha256:b2f411dd4d1d84f3a583b3fa0f7ccfb1bc646e5771257acb6cc71141ab63b24c","homepage":"https://github.com/paketo-buildpacks/syft","name":"Paketo Buildpack for Syft"}},"paketo-buildpacks/thin":{"0.5.37":{"api":"0.7","stacks":[{"id":"*"}],"layerDiffID":"sha256:5af39cb08b80879c788f32778ea73b6ec972069b2fbd4e850f679719ce6d3607","homepage":"https://github.com/paketo-buildpacks/thin","name":"Paketo Buildpack for Thin"}},"paketo-buildpacks/unicorn":{"0.4.39":{"api":"0.7","stacks":[{"id":"*"}],"layerDiffID":"sha256:0c350a77d3bda7b06fa21e829945a6185856628d97da284b321fe57934ba8cdf","homepage":"https://github.com/paketo-buildpacks/unicorn","name":"Paketo Buildpack for Unicorn"}},"paketo-buildpacks/upx":{"3.6.0":{"api":"0.7","stacks":[{"id":"io.buildpacks.stacks.bionic"},{"id":"io.paketo.stacks.tiny"},{"id":"*"}],"targets":[{"os":"linux","arch":"amd64"},{"os":"linux","arch":"arm64"}],"layerDiffID":"sha256:08215ee28d108f6b96ca276bb575ed314364324de9d9a925660a3a93c177d775","homepage":"https://github.com/paketo-buildpacks/upx","name":"Paketo Buildpack for UPX"}},"paketo-buildpacks/vsdbg":{"0.3.11":{"api":"0.8","stacks":[{"id":"io.buildpacks.stacks.bionic"},{"id":"io.buildpacks.stacks.jammy"}],"layerDiffID":"sha256:a1b4049a46361cb419935fdf78338cd1a42b5d8619fa0b8ea6f0966c9bd71843","name":"Paketo Buildpack for Visual Studio Debugger"}},"paketo-buildpacks/watchexec":{"2.10.0":{"api":"0.7","stacks":[{"id":"*"}],"targets":[{"os":"linux","arch":"amd64"},{"os":"linux","arch":"arm64"}],"layerDiffID":"sha256:e968d2c4e179709eb2d32d7032fded5df329f60a8cfcd66e25b4c79c80afa139","homepage":"https://github.com/paketo-buildpacks/watchexec","name":"Paketo Buildpack for Watchexec"},"2.8.7":{"api":"0.7","stacks":[{"id":"io.buildpacks.stacks.bionic"},{"id":"io.paketo.stacks.tiny"},{"id":"*"}],"layerDiffID":"sha256:0c5056a64de25640f4a2b9fde21186b5425007c233a1c402c52dcc96a2e2146d","homepage":"https://github.com/paketo-buildpacks/watchexec","name":"Paketo Buildpack for Watchexec"},"2.9.0":{"api":"0.7","stacks":[{"id":"*"}],"layerDiffID":"sha256:f4f037dc8b971f054a4875d76281d8d7d7367648c91158fed313e5bb4f6b6061","homepage":"https://github.com/paketo-buildpacks/watchexec","name":"Paketo Buildpack for Watchexec"},"3.1.2":{"api":"0.7","stacks":[{"id":"*"}],"targets":[{"os":"linux","arch":"amd64"},{"os":"linux","arch":"arm64"}],"layerDiffID":"sha256:ae6e108d26208fde3a3773c090a7b47197315c51b6b8aa2b08d7ec5cb173477a","homepage":"https://github.com/paketo-buildpacks/watchexec","name":"Paketo Buildpack for Watchexec"},"3.2.0":{"api":"0.7","stacks":[{"id":"*"}],"targets":[{"os":"linux","arch":"amd64"},{"os":"linux","arch":"arm64"}],"layerDiffID":"sha256:082de05043a199e3078659a6bc4c1a71d185dbbfac65c8895a5840b4846fd784","homepage":"https://github.com/paketo-buildpacks/watchexec","name":"Paketo Buildpack for Watchexec"}},"paketo-buildpacks/web-servers":{"0.22.0":{"api":"0.7","order":[{"group":[{"id":"paketo-buildpacks/ca-certificates","version":"3.7.0","optional":true},{"id":"paketo-buildpacks/watchexec","version":"3.1.2","optional":true},{"id":"paketo-buildpacks/node-engine","version":"3.2.2"},{"id":"paketo-buildpacks/yarn","version":"1.3.2"},{"id":"paketo-buildpacks/yarn-install","version":"1.3.2"},{"id":"paketo-buildpacks/node-run-script","version":"1.0.16"},{"id":"paketo-buildpacks/nginx","version":"0.16.0"},{"id":"paketo-buildpacks/procfile","version":"5.8.0","optional":true},{"id":"paketo-buildpacks/environment-variables","version":"4.6.0","optional":true},{"id":"paketo-buildpacks/image-labels","version":"4.6.0","optional":true},{"id":"paketo-buildpacks/source-removal","version":"0.2.1"}]},{"group":[{"id":"paketo-buildpacks/ca-certificates","version":"3.7.0","optional":true},{"id":"paketo-buildpacks/watchexec","version":"3.1.2","optional":true},{"id":"paketo-buildpacks/node-engine","version":"3.2.2"},{"id":"paketo-buildpacks/npm-install","version":"1.4.0"},{"id":"paketo-buildpacks/node-run-script","version":"1.0.16"},{"id":"paketo-buildpacks/nginx","version":"0.16.0"},{"id":"paketo-buildpacks/procfile","version":"5.8.0","optional":true},{"id":"paketo-buildpacks/environment-variables","version":"4.6.0","optional":true},{"id":"paketo-buildpacks/image-labels","version":"4.6.0","optional":true},{"id":"paketo-buildpacks/source-removal","version":"0.2.1"}]},{"group":[{"id":"paketo-buildpacks/ca-certificates","version":"3.7.0","optional":true},{"id":"paketo-buildpacks/watchexec","version":"3.1.2","optional":true},{"id":"paketo-buildpacks/node-engine","version":"3.2.2"},{"id":"paketo-buildpacks/yarn","version":"1.3.2"},{"id":"paketo-buildpacks/yarn-install","version":"1.3.2"},{"id":"paketo-buildpacks/node-run-script","version":"1.0.16"},{"id":"paketo-buildpacks/httpd","version":"0.7.19"},{"id":"paketo-buildpacks/procfile","version":"5.8.0","optional":true},{"id":"paketo-buildpacks/environment-variables","version":"4.6.0","optional":true},{"id":"paketo-buildpacks/image-labels","version":"4.6.0","optional":true},{"id":"paketo-buildpacks/source-removal","version":"0.2.1"}]},{"group":[{"id":"paketo-buildpacks/ca-certificates","version":"3.7.0","optional":true},{"id":"paketo-buildpacks/watchexec","version":"3.1.2","optional":true},{"id":"paketo-buildpacks/node-engine","version":"3.2.2"},{"id":"paketo-buildpacks/npm-install","version":"1.4.0"},{"id":"paketo-buildpacks/node-run-script","version":"1.0.16"},{"id":"paketo-buildpacks/httpd","version":"0.7.19"},{"id":"paketo-buildpacks/procfile","version":"5.8.0","optional":true},{"id":"paketo-buildpacks/environment-variables","version":"4.6.0","optional":true},{"id":"paketo-buildpacks/image-labels","version":"4.6.0","optional":true},{"id":"paketo-buildpacks/source-removal","version":"0.2.1"}]},{"group":[{"id":"paketo-buildpacks/ca-certificates","version":"3.7.0","optional":true},{"id":"paketo-buildpacks/watchexec","version":"3.1.2","optional":true},{"id":"paketo-buildpacks/nginx","version":"0.16.0"},{"id":"paketo-buildpacks/procfile","version":"5.8.0","optional":true},{"id":"paketo-buildpacks/environment-variables","version":"4.6.0","optional":true},{"id":"paketo-buildpacks/image-labels","version":"4.6.0","optional":true},{"id":"paketo-buildpacks/source-removal","version":"0.2.1"}]},{"group":[{"id":"paketo-buildpacks/ca-certificates","version":"3.7.0","optional":true},{"id":"paketo-buildpacks/watchexec","version":"3.1.2","optional":true},{"id":"paketo-buildpacks/httpd","version":"0.7.19"},{"id":"paketo-buildpacks/procfile","version":"5.8.0","optional":true},{"id":"paketo-buildpacks/environment-variables","version":"4.6.0","optional":true},{"id":"paketo-buildpacks/image-labels","version":"4.6.0","optional":true},{"id":"paketo-buildpacks/source-removal","version":"0.2.1"}]}],"layerDiffID":"sha256:285b5cf838d1333e64f21845742fd2f29ebe91f99edd41ac36a6fdc389675651","homepage":"https://github.com/paketo-buildpacks/web-servers","name":"Paketo Buildpack for Web Servers"}},"paketo-buildpacks/yarn":{"1.3.2":{"api":"0.7","stacks":[{"id":"io.buildpacks.stacks.bionic"},{"id":"io.buildpacks.stacks.jammy"},{"id":"*"}],"layerDiffID":"sha256:96fab70b4cab76dd8b3363c848324ae9fb422ba85bf7571705de468155ffa26b","homepage":"https://github.com/paketo-buildpacks/yarn","name":"Paketo Buildpack for Yarn"}},"paketo-buildpacks/yarn-install":{"1.3.2":{"api":"0.7","stacks":[{"id":"*"}],"layerDiffID":"sha256:3d3857be918e614186a24f967ea3cc1b163e25a3cbf11da2c2333a068a5e483e","homepage":"https://github.com/paketo-buildpacks/yarn-install","name":"Paketo Buildpack for Yarn Install"}},"paketo-buildpacks/yarn-start":{"1.2.2":{"api":"0.7","stacks":[{"id":"*"}],"layerDiffID":"sha256:122f59ffb37f51931d73fec03dc2a9b1eff2fbdadf672f15722fccbe544c8e53","homepage":"https://github.com/paketo-buildpacks/yarn-start","name":"Paketo Buildpack for Yarn Start"}}}, io.buildpacks.buildpack.order=[{"group":[{"id":"paketo-buildpacks/ruby","version":"0.45.0"}]},{"group":[{"id":"paketo-buildpacks/dotnet-core","version":"0.45.0"}]},{"group":[{"id":"paketo-buildpacks/go","version":"4.8.0"}]},{"group":[{"id":"paketo-buildpacks/java-native-image","version":"9.5.0"}]},{"group":[{"id":"paketo-buildpacks/java","version":"14.1.0"}]},{"group":[{"id":"paketo-buildpacks/web-servers","version":"0.22.0"}]},{"group":[{"id":"paketo-buildpacks/nodejs","version":"2.2.0"}]},{"group":[{"id":"paketo-buildpacks/python","version":"2.19.0"}]},{"group":[{"id":"paketo-buildpacks/procfile","version":"5.9.0"}]}], io.buildpacks.buildpack.order-extensions=null, io.buildpacks.extension.layers={}, io.buildpacks.stack.description=ubuntu:jammy with compilers and shell utilities, io.buildpacks.stack.distro.name=ubuntu, io.buildpacks.stack.distro.version=22.04, io.buildpacks.stack.homepage=https://github.com/paketo-buildpacks/jammy-base-stack, io.buildpacks.stack.id=io.buildpacks.stacks.jammy, io.buildpacks.stack.maintainer=Paketo Buildpacks, io.buildpacks.stack.metadata={}, io.buildpacks.stack.mixins=null, io.buildpacks.stack.released=2024-05-14T14:29:02Z, org.opencontainers.image.ref.name=ubuntu, org.opencontainers.image.version=22.04}, containers=-1)
21:45:35.396 [Test worker] DEBUG org.testcontainers.images.LocalImagesCache - repoTags is null, skipping image: Image(created=315532801, id=sha256:8a1b11d9ea7b685b14f09cb3041bf1eefc247458c0ef80f20d9d546858ba5f01, parentId=, repoTags=null, repoDigests=[paketobuildpacks/builder-jammy-base@sha256:6d8912bf89e04142738d31a712c5b5d7e3308123357070807919415a67e8e329], size=1449167453, virtualSize=1449167453, sharedSize=-1, labels={io.buildpacks.builder.metadata={"description":"Ubuntu 22.04 Jammy Jellyfish base image with buildpacks for Java, Go, .NET Core, Node.js, Python, Apache HTTPD, NGINX and Procfile","buildpacks":[{"id":"paketo-buildpacks/dotnet-core","name":"Paketo Buildpack for .NET Core","version":"0.45.0","homepage":"https://github.com/paketo-buildpacks/dotnet-core"},{"id":"paketo-buildpacks/ca-certificates","name":"Paketo Buildpack for CA Certificates","version":"3.7.0","homepage":"https://github.com/paketo-buildpacks/ca-certificates"},{"id":"paketo-buildpacks/dotnet-core-aspnet-runtime","name":"Paketo Buildpack for ASP.NET Core Runtime","version":"0.4.7","homepage":"https://github.com/paketo-buildpacks/dotnet-core-aspnet-runtime"},{"id":"paketo-buildpacks/dotnet-core-sdk","name":"Paketo Buildpack for .NET Core SDK","version":"0.14.8","homepage":"https://github.com/paketo-buildpacks/dotnet-core-sdk"},{"id":"paketo-buildpacks/dotnet-execute","name":"Paketo Buildpack for .NET Execute","version":"0.14.31","homepage":"https://github.com/paketo-buildpacks/dotnet-execute"},{"id":"paketo-buildpacks/dotnet-publish","name":"Paketo Buildpack for .NET Publish","version":"0.12.30","homepage":"https://github.com/paketo-buildpacks/dotnet-publish"},{"id":"paketo-buildpacks/environment-variables","name":"Paketo Buildpack for Environment Variables","version":"4.6.0","homepage":"https://github.com/paketo-buildpacks/environment-variables"},{"id":"paketo-buildpacks/icu","name":"Paketo Buildpack for ICU","version":"0.7.9","homepage":"https://github.com/paketo-buildpacks/icu"},{"id":"paketo-buildpacks/image-labels","name":"Paketo Buildpack for Image Labels","version":"4.6.0","homepage":"https://github.com/paketo-buildpacks/image-labels"},{"id":"paketo-buildpacks/node-engine","name":"Paketo Buildpack for Node Engine","version":"3.2.2","homepage":"https://github.com/paketo-buildpacks/node-engine"},{"id":"paketo-buildpacks/procfile","name":"Paketo Buildpack for Procfile","version":"5.7.0","homepage":"https://github.com/paketo-buildpacks/procfile"},{"id":"paketo-buildpacks/vsdbg","name":"Paketo Buildpack for Visual Studio Debugger","version":"0.3.11"},{"id":"paketo-buildpacks/watchexec","name":"Paketo Buildpack for Watchexec","version":"2.10.0","homepage":"https://github.com/paketo-buildpacks/watchexec"},{"id":"paketo-buildpacks/go","name":"Paketo Buildpack for Go","version":"4.8.0","homepage":"https://github.com/paketo-buildpacks/go"},{"id":"paketo-buildpacks/ca-certificates","name":"Paketo Buildpack for CA Certificates","version":"3.6.8","homepage":"https://github.com/paketo-buildpacks/ca-certificates"},{"id":"paketo-buildpacks/environment-variables","name":"Paketo Buildpack for Environment Variables","version":"4.5.7","homepage":"https://github.com/paketo-buildpacks/environment-variables"},{"id":"paketo-buildpacks/git","name":"Paketo Buildpack for Git","version":"1.0.8","homepage":"https://github.com/paketo-buildpacks/git"},{"id":"paketo-buildpacks/go-build","name":"Paketo Buildpack for Go Build","version":"2.2.1","homepage":"https://github.com/paketo-buildpacks/go-build"},{"id":"paketo-buildpacks/go-dist","name":"Paketo Buildpack for Go Distribution","version":"2.5.0","homepage":"https://github.com/paketo-buildpacks/go-dist"},{"id":"paketo-buildpacks/go-mod-vendor","name":"Paketo Buildpack for Go Mod Vendor","version":"1.0.29","homepage":"https://github.com/paketo-buildpacks/go-mod-vendor"},{"id":"paketo-buildpacks/image-labels","name":"Paketo Buildpack for Image Labels","version":"4.5.6","homepage":"https://github.com/paketo-buildpacks/image-labels"},{"id":"paketo-buildpacks/procfile","name":"Paketo Buildpack for Procfile","version":"5.6.9","homepage":"https://github.com/paketo-buildpacks/procfile"},{"id":"paketo-buildpacks/watchexec","name":"Paketo Buildpack for Watchexec","version":"2.9.0","homepage":"https://github.com/paketo-buildpacks/watchexec"},{"id":"paketo-buildpacks/java-native-image","name":"Paketo Buildpack for Java Native Image","version":"9.4.0","homepage":"https://paketo.io/docs/howto/java/#build-an-app-as-a-graalvm-native-image-application"},{"id":"paketo-buildpacks/bellsoft-liberica","name":"Paketo Buildpack for BellSoft Liberica","version":"10.7.2","homepage":"https://github.com/paketo-buildpacks/bellsoft-liberica"},{"id":"paketo-buildpacks/ca-certificates","name":"Paketo Buildpack for CA Certificates","version":"3.7.0","homepage":"https://github.com/paketo-buildpacks/ca-certificates"},{"id":"paketo-buildpacks/datadog","name":"Paketo Buildpack for Datadog","version":"5.12.0","homepage":"https://github.com/paketo-buildpacks/datadog"},{"id":"paketo-buildpacks/environment-variables","name":"Paketo Buildpack for Environment Variables","version":"4.6.0","homepage":"https://github.com/paketo-buildpacks/environment-variables"},{"id":"paketo-buildpacks/executable-jar","name":"Paketo Buildpack for Executable JAR","version":"6.9.0","homepage":"https://github.com/paketo-buildpacks/executable-jar"},{"id":"paketo-buildpacks/gradle","name":"Paketo Buildpack for Gradle","version":"7.10.0","homepage":"https://github.com/paketo-buildpacks/gradle"},{"id":"paketo-buildpacks/image-labels","name":"Paketo Buildpack for Image Labels","version":"4.6.0","homepage":"https://github.com/paketo-buildpacks/image-labels"},{"id":"paketo-buildpacks/leiningen","name":"Paketo Buildpack for Leiningen","version":"4.8.0","homepage":"https://github.com/paketo-buildpacks/leiningen"},{"id":"paketo-buildpacks/maven","name":"Paketo Buildpack for Maven","version":"6.16.0","homepage":"https://github.com/paketo-buildpacks/maven"},{"id":"paketo-buildpacks/native-image","name":"Paketo Buildpack for Native Image","version":"5.13.0","homepage":"https://github.com/paketo-buildpacks/native-image"},{"id":"paketo-buildpacks/procfile","name":"Paketo Buildpack for Procfile","version":"5.8.0","homepage":"https://github.com/paketo-buildpacks/procfile"},{"id":"paketo-buildpacks/sbt","name":"Paketo Buildpack for SBT","version":"6.14.0","homepage":"https://github.com/paketo-buildpacks/sbt"},{"id":"paketo-buildpacks/spring-boot","name":"Paketo Buildpack for Spring Boot","version":"5.29.1","homepage":"https://github.com/paketo-buildpacks/spring-boot"},{"id":"paketo-buildpacks/syft","name":"Paketo Buildpack for Syft","version":"1.46.0","homepage":"https://github.com/paketo-buildpacks/syft"},{"id":"paketo-buildpacks/upx","name":"Paketo Buildpack for UPX","version":"3.5.0","homepage":"https://github.com/paketo-buildpacks/upx"},{"id":"paketo-buildpacks/java","name":"Paketo Buildpack for Java","version":"14.0.0","homepage":"https://paketo.io/docs/howto/java"},{"id":"paketo-buildpacks/apache-tomcat","name":"Paketo Buildpack for Apache Tomcat","version":"8.0.0","homepage":"https://github.com/paketo-buildpacks/apache-tomcat"},{"id":"paketo-buildpacks/apache-tomee","name":"Paketo Buildpack for Apache Tomee","version":"1.9.0","homepage":"https://github.com/paketo-buildpacks/apache-tomee"},{"id":"paketo-buildpacks/azure-application-insights","name":"Paketo Buildpack for Azure Application Insights","version":"5.20.0","homepage":"https://github.com/paketo-buildpacks/azure-application-insights"},{"id":"paketo-buildpacks/bellsoft-liberica","name":"Paketo Buildpack for BellSoft Liberica","version":"10.7.2","homepage":"https://github.com/paketo-buildpacks/bellsoft-liberica"},{"id":"paketo-buildpacks/ca-certificates","name":"Paketo Buildpack for CA Certificates","version":"3.7.0","homepage":"https://github.com/paketo-buildpacks/ca-certificates"},{"id":"paketo-buildpacks/clojure-tools","name":"Paketo Buildpack for Clojure Tools","version":"2.9.1","homepage":"https://github.com/paketo-buildpacks/clojure-tools"},{"id":"paketo-buildpacks/datadog","name":"Paketo Buildpack for Datadog","version":"5.12.0","homepage":"https://github.com/paketo-buildpacks/datadog"},{"id":"paketo-buildpacks/dist-zip","name":"Paketo Buildpack for DistZip","version":"5.7.0","homepage":"https://github.com/paketo-buildpacks/dist-zip"},{"id":"paketo-buildpacks/encrypt-at-rest","name":"Paketo Buildpack for Encrypt-at-Rest","version":"4.6.2","homepage":"https://github.com/paketo-buildpacks/encrypt-at-rest"},{"id":"paketo-buildpacks/environment-variables","name":"Paketo Buildpack for Environment Variables","version":"4.6.0","homepage":"https://github.com/paketo-buildpacks/environment-variables"},{"id":"paketo-buildpacks/executable-jar","name":"Paketo Buildpack for Executable JAR","version":"6.9.0","homepage":"https://github.com/paketo-buildpacks/executable-jar"},{"id":"paketo-buildpacks/google-stackdriver","name":"Paketo Buildpack for Google Stackdriver","version":"9.0.1","homepage":"https://github.com/paketo-buildpacks/google-stackdriver"},{"id":"paketo-buildpacks/gradle","name":"Paketo Buildpack for Gradle","version":"7.10.0","homepage":"https://github.com/paketo-buildpacks/gradle"},{"id":"paketo-buildpacks/image-labels","name":"Paketo Buildpack for Image Labels","version":"4.6.0","homepage":"https://github.com/paketo-buildpacks/image-labels"},{"id":"paketo-buildpacks/jattach","name":"Paketo Buildpack for JAttach","version":"1.7.0","homepage":"https://github.com/paketo-buildpacks/jattach"},{"id":"paketo-buildpacks/java-memory-assistant","name":"Paketo Buildpack for Java Memory Assistant","version":"1.5.0","homepage":"https://github.com/paketo-buildpacks/java-memory-assistant"},{"id":"paketo-buildpacks/leiningen","name":"Paketo Buildpack for Leiningen","version":"4.8.0","homepage":"https://github.com/paketo-buildpacks/leiningen"},{"id":"paketo-buildpacks/liberty","name":"Paketo Buildpack for Liberty","version":"4.1.0","homepage":"https://github.com/paketo-buildpacks/liberty"},{"id":"paketo-buildpacks/maven","name":"Paketo Buildpack for Maven","version":"6.16.0","homepage":"https://github.com/paketo-buildpacks/maven"},{"id":"paketo-buildpacks/node-engine","name":"Paketo Buildpack for Node Engine","version":"3.2.2","homepage":"https://github.com/paketo-buildpacks/node-engine"},{"id":"paketo-buildpacks/procfile","name":"Paketo Buildpack for Procfile","version":"5.8.0","homepage":"https://github.com/paketo-buildpacks/procfile"},{"id":"paketo-buildpacks/sbt","name":"Paketo Buildpack for SBT","version":"6.14.0","homepage":"https://github.com/paketo-buildpacks/sbt"},{"id":"paketo-buildpacks/spring-boot","name":"Paketo Buildpack for Spring Boot","version":"5.29.1","homepage":"https://github.com/paketo-buildpacks/spring-boot"},{"id":"paketo-buildpacks/syft","name":"Paketo Buildpack for Syft","version":"1.46.0","homepage":"https://github.com/paketo-buildpacks/syft"},{"id":"paketo-buildpacks/watchexec","name":"Paketo Buildpack for Watchexec","version":"3.1.2","homepage":"https://github.com/paketo-buildpacks/watchexec"},{"id":"paketo-buildpacks/yarn","name":"Paketo Buildpack for Yarn","version":"1.3.2","homepage":"https://github.com/paketo-buildpacks/yarn"},{"id":"paketo-buildpacks/nodejs","name":"Paketo Buildpack for Node.js","version":"2.2.0","homepage":"https://github.com/paketo-buildpacks/nodejs"},{"id":"paketo-buildpacks/ca-certificates","name":"Paketo Buildpack for CA Certificates","version":"3.6.7","homepage":"https://github.com/paketo-buildpacks/ca-certificates"},{"id":"paketo-buildpacks/datadog","name":"Paketo Buildpack for Datadog","version":"3.6.0","homepage":"https://github.com/paketo-buildpacks/datadog"},{"id":"paketo-buildpacks/environment-variables","name":"Paketo Buildpack for Environment Variables","version":"4.5.6","homepage":"https://github.com/paketo-buildpacks/environment-variables"},{"id":"paketo-buildpacks/image-labels","name":"Paketo Buildpack for Image Labels","version":"4.5.5","homepage":"https://github.com/paketo-buildpacks/image-labels"},{"id":"paketo-buildpacks/node-engine","name":"Paketo Buildpack for Node Engine","version":"3.2.1","homepage":"https://github.com/paketo-buildpacks/node-engine"},{"id":"paketo-buildpacks/node-run-script","name":"Paketo Buildpack for Node Run Script","version":"1.0.16","homepage":"https://github.com/paketo-buildpacks/node-run-script"},{"id":"paketo-buildpacks/node-start","name":"Paketo Buildpack for Node Start","version":"1.1.5","homepage":"https://github.com/paketo-buildpacks/node-start"},{"id":"paketo-buildpacks/npm-install","name":"Paketo Buildpack for NPM Install","version":"1.4.0","homepage":"https://github.com/paketo-buildpacks/npm-install"},{"id":"paketo-buildpacks/npm-start","name":"Paketo Buildpack for NPM Start","version":"1.0.17","homepage":"https://github.com/paketo-buildpacks/npm-start"},{"id":"paketo-buildpacks/procfile","name":"Paketo Buildpack for Procfile","version":"5.6.8","homepage":"https://github.com/paketo-buildpacks/procfile"},{"id":"paketo-buildpacks/watchexec","name":"Paketo Buildpack for Watchexec","version":"2.8.7","homepage":"https://github.com/paketo-buildpacks/watchexec"},{"id":"paketo-buildpacks/yarn","name":"Paketo Buildpack for Yarn","version":"1.3.2","homepage":"https://github.com/paketo-buildpacks/yarn"},{"id":"paketo-buildpacks/yarn-install","name":"Paketo Buildpack for Yarn Install","version":"1.3.2","homepage":"https://github.com/paketo-buildpacks/yarn-install"},{"id":"paketo-buildpacks/yarn-start","name":"Paketo Buildpack for Yarn Start","version":"1.2.2","homepage":"https://github.com/paketo-buildpacks/yarn-start"},{"id":"paketo-buildpacks/procfile","name":"Paketo Buildpack for Procfile","version":"5.8.0","homepage":"https://github.com/paketo-buildpacks/procfile"},{"id":"paketo-buildpacks/python","name":"Paketo Buildpack for Python","version":"2.19.0"},{"id":"paketo-buildpacks/ca-certificates","name":"Paketo Buildpack for CA Certificates","version":"3.7.0","homepage":"https://github.com/paketo-buildpacks/ca-certificates"},{"id":"paketo-buildpacks/conda-env-update","name":"Paketo Buildpack for Conda Env Update","version":"0.7.13","homepage":"https://github.com/paketo-buildpacks/conda-env-update"},{"id":"paketo-buildpacks/cpython","name":"Paketo Buildpack for CPython","version":"1.13.0"},{"id":"paketo-buildpacks/environment-variables","name":"Paketo Buildpack for Environment Variables","version":"4.6.0","homepage":"https://github.com/paketo-buildpacks/environment-variables"},{"id":"paketo-buildpacks/image-labels","name":"Paketo Buildpack for Image Labels","version":"4.6.0","homepage":"https://github.com/paketo-buildpacks/image-labels"},{"id":"paketo-buildpacks/miniconda","name":"Paketo Buildpack for Miniconda","version":"0.10.0"},{"id":"paketo-buildpacks/pip","name":"Paketo Buildpack for Pip","version":"0.20.1"},{"id":"paketo-buildpacks/pip-install","name":"Paketo Buildpack for Pip Install","version":"0.6.1"},{"id":"paketo-buildpacks/pipenv","name":"Paketo Buildpack for Pipenv","version":"1.21.0"},{"id":"paketo-buildpacks/pipenv-install","name":"Paketo Buildpack for Pipenv Install","version":"0.6.19"},{"id":"paketo-buildpacks/poetry","name":"Paketo Buildpack for Poetry","version":"0.9.0"},{"id":"paketo-buildpacks/poetry-install","name":"Paketo Buildpack for Poetry Install","version":"0.3.19"},{"id":"paketo-buildpacks/poetry-run","name":"Paketo Buildpack for Poetry Run","version":"0.4.22"},{"id":"paketo-buildpacks/procfile","name":"Paketo Buildpack for Procfile","version":"5.8.0","homepage":"https://github.com/paketo-buildpacks/procfile"},{"id":"paketo-buildpacks/python-start","name":"Paketo Buildpack for Python Start","version":"0.14.15","homepage":"https://github.com/paketo-buildpacks/python-start"},{"id":"paketo-buildpacks/watchexec","name":"Paketo Buildpack for Watchexec","version":"3.1.2","homepage":"https://github.com/paketo-buildpacks/watchexec"},{"id":"paketo-buildpacks/ruby","name":"Paketo Buildpack for Ruby","version":"0.45.0","homepage":"https://github.com/paketo-buildpacks/ruby"},{"id":"paketo-buildpacks/bundle-install","name":"Paketo Buildpack for Bundle Install","version":"0.8.5","homepage":"https://github.com/paketo-buildpacks/bundle-install"},{"id":"paketo-buildpacks/bundler","name":"Paketo Buildpack for Bundler","version":"0.8.7","homepage":"https://github.com/paketo-buildpacks/bundler"},{"id":"paketo-buildpacks/ca-certificates","name":"Paketo Buildpack for CA Certificates","version":"3.7.0","homepage":"https://github.com/paketo-buildpacks/ca-certificates"},{"id":"paketo-buildpacks/environment-variables","name":"Paketo Buildpack for Environment Variables","version":"4.6.0","homepage":"https://github.com/paketo-buildpacks/environment-variables"},{"id":"paketo-buildpacks/image-labels","name":"Paketo Buildpack for Image Labels","version":"4.6.0","homepage":"https://github.com/paketo-buildpacks/image-labels"},{"id":"paketo-buildpacks/mri","name":"Paketo Buildpack for MRI","version":"0.16.2","homepage":"https://github.com/paketo-buildpacks/mri"},{"id":"paketo-buildpacks/node-engine","name":"Paketo Buildpack for Node Engine","version":"3.2.2","homepage":"https://github.com/paketo-buildpacks/node-engine"},{"id":"paketo-buildpacks/passenger","name":"Paketo Buildpack for Passenger","version":"0.14.2","homepage":"https://github.com/paketo-buildpacks/passenger"},{"id":"paketo-buildpacks/procfile","name":"Paketo Buildpack for Procfile","version":"5.7.0","homepage":"https://github.com/paketo-buildpacks/procfile"},{"id":"paketo-buildpacks/puma","name":"Paketo Buildpack for Puma","version":"0.4.40","homepage":"https://github.com/paketo-buildpacks/puma"},{"id":"paketo-buildpacks/rackup","name":"Paketo Buildpack for Rackup","version":"0.4.39","homepage":"https://github.com/paketo-buildpacks/rackup"},{"id":"paketo-buildpacks/rails-assets","name":"Paketo Buildpack for Rails Assets","version":"0.10.9","homepage":"https://github.com/paketo-buildpacks/rails-assets"},{"id":"paketo-buildpacks/rake","name":"Paketo Buildpack for Rake","version":"0.4.39","homepage":"https://github.com/paketo-buildpacks/rake"},{"id":"paketo-buildpacks/thin","name":"Paketo Buildpack for Thin","version":"0.5.37","homepage":"https://github.com/paketo-buildpacks/thin"},{"id":"paketo-buildpacks/unicorn","name":"Paketo Buildpack for Unicorn","version":"0.4.39","homepage":"https://github.com/paketo-buildpacks/unicorn"},{"id":"paketo-buildpacks/yarn","name":"Paketo Buildpack for Yarn","version":"1.3.2","homepage":"https://github.com/paketo-buildpacks/yarn"},{"id":"paketo-buildpacks/yarn-install","name":"Paketo Buildpack for Yarn Install","version":"1.3.2","homepage":"https://github.com/paketo-buildpacks/yarn-install"},{"id":"paketo-buildpacks/web-servers","name":"Paketo Buildpack for Web Servers","version":"0.22.0","homepage":"https://github.com/paketo-buildpacks/web-servers"},{"id":"paketo-buildpacks/ca-certificates","name":"Paketo Buildpack for CA Certificates","version":"3.7.0","homepage":"https://github.com/paketo-buildpacks/ca-certificates"},{"id":"paketo-buildpacks/environment-variables","name":"Paketo Buildpack for Environment Variables","version":"4.6.0","homepage":"https://github.com/paketo-buildpacks/environment-variables"},{"id":"paketo-buildpacks/httpd","name":"Paketo Buildpack for Apache HTTP Server","version":"0.7.19","homepage":"https://github.com/paketo-buildpacks/httpd"},{"id":"paketo-buildpacks/image-labels","name":"Paketo Buildpack for Image Labels","version":"4.6.0","homepage":"https://github.com/paketo-buildpacks/image-labels"},{"id":"paketo-buildpacks/nginx","name":"Paketo Buildpack for Nginx Server","version":"0.16.0","homepage":"https://github.com/paketo-buildpacks/nginx"},{"id":"paketo-buildpacks/node-engine","name":"Paketo Buildpack for Node Engine","version":"3.2.2","homepage":"https://github.com/paketo-buildpacks/node-engine"},{"id":"paketo-buildpacks/node-run-script","name":"Paketo Buildpack for Node Run Script","version":"1.0.16","homepage":"https://github.com/paketo-buildpacks/node-run-script"},{"id":"paketo-buildpacks/npm-install","name":"Paketo Buildpack for NPM Install","version":"1.4.0","homepage":"https://github.com/paketo-buildpacks/npm-install"},{"id":"paketo-buildpacks/procfile","name":"Paketo Buildpack for Procfile","version":"5.8.0","homepage":"https://github.com/paketo-buildpacks/procfile"},{"id":"paketo-buildpacks/source-removal","name":"Paketo Buildpack for Source Removal","version":"0.2.1"},{"id":"paketo-buildpacks/watchexec","name":"Paketo Buildpack for Watchexec","version":"3.1.2","homepage":"https://github.com/paketo-buildpacks/watchexec"},{"id":"paketo-buildpacks/yarn","name":"Paketo Buildpack for Yarn","version":"1.3.2","homepage":"https://github.com/paketo-buildpacks/yarn"},{"id":"paketo-buildpacks/yarn-install","name":"Paketo Buildpack for Yarn Install","version":"1.3.2","homepage":"https://github.com/paketo-buildpacks/yarn-install"}],"extensions":null,"stack":{"runImage":{"image":"index.docker.io/paketobuildpacks/run-jammy-base:latest","mirrors":[]}},"lifecycle":{"version":"0.19.6","api":{"buildpack":"0.7","platform":"0.7"},"apis":{"buildpack":{"deprecated":[],"supported":["0.7","0.8","0.9","0.10","0.11"]},"platform":{"deprecated":[],"supported":["0.7","0.8","0.9","0.10","0.11","0.12","0.13"]}}},"createdBy":{"name":"Pack CLI","version":"0.33.2+git-f2cffc4.build-5562"},"images":[{"image":"index.docker.io/paketobuildpacks/run-jammy-base:latest","mirrors":[]}]}, io.buildpacks.buildpack.layers={"paketo-buildpacks/apache-tomcat":{"8.0.0":{"api":"0.7","stacks":[{"id":"*"}],"targets":[{"os":"linux","arch":"amd64"},{"os":"linux","arch":"arm64"}],"layerDiffID":"sha256:4cab9d1c7ce1f4d4b2c8412df31b5f9a4584c46c7319cfe2509864ec0b71a1d0","homepage":"https://github.com/paketo-buildpacks/apache-tomcat","name":"Paketo Buildpack for Apache Tomcat"}},"paketo-buildpacks/apache-tomee":{"1.9.0":{"api":"0.7","stacks":[{"id":"*"}],"targets":[{"os":"linux","arch":"amd64"},{"os":"linux","arch":"arm64"}],"layerDiffID":"sha256:b286a8b541b4bec4525d254310a6e4b0e4e1894351c1bdface429aa79c131bb7","homepage":"https://github.com/paketo-buildpacks/apache-tomee","name":"Paketo Buildpack for Apache Tomee"}},"paketo-buildpacks/azure-application-insights":{"5.20.0":{"api":"0.7","stacks":[{"id":"io.buildpacks.stacks.bionic"},{"id":"io.paketo.stacks.tiny"},{"id":"*"}],"targets":[{"os":"linux","arch":"amd64"},{"os":"linux","arch":"arm64"}],"layerDiffID":"sha256:4a4dad707efa9e9484fcd8812e76a36ede2fce254276638d03e6514c4df99a4d","homepage":"https://github.com/paketo-buildpacks/azure-application-insights","name":"Paketo Buildpack for Azure Application Insights"}},"paketo-buildpacks/bellsoft-liberica":{"10.7.2":{"api":"0.7","stacks":[{"id":"*"}],"targets":[{"os":"linux","arch":"amd64"},{"os":"linux","arch":"arm64"}],"layerDiffID":"sha256:c9736f054a5a57608322b2cf6ae1dad2b83a4cdfbd392f7c5d7b36f8aed6bc83","homepage":"https://github.com/paketo-buildpacks/bellsoft-liberica","name":"Paketo Buildpack for BellSoft Liberica"}},"paketo-buildpacks/bundle-install":{"0.8.5":{"api":"0.7","stacks":[{"id":"*"}],"layerDiffID":"sha256:1b3818b4d7d42ac7498fa086549676873b967e54ad5323cf2fd1d533c926ac52","homepage":"https://github.com/paketo-buildpacks/bundle-install","name":"Paketo Buildpack for Bundle Install"}},"paketo-buildpacks/bundler":{"0.8.7":{"api":"0.7","stacks":[{"id":"io.buildpacks.stacks.bionic"},{"id":"io.buildpacks.stacks.jammy"}],"layerDiffID":"sha256:0ea72b8c70ae4754e09632eeef564e55d06e3dbd3ea3d09ca4e484a2f2dc960a","homepage":"https://github.com/paketo-buildpacks/bundler","name":"Paketo Buildpack for Bundler"}},"paketo-buildpacks/ca-certificates":{"3.6.7":{"api":"0.7","stacks":[{"id":"io.buildpacks.stacks.bionic"},{"id":"io.paketo.stacks.tiny"},{"id":"*"}],"layerDiffID":"sha256:09958ee88d9b92eb8cac51041ca0b7e26ea4729d6c21cb4c4b0e73d1a03d97f2","homepage":"https://github.com/paketo-buildpacks/ca-certificates","name":"Paketo Buildpack for CA Certificates"},"3.6.8":{"api":"0.7","stacks":[{"id":"io.buildpacks.stacks.bionic"},{"id":"io.paketo.stacks.tiny"},{"id":"*"}],"layerDiffID":"sha256:9883ab1d7d23d56b1c21dfa542e6ded1632389c1cddaa94028a1a58eb3ecbcae","homepage":"https://github.com/paketo-buildpacks/ca-certificates","name":"Paketo Buildpack for CA Certificates"},"3.7.0":{"api":"0.7","stacks":[{"id":"io.buildpacks.stacks.bionic"},{"id":"io.paketo.stacks.tiny"},{"id":"*"}],"targets":[{"os":"linux","arch":"amd64"},{"os":"linux","arch":"arm64"}],"layerDiffID":"sha256:52f9c2838fa9e8d46d5144689680b27feb1b4befa37df3b11199fa0063a6c19e","homepage":"https://github.com/paketo-buildpacks/ca-certificates","name":"Paketo Buildpack for CA Certificates"}},"paketo-buildpacks/clojure-tools":{"2.9.1":{"api":"0.7","stacks":[{"id":"io.buildpacks.stacks.bionic"},{"id":"io.paketo.stacks.tiny"},{"id":"*"}],"targets":[{"os":"linux","arch":"amd64"},{"os":"linux","arch":"arm64"}],"layerDiffID":"sha256:84b4b50ce601463e1b7f20b703df8a5b1b12c741e9a6276b9953f9f30137ccc6","homepage":"https://github.com/paketo-buildpacks/clojure-tools","name":"Paketo Buildpack for Clojure Tools"}},"paketo-buildpacks/conda-env-update":{"0.7.13":{"api":"0.7","stacks":[{"id":"*"}],"layerDiffID":"sha256:7b49fed5fb63d86c2168fe18f1f723a06eb0fdb00d0ba404942721081c0b1939","homepage":"https://github.com/paketo-buildpacks/conda-env-update","name":"Paketo Buildpack for Conda Env Update"}},"paketo-buildpacks/cpython":{"1.13.0":{"api":"0.7","stacks":[{"id":"*"}],"layerDiffID":"sha256:8fb77a4df53a388c1aae020fcee7881641b1807ff84db67d10e13bd715c6cae8","name":"Paketo Buildpack for CPython"}},"paketo-buildpacks/datadog":{"3.6.0":{"api":"0.7","stacks":[{"id":"io.buildpacks.stacks.bionic"},{"id":"io.paketo.stacks.tiny"},{"id":"*"}],"layerDiffID":"sha256:b351bc73239608a09c7523656594df065fd2a6aacaee90254945d9e3070122ca","homepage":"https://github.com/paketo-buildpacks/datadog","name":"Paketo Buildpack for Datadog"},"5.12.0":{"api":"0.7","stacks":[{"id":"*"}],"targets":[{"os":"linux","arch":"amd64"},{"os":"linux","arch":"arm64"}],"layerDiffID":"sha256:45b8358e727e5edea7f5844659f28bbe13a584634f72e7f9a416ad85fa44c7db","homepage":"https://github.com/paketo-buildpacks/datadog","name":"Paketo Buildpack for Datadog"}},"paketo-buildpacks/dist-zip":{"5.7.0":{"api":"0.7","stacks":[{"id":"*"}],"targets":[{"os":"linux","arch":"amd64"},{"os":"linux","arch":"arm64"}],"layerDiffID":"sha256:446be140203a82dd447cea2e29599c04d16aff321fb3d58f426a1e4c087d1d57","homepage":"https://github.com/paketo-buildpacks/dist-zip","name":"Paketo Buildpack for DistZip"}},"paketo-buildpacks/dotnet-core":{"0.45.0":{"api":"0.8","order":[{"group":[{"id":"paketo-buildpacks/ca-certificates","version":"3.7.0","optional":true},{"id":"paketo-buildpacks/watchexec","version":"2.10.0","optional":true},{"id":"paketo-buildpacks/vsdbg","version":"0.3.11","optional":true},{"id":"paketo-buildpacks/dotnet-core-sdk","version":"0.14.8","optional":true},{"id":"paketo-buildpacks/icu","version":"0.7.9","optional":true},{"id":"paketo-buildpacks/node-engine","version":"3.2.2","optional":true},{"id":"paketo-buildpacks/dotnet-publish","version":"0.12.30","optional":true},{"id":"paketo-buildpacks/dotnet-core-aspnet-runtime","version":"0.4.7","optional":true},{"id":"paketo-buildpacks/dotnet-execute","version":"0.14.31"},{"id":"paketo-buildpacks/procfile","version":"5.7.0","optional":true},{"id":"paketo-buildpacks/environment-variables","version":"4.6.0","optional":true},{"id":"paketo-buildpacks/image-labels","version":"4.6.0","optional":true}]}],"layerDiffID":"sha256:7f08b84becc3295ce31a3faddd7f95f42cbe319791d8b965974a8fa6f852b1cd","homepage":"https://github.com/paketo-buildpacks/dotnet-core","name":"Paketo Buildpack for .NET Core"}},"paketo-buildpacks/dotnet-core-aspnet-runtime":{"0.4.7":{"api":"0.8","stacks":[{"id":"io.buildpacks.stacks.bionic"},{"id":"io.buildpacks.stacks.jammy"}],"layerDiffID":"sha256:1c1b3e4055ba774f976c5405e9b92126170ba34a96f8afe767cd2ffb1e178abe","homepage":"https://github.com/paketo-buildpacks/dotnet-core-aspnet-runtime","name":"Paketo Buildpack for ASP.NET Core Runtime"}},"paketo-buildpacks/dotnet-core-sdk":{"0.14.8":{"api":"0.8","stacks":[{"id":"io.buildpacks.stacks.bionic"},{"id":"io.buildpacks.stacks.jammy"}],"layerDiffID":"sha256:43b1fd0fa5492eb7c3f82bfd1d9231797a246a96058bb20fff9437f27bb260b6","homepage":"https://github.com/paketo-buildpacks/dotnet-core-sdk","name":"Paketo Buildpack for .NET Core SDK"}},"paketo-buildpacks/dotnet-execute":{"0.14.31":{"api":"0.8","stacks":[{"id":"*"}],"layerDiffID":"sha256:cc37b3a27778bf0cda42a5300cfbd4ea8109a2cc15b2f6bca5669c354f2df253","homepage":"https://github.com/paketo-buildpacks/dotnet-execute","name":"Paketo Buildpack for .NET Execute"}},"paketo-buildpacks/dotnet-publish":{"0.12.30":{"api":"0.8","stacks":[{"id":"*"}],"layerDiffID":"sha256:00dea12e28b4f12e27a8cb20e6be3118c05cd77599b82fef70a1e01f1c3aa02b","homepage":"https://github.com/paketo-buildpacks/dotnet-publish","name":"Paketo Buildpack for .NET Publish"}},"paketo-buildpacks/encrypt-at-rest":{"4.6.2":{"api":"0.7","stacks":[{"id":"io.buildpacks.stacks.bionic"},{"id":"io.paketo.stacks.tiny"},{"id":"*"}],"targets":[{"os":"linux","arch":"amd64"},{"os":"linux","arch":"arm64"}],"layerDiffID":"sha256:2d478082eef50bcd5583cd570f6dd984664878b331b375b7ac5c595f759f3119","homepage":"https://github.com/paketo-buildpacks/encrypt-at-rest","name":"Paketo Buildpack for Encrypt-at-Rest"}},"paketo-buildpacks/environment-variables":{"4.5.6":{"api":"0.7","stacks":[{"id":"io.buildpacks.stacks.bionic"},{"id":"io.paketo.stacks.tiny"},{"id":"*"}],"layerDiffID":"sha256:491136e66ebd688914cbba8f67d6e84178245ba87c01f22f762b6ef966cbe718","homepage":"https://github.com/paketo-buildpacks/environment-variables","name":"Paketo Buildpack for Environment Variables"},"4.5.7":{"api":"0.7","stacks":[{"id":"io.buildpacks.stacks.bionic"},{"id":"io.paketo.stacks.tiny"},{"id":"*"}],"layerDiffID":"sha256:dde4ecbaebb8aaafb29801403695c38a02b343a0ae92747380efc75740342a09","homepage":"https://github.com/paketo-buildpacks/environment-variables","name":"Paketo Buildpack for Environment Variables"},"4.6.0":{"api":"0.7","stacks":[{"id":"io.buildpacks.stacks.bionic"},{"id":"io.paketo.stacks.tiny"},{"id":"*"}],"targets":[{"os":"linux","arch":"amd64"},{"os":"linux","arch":"arm64"}],"layerDiffID":"sha256:1385012c7cf1fb090e671ee8d346a886e393383686e5a0932f33a133ef08e853","homepage":"https://github.com/paketo-buildpacks/environment-variables","name":"Paketo Buildpack for Environment Variables"}},"paketo-buildpacks/executable-jar":{"6.9.0":{"api":"0.7","stacks":[{"id":"io.buildpacks.stacks.bionic"},{"id":"io.paketo.stacks.tiny"},{"id":"*"}],"targets":[{"os":"linux","arch":"amd64"},{"os":"linux","arch":"arm64"}],"layerDiffID":"sha256:1b03629d77151a18d69f61faf2d13b78eac17d385327d6501358dcf487850013","homepage":"https://github.com/paketo-buildpacks/executable-jar","name":"Paketo Buildpack for Executable JAR"}},"paketo-buildpacks/git":{"1.0.8":{"api":"0.7","stacks":[{"id":"*"}],"layerDiffID":"sha256:6705b8397b9f7ec22c45b9d2b0138fd2a403e44b278d6cd7840aa2c4fecf3982","homepage":"https://github.com/paketo-buildpacks/git","name":"Paketo Buildpack for Git"}},"paketo-buildpacks/go":{"4.8.0":{"api":"0.7","order":[{"group":[{"id":"paketo-buildpacks/ca-certificates","version":"3.6.8","optional":true},{"id":"paketo-buildpacks/watchexec","version":"2.9.0","optional":true},{"id":"paketo-buildpacks/go-dist","version":"2.5.0"},{"id":"paketo-buildpacks/git","version":"1.0.8","optional":true},{"id":"paketo-buildpacks/go-mod-vendor","version":"1.0.29"},{"id":"paketo-buildpacks/go-build","version":"2.2.1"},{"id":"paketo-buildpacks/procfile","version":"5.6.9","optional":true},{"id":"paketo-buildpacks/environment-variables","version":"4.5.7","optional":true},{"id":"paketo-buildpacks/image-labels","version":"4.5.6","optional":true}]},{"group":[{"id":"paketo-buildpacks/ca-certificates","version":"3.6.8","optional":true},{"id":"paketo-buildpacks/watchexec","version":"2.9.0","optional":true},{"id":"paketo-buildpacks/go-dist","version":"2.5.0"},{"id":"paketo-buildpacks/git","version":"1.0.8","optional":true},{"id":"paketo-buildpacks/go-build","version":"2.2.1"},{"id":"paketo-buildpacks/procfile","version":"5.6.9","optional":true},{"id":"paketo-buildpacks/environment-variables","version":"4.5.7","optional":true},{"id":"paketo-buildpacks/image-labels","version":"4.5.6","optional":true}]}],"layerDiffID":"sha256:2ec8f81c22571d87e08661397d7730512dbdf07633600737670c6e7c11f570eb","homepage":"https://github.com/paketo-buildpacks/go","name":"Paketo Buildpack for Go"}},"paketo-buildpacks/go-build":{"2.2.1":{"api":"0.7","stacks":[{"id":"*"}],"layerDiffID":"sha256:3a0f933f9674883fd4084f87b80a80c05a6f6b3511d3228e691f2599f739e739","homepage":"https://github.com/paketo-buildpacks/go-build","name":"Paketo Buildpack for Go Build"}},"paketo-buildpacks/go-dist":{"2.5.0":{"api":"0.7","stacks":[{"id":"*"}],"layerDiffID":"sha256:a94c29266296206148cd3848a14ab0f4bcca92ce87d4777b4072ce9cfb2d3ba8","homepage":"https://github.com/paketo-buildpacks/go-dist","name":"Paketo Buildpack for Go Distribution"}},"paketo-buildpacks/go-mod-vendor":{"1.0.29":{"api":"0.7","stacks":[{"id":"*"}],"layerDiffID":"sha256:4c32f7998f4ec07ea0155fc67dc3f53ce9365480455e133da7a5574b2d183148","homepage":"https://github.com/paketo-buildpacks/go-mod-vendor","name":"Paketo Buildpack for Go Mod Vendor"}},"paketo-buildpacks/google-stackdriver":{"9.0.1":{"api":"0.7","stacks":[{"id":"*"}],"layerDiffID":"sha256:59ae16a09bdd70ab8788374fe6c7ba931b62c1898f1c1e0d3cb0313adeb0f567","homepage":"https://github.com/paketo-buildpacks/google-stackdriver","name":"Paketo Buildpack for Google Stackdriver"}},"paketo-buildpacks/gradle":{"7.10.0":{"api":"0.7","stacks":[{"id":"io.buildpacks.stacks.bionic"},{"id":"io.paketo.stacks.tiny"},{"id":"*"}],"targets":[{"os":"linux","arch":"amd64"},{"os":"linux","arch":"arm64"}],"layerDiffID":"sha256:afbcb57bb062d3511551228e1ce5ede79559a52792afded26f2c3ebe7ee9948a","homepage":"https://github.com/paketo-buildpacks/gradle","name":"Paketo Buildpack for Gradle"}},"paketo-buildpacks/httpd":{"0.7.19":{"api":"0.7","stacks":[{"id":"io.buildpacks.stacks.bionic"},{"id":"io.buildpacks.stacks.jammy"}],"layerDiffID":"sha256:cad5cb4e12946caf76bce22db7870a697ee23db85b910f36b1b26b2f39086709","homepage":"https://github.com/paketo-buildpacks/httpd","name":"Paketo Buildpack for Apache HTTP Server"}},"paketo-buildpacks/icu":{"0.7.9":{"api":"0.8","stacks":[{"id":"io.buildpacks.stacks.bionic"},{"id":"io.buildpacks.stacks.jammy"}],"layerDiffID":"sha256:3119c847f6e1318b4121a9a1251639b424ea6482862ebd07d249cfe7330a42cd","homepage":"https://github.com/paketo-buildpacks/icu","name":"Paketo Buildpack for ICU"}},"paketo-buildpacks/image-labels":{"4.5.5":{"api":"0.7","stacks":[{"id":"io.buildpacks.stacks.bionic"},{"id":"io.paketo.stacks.tiny"},{"id":"*"}],"layerDiffID":"sha256:8c583593b549c46a53a13afe8c4a01200970cbcb8ee35526697d079232570456","homepage":"https://github.com/paketo-buildpacks/image-labels","name":"Paketo Buildpack for Image Labels"},"4.5.6":{"api":"0.7","stacks":[{"id":"io.buildpacks.stacks.bionic"},{"id":"io.paketo.stacks.tiny"},{"id":"*"}],"layerDiffID":"sha256:7d19ab799120b2dc9b62d128ddd055d1125fe33ba18ca84ad78ace6c5694afd3","homepage":"https://github.com/paketo-buildpacks/image-labels","name":"Paketo Buildpack for Image Labels"},"4.6.0":{"api":"0.7","stacks":[{"id":"io.buildpacks.stacks.bionic"},{"id":"io.paketo.stacks.tiny"},{"id":"*"}],"targets":[{"os":"linux","arch":"amd64"},{"os":"linux","arch":"arm64"}],"layerDiffID":"sha256:fcd6c320b55e00d201cd4bf8e4153fe07ebc6c252c560d77cea4ab707204cfc4","homepage":"https://github.com/paketo-buildpacks/image-labels","name":"Paketo Buildpack for Image Labels"}},"paketo-buildpacks/jattach":{"1.7.0":{"api":"0.7","stacks":[{"id":"*"}],"targets":[{"os":"linux","arch":"amd64"},{"os":"linux","arch":"arm64"}],"layerDiffID":"sha256:e82c654f2aa182b01e6b44d5b835d3ed7fcff6ac72eaf38a0c85cbfa0d3bb254","homepage":"https://github.com/paketo-buildpacks/jattach","name":"Paketo Buildpack for JAttach"}},"paketo-buildpacks/java":{"14.0.0":{"api":"0.7","order":[{"group":[{"id":"paketo-buildpacks/ca-certificates","version":"3.7.0","optional":true},{"id":"paketo-buildpacks/bellsoft-liberica","version":"10.7.2"},{"id":"paketo-buildpacks/yarn","version":"1.3.2","optional":true},{"id":"paketo-buildpacks/node-engine","version":"3.2.2","optional":true},{"id":"paketo-buildpacks/syft","version":"1.46.0","optional":true},{"id":"paketo-buildpacks/leiningen","version":"4.8.0","optional":true},{"id":"paketo-buildpacks/clojure-tools","version":"2.9.1","optional":true},{"id":"paketo-buildpacks/gradle","version":"7.10.0","optional":true},{"id":"paketo-buildpacks/maven","version":"6.16.0","optional":true},{"id":"paketo-buildpacks/sbt","version":"6.14.0","optional":true},{"id":"paketo-buildpacks/watchexec","version":"3.1.2","optional":true},{"id":"paketo-buildpacks/executable-jar","version":"6.9.0","optional":true},{"id":"paketo-buildpacks/apache-tomcat","version":"8.0.0","optional":true},{"id":"paketo-buildpacks/apache-tomee","version":"1.9.0","optional":true},{"id":"paketo-buildpacks/liberty","version":"4.1.0","optional":true},{"id":"paketo-buildpacks/dist-zip","version":"5.7.0","optional":true},{"id":"paketo-buildpacks/spring-boot","version":"5.29.1","optional":true},{"id":"paketo-buildpacks/procfile","version":"5.8.0","optional":true},{"id":"paketo-buildpacks/jattach","version":"1.7.0","optional":true},{"id":"paketo-buildpacks/azure-application-insights","version":"5.20.0","optional":true},{"id":"paketo-buildpacks/google-stackdriver","version":"9.0.1","optional":true},{"id":"paketo-buildpacks/datadog","version":"5.12.0","optional":true},{"id":"paketo-buildpacks/java-memory-assistant","version":"1.5.0","optional":true},{"id":"paketo-buildpacks/encrypt-at-rest","version":"4.6.2","optional":true},{"id":"paketo-buildpacks/environment-variables","version":"4.6.0","optional":true},{"id":"paketo-buildpacks/image-labels","version":"4.6.0","optional":true}]}],"layerDiffID":"sha256:430fb4d753dcfde77b8542ec27725d332802e46754285902b2826ed1e975a25e","homepage":"https://paketo.io/docs/howto/java","name":"Paketo Buildpack for Java"}},"paketo-buildpacks/java-memory-assistant":{"1.5.0":{"api":"0.7","stacks":[{"id":"io.buildpacks.stacks.bionic"},{"id":"io.paketo.stacks.tiny"},{"id":"*"}],"targets":[{"os":"linux","arch":"amd64"},{"os":"linux","arch":"arm64"}],"layerDiffID":"sha256:f45e41127a87cc783d62fec508fbe34769e42d16cc9be9da673d1dcf917cfe5e","homepage":"https://github.com/paketo-buildpacks/java-memory-assistant","name":"Paketo Buildpack for Java Memory Assistant"}},"paketo-buildpacks/java-native-image":{"9.4.0":{"api":"0.7","order":[{"group":[{"id":"paketo-buildpacks/ca-certificates","version":"3.7.0","optional":true},{"id":"paketo-buildpacks/upx","version":"3.5.0","optional":true},{"id":"paketo-buildpacks/bellsoft-liberica","version":"10.7.2"},{"id":"paketo-buildpacks/syft","version":"1.46.0","optional":true},{"id":"paketo-buildpacks/leiningen","version":"4.8.0","optional":true},{"id":"paketo-buildpacks/gradle","version":"7.10.0","optional":true},{"id":"paketo-buildpacks/maven","version":"6.16.0","optional":true},{"id":"paketo-buildpacks/sbt","version":"6.14.0","optional":true},{"id":"paketo-buildpacks/executable-jar","version":"6.9.0","optional":true},{"id":"paketo-buildpacks/spring-boot","version":"5.29.1","optional":true},{"id":"paketo-buildpacks/datadog","version":"5.12.0","optional":true},{"id":"paketo-buildpacks/native-image","version":"5.13.0"},{"id":"paketo-buildpacks/procfile","version":"5.8.0","optional":true},{"id":"paketo-buildpacks/environment-variables","version":"4.6.0","optional":true},{"id":"paketo-buildpacks/image-labels","version":"4.6.0","optional":true}]}],"layerDiffID":"sha256:fcb281eb9259d4e1cf387e6392ecd601dd336c8259d84f8e8338ef4993135e19","homepage":"https://paketo.io/docs/howto/java/#build-an-app-as-a-graalvm-native-image-application","name":"Paketo Buildpack for Java Native Image"}},"paketo-buildpacks/leiningen":{"4.8.0":{"api":"0.7","stacks":[{"id":"io.buildpacks.stacks.bionic"},{"id":"io.paketo.stacks.tiny"},{"id":"*"}],"targets":[{"os":"linux","arch":"amd64"},{"os":"linux","arch":"arm64"}],"layerDiffID":"sha256:c7dea58653c2a567e30a69b6bd342ab6ddd7a26f5631a47f5bcccc809d7d083b","homepage":"https://github.com/paketo-buildpacks/leiningen","name":"Paketo Buildpack for Leiningen"}},"paketo-buildpacks/liberty":{"4.1.0":{"api":"0.7","stacks":[{"id":"*"}],"targets":[{"os":"linux","arch":"amd64"},{"os":"linux","arch":"arm64"}],"layerDiffID":"sha256:1e7b4eb94898bf221ef20cad3884c8fb70f0644fed48f947a3671864e3d5881b","homepage":"https://github.com/paketo-buildpacks/liberty","name":"Paketo Buildpack for Liberty"}},"paketo-buildpacks/maven":{"6.16.0":{"api":"0.7","stacks":[{"id":"io.buildpacks.stacks.bionic"},{"id":"io.paketo.stacks.tiny"},{"id":"*"}],"targets":[{"os":"linux","arch":"amd64"},{"os":"linux","arch":"arm64"}],"layerDiffID":"sha256:791bb6dcc5182552d6c0caa319548e66173daa978893096958d0c8c301303c9f","homepage":"https://github.com/paketo-buildpacks/maven","name":"Paketo Buildpack for Maven"}},"paketo-buildpacks/miniconda":{"0.10.0":{"api":"0.7","stacks":[{"id":"*"}],"layerDiffID":"sha256:d6561e9fc7a14071bb957d4a474118022a93f04311ed102caca2c596bd6bce54","name":"Paketo Buildpack for Miniconda"}},"paketo-buildpacks/mri":{"0.16.2":{"api":"0.7","stacks":[{"id":"io.buildpacks.stacks.bionic"},{"id":"io.buildpacks.stacks.jammy"}],"layerDiffID":"sha256:8ddf87bd3b2ae8393e28b61017c0263e4538641f5cc8af5bd2a8deaf6d693ce0","homepage":"https://github.com/paketo-buildpacks/mri","name":"Paketo Buildpack for MRI"}},"paketo-buildpacks/native-image":{"5.13.0":{"api":"0.7","stacks":[{"id":"*"}],"targets":[{"os":"linux","arch":"amd64"},{"os":"linux","arch":"arm64"}],"layerDiffID":"sha256:dd9f399802ebaf861bb62f83f184c7fbffd2ace861dadd687a36df1a85eaed0c","homepage":"https://github.com/paketo-buildpacks/native-image","name":"Paketo Buildpack for Native Image"}},"paketo-buildpacks/nginx":{"0.16.0":{"api":"0.7","stacks":[{"id":"io.buildpacks.stacks.bionic"},{"id":"io.buildpacks.stacks.jammy"}],"layerDiffID":"sha256:3ce9fa59847df2bfc4cfaab79af96d4450f31aaf4cc5cae549237159aea2a9f5","homepage":"https://github.com/paketo-buildpacks/nginx","name":"Paketo Buildpack for Nginx Server"}},"paketo-buildpacks/node-engine":{"3.2.1":{"api":"0.7","stacks":[{"id":"io.buildpacks.stacks.bionic"},{"id":"io.buildpacks.stacks.jammy"},{"id":"*"}],"layerDiffID":"sha256:0a7e04dd7287249042afb9800ec74d387d84b3a545db352198583edc9382d746","homepage":"https://github.com/paketo-buildpacks/node-engine","name":"Paketo Buildpack for Node Engine"},"3.2.2":{"api":"0.7","stacks":[{"id":"io.buildpacks.stacks.bionic"},{"id":"io.buildpacks.stacks.jammy"},{"id":"*"}],"layerDiffID":"sha256:cee93558ce3631d46031f5de6a8b228b1291a57e2da1d258b4b32340e280ba52","homepage":"https://github.com/paketo-buildpacks/node-engine","name":"Paketo Buildpack for Node Engine"}},"paketo-buildpacks/node-run-script":{"1.0.16":{"api":"0.7","stacks":[{"id":"*"}],"layerDiffID":"sha256:d1c48ce101423e074aef2cf36e2c9e11659a8e6c5213e5b8807818d1a9e4d75b","homepage":"https://github.com/paketo-buildpacks/node-run-script","name":"Paketo Buildpack for Node Run Script"}},"paketo-buildpacks/node-start":{"1.1.5":{"api":"0.7","stacks":[{"id":"*"}],"layerDiffID":"sha256:883c245db5248900d88b37f452396711ed3eef7a3e29cb2f51ced296baf04f61","homepage":"https://github.com/paketo-buildpacks/node-start","name":"Paketo Buildpack for Node Start"}},"paketo-buildpacks/nodejs":{"2.2.0":{"api":"0.7","order":[{"group":[{"id":"paketo-buildpacks/ca-certificates","version":"3.6.7","optional":true},{"id":"paketo-buildpacks/watchexec","version":"2.8.7","optional":true},{"id":"paketo-buildpacks/node-engine","version":"3.2.1"},{"id":"paketo-buildpacks/yarn","version":"1.3.2"},{"id":"paketo-buildpacks/yarn-install","version":"1.3.2"},{"id":"paketo-buildpacks/node-run-script","version":"1.0.16","optional":true},{"id":"paketo-buildpacks/node-start","version":"1.1.5","optional":true},{"id":"paketo-buildpacks/yarn-start","version":"1.2.2","optional":true},{"id":"paketo-buildpacks/procfile","version":"5.6.8","optional":true},{"id":"paketo-buildpacks/datadog","version":"3.6.0","optional":true},{"id":"paketo-buildpacks/environment-variables","version":"4.5.6","optional":true},{"id":"paketo-buildpacks/image-labels","version":"4.5.5","optional":true}]},{"group":[{"id":"paketo-buildpacks/ca-certificates","version":"3.6.7","optional":true},{"id":"paketo-buildpacks/watchexec","version":"2.8.7","optional":true},{"id":"paketo-buildpacks/node-engine","version":"3.2.1"},{"id":"paketo-buildpacks/npm-install","version":"1.4.0"},{"id":"paketo-buildpacks/node-run-script","version":"1.0.16","optional":true},{"id":"paketo-buildpacks/node-start","version":"1.1.5","optional":true},{"id":"paketo-buildpacks/npm-start","version":"1.0.17","optional":true},{"id":"paketo-buildpacks/procfile","version":"5.6.8","optional":true},{"id":"paketo-buildpacks/datadog","version":"3.6.0","optional":true},{"id":"paketo-buildpacks/environment-variables","version":"4.5.6","optional":true},{"id":"paketo-buildpacks/image-labels","version":"4.5.5","optional":true}]},{"group":[{"id":"paketo-buildpacks/ca-certificates","version":"3.6.7","optional":true},{"id":"paketo-buildpacks/watchexec","version":"2.8.7","optional":true},{"id":"paketo-buildpacks/node-engine","version":"3.2.1"},{"id":"paketo-buildpacks/node-start","version":"1.1.5"},{"id":"paketo-buildpacks/procfile","version":"5.6.8","optional":true},{"id":"paketo-buildpacks/datadog","version":"3.6.0","optional":true},{"id":"paketo-buildpacks/environment-variables","version":"4.5.6","optional":true},{"id":"paketo-buildpacks/image-labels","version":"4.5.5","optional":true}]}],"layerDiffID":"sha256:ccd1532a8ffaf1fd3bc324e3a28c11b103e849b948b6a2b256fc95072afbaaaa","homepage":"https://github.com/paketo-buildpacks/nodejs","name":"Paketo Buildpack for Node.js"}},"paketo-buildpacks/npm-install":{"1.4.0":{"api":"0.7","stacks":[{"id":"*"}],"layerDiffID":"sha256:e569e1a58ac29627361bf91bcd623b082d08a628d055407dc0d4830495c6f258","homepage":"https://github.com/paketo-buildpacks/npm-install","name":"Paketo Buildpack for NPM Install"}},"paketo-buildpacks/npm-start":{"1.0.17":{"api":"0.7","stacks":[{"id":"*"}],"layerDiffID":"sha256:6b30f1406258da7040bbf59d9845a29a700c80e71ba96902efda85f6ee2b9bdc","homepage":"https://github.com/paketo-buildpacks/npm-start","name":"Paketo Buildpack for NPM Start"}},"paketo-buildpacks/passenger":{"0.14.2":{"api":"0.7","stacks":[{"id":"io.buildpacks.stacks.bionic"},{"id":"io.buildpacks.stacks.jammy"}],"layerDiffID":"sha256:93c22cdbfd877102c38f43afae9ea2009f889e12eda500c61a8f5d6d5b73bef2","homepage":"https://github.com/paketo-buildpacks/passenger","name":"Paketo Buildpack for Passenger"}},"paketo-buildpacks/pip":{"0.20.1":{"api":"0.7","stacks":[{"id":"*"}],"layerDiffID":"sha256:a6dcaca7d3cf2aeadd5b497435e6d3ea25e3ae961c2849a95dbcd16254421194","name":"Paketo Buildpack for Pip"}},"paketo-buildpacks/pip-install":{"0.6.1":{"api":"0.7","stacks":[{"id":"*"}],"layerDiffID":"sha256:6cdacb684be60886cb3d94b41680f8f6de5c6d4027ba39bef383753207dcf29b","name":"Paketo Buildpack for Pip Install"}},"paketo-buildpacks/pipenv":{"1.21.0":{"api":"0.7","stacks":[{"id":"*"}],"layerDiffID":"sha256:966f7325a77def4f75e22f92db2a19fc9db10e8cb046a5fe55e739c68e5f0c64","name":"Paketo Buildpack for Pipenv"}},"paketo-buildpacks/pipenv-install":{"0.6.19":{"api":"0.7","stacks":[{"id":"*"}],"layerDiffID":"sha256:de3ac31a5c8420983a6044708b47bdb6e172899400b6d70a3f3b63354a70f489","name":"Paketo Buildpack for Pipenv Install"}},"paketo-buildpacks/poetry":{"0.9.0":{"api":"0.7","stacks":[{"id":"*"}],"layerDiffID":"sha256:e05e1aaab036cc724ff9dd1d42a978762824e90cd55b258f941c623b134a0c1d","name":"Paketo Buildpack for Poetry"}},"paketo-buildpacks/poetry-install":{"0.3.19":{"api":"0.7","stacks":[{"id":"*"}],"layerDiffID":"sha256:5a7829fef35187712b99a488b10d7c14203bac804b3a1dcf8f3ff803e5dfa4b9","name":"Paketo Buildpack for Poetry Install"}},"paketo-buildpacks/poetry-run":{"0.4.22":{"api":"0.8","stacks":[{"id":"*"}],"layerDiffID":"sha256:a549b9568af3af9bc69d1366a3b45bdc0ced7e8f0ec7c9466824eb0952aff77c","name":"Paketo Buildpack for Poetry Run"}},"paketo-buildpacks/procfile":{"5.6.8":{"api":"0.7","stacks":[{"id":"*"}],"layerDiffID":"sha256:7ed29173481c523f069fd9d4ca8a168733a161a2c45660423afb1bd9ada3545a","homepage":"https://github.com/paketo-buildpacks/procfile","name":"Paketo Buildpack for Procfile"},"5.6.9":{"api":"0.7","stacks":[{"id":"*"}],"layerDiffID":"sha256:dc56a8f75d233007cccc9774f825a4aedd718c97355ac2b6ef048ca1847ea50e","homepage":"https://github.com/paketo-buildpacks/procfile","name":"Paketo Buildpack for Procfile"},"5.7.0":{"api":"0.7","stacks":[{"id":"*"}],"targets":[{"os":"linux","arch":"amd64"},{"os":"linux","arch":"arm64"}],"layerDiffID":"sha256:fb764ecebedaa2fd61788e51b87dda3475b5abe44e855838d44976e96b0ef629","homepage":"https://github.com/paketo-buildpacks/procfile","name":"Paketo Buildpack for Procfile"},"5.8.0":{"api":"0.7","stacks":[{"id":"*"}],"targets":[{"os":"linux","arch":"amd64"},{"os":"linux","arch":"arm64"}],"layerDiffID":"sha256:29902f3e5d0042912c7688d9c78ea8789068cdc3f8da5a5bfad2395d575a0225","homepage":"https://github.com/paketo-buildpacks/procfile","name":"Paketo Buildpack for Procfile"}},"paketo-buildpacks/puma":{"0.4.40":{"api":"0.7","stacks":[{"id":"*"}],"layerDiffID":"sha256:cc18628c6e37f73ae7aeac97dd8573731ce599df02a099e34781b0cbabd1b7ae","homepage":"https://github.com/paketo-buildpacks/puma","name":"Paketo Buildpack for Puma"}},"paketo-buildpacks/python":{"2.19.0":{"api":"0.8","order":[{"group":[{"id":"paketo-buildpacks/ca-certificates","version":"3.7.0","optional":true},{"id":"paketo-buildpacks/watchexec","version":"3.1.2","optional":true},{"id":"paketo-buildpacks/cpython","version":"1.13.0"},{"id":"paketo-buildpacks/pip","version":"0.20.1"},{"id":"paketo-buildpacks/pipenv","version":"1.21.0"},{"id":"paketo-buildpacks/pipenv-install","version":"0.6.19"},{"id":"paketo-buildpacks/python-start","version":"0.14.15"},{"id":"paketo-buildpacks/procfile","version":"5.8.0","optional":true},{"id":"paketo-buildpacks/environment-variables","version":"4.6.0","optional":true},{"id":"paketo-buildpacks/image-labels","version":"4.6.0","optional":true}]},{"group":[{"id":"paketo-buildpacks/ca-certificates","version":"3.7.0","optional":true},{"id":"paketo-buildpacks/watchexec","version":"3.1.2","optional":true},{"id":"paketo-buildpacks/cpython","version":"1.13.0"},{"id":"paketo-buildpacks/pip","version":"0.20.1"},{"id":"paketo-buildpacks/pip-install","version":"0.6.1"},{"id":"paketo-buildpacks/python-start","version":"0.14.15"},{"id":"paketo-buildpacks/procfile","version":"5.8.0","optional":true},{"id":"paketo-buildpacks/environment-variables","version":"4.6.0","optional":true},{"id":"paketo-buildpacks/image-labels","version":"4.6.0","optional":true}]},{"group":[{"id":"paketo-buildpacks/ca-certificates","version":"3.7.0","optional":true},{"id":"paketo-buildpacks/watchexec","version":"3.1.2","optional":true},{"id":"paketo-buildpacks/miniconda","version":"0.10.0"},{"id":"paketo-buildpacks/conda-env-update","version":"0.7.13"},{"id":"paketo-buildpacks/python-start","version":"0.14.15"},{"id":"paketo-buildpacks/procfile","version":"5.8.0","optional":true},{"id":"paketo-buildpacks/environment-variables","version":"4.6.0","optional":true},{"id":"paketo-buildpacks/image-labels","version":"4.6.0","optional":true}]},{"group":[{"id":"paketo-buildpacks/ca-certificates","version":"3.7.0","optional":true},{"id":"paketo-buildpacks/watchexec","version":"3.1.2","optional":true},{"id":"paketo-buildpacks/cpython","version":"1.13.0"},{"id":"paketo-buildpacks/pip","version":"0.20.1"},{"id":"paketo-buildpacks/poetry","version":"0.9.0"},{"id":"paketo-buildpacks/poetry-install","version":"0.3.19"},{"id":"paketo-buildpacks/poetry-run","version":"0.4.22"},{"id":"paketo-buildpacks/procfile","version":"5.8.0","optional":true},{"id":"paketo-buildpacks/environment-variables","version":"4.6.0","optional":true},{"id":"paketo-buildpacks/image-labels","version":"4.6.0","optional":true}]},{"group":[{"id":"paketo-buildpacks/ca-certificates","version":"3.7.0","optional":true},{"id":"paketo-buildpacks/watchexec","version":"3.1.2","optional":true},{"id":"paketo-buildpacks/cpython","version":"1.13.0"},{"id":"paketo-buildpacks/pip","version":"0.20.1"},{"id":"paketo-buildpacks/poetry","version":"0.9.0"},{"id":"paketo-buildpacks/poetry-install","version":"0.3.19"},{"id":"paketo-buildpacks/python-start","version":"0.14.15"},{"id":"paketo-buildpacks/procfile","version":"5.8.0","optional":true},{"id":"paketo-buildpacks/environment-variables","version":"4.6.0","optional":true},{"id":"paketo-buildpacks/image-labels","version":"4.6.0","optional":true}]},{"group":[{"id":"paketo-buildpacks/ca-certificates","version":"3.7.0","optional":true},{"id":"paketo-buildpacks/watchexec","version":"3.1.2","optional":true},{"id":"paketo-buildpacks/cpython","version":"1.13.0"},{"id":"paketo-buildpacks/python-start","version":"0.14.15"},{"id":"paketo-buildpacks/procfile","version":"5.8.0","optional":true},{"id":"paketo-buildpacks/environment-variables","version":"4.6.0","optional":true},{"id":"paketo-buildpacks/image-labels","version":"4.6.0","optional":true}]}],"layerDiffID":"sha256:80ada522d0b5a8e2bc6b95639dda4888c8265b27a082666ad0b34255d2f77c16","name":"Paketo Buildpack for Python"}},"paketo-buildpacks/python-start":{"0.14.15":{"api":"0.8","stacks":[{"id":"*"}],"layerDiffID":"sha256:fa27d532466a9b49c9d9f23c2c6449a5378407bc93a6891e1b646f5c7e26708d","homepage":"https://github.com/paketo-buildpacks/python-start","name":"Paketo Buildpack for Python Start"}},"paketo-buildpacks/rackup":{"0.4.39":{"api":"0.7","stacks":[{"id":"*"}],"layerDiffID":"sha256:04b5878590658efce092cc91731f5e57984d09b01e82e6fc6dea4845defc2caa","homepage":"https://github.com/paketo-buildpacks/rackup","name":"Paketo Buildpack for Rackup"}},"paketo-buildpacks/rails-assets":{"0.10.9":{"api":"0.7","stacks":[{"id":"*"}],"layerDiffID":"sha256:b0754609ae7c947dd9123e85ff14888f68d927ca7a2440603042a61e3672bbd7","homepage":"https://github.com/paketo-buildpacks/rails-assets","name":"Paketo Buildpack for Rails Assets"}},"paketo-buildpacks/rake":{"0.4.39":{"api":"0.7","stacks":[{"id":"*"}],"layerDiffID":"sha256:1ba1162c859636cc20c26205c153f43d87bf71141438a8997987b31b2c77ab85","homepage":"https://github.com/paketo-buildpacks/rake","name":"Paketo Buildpack for Rake"}},"paketo-buildpacks/ruby":{"0.45.0":{"api":"0.7","order":[{"group":[{"id":"paketo-buildpacks/ca-certificates","version":"3.7.0","optional":true},{"id":"paketo-buildpacks/mri","version":"0.16.2"},{"id":"paketo-buildpacks/bundler","version":"0.8.7"},{"id":"paketo-buildpacks/bundle-install","version":"0.8.5"},{"id":"paketo-buildpacks/node-engine","version":"3.2.2","optional":true},{"id":"paketo-buildpacks/yarn","version":"1.3.2","optional":true},{"id":"paketo-buildpacks/yarn-install","version":"1.3.2","optional":true},{"id":"paketo-buildpacks/rails-assets","version":"0.10.9","optional":true},{"id":"paketo-buildpacks/puma","version":"0.4.40"},{"id":"paketo-buildpacks/procfile","version":"5.7.0","optional":true},{"id":"paketo-buildpacks/environment-variables","version":"4.6.0","optional":true},{"id":"paketo-buildpacks/image-labels","version":"4.6.0","optional":true}]},{"group":[{"id":"paketo-buildpacks/ca-certificates","version":"3.7.0","optional":true},{"id":"paketo-buildpacks/mri","version":"0.16.2"},{"id":"paketo-buildpacks/bundler","version":"0.8.7"},{"id":"paketo-buildpacks/bundle-install","version":"0.8.5"},{"id":"paketo-buildpacks/node-engine","version":"3.2.2","optional":true},{"id":"paketo-buildpacks/yarn","version":"1.3.2","optional":true},{"id":"paketo-buildpacks/yarn-install","version":"1.3.2","optional":true},{"id":"paketo-buildpacks/rails-assets","version":"0.10.9","optional":true},{"id":"paketo-buildpacks/thin","version":"0.5.37"},{"id":"paketo-buildpacks/procfile","version":"5.7.0","optional":true},{"id":"paketo-buildpacks/environment-variables","version":"4.6.0","optional":true},{"id":"paketo-buildpacks/image-labels","version":"4.6.0","optional":true}]},{"group":[{"id":"paketo-buildpacks/ca-certificates","version":"3.7.0","optional":true},{"id":"paketo-buildpacks/mri","version":"0.16.2"},{"id":"paketo-buildpacks/bundler","version":"0.8.7"},{"id":"paketo-buildpacks/bundle-install","version":"0.8.5"},{"id":"paketo-buildpacks/node-engine","version":"3.2.2","optional":true},{"id":"paketo-buildpacks/yarn","version":"1.3.2","optional":true},{"id":"paketo-buildpacks/yarn-install","version":"1.3.2","optional":true},{"id":"paketo-buildpacks/rails-assets","version":"0.10.9","optional":true},{"id":"paketo-buildpacks/unicorn","version":"0.4.39"},{"id":"paketo-buildpacks/procfile","version":"5.7.0","optional":true},{"id":"paketo-buildpacks/environment-variables","version":"4.6.0","optional":true},{"id":"paketo-buildpacks/image-labels","version":"4.6.0","optional":true}]},{"group":[{"id":"paketo-buildpacks/ca-certificates","version":"3.7.0","optional":true},{"id":"paketo-buildpacks/mri","version":"0.16.2"},{"id":"paketo-buildpacks/bundler","version":"0.8.7"},{"id":"paketo-buildpacks/bundle-install","version":"0.8.5"},{"id":"paketo-buildpacks/node-engine","version":"3.2.2","optional":true},{"id":"paketo-buildpacks/yarn","version":"1.3.2","optional":true},{"id":"paketo-buildpacks/yarn-install","version":"1.3.2","optional":true},{"id":"paketo-buildpacks/rails-assets","version":"0.10.9","optional":true},{"id":"paketo-buildpacks/passenger","version":"0.14.2"},{"id":"paketo-buildpacks/procfile","version":"5.7.0","optional":true},{"id":"paketo-buildpacks/environment-variables","version":"4.6.0","optional":true},{"id":"paketo-buildpacks/image-labels","version":"4.6.0","optional":true}]},{"group":[{"id":"paketo-buildpacks/ca-certificates","version":"3.7.0","optional":true},{"id":"paketo-buildpacks/mri","version":"0.16.2"},{"id":"paketo-buildpacks/bundler","version":"0.8.7"},{"id":"paketo-buildpacks/bundle-install","version":"0.8.5"},{"id":"paketo-buildpacks/node-engine","version":"3.2.2","optional":true},{"id":"paketo-buildpacks/yarn","version":"1.3.2","optional":true},{"id":"paketo-buildpacks/yarn-install","version":"1.3.2","optional":true},{"id":"paketo-buildpacks/rails-assets","version":"0.10.9","optional":true},{"id":"paketo-buildpacks/rackup","version":"0.4.39"},{"id":"paketo-buildpacks/procfile","version":"5.7.0","optional":true},{"id":"paketo-buildpacks/environment-variables","version":"4.6.0","optional":true},{"id":"paketo-buildpacks/image-labels","version":"4.6.0","optional":true}]},{"group":[{"id":"paketo-buildpacks/ca-certificates","version":"3.7.0","optional":true},{"id":"paketo-buildpacks/mri","version":"0.16.2"},{"id":"paketo-buildpacks/bundler","version":"0.8.7","optional":true},{"id":"paketo-buildpacks/bundle-install","version":"0.8.5","optional":true},{"id":"paketo-buildpacks/rake","version":"0.4.39"},{"id":"paketo-buildpacks/procfile","version":"5.7.0","optional":true},{"id":"paketo-buildpacks/environment-variables","version":"4.6.0","optional":true},{"id":"paketo-buildpacks/image-labels","version":"4.6.0","optional":true}]}],"layerDiffID":"sha256:6835da52555fff8db3a729393dae12c10b35bac91a8e75737e385d8043b9870a","homepage":"https://github.com/paketo-buildpacks/ruby","name":"Paketo Buildpack for Ruby"}},"paketo-buildpacks/sbt":{"6.14.0":{"api":"0.7","stacks":[{"id":"io.buildpacks.stacks.bionic"},{"id":"io.paketo.stacks.tiny"},{"id":"*"}],"targets":[{"os":"linux","arch":"amd64"},{"os":"linux","arch":"arm64"}],"layerDiffID":"sha256:78d60d58265cfdcdb4f5cad3014d166a21ae3aaa6e6ee88aacf657d7d8442c75","homepage":"https://github.com/paketo-buildpacks/sbt","name":"Paketo Buildpack for SBT"}},"paketo-buildpacks/source-removal":{"0.2.1":{"api":"0.7","stacks":[{"id":"*"}],"layerDiffID":"sha256:c9b2b4846699e199bf3baa9f694c2914da8404ab2278da08576a53ecd11cd608","name":"Paketo Buildpack for Source Removal"}},"paketo-buildpacks/spring-boot":{"5.29.1":{"api":"0.7","stacks":[{"id":"io.buildpacks.stacks.bionic"},{"id":"io.paketo.stacks.tiny"},{"id":"*"}],"targets":[{"os":"linux","arch":"amd64"},{"os":"linux","arch":"arm64"}],"layerDiffID":"sha256:942be2b29e928055e76a404e147869d051d6b7abd07698885844b88aa2fa701d","homepage":"https://github.com/paketo-buildpacks/spring-boot","name":"Paketo Buildpack for Spring Boot"}},"paketo-buildpacks/syft":{"1.46.0":{"api":"0.7","stacks":[{"id":"*"}],"targets":[{"os":"linux","arch":"amd64"},{"os":"linux","arch":"arm64"}],"layerDiffID":"sha256:6dd1ecaa17adc9b92fb650dc96663f42b55b010492b1dac9ace20295a6b6e8a5","homepage":"https://github.com/paketo-buildpacks/syft","name":"Paketo Buildpack for Syft"}},"paketo-buildpacks/thin":{"0.5.37":{"api":"0.7","stacks":[{"id":"*"}],"layerDiffID":"sha256:5af39cb08b80879c788f32778ea73b6ec972069b2fbd4e850f679719ce6d3607","homepage":"https://github.com/paketo-buildpacks/thin","name":"Paketo Buildpack for Thin"}},"paketo-buildpacks/unicorn":{"0.4.39":{"api":"0.7","stacks":[{"id":"*"}],"layerDiffID":"sha256:0c350a77d3bda7b06fa21e829945a6185856628d97da284b321fe57934ba8cdf","homepage":"https://github.com/paketo-buildpacks/unicorn","name":"Paketo Buildpack for Unicorn"}},"paketo-buildpacks/upx":{"3.5.0":{"api":"0.7","stacks":[{"id":"io.buildpacks.stacks.bionic"},{"id":"io.paketo.stacks.tiny"},{"id":"*"}],"targets":[{"os":"linux","arch":"amd64"},{"os":"linux","arch":"arm64"}],"layerDiffID":"sha256:60df7bef2ef54e57614a7646e2154d1a5b42a0aa0c48e78bcc4072941f4110a6","homepage":"https://github.com/paketo-buildpacks/upx","name":"Paketo Buildpack for UPX"}},"paketo-buildpacks/vsdbg":{"0.3.11":{"api":"0.8","stacks":[{"id":"io.buildpacks.stacks.bionic"},{"id":"io.buildpacks.stacks.jammy"}],"layerDiffID":"sha256:a1b4049a46361cb419935fdf78338cd1a42b5d8619fa0b8ea6f0966c9bd71843","name":"Paketo Buildpack for Visual Studio Debugger"}},"paketo-buildpacks/watchexec":{"2.10.0":{"api":"0.7","stacks":[{"id":"*"}],"targets":[{"os":"linux","arch":"amd64"},{"os":"linux","arch":"arm64"}],"layerDiffID":"sha256:e968d2c4e179709eb2d32d7032fded5df329f60a8cfcd66e25b4c79c80afa139","homepage":"https://github.com/paketo-buildpacks/watchexec","name":"Paketo Buildpack for Watchexec"},"2.8.7":{"api":"0.7","stacks":[{"id":"io.buildpacks.stacks.bionic"},{"id":"io.paketo.stacks.tiny"},{"id":"*"}],"layerDiffID":"sha256:0c5056a64de25640f4a2b9fde21186b5425007c233a1c402c52dcc96a2e2146d","homepage":"https://github.com/paketo-buildpacks/watchexec","name":"Paketo Buildpack for Watchexec"},"2.9.0":{"api":"0.7","stacks":[{"id":"*"}],"layerDiffID":"sha256:f4f037dc8b971f054a4875d76281d8d7d7367648c91158fed313e5bb4f6b6061","homepage":"https://github.com/paketo-buildpacks/watchexec","name":"Paketo Buildpack for Watchexec"},"3.1.2":{"api":"0.7","stacks":[{"id":"*"}],"targets":[{"os":"linux","arch":"amd64"},{"os":"linux","arch":"arm64"}],"layerDiffID":"sha256:ae6e108d26208fde3a3773c090a7b47197315c51b6b8aa2b08d7ec5cb173477a","homepage":"https://github.com/paketo-buildpacks/watchexec","name":"Paketo Buildpack for Watchexec"}},"paketo-buildpacks/web-servers":{"0.22.0":{"api":"0.7","order":[{"group":[{"id":"paketo-buildpacks/ca-certificates","version":"3.7.0","optional":true},{"id":"paketo-buildpacks/watchexec","version":"3.1.2","optional":true},{"id":"paketo-buildpacks/node-engine","version":"3.2.2"},{"id":"paketo-buildpacks/yarn","version":"1.3.2"},{"id":"paketo-buildpacks/yarn-install","version":"1.3.2"},{"id":"paketo-buildpacks/node-run-script","version":"1.0.16"},{"id":"paketo-buildpacks/nginx","version":"0.16.0"},{"id":"paketo-buildpacks/procfile","version":"5.8.0","optional":true},{"id":"paketo-buildpacks/environment-variables","version":"4.6.0","optional":true},{"id":"paketo-buildpacks/image-labels","version":"4.6.0","optional":true},{"id":"paketo-buildpacks/source-removal","version":"0.2.1"}]},{"group":[{"id":"paketo-buildpacks/ca-certificates","version":"3.7.0","optional":true},{"id":"paketo-buildpacks/watchexec","version":"3.1.2","optional":true},{"id":"paketo-buildpacks/node-engine","version":"3.2.2"},{"id":"paketo-buildpacks/npm-install","version":"1.4.0"},{"id":"paketo-buildpacks/node-run-script","version":"1.0.16"},{"id":"paketo-buildpacks/nginx","version":"0.16.0"},{"id":"paketo-buildpacks/procfile","version":"5.8.0","optional":true},{"id":"paketo-buildpacks/environment-variables","version":"4.6.0","optional":true},{"id":"paketo-buildpacks/image-labels","version":"4.6.0","optional":true},{"id":"paketo-buildpacks/source-removal","version":"0.2.1"}]},{"group":[{"id":"paketo-buildpacks/ca-certificates","version":"3.7.0","optional":true},{"id":"paketo-buildpacks/watchexec","version":"3.1.2","optional":true},{"id":"paketo-buildpacks/node-engine","version":"3.2.2"},{"id":"paketo-buildpacks/yarn","version":"1.3.2"},{"id":"paketo-buildpacks/yarn-install","version":"1.3.2"},{"id":"paketo-buildpacks/node-run-script","version":"1.0.16"},{"id":"paketo-buildpacks/httpd","version":"0.7.19"},{"id":"paketo-buildpacks/procfile","version":"5.8.0","optional":true},{"id":"paketo-buildpacks/environment-variables","version":"4.6.0","optional":true},{"id":"paketo-buildpacks/image-labels","version":"4.6.0","optional":true},{"id":"paketo-buildpacks/source-removal","version":"0.2.1"}]},{"group":[{"id":"paketo-buildpacks/ca-certificates","version":"3.7.0","optional":true},{"id":"paketo-buildpacks/watchexec","version":"3.1.2","optional":true},{"id":"paketo-buildpacks/node-engine","version":"3.2.2"},{"id":"paketo-buildpacks/npm-install","version":"1.4.0"},{"id":"paketo-buildpacks/node-run-script","version":"1.0.16"},{"id":"paketo-buildpacks/httpd","version":"0.7.19"},{"id":"paketo-buildpacks/procfile","version":"5.8.0","optional":true},{"id":"paketo-buildpacks/environment-variables","version":"4.6.0","optional":true},{"id":"paketo-buildpacks/image-labels","version":"4.6.0","optional":true},{"id":"paketo-buildpacks/source-removal","version":"0.2.1"}]},{"group":[{"id":"paketo-buildpacks/ca-certificates","version":"3.7.0","optional":true},{"id":"paketo-buildpacks/watchexec","version":"3.1.2","optional":true},{"id":"paketo-buildpacks/nginx","version":"0.16.0"},{"id":"paketo-buildpacks/procfile","version":"5.8.0","optional":true},{"id":"paketo-buildpacks/environment-variables","version":"4.6.0","optional":true},{"id":"paketo-buildpacks/image-labels","version":"4.6.0","optional":true},{"id":"paketo-buildpacks/source-removal","version":"0.2.1"}]},{"group":[{"id":"paketo-buildpacks/ca-certificates","version":"3.7.0","optional":true},{"id":"paketo-buildpacks/watchexec","version":"3.1.2","optional":true},{"id":"paketo-buildpacks/httpd","version":"0.7.19"},{"id":"paketo-buildpacks/procfile","version":"5.8.0","optional":true},{"id":"paketo-buildpacks/environment-variables","version":"4.6.0","optional":true},{"id":"paketo-buildpacks/image-labels","version":"4.6.0","optional":true},{"id":"paketo-buildpacks/source-removal","version":"0.2.1"}]}],"layerDiffID":"sha256:285b5cf838d1333e64f21845742fd2f29ebe91f99edd41ac36a6fdc389675651","homepage":"https://github.com/paketo-buildpacks/web-servers","name":"Paketo Buildpack for Web Servers"}},"paketo-buildpacks/yarn":{"1.3.2":{"api":"0.7","stacks":[{"id":"io.buildpacks.stacks.bionic"},{"id":"io.buildpacks.stacks.jammy"},{"id":"*"}],"layerDiffID":"sha256:96fab70b4cab76dd8b3363c848324ae9fb422ba85bf7571705de468155ffa26b","homepage":"https://github.com/paketo-buildpacks/yarn","name":"Paketo Buildpack for Yarn"}},"paketo-buildpacks/yarn-install":{"1.3.2":{"api":"0.7","stacks":[{"id":"*"}],"layerDiffID":"sha256:3d3857be918e614186a24f967ea3cc1b163e25a3cbf11da2c2333a068a5e483e","homepage":"https://github.com/paketo-buildpacks/yarn-install","name":"Paketo Buildpack for Yarn Install"}},"paketo-buildpacks/yarn-start":{"1.2.2":{"api":"0.7","stacks":[{"id":"*"}],"layerDiffID":"sha256:122f59ffb37f51931d73fec03dc2a9b1eff2fbdadf672f15722fccbe544c8e53","homepage":"https://github.com/paketo-buildpacks/yarn-start","name":"Paketo Buildpack for Yarn Start"}}}, io.buildpacks.buildpack.order=[{"group":[{"id":"paketo-buildpacks/ruby","version":"0.45.0"}]},{"group":[{"id":"paketo-buildpacks/dotnet-core","version":"0.45.0"}]},{"group":[{"id":"paketo-buildpacks/go","version":"4.8.0"}]},{"group":[{"id":"paketo-buildpacks/java-native-image","version":"9.4.0"}]},{"group":[{"id":"paketo-buildpacks/java","version":"14.0.0"}]},{"group":[{"id":"paketo-buildpacks/web-servers","version":"0.22.0"}]},{"group":[{"id":"paketo-buildpacks/nodejs","version":"2.2.0"}]},{"group":[{"id":"paketo-buildpacks/python","version":"2.19.0"}]},{"group":[{"id":"paketo-buildpacks/procfile","version":"5.8.0"}]}], io.buildpacks.buildpack.order-extensions=null, io.buildpacks.extension.layers={}, io.buildpacks.stack.description=ubuntu:jammy with compilers and shell utilities, io.buildpacks.stack.distro.name=ubuntu, io.buildpacks.stack.distro.version=22.04, io.buildpacks.stack.homepage=https://github.com/paketo-buildpacks/jammy-base-stack, io.buildpacks.stack.id=io.buildpacks.stacks.jammy, io.buildpacks.stack.maintainer=Paketo Buildpacks, io.buildpacks.stack.metadata={}, io.buildpacks.stack.mixins=null, io.buildpacks.stack.released=2024-05-14T14:29:02Z, org.opencontainers.image.ref.name=ubuntu, org.opencontainers.image.version=22.04}, containers=-1)
21:45:35.400 [Test worker] DEBUG org.testcontainers.images.AbstractImagePullPolicy - Using locally available and not pulling image: testcontainers/ryuk:0.5.1
21:45:35.400 [Test worker] DEBUG tc.testcontainers/ryuk:0.5.1 - Starting container: testcontainers/ryuk:0.5.1
21:45:35.401 [Test worker] DEBUG tc.testcontainers/ryuk:0.5.1 - Trying to start container: testcontainers/ryuk:0.5.1 (attempt 1/1)
21:45:35.401 [Test worker] DEBUG tc.testcontainers/ryuk:0.5.1 - Starting container: testcontainers/ryuk:0.5.1
21:45:35.401 [Test worker] INFO tc.testcontainers/ryuk:0.5.1 - Creating container for image: testcontainers/ryuk:0.5.1
21:45:35.407 [Test worker] DEBUG org.testcontainers.utility.RegistryAuthLocator - Looking up auth config for image: testcontainers/ryuk:0.5.1 at registry: https://index.docker.io/v1/
21:45:35.408 [Test worker] DEBUG org.testcontainers.utility.RegistryAuthLocator - RegistryAuthLocator has configFile: /Users/daniel/.docker/config.json (exists) configEnv: DOCKER_AUTH_CONFIG (does not exist) and commandPathPrefix: 
21:45:35.408 [Test worker] DEBUG org.testcontainers.utility.RegistryAuthLocator - RegistryAuthLocator reading from configFile: /Users/daniel/.docker/config.json
21:45:35.409 [Test worker] DEBUG org.testcontainers.utility.RegistryAuthLocator - registryName [https://index.docker.io/v1/] for dockerImageName [testcontainers/ryuk:0.5.1]
21:45:35.409 [Test worker] DEBUG org.testcontainers.utility.RegistryAuthLocator - Executing docker credential provider: docker-credential-desktop to locate auth config for: https://index.docker.io/v1/
21:45:35.418 [Test worker] DEBUG org.testcontainers.shaded.org.zeroturnaround.exec.ProcessExecutor - Executing [docker-credential-desktop, get].
21:45:35.426 [Test worker] DEBUG org.testcontainers.utility.RegistryAuthLocator - Failure running docker credential helper/store (docker-credential-desktop)
21:45:35.427 [Test worker] INFO org.testcontainers.utility.RegistryAuthLocator - Failure when attempting to lookup auth config. Please ignore if you don't have images in an authenticated registry. Details: (dockerImageName: testcontainers/ryuk:0.5.1, configFile: /Users/daniel/.docker/config.json, configEnv: DOCKER_AUTH_CONFIG). Falling back to docker-java default behaviour. Exception message: Could not execute [docker-credential-desktop, get]. Error=2, No such file or directory
21:45:35.427 [Test worker] DEBUG org.testcontainers.utility.RegistryAuthLocator - No matching Auth Configs - falling back to defaultAuthConfig [null]
21:45:35.427 [Test worker] DEBUG org.testcontainers.dockerclient.AuthDelegatingDockerClientConfig - Effective auth config [null]
21:45:35.437 [Test worker] DEBUG org.testcontainers.shaded.com.github.dockerjava.core.command.AbstrDockerCmd - Cmd: org.testcontainers.shaded.com.github.dockerjava.core.command.CreateContainerCmdImpl@6e0c6a7a[aliases=<null>,argsEscaped=<null>,attachStderr=<null>,attachStdin=<null>,attachStdout=<null>,authConfig=<null>,cmd={},domainName=<null>,entrypoint=<null>,env={},exposedPorts=ExposedPorts(exposedPorts=[8080/tcp]),healthcheck=<null>,hostConfig=HostConfig(binds=[/var/run/docker.sock:/var/run/docker.sock:rw], blkioWeight=null, blkioWeightDevice=null, blkioDeviceReadBps=null, blkioDeviceWriteBps=null, blkioDeviceReadIOps=null, blkioDeviceWriteIOps=null, memorySwappiness=null, nanoCPUs=null, capAdd=null, capDrop=null, containerIDFile=null, cpuPeriod=null, cpuRealtimePeriod=null, cpuRealtimeRuntime=null, cpuShares=null, cpuQuota=null, cpusetCpus=null, cpusetMems=null, devices=null, deviceCgroupRules=null, deviceRequests=null, diskQuota=null, dns=null, dnsOptions=null, dnsSearch=null, extraHosts=[], groupAdd=null, ipcMode=null, cgroup=null, links=[], logConfig=LogConfig(type=null, config=null), lxcConf=null, memory=null, memorySwap=null, memoryReservation=null, kernelMemory=null, networkMode=null, oomKillDisable=null, init=null, autoRemove=true, oomScoreAdj=null, portBindings={8080/tcp=[Lcom.github.dockerjava.api.model.Ports$Binding;@4d21c56e}, privileged=true, publishAllPorts=null, readonlyRootfs=null, restartPolicy=null, ulimits=null, cpuCount=null, cpuPercent=null, ioMaximumIOps=null, ioMaximumBandwidth=null, volumesFrom=[], mounts=null, pidMode=null, isolation=null, securityOpts=null, storageOpt=null, cgroupParent=null, volumeDriver=null, shmSize=null, pidsLimit=null, runtime=null, tmpFs=null, utSMode=null, usernsMode=null, sysctls=null, consoleSize=null, cgroupnsMode=null),hostName=<null>,image=testcontainers/ryuk:0.5.1,ipv4Address=<null>,ipv6Address=<null>,labels={org.testcontainers=true, org.testcontainers.lang=java, org.testcontainers.version=1.19.3},macAddress=<null>,name=testcontainers-ryuk-02f67430-f20c-4fdd-b619-db29e6c89474,networkDisabled=<null>,networkingConfig=<null>,onBuild=<null>,platform=<null>,portSpecs=<null>,shell=<null>,stdInOnce=<null>,stdinOpen=<null>,stopSignal=<null>,stopTimeout=<null>,tty=<null>,user=<null>,volumes=Volumes(volumes=[]),workingDir=<null>]
21:45:35.523 [Test worker] DEBUG com.github.dockerjava.zerodep.shaded.org.apache.hc.client5.http.impl.classic.InternalHttpClient - ex-00000004: preparing request execution
21:45:35.523 [Test worker] DEBUG com.github.dockerjava.zerodep.shaded.org.apache.hc.client5.http.protocol.RequestAddCookies - Cookie spec selected: strict
21:45:35.523 [Test worker] DEBUG com.github.dockerjava.zerodep.shaded.org.apache.hc.client5.http.protocol.RequestAuthCache - Auth cache not set in the context
21:45:35.524 [Test worker] DEBUG com.github.dockerjava.zerodep.shaded.org.apache.hc.client5.http.impl.classic.ProtocolExec - ex-00000004: target auth state: UNCHALLENGED
21:45:35.524 [Test worker] DEBUG com.github.dockerjava.zerodep.shaded.org.apache.hc.client5.http.impl.classic.ProtocolExec - ex-00000004: proxy auth state: UNCHALLENGED
21:45:35.524 [Test worker] DEBUG com.github.dockerjava.zerodep.shaded.org.apache.hc.client5.http.impl.classic.ConnectExec - ex-00000004: acquiring connection with route {}->unix://localhost:2375
21:45:35.524 [Test worker] DEBUG com.github.dockerjava.zerodep.shaded.org.apache.hc.client5.http.impl.classic.InternalHttpClient - ex-00000004: acquiring endpoint (3 MINUTES)
21:45:35.524 [Test worker] DEBUG com.github.dockerjava.zerodep.shaded.org.apache.hc.client5.http.impl.io.PoolingHttpClientConnectionManager - ex-00000004: endpoint lease request (3 MINUTES) [route: {}->unix://localhost:2375][total available: 1; route allocated: 1 of 2147483647; total allocated: 1 of 2147483647]
21:45:35.524 [Test worker] DEBUG com.github.dockerjava.zerodep.shaded.org.apache.hc.client5.http.impl.io.PoolingHttpClientConnectionManager - ex-00000004: endpoint leased [route: {}->unix://localhost:2375][total available: 0; route allocated: 1 of 2147483647; total allocated: 1 of 2147483647]
21:45:35.525 [Test worker] DEBUG com.github.dockerjava.zerodep.shaded.org.apache.hc.client5.http.impl.io.PoolingHttpClientConnectionManager - ex-00000004: acquired ep-00000003
21:45:35.525 [Test worker] DEBUG com.github.dockerjava.zerodep.shaded.org.apache.hc.client5.http.impl.classic.InternalHttpClient - ex-00000004: acquired endpoint ep-00000003
21:45:35.525 [Test worker] DEBUG com.github.dockerjava.zerodep.shaded.org.apache.hc.client5.http.impl.classic.MainClientExec - ex-00000004: executing POST /v1.32/containers/create?name=testcontainers-ryuk-02f67430-f20c-4fdd-b619-db29e6c89474 HTTP/1.1
21:45:35.525 [Test worker] DEBUG com.github.dockerjava.zerodep.shaded.org.apache.hc.client5.http.impl.classic.InternalHttpClient - ep-00000003: start execution ex-00000004
21:45:35.525 [Test worker] DEBUG com.github.dockerjava.zerodep.shaded.org.apache.hc.client5.http.impl.io.PoolingHttpClientConnectionManager - ep-00000003: executing exchange ex-00000004 over http-outgoing-0
21:45:35.525 [Test worker] DEBUG com.github.dockerjava.zerodep.shaded.org.apache.hc.client5.http.headers - http-outgoing-0 >> POST /v1.32/containers/create?name=testcontainers-ryuk-02f67430-f20c-4fdd-b619-db29e6c89474 HTTP/1.1
21:45:35.525 [Test worker] DEBUG com.github.dockerjava.zerodep.shaded.org.apache.hc.client5.http.headers - http-outgoing-0 >> accept: application/json
21:45:35.525 [Test worker] DEBUG com.github.dockerjava.zerodep.shaded.org.apache.hc.client5.http.headers - http-outgoing-0 >> content-type: application/json
21:45:35.525 [Test worker] DEBUG com.github.dockerjava.zerodep.shaded.org.apache.hc.client5.http.headers - http-outgoing-0 >> x-tc-sid: 02f67430-f20c-4fdd-b619-db29e6c89474
21:45:35.525 [Test worker] DEBUG com.github.dockerjava.zerodep.shaded.org.apache.hc.client5.http.headers - http-outgoing-0 >> User-Agent: tc-java/1.19.3
21:45:35.526 [Test worker] DEBUG com.github.dockerjava.zerodep.shaded.org.apache.hc.client5.http.headers - http-outgoing-0 >> Accept-Encoding: gzip, x-gzip, deflate
21:45:35.526 [Test worker] DEBUG com.github.dockerjava.zerodep.shaded.org.apache.hc.client5.http.headers - http-outgoing-0 >> Content-Length: 1954
21:45:35.526 [Test worker] DEBUG com.github.dockerjava.zerodep.shaded.org.apache.hc.client5.http.headers - http-outgoing-0 >> Host: localhost:2375
21:45:35.526 [Test worker] DEBUG com.github.dockerjava.zerodep.shaded.org.apache.hc.client5.http.headers - http-outgoing-0 >> Connection: keep-alive
21:45:35.526 [Test worker] DEBUG com.github.dockerjava.zerodep.shaded.org.apache.hc.client5.http.wire - http-outgoing-0 >> "POST /v1.32/containers/create?name=testcontainers-ryuk-02f67430-f20c-4fdd-b619-db29e6c89474 HTTP/1.1[\r][\n]"
21:45:35.526 [Test worker] DEBUG com.github.dockerjava.zerodep.shaded.org.apache.hc.client5.http.wire - http-outgoing-0 >> "accept: application/json[\r][\n]"
21:45:35.526 [Test worker] DEBUG com.github.dockerjava.zerodep.shaded.org.apache.hc.client5.http.wire - http-outgoing-0 >> "content-type: application/json[\r][\n]"
21:45:35.526 [Test worker] DEBUG com.github.dockerjava.zerodep.shaded.org.apache.hc.client5.http.wire - http-outgoing-0 >> "x-tc-sid: 02f67430-f20c-4fdd-b619-db29e6c89474[\r][\n]"
21:45:35.526 [Test worker] DEBUG com.github.dockerjava.zerodep.shaded.org.apache.hc.client5.http.wire - http-outgoing-0 >> "User-Agent: tc-java/1.19.3[\r][\n]"
21:45:35.526 [Test worker] DEBUG com.github.dockerjava.zerodep.shaded.org.apache.hc.client5.http.wire - http-outgoing-0 >> "Accept-Encoding: gzip, x-gzip, deflate[\r][\n]"
21:45:35.526 [Test worker] DEBUG com.github.dockerjava.zerodep.shaded.org.apache.hc.client5.http.wire - http-outgoing-0 >> "Content-Length: 1954[\r][\n]"
21:45:35.526 [Test worker] DEBUG com.github.dockerjava.zerodep.shaded.org.apache.hc.client5.http.wire - http-outgoing-0 >> "Host: localhost:2375[\r][\n]"
21:45:35.526 [Test worker] DEBUG com.github.dockerjava.zerodep.shaded.org.apache.hc.client5.http.wire - http-outgoing-0 >> "Connection: keep-alive[\r][\n]"
21:45:35.526 [Test worker] DEBUG com.github.dockerjava.zerodep.shaded.org.apache.hc.client5.http.wire - http-outgoing-0 >> "[\r][\n]"
21:45:35.527 [Test worker] DEBUG com.github.dockerjava.zerodep.shaded.org.apache.hc.client5.http.wire - http-outgoing-0 >> "{"Hostname":null,"Domainname":null,"User":null,"AttachStdin":null,"AttachStdout":null,"AttachStderr":null,"PortSpecs":null,"Tty":null,"OpenStdin":null,"StdinOnce":null,"Env":[],"Cmd":[],"Healthcheck":null,"ArgsEscaped":null,"Entrypoint":null,"Image":"testcontainers/ryuk:0.5.1","Volumes":{},"WorkingDir":null,"MacAddress":null,"OnBuild":null,"NetworkDisabled":null,"ExposedPorts":{"8080/tcp":{}},"StopSignal":null,"StopTimeout":null,"HostConfig":{"Binds":["/var/run/docker.sock:/var/run/docker.sock:rw"],"BlkioWeight":null,"BlkioWeightDevice":null,"BlkioDeviceReadBps":null,"BlkioDeviceWriteBps":null,"BlkioDeviceReadIOps":null,"BlkioDeviceWriteIOps":null,"MemorySwappiness":null,"NanoCpus":null,"CapAdd":null,"CapDrop":null,"ContainerIDFile":null,"CpuPeriod":null,"CpuRealtimePeriod":null,"CpuRealtimeRuntime":null,"CpuShares":null,"CpuQuota":null,"CpusetCpus":null,"CpusetMems":null,"Devices":null,"DeviceCgroupRules":null,"DeviceRequests":null,"DiskQuota":null,"Dns":null,"DnsOptions":null,"DnsSearch":null,"ExtraHosts":[],"GroupAdd":null,"IpcMode":null,"Cgroup":null,"Links":[],"LogConfig":null,"LxcConf":null,"Memory":null,"MemorySwap":null,"MemoryReservation":null,"KernelMemory":null,"NetworkMode":null,"OomKillDisable":null,"Init":null,"AutoRemove":true,"OomScoreAdj":null,"PortBindings":{"8080/tcp":[{"HostIp":"","HostPort":""}]},"Privileged":true,"PublishAllPorts":null,"ReadonlyRootfs":null,"RestartPolicy":null,"Ulimits":null,"CpuCount":null,"CpuPercent":null,"IOMaximumIOps":null,"IOMaximumBandwidth":null,"VolumesFrom":[],"Mounts":null,"PidMode":null,"Isolation":null,"SecurityOpt":null,"StorageOpt":null,"CgroupParent":null,"VolumeDriver":null,"ShmSize":null,"PidsLimit":null,"Runtime":null,"Tmpfs":null,"UTSMode":null,"UsernsMode":null,"Sysctls":null,"ConsoleSize":null,"CgroupnsMode":null},"Labels":{"org.testcontainers":"true","org.testcontainers.lang":"java","org.testcontainers.version":"1.19.3"},"Shell":null,"NetworkingConfig":null}"
21:45:35.624 [Test worker] DEBUG com.github.dockerjava.zerodep.shaded.org.apache.hc.client5.http.wire - http-outgoing-0 << "HTTP/1.1 201 Created[\r][\n]"
21:45:35.625 [Test worker] DEBUG com.github.dockerjava.zerodep.shaded.org.apache.hc.client5.http.wire - http-outgoing-0 << "Api-Version: 1.43[\r][\n]"
21:45:35.625 [Test worker] DEBUG com.github.dockerjava.zerodep.shaded.org.apache.hc.client5.http.wire - http-outgoing-0 << "Content-Type: application/json[\r][\n]"
21:45:35.625 [Test worker] DEBUG com.github.dockerjava.zerodep.shaded.org.apache.hc.client5.http.wire - http-outgoing-0 << "Date: Tue, 11 Jun 2024 00:45:35 GMT[\r][\n]"
21:45:35.625 [Test worker] DEBUG com.github.dockerjava.zerodep.shaded.org.apache.hc.client5.http.wire - http-outgoing-0 << "Docker-Experimental: false[\r][\n]"
21:45:35.625 [Test worker] DEBUG com.github.dockerjava.zerodep.shaded.org.apache.hc.client5.http.wire - http-outgoing-0 << "Ostype: linux[\r][\n]"
21:45:35.625 [Test worker] DEBUG com.github.dockerjava.zerodep.shaded.org.apache.hc.client5.http.wire - http-outgoing-0 << "Server: Docker/24.0.2 (linux)[\r][\n]"
21:45:35.625 [Test worker] DEBUG com.github.dockerjava.zerodep.shaded.org.apache.hc.client5.http.wire - http-outgoing-0 << "Transfer-Encoding: chunked[\r][\n]"
21:45:35.625 [Test worker] DEBUG com.github.dockerjava.zerodep.shaded.org.apache.hc.client5.http.wire - http-outgoing-0 << "[\r][\n]"
21:45:35.625 [Test worker] DEBUG com.github.dockerjava.zerodep.shaded.org.apache.hc.client5.http.wire - http-outgoing-0 << "58[\r][\n]"
21:45:35.625 [Test worker] DEBUG com.github.dockerjava.zerodep.shaded.org.apache.hc.client5.http.wire - http-outgoing-0 << "{"Id":"a8af9b7893fb06c438528e0322a4d7e2ac23827485b95670aaed68ace7588e20","Warnings":[]}[\n]"
21:45:35.625 [Test worker] DEBUG com.github.dockerjava.zerodep.shaded.org.apache.hc.client5.http.wire - http-outgoing-0 << "[\r][\n]"
21:45:35.625 [Test worker] DEBUG com.github.dockerjava.zerodep.shaded.org.apache.hc.client5.http.headers - http-outgoing-0 << HTTP/1.1 201 Created
21:45:35.626 [Test worker] DEBUG com.github.dockerjava.zerodep.shaded.org.apache.hc.client5.http.headers - http-outgoing-0 << Api-Version: 1.43
21:45:35.626 [Test worker] DEBUG com.github.dockerjava.zerodep.shaded.org.apache.hc.client5.http.headers - http-outgoing-0 << Content-Type: application/json
21:45:35.626 [Test worker] DEBUG com.github.dockerjava.zerodep.shaded.org.apache.hc.client5.http.headers - http-outgoing-0 << Date: Tue, 11 Jun 2024 00:45:35 GMT
21:45:35.626 [Test worker] DEBUG com.github.dockerjava.zerodep.shaded.org.apache.hc.client5.http.headers - http-outgoing-0 << Docker-Experimental: false
21:45:35.626 [Test worker] DEBUG com.github.dockerjava.zerodep.shaded.org.apache.hc.client5.http.headers - http-outgoing-0 << Ostype: linux
21:45:35.626 [Test worker] DEBUG com.github.dockerjava.zerodep.shaded.org.apache.hc.client5.http.headers - http-outgoing-0 << Server: Docker/24.0.2 (linux)
21:45:35.626 [Test worker] DEBUG com.github.dockerjava.zerodep.shaded.org.apache.hc.client5.http.headers - http-outgoing-0 << Transfer-Encoding: chunked
21:45:35.626 [Test worker] DEBUG com.github.dockerjava.zerodep.shaded.org.apache.hc.client5.http.impl.classic.MainClientExec - ex-00000004: connection can be kept alive for 3 MINUTES
21:45:35.628 [Test worker] DEBUG com.github.dockerjava.zerodep.shaded.org.apache.hc.client5.http.wire - http-outgoing-0 << "0[\r][\n]"
21:45:35.628 [Test worker] DEBUG com.github.dockerjava.zerodep.shaded.org.apache.hc.client5.http.wire - http-outgoing-0 << "[\r][\n]"
21:45:35.628 [Test worker] DEBUG com.github.dockerjava.zerodep.shaded.org.apache.hc.client5.http.impl.classic.InternalHttpClient - ep-00000003: releasing valid endpoint
21:45:35.628 [Test worker] DEBUG com.github.dockerjava.zerodep.shaded.org.apache.hc.client5.http.impl.io.PoolingHttpClientConnectionManager - ep-00000003: releasing endpoint
21:45:35.629 [Test worker] DEBUG com.github.dockerjava.zerodep.shaded.org.apache.hc.client5.http.impl.io.PoolingHttpClientConnectionManager - ep-00000003: connection http-outgoing-0 can be kept alive for 3 MINUTES
21:45:35.629 [Test worker] DEBUG com.github.dockerjava.zerodep.shaded.org.apache.hc.client5.http.impl.io.PoolingHttpClientConnectionManager - ep-00000003: connection released [route: {}->unix://localhost:2375][total available: 1; route allocated: 1 of 2147483647; total allocated: 1 of 2147483647]
21:45:35.631 [Test worker] INFO tc.testcontainers/ryuk:0.5.1 - Container testcontainers/ryuk:0.5.1 is starting: a8af9b7893fb06c438528e0322a4d7e2ac23827485b95670aaed68ace7588e20
21:45:35.632 [Test worker] DEBUG org.testcontainers.shaded.com.github.dockerjava.core.command.AbstrDockerCmd - Cmd: a8af9b7893fb06c438528e0322a4d7e2ac23827485b95670aaed68ace7588e20
21:45:35.633 [Test worker] DEBUG com.github.dockerjava.zerodep.shaded.org.apache.hc.client5.http.impl.classic.InternalHttpClient - ex-00000005: preparing request execution
21:45:35.633 [Test worker] DEBUG com.github.dockerjava.zerodep.shaded.org.apache.hc.client5.http.protocol.RequestAddCookies - Cookie spec selected: strict
21:45:35.633 [Test worker] DEBUG com.github.dockerjava.zerodep.shaded.org.apache.hc.client5.http.protocol.RequestAuthCache - Auth cache not set in the context
21:45:35.633 [Test worker] DEBUG com.github.dockerjava.zerodep.shaded.org.apache.hc.client5.http.impl.classic.ProtocolExec - ex-00000005: target auth state: UNCHALLENGED
21:45:35.633 [Test worker] DEBUG com.github.dockerjava.zerodep.shaded.org.apache.hc.client5.http.impl.classic.ProtocolExec - ex-00000005: proxy auth state: UNCHALLENGED
21:45:35.633 [Test worker] DEBUG com.github.dockerjava.zerodep.shaded.org.apache.hc.client5.http.impl.classic.ConnectExec - ex-00000005: acquiring connection with route {}->unix://localhost:2375
21:45:35.634 [Test worker] DEBUG com.github.dockerjava.zerodep.shaded.org.apache.hc.client5.http.impl.classic.InternalHttpClient - ex-00000005: acquiring endpoint (3 MINUTES)
21:45:35.634 [Test worker] DEBUG com.github.dockerjava.zerodep.shaded.org.apache.hc.client5.http.impl.io.PoolingHttpClientConnectionManager - ex-00000005: endpoint lease request (3 MINUTES) [route: {}->unix://localhost:2375][total available: 1; route allocated: 1 of 2147483647; total allocated: 1 of 2147483647]
21:45:35.634 [Test worker] DEBUG com.github.dockerjava.zerodep.shaded.org.apache.hc.client5.http.impl.io.PoolingHttpClientConnectionManager - ex-00000005: endpoint leased [route: {}->unix://localhost:2375][total available: 0; route allocated: 1 of 2147483647; total allocated: 1 of 2147483647]
21:45:35.634 [Test worker] DEBUG com.github.dockerjava.zerodep.shaded.org.apache.hc.client5.http.impl.io.PoolingHttpClientConnectionManager - ex-00000005: acquired ep-00000004
21:45:35.634 [Test worker] DEBUG com.github.dockerjava.zerodep.shaded.org.apache.hc.client5.http.impl.classic.InternalHttpClient - ex-00000005: acquired endpoint ep-00000004
21:45:35.634 [Test worker] DEBUG com.github.dockerjava.zerodep.shaded.org.apache.hc.client5.http.impl.classic.MainClientExec - ex-00000005: executing POST /v1.32/containers/a8af9b7893fb06c438528e0322a4d7e2ac23827485b95670aaed68ace7588e20/start HTTP/1.1
21:45:35.634 [Test worker] DEBUG com.github.dockerjava.zerodep.shaded.org.apache.hc.client5.http.impl.classic.InternalHttpClient - ep-00000004: start execution ex-00000005
21:45:35.634 [Test worker] DEBUG com.github.dockerjava.zerodep.shaded.org.apache.hc.client5.http.impl.io.PoolingHttpClientConnectionManager - ep-00000004: executing exchange ex-00000005 over http-outgoing-0
21:45:35.634 [Test worker] DEBUG com.github.dockerjava.zerodep.shaded.org.apache.hc.client5.http.headers - http-outgoing-0 >> POST /v1.32/containers/a8af9b7893fb06c438528e0322a4d7e2ac23827485b95670aaed68ace7588e20/start HTTP/1.1
21:45:35.635 [Test worker] DEBUG com.github.dockerjava.zerodep.shaded.org.apache.hc.client5.http.headers - http-outgoing-0 >> accept: application/json
21:45:35.635 [Test worker] DEBUG com.github.dockerjava.zerodep.shaded.org.apache.hc.client5.http.headers - http-outgoing-0 >> content-type: application/json
21:45:35.635 [Test worker] DEBUG com.github.dockerjava.zerodep.shaded.org.apache.hc.client5.http.headers - http-outgoing-0 >> x-tc-sid: 02f67430-f20c-4fdd-b619-db29e6c89474
21:45:35.635 [Test worker] DEBUG com.github.dockerjava.zerodep.shaded.org.apache.hc.client5.http.headers - http-outgoing-0 >> User-Agent: tc-java/1.19.3
21:45:35.635 [Test worker] DEBUG com.github.dockerjava.zerodep.shaded.org.apache.hc.client5.http.headers - http-outgoing-0 >> Accept-Encoding: gzip, x-gzip, deflate
21:45:35.635 [Test worker] DEBUG com.github.dockerjava.zerodep.shaded.org.apache.hc.client5.http.headers - http-outgoing-0 >> Host: localhost:2375
21:45:35.635 [Test worker] DEBUG com.github.dockerjava.zerodep.shaded.org.apache.hc.client5.http.headers - http-outgoing-0 >> Connection: keep-alive
21:45:35.635 [Test worker] DEBUG com.github.dockerjava.zerodep.shaded.org.apache.hc.client5.http.wire - http-outgoing-0 >> "POST /v1.32/containers/a8af9b7893fb06c438528e0322a4d7e2ac23827485b95670aaed68ace7588e20/start HTTP/1.1[\r][\n]"
21:45:35.635 [Test worker] DEBUG com.github.dockerjava.zerodep.shaded.org.apache.hc.client5.http.wire - http-outgoing-0 >> "accept: application/json[\r][\n]"
21:45:35.635 [Test worker] DEBUG com.github.dockerjava.zerodep.shaded.org.apache.hc.client5.http.wire - http-outgoing-0 >> "content-type: application/json[\r][\n]"
21:45:35.635 [Test worker] DEBUG com.github.dockerjava.zerodep.shaded.org.apache.hc.client5.http.wire - http-outgoing-0 >> "x-tc-sid: 02f67430-f20c-4fdd-b619-db29e6c89474[\r][\n]"
21:45:35.635 [Test worker] DEBUG com.github.dockerjava.zerodep.shaded.org.apache.hc.client5.http.wire - http-outgoing-0 >> "User-Agent: tc-java/1.19.3[\r][\n]"
21:45:35.635 [Test worker] DEBUG com.github.dockerjava.zerodep.shaded.org.apache.hc.client5.http.wire - http-outgoing-0 >> "Accept-Encoding: gzip, x-gzip, deflate[\r][\n]"
21:45:35.635 [Test worker] DEBUG com.github.dockerjava.zerodep.shaded.org.apache.hc.client5.http.wire - http-outgoing-0 >> "Host: localhost:2375[\r][\n]"
21:45:35.635 [Test worker] DEBUG com.github.dockerjava.zerodep.shaded.org.apache.hc.client5.http.wire - http-outgoing-0 >> "Connection: keep-alive[\r][\n]"
21:45:35.635 [Test worker] DEBUG com.github.dockerjava.zerodep.shaded.org.apache.hc.client5.http.wire - http-outgoing-0 >> "[\r][\n]"
21:45:36.415 [Test worker] DEBUG com.github.dockerjava.zerodep.shaded.org.apache.hc.client5.http.wire - http-outgoing-0 << "HTTP/1.1 204 No Content[\r][\n]"
21:45:36.415 [Test worker] DEBUG com.github.dockerjava.zerodep.shaded.org.apache.hc.client5.http.wire - http-outgoing-0 << "Api-Version: 1.43[\r][\n]"
21:45:36.415 [Test worker] DEBUG com.github.dockerjava.zerodep.shaded.org.apache.hc.client5.http.wire - http-outgoing-0 << "Date: Tue, 11 Jun 2024 00:45:36 GMT[\r][\n]"
21:45:36.415 [Test worker] DEBUG com.github.dockerjava.zerodep.shaded.org.apache.hc.client5.http.wire - http-outgoing-0 << "Docker-Experimental: false[\r][\n]"
21:45:36.415 [Test worker] DEBUG com.github.dockerjava.zerodep.shaded.org.apache.hc.client5.http.wire - http-outgoing-0 << "Ostype: linux[\r][\n]"
21:45:36.415 [Test worker] DEBUG com.github.dockerjava.zerodep.shaded.org.apache.hc.client5.http.wire - http-outgoing-0 << "Server: Docker/24.0.2 (linux)[\r][\n]"
21:45:36.415 [Test worker] DEBUG com.github.dockerjava.zerodep.shaded.org.apache.hc.client5.http.wire - http-outgoing-0 << "[\r][\n]"
21:45:36.416 [Test worker] DEBUG com.github.dockerjava.zerodep.shaded.org.apache.hc.client5.http.headers - http-outgoing-0 << HTTP/1.1 204 No Content
21:45:36.416 [Test worker] DEBUG com.github.dockerjava.zerodep.shaded.org.apache.hc.client5.http.headers - http-outgoing-0 << Api-Version: 1.43
21:45:36.416 [Test worker] DEBUG com.github.dockerjava.zerodep.shaded.org.apache.hc.client5.http.headers - http-outgoing-0 << Date: Tue, 11 Jun 2024 00:45:36 GMT
21:45:36.416 [Test worker] DEBUG com.github.dockerjava.zerodep.shaded.org.apache.hc.client5.http.headers - http-outgoing-0 << Docker-Experimental: false
21:45:36.416 [Test worker] DEBUG com.github.dockerjava.zerodep.shaded.org.apache.hc.client5.http.headers - http-outgoing-0 << Ostype: linux
21:45:36.416 [Test worker] DEBUG com.github.dockerjava.zerodep.shaded.org.apache.hc.client5.http.headers - http-outgoing-0 << Server: Docker/24.0.2 (linux)
21:45:36.416 [Test worker] DEBUG com.github.dockerjava.zerodep.shaded.org.apache.hc.client5.http.impl.classic.MainClientExec - ex-00000005: connection can be kept alive for 3 MINUTES
21:45:36.416 [Test worker] DEBUG com.github.dockerjava.zerodep.shaded.org.apache.hc.client5.http.impl.classic.InternalHttpClient - ep-00000004: releasing valid endpoint
21:45:36.416 [Test worker] DEBUG com.github.dockerjava.zerodep.shaded.org.apache.hc.client5.http.impl.io.PoolingHttpClientConnectionManager - ep-00000004: releasing endpoint
21:45:36.416 [Test worker] DEBUG com.github.dockerjava.zerodep.shaded.org.apache.hc.client5.http.impl.io.PoolingHttpClientConnectionManager - ep-00000004: connection http-outgoing-0 can be kept alive for 3 MINUTES
21:45:36.417 [Test worker] DEBUG com.github.dockerjava.zerodep.shaded.org.apache.hc.client5.http.impl.io.PoolingHttpClientConnectionManager - ep-00000004: connection released [route: {}->unix://localhost:2375][total available: 1; route allocated: 1 of 2147483647; total allocated: 1 of 2147483647]
21:45:36.425 [Test worker] DEBUG org.testcontainers.shaded.com.github.dockerjava.core.command.AbstrDockerCmd - Cmd: a8af9b7893fb06c438528e0322a4d7e2ac23827485b95670aaed68ace7588e20,false
21:45:36.426 [Test worker] DEBUG org.testcontainers.shaded.com.github.dockerjava.core.exec.InspectContainerCmdExec - GET: DefaultWebTarget{path=[/containers/a8af9b7893fb06c438528e0322a4d7e2ac23827485b95670aaed68ace7588e20/json], queryParams={}}
21:45:36.427 [Test worker] DEBUG com.github.dockerjava.zerodep.shaded.org.apache.hc.client5.http.impl.classic.InternalHttpClient - ex-00000006: preparing request execution
21:45:36.427 [Test worker] DEBUG com.github.dockerjava.zerodep.shaded.org.apache.hc.client5.http.protocol.RequestAddCookies - Cookie spec selected: strict
21:45:36.427 [Test worker] DEBUG com.github.dockerjava.zerodep.shaded.org.apache.hc.client5.http.protocol.RequestAuthCache - Auth cache not set in the context
21:45:36.427 [Test worker] DEBUG com.github.dockerjava.zerodep.shaded.org.apache.hc.client5.http.impl.classic.ProtocolExec - ex-00000006: target auth state: UNCHALLENGED
21:45:36.427 [Test worker] DEBUG com.github.dockerjava.zerodep.shaded.org.apache.hc.client5.http.impl.classic.ProtocolExec - ex-00000006: proxy auth state: UNCHALLENGED
21:45:36.427 [Test worker] DEBUG com.github.dockerjava.zerodep.shaded.org.apache.hc.client5.http.impl.classic.ConnectExec - ex-00000006: acquiring connection with route {}->unix://localhost:2375
21:45:36.427 [Test worker] DEBUG com.github.dockerjava.zerodep.shaded.org.apache.hc.client5.http.impl.classic.InternalHttpClient - ex-00000006: acquiring endpoint (3 MINUTES)
21:45:36.427 [Test worker] DEBUG com.github.dockerjava.zerodep.shaded.org.apache.hc.client5.http.impl.io.PoolingHttpClientConnectionManager - ex-00000006: endpoint lease request (3 MINUTES) [route: {}->unix://localhost:2375][total available: 1; route allocated: 1 of 2147483647; total allocated: 1 of 2147483647]
21:45:36.428 [Test worker] DEBUG com.github.dockerjava.zerodep.shaded.org.apache.hc.client5.http.impl.io.PoolingHttpClientConnectionManager - ex-00000006: endpoint leased [route: {}->unix://localhost:2375][total available: 0; route allocated: 1 of 2147483647; total allocated: 1 of 2147483647]
21:45:36.428 [Test worker] DEBUG com.github.dockerjava.zerodep.shaded.org.apache.hc.client5.http.impl.io.PoolingHttpClientConnectionManager - ex-00000006: acquired ep-00000005
21:45:36.428 [Test worker] DEBUG com.github.dockerjava.zerodep.shaded.org.apache.hc.client5.http.impl.classic.InternalHttpClient - ex-00000006: acquired endpoint ep-00000005
21:45:36.428 [Test worker] DEBUG com.github.dockerjava.zerodep.shaded.org.apache.hc.client5.http.impl.classic.MainClientExec - ex-00000006: executing GET /v1.32/containers/a8af9b7893fb06c438528e0322a4d7e2ac23827485b95670aaed68ace7588e20/json HTTP/1.1
21:45:36.428 [Test worker] DEBUG com.github.dockerjava.zerodep.shaded.org.apache.hc.client5.http.impl.classic.InternalHttpClient - ep-00000005: start execution ex-00000006
21:45:36.428 [Test worker] DEBUG com.github.dockerjava.zerodep.shaded.org.apache.hc.client5.http.impl.io.PoolingHttpClientConnectionManager - ep-00000005: executing exchange ex-00000006 over http-outgoing-0
21:45:36.428 [Test worker] DEBUG com.github.dockerjava.zerodep.shaded.org.apache.hc.client5.http.headers - http-outgoing-0 >> GET /v1.32/containers/a8af9b7893fb06c438528e0322a4d7e2ac23827485b95670aaed68ace7588e20/json HTTP/1.1
21:45:36.428 [Test worker] DEBUG com.github.dockerjava.zerodep.shaded.org.apache.hc.client5.http.headers - http-outgoing-0 >> accept: application/json
21:45:36.428 [Test worker] DEBUG com.github.dockerjava.zerodep.shaded.org.apache.hc.client5.http.headers - http-outgoing-0 >> x-tc-sid: 02f67430-f20c-4fdd-b619-db29e6c89474
21:45:36.428 [Test worker] DEBUG com.github.dockerjava.zerodep.shaded.org.apache.hc.client5.http.headers - http-outgoing-0 >> User-Agent: tc-java/1.19.3
21:45:36.428 [Test worker] DEBUG com.github.dockerjava.zerodep.shaded.org.apache.hc.client5.http.headers - http-outgoing-0 >> Accept-Encoding: gzip, x-gzip, deflate
21:45:36.429 [Test worker] DEBUG com.github.dockerjava.zerodep.shaded.org.apache.hc.client5.http.headers - http-outgoing-0 >> Host: localhost:2375
21:45:36.429 [Test worker] DEBUG com.github.dockerjava.zerodep.shaded.org.apache.hc.client5.http.headers - http-outgoing-0 >> Connection: keep-alive
21:45:36.429 [Test worker] DEBUG com.github.dockerjava.zerodep.shaded.org.apache.hc.client5.http.wire - http-outgoing-0 >> "GET /v1.32/containers/a8af9b7893fb06c438528e0322a4d7e2ac23827485b95670aaed68ace7588e20/json HTTP/1.1[\r][\n]"
21:45:36.429 [Test worker] DEBUG com.github.dockerjava.zerodep.shaded.org.apache.hc.client5.http.wire - http-outgoing-0 >> "accept: application/json[\r][\n]"
21:45:36.429 [Test worker] DEBUG com.github.dockerjava.zerodep.shaded.org.apache.hc.client5.http.wire - http-outgoing-0 >> "x-tc-sid: 02f67430-f20c-4fdd-b619-db29e6c89474[\r][\n]"
21:45:36.429 [Test worker] DEBUG com.github.dockerjava.zerodep.shaded.org.apache.hc.client5.http.wire - http-outgoing-0 >> "User-Agent: tc-java/1.19.3[\r][\n]"
21:45:36.429 [Test worker] DEBUG com.github.dockerjava.zerodep.shaded.org.apache.hc.client5.http.wire - http-outgoing-0 >> "Accept-Encoding: gzip, x-gzip, deflate[\r][\n]"
21:45:36.429 [Test worker] DEBUG com.github.dockerjava.zerodep.shaded.org.apache.hc.client5.http.wire - http-outgoing-0 >> "Host: localhost:2375[\r][\n]"
21:45:36.429 [Test worker] DEBUG com.github.dockerjava.zerodep.shaded.org.apache.hc.client5.http.wire - http-outgoing-0 >> "Connection: keep-alive[\r][\n]"
21:45:36.429 [Test worker] DEBUG com.github.dockerjava.zerodep.shaded.org.apache.hc.client5.http.wire - http-outgoing-0 >> "[\r][\n]"
21:45:36.437 [Test worker] DEBUG com.github.dockerjava.zerodep.shaded.org.apache.hc.client5.http.wire - http-outgoing-0 << "HTTP/1.1 200 OK[\r][\n]"
21:45:36.437 [Test worker] DEBUG com.github.dockerjava.zerodep.shaded.org.apache.hc.client5.http.wire - http-outgoing-0 << "Api-Version: 1.43[\r][\n]"
21:45:36.437 [Test worker] DEBUG com.github.dockerjava.zerodep.shaded.org.apache.hc.client5.http.wire - http-outgoing-0 << "Content-Type: application/json[\r][\n]"
21:45:36.437 [Test worker] DEBUG com.github.dockerjava.zerodep.shaded.org.apache.hc.client5.http.wire - http-outgoing-0 << "Date: Tue, 11 Jun 2024 00:45:36 GMT[\r][\n]"
21:45:36.437 [Test worker] DEBUG com.github.dockerjava.zerodep.shaded.org.apache.hc.client5.http.wire - http-outgoing-0 << "Docker-Experimental: false[\r][\n]"
21:45:36.437 [Test worker] DEBUG com.github.dockerjava.zerodep.shaded.org.apache.hc.client5.http.wire - http-outgoing-0 << "Ostype: linux[\r][\n]"
21:45:36.437 [Test worker] DEBUG com.github.dockerjava.zerodep.shaded.org.apache.hc.client5.http.wire - http-outgoing-0 << "Server: Docker/24.0.2 (linux)[\r][\n]"
21:45:36.437 [Test worker] DEBUG com.github.dockerjava.zerodep.shaded.org.apache.hc.client5.http.wire - http-outgoing-0 << "Transfer-Encoding: chunked[\r][\n]"
21:45:36.437 [Test worker] DEBUG com.github.dockerjava.zerodep.shaded.org.apache.hc.client5.http.wire - http-outgoing-0 << "[\r][\n]"
21:45:36.437 [Test worker] DEBUG com.github.dockerjava.zerodep.shaded.org.apache.hc.client5.http.headers - http-outgoing-0 << HTTP/1.1 200 OK
21:45:36.437 [Test worker] DEBUG com.github.dockerjava.zerodep.shaded.org.apache.hc.client5.http.headers - http-outgoing-0 << Api-Version: 1.43
21:45:36.437 [Test worker] DEBUG com.github.dockerjava.zerodep.shaded.org.apache.hc.client5.http.headers - http-outgoing-0 << Content-Type: application/json
21:45:36.437 [Test worker] DEBUG com.github.dockerjava.zerodep.shaded.org.apache.hc.client5.http.headers - http-outgoing-0 << Date: Tue, 11 Jun 2024 00:45:36 GMT
21:45:36.437 [Test worker] DEBUG com.github.dockerjava.zerodep.shaded.org.apache.hc.client5.http.headers - http-outgoing-0 << Docker-Experimental: false
21:45:36.437 [Test worker] DEBUG com.github.dockerjava.zerodep.shaded.org.apache.hc.client5.http.headers - http-outgoing-0 << Ostype: linux
21:45:36.437 [Test worker] DEBUG com.github.dockerjava.zerodep.shaded.org.apache.hc.client5.http.headers - http-outgoing-0 << Server: Docker/24.0.2 (linux)
21:45:36.437 [Test worker] DEBUG com.github.dockerjava.zerodep.shaded.org.apache.hc.client5.http.headers - http-outgoing-0 << Transfer-Encoding: chunked
21:45:36.437 [Test worker] DEBUG com.github.dockerjava.zerodep.shaded.org.apache.hc.client5.http.impl.classic.MainClientExec - ex-00000006: connection can be kept alive for 3 MINUTES
21:45:36.438 [Test worker] DEBUG com.github.dockerjava.zerodep.shaded.org.apache.hc.client5.http.wire - http-outgoing-0 << "1366[\r][\n]"
21:45:36.439 [Test worker] DEBUG com.github.dockerjava.zerodep.shaded.org.apache.hc.client5.http.wire - http-outgoing-0 << "{"Id":"a8af9b7893fb06c438528e0322a4d7e2ac23827485b95670aaed68ace7588e20","Created":"2024-06-11T00:45:35.5727838Z","Path":"/bin/ryuk","Args":[],"State":{"Status":"running","Running":true,"Paused":false,"Restarting":false,"OOMKilled":false,"Dead":false,"Pid":49131,"ExitCode":0,"Error":"","StartedAt":"2024-06-11T00:45:36.409001032Z","FinishedAt":"0001-01-01T00:00:00Z"},"Image":"sha256:ec913eeff75a6b5ed284cf17e186213a466ec10a8f471798318ffa0813b5d828","ResolvConfPath":"/var/lib/docker/containers/a8af9b7893fb06c438528e0322a4d7e2ac23827485b95670aaed68ace7588e20/resolv.conf","HostnamePath":"/var/lib/docker/containers/a8af9b7893fb06c438528e0322a4d7e2ac23827485b95670aaed68ace7588e20/hostname","HostsPath":"/var/lib/docker/containers/a8af9b7893fb06c438528e0322a4d7e2ac23827485b95670aaed68ace7588e20/hosts","LogPath":"/var/lib/docker/containers/a8af9b7893fb06c438528e0322a4d7e2ac23827485b95670aaed68ace7588e20/a8af9b7893fb06c438528e0322a4d7e2ac23827485b95670aaed68ace7588e20-json.log","Name":"/testcontainers-ryuk-02f67430-f20c-4fdd-b619-db29e6c89474","RestartCount":0,"Driver":"overlay2","Platform":"linux","MountLabel":"","ProcessLabel":"","AppArmorProfile":"","ExecIDs":null,"HostConfig":{"Binds":["/var/run/docker.sock:/var/run/docker.sock:rw"],"ContainerIDFile":"","LogConfig":{"Type":"json-file","Config":{}},"NetworkMode":"default","PortBindings":{"8080/tcp":[{"HostIp":"0.0.0.0","HostPort":"0"}]},"RestartPolicy":{"Name":"","MaximumRetryCount":0},"AutoRemove":true,"VolumeDriver":"","VolumesFrom":[],"ConsoleSize":[0,0],"CapAdd":null,"CapDrop":null,"CgroupnsMode":"private","Dns":null,"DnsOptions":null,"DnsSearch":null,"ExtraHosts":[],"GroupAdd":null,"IpcMode":"shareable","Cgroup":"","Links":null,"OomScoreAdj":0,"PidMode":"","Privileged":true,"PublishAllPorts":false,"ReadonlyRootfs":false,"SecurityOpt":["label=disable"],"UTSMode":"","UsernsMode":"","ShmSize":67108864,"Runtime":"runc","Isolation":"","CpuShares":0,"Memory":0,"NanoCpus":0,"CgroupParent":"","BlkioWeight":0,"BlkioWeightDevice":null,"BlkioDeviceReadBps":null,"BlkioDeviceWriteBps":null,"BlkioDeviceReadIOps":null,"BlkioDeviceWriteIOps":null,"CpuPeriod":0,"CpuQuota":0,"CpuRealtimePeriod":0,"CpuRealtimeRuntime":0,"CpusetCpus":"","CpusetMems":"","Devices":null,"DeviceCgroupRules":null,"DeviceRequests":null,"MemoryReservation":0,"MemorySwap":0,"MemorySwappiness":null,"OomKillDisable":null,"PidsLimit":null,"Ulimits":null,"CpuCount":0,"CpuPercent":0,"IOMaximumIOps":0,"IOMaximumBandwidth":0,"MaskedPaths":null,"ReadonlyPaths":null},"GraphDriver":{"Data":{"LowerDir":"/var/lib/docker/overlay2/bb11539de0b523ecda79ecfa8309e4ffe8fd34f68b76c53370b30c4b937727ec-init/diff:/var/lib/docker/overlay2/cde5f21e7a073f63f4afc35f6f457442e5c0dbf3dfcec04eb6d637f8982fb6aa/diff:/var/lib/docker/overlay2/6d2345fd070f866e44101e9cbc269e469a62f001aed804004c61deaa2f89b6a1/diff:/var/lib/docker/overlay2/d45fba1c4a0bd858f9e5b8de26ec145f4db794c188e7de90310c747003ead3c6/diff","MergedDir":"/var/lib/docker/overlay2/bb11539de0b523ecda79ecfa8309e4ffe8fd34f68b76c53370b30c4b937727ec/merged","UpperDir":"/var/lib/docker/overlay2/bb11539de0b523ecda79ecfa8309e4ffe8fd34f68b76c53370b30c4b937727ec/diff","WorkDir":"/var/lib/docker/overlay2/bb11539de0b523ecda79ecfa8309e4ffe8fd34f68b76c53370b30c4b937727ec/work"},"Name":"overlay2"},"Mounts":[{"Type":"bind","Source":"/var/run/docker.sock","Destination":"/var/run/docker.sock","Mode":"rw","RW":true,"Propagation":"rprivate"}],"Config":{"Hostname":"a8af9b7893fb","Domainname":"","User":"","AttachStdin":false,"AttachStdout":false,"AttachStderr":false,"ExposedPorts":{"8080/tcp":{}},"Tty":false,"OpenStdin":false,"StdinOnce":false,"Env":["PATH=/usr/local/sbin:/usr/local/bin:/usr/sbin:/usr/bin:/sbin:/bin"],"Cmd":["/bin/ryuk"],"Image":"testcontainers/ryuk:0.5.1","Volumes":null,"WorkingDir":"","Entrypoint":null,"OnBuild":null,"Labels":{"org.testcontainers":"true","org.testcontainers.lang":"java","org.testcontainers.ryuk":"true","org.testcontainers.version":"1.19.3"}},"NetworkSettings":{"Bridge":"","SandboxID":"b29c18f03af7110090f4fc14ed55e25b9b539ef050ee8455376614f0c284113d","HairpinMode":false,"LinkLocalIPv6Address":"","LinkLocalIPv6PrefixLen":0,"Ports":{"8080/tcp":[{"HostIp":"0.0.0.0","HostPort":"55456"}]},"SandboxKey":"/var/run/docker/netns/b29c18f03af7","SecondaryIPAddresses":null,"SecondaryIPv6Addresses":null,"EndpointID":"6e76d278a695c2b6cc3e18cd08e70047f4d0e158a37bd446cc5aeac24d894f4f","Gateway":"172.17.0.1","GlobalIPv6Address":"","GlobalIPv6PrefixLen":0,"IPAddress":"172.17.0.2","IPPrefixLen":16,"IPv6Gateway":"","MacAddress":"02:42:ac:11:00:02","Networks":{"bridge":{"IPAMConfig":null,"Links":null,"Aliases":null,"NetworkID":"4855a3a6d66291d99ad08f5acdad3a6f84c792ba7b6bc3f1666bd24ddfb30297","EndpointID":"6e76d278a695c2b6cc3e18cd08e70047f4d0e158a37bd446cc5aeac24d894f4f","Gateway":"172.17.0.1","IPAddress":"172.17.0.2","IPPrefixLen":16,"IPv6Gateway":"","GlobalIPv6Address":"","GlobalIPv6PrefixLen":0,"MacAddress":"02:42:ac:11:00:02","DriverOpts":null}}}}[\n]"
21:45:36.439 [Test worker] DEBUG com.github.dockerjava.zerodep.shaded.org.apache.hc.client5.http.wire - http-outgoing-0 << "[\r][\n]"
21:45:36.439 [Test worker] DEBUG com.github.dockerjava.zerodep.shaded.org.apache.hc.client5.http.wire - http-outgoing-0 << "0[\r][\n]"
21:45:36.439 [Test worker] DEBUG com.github.dockerjava.zerodep.shaded.org.apache.hc.client5.http.wire - http-outgoing-0 << "[\r][\n]"
21:45:36.565 [Test worker] DEBUG com.github.dockerjava.zerodep.shaded.org.apache.hc.client5.http.impl.classic.InternalHttpClient - ep-00000005: releasing valid endpoint
21:45:36.565 [Test worker] DEBUG com.github.dockerjava.zerodep.shaded.org.apache.hc.client5.http.impl.io.PoolingHttpClientConnectionManager - ep-00000005: releasing endpoint
21:45:36.566 [Test worker] DEBUG com.github.dockerjava.zerodep.shaded.org.apache.hc.client5.http.impl.io.PoolingHttpClientConnectionManager - ep-00000005: connection http-outgoing-0 can be kept alive for 3 MINUTES
21:45:36.566 [Test worker] DEBUG com.github.dockerjava.zerodep.shaded.org.apache.hc.client5.http.impl.io.PoolingHttpClientConnectionManager - ep-00000005: connection released [route: {}->unix://localhost:2375][total available: 1; route allocated: 1 of 2147483647; total allocated: 1 of 2147483647]
21:45:36.569 [Test worker] DEBUG org.testcontainers.shaded.com.github.dockerjava.core.command.AbstrDockerCmd - Cmd: sha256:ec913eeff75a6b5ed284cf17e186213a466ec10a8f471798318ffa0813b5d828
21:45:36.571 [Test worker] DEBUG com.github.dockerjava.zerodep.shaded.org.apache.hc.client5.http.impl.classic.InternalHttpClient - ex-00000007: preparing request execution
21:45:36.571 [Test worker] DEBUG com.github.dockerjava.zerodep.shaded.org.apache.hc.client5.http.protocol.RequestAddCookies - Cookie spec selected: strict
21:45:36.571 [Test worker] DEBUG com.github.dockerjava.zerodep.shaded.org.apache.hc.client5.http.protocol.RequestAuthCache - Auth cache not set in the context
21:45:36.571 [Test worker] DEBUG com.github.dockerjava.zerodep.shaded.org.apache.hc.client5.http.impl.classic.ProtocolExec - ex-00000007: target auth state: UNCHALLENGED
21:45:36.571 [Test worker] DEBUG com.github.dockerjava.zerodep.shaded.org.apache.hc.client5.http.impl.classic.ProtocolExec - ex-00000007: proxy auth state: UNCHALLENGED
21:45:36.571 [Test worker] DEBUG com.github.dockerjava.zerodep.shaded.org.apache.hc.client5.http.impl.classic.ConnectExec - ex-00000007: acquiring connection with route {}->unix://localhost:2375
21:45:36.571 [Test worker] DEBUG com.github.dockerjava.zerodep.shaded.org.apache.hc.client5.http.impl.classic.InternalHttpClient - ex-00000007: acquiring endpoint (3 MINUTES)
21:45:36.572 [Test worker] DEBUG com.github.dockerjava.zerodep.shaded.org.apache.hc.client5.http.impl.io.PoolingHttpClientConnectionManager - ex-00000007: endpoint lease request (3 MINUTES) [route: {}->unix://localhost:2375][total available: 1; route allocated: 1 of 2147483647; total allocated: 1 of 2147483647]
21:45:36.572 [Test worker] DEBUG com.github.dockerjava.zerodep.shaded.org.apache.hc.client5.http.impl.io.PoolingHttpClientConnectionManager - ex-00000007: endpoint leased [route: {}->unix://localhost:2375][total available: 0; route allocated: 1 of 2147483647; total allocated: 1 of 2147483647]
21:45:36.572 [Test worker] DEBUG com.github.dockerjava.zerodep.shaded.org.apache.hc.client5.http.impl.io.PoolingHttpClientConnectionManager - ex-00000007: acquired ep-00000006
21:45:36.572 [Test worker] DEBUG com.github.dockerjava.zerodep.shaded.org.apache.hc.client5.http.impl.classic.InternalHttpClient - ex-00000007: acquired endpoint ep-00000006
21:45:36.572 [Test worker] DEBUG com.github.dockerjava.zerodep.shaded.org.apache.hc.client5.http.impl.classic.MainClientExec - ex-00000007: executing GET /v1.32/images/sha256:ec913eeff75a6b5ed284cf17e186213a466ec10a8f471798318ffa0813b5d828/json HTTP/1.1
21:45:36.573 [Test worker] DEBUG com.github.dockerjava.zerodep.shaded.org.apache.hc.client5.http.impl.classic.InternalHttpClient - ep-00000006: start execution ex-00000007
21:45:36.573 [Test worker] DEBUG com.github.dockerjava.zerodep.shaded.org.apache.hc.client5.http.impl.io.PoolingHttpClientConnectionManager - ep-00000006: executing exchange ex-00000007 over http-outgoing-0
21:45:36.573 [Test worker] DEBUG com.github.dockerjava.zerodep.shaded.org.apache.hc.client5.http.headers - http-outgoing-0 >> GET /v1.32/images/sha256:ec913eeff75a6b5ed284cf17e186213a466ec10a8f471798318ffa0813b5d828/json HTTP/1.1
21:45:36.573 [Test worker] DEBUG com.github.dockerjava.zerodep.shaded.org.apache.hc.client5.http.headers - http-outgoing-0 >> accept: application/json
21:45:36.573 [Test worker] DEBUG com.github.dockerjava.zerodep.shaded.org.apache.hc.client5.http.headers - http-outgoing-0 >> x-tc-sid: 02f67430-f20c-4fdd-b619-db29e6c89474
21:45:36.573 [Test worker] DEBUG com.github.dockerjava.zerodep.shaded.org.apache.hc.client5.http.headers - http-outgoing-0 >> User-Agent: tc-java/1.19.3
21:45:36.573 [Test worker] DEBUG com.github.dockerjava.zerodep.shaded.org.apache.hc.client5.http.headers - http-outgoing-0 >> Accept-Encoding: gzip, x-gzip, deflate
21:45:36.573 [Test worker] DEBUG com.github.dockerjava.zerodep.shaded.org.apache.hc.client5.http.headers - http-outgoing-0 >> Host: localhost:2375
21:45:36.573 [Test worker] DEBUG com.github.dockerjava.zerodep.shaded.org.apache.hc.client5.http.headers - http-outgoing-0 >> Connection: keep-alive
21:45:36.574 [Test worker] DEBUG com.github.dockerjava.zerodep.shaded.org.apache.hc.client5.http.wire - http-outgoing-0 >> "GET /v1.32/images/sha256:ec913eeff75a6b5ed284cf17e186213a466ec10a8f471798318ffa0813b5d828/json HTTP/1.1[\r][\n]"
21:45:36.574 [Test worker] DEBUG com.github.dockerjava.zerodep.shaded.org.apache.hc.client5.http.wire - http-outgoing-0 >> "accept: application/json[\r][\n]"
21:45:36.574 [Test worker] DEBUG com.github.dockerjava.zerodep.shaded.org.apache.hc.client5.http.wire - http-outgoing-0 >> "x-tc-sid: 02f67430-f20c-4fdd-b619-db29e6c89474[\r][\n]"
21:45:36.574 [Test worker] DEBUG com.github.dockerjava.zerodep.shaded.org.apache.hc.client5.http.wire - http-outgoing-0 >> "User-Agent: tc-java/1.19.3[\r][\n]"
21:45:36.574 [Test worker] DEBUG com.github.dockerjava.zerodep.shaded.org.apache.hc.client5.http.wire - http-outgoing-0 >> "Accept-Encoding: gzip, x-gzip, deflate[\r][\n]"
21:45:36.574 [Test worker] DEBUG com.github.dockerjava.zerodep.shaded.org.apache.hc.client5.http.wire - http-outgoing-0 >> "Host: localhost:2375[\r][\n]"
21:45:36.574 [Test worker] DEBUG com.github.dockerjava.zerodep.shaded.org.apache.hc.client5.http.wire - http-outgoing-0 >> "Connection: keep-alive[\r][\n]"
21:45:36.574 [Test worker] DEBUG com.github.dockerjava.zerodep.shaded.org.apache.hc.client5.http.wire - http-outgoing-0 >> "[\r][\n]"
21:45:36.578 [Test worker] DEBUG com.github.dockerjava.zerodep.shaded.org.apache.hc.client5.http.wire - http-outgoing-0 << "HTTP/1.1 200 OK[\r][\n]"
21:45:36.579 [Test worker] DEBUG com.github.dockerjava.zerodep.shaded.org.apache.hc.client5.http.wire - http-outgoing-0 << "Api-Version: 1.43[\r][\n]"
21:45:36.579 [Test worker] DEBUG com.github.dockerjava.zerodep.shaded.org.apache.hc.client5.http.wire - http-outgoing-0 << "Content-Type: application/json[\r][\n]"
21:45:36.579 [Test worker] DEBUG com.github.dockerjava.zerodep.shaded.org.apache.hc.client5.http.wire - http-outgoing-0 << "Date: Tue, 11 Jun 2024 00:45:36 GMT[\r][\n]"
21:45:36.579 [Test worker] DEBUG com.github.dockerjava.zerodep.shaded.org.apache.hc.client5.http.wire - http-outgoing-0 << "Docker-Experimental: false[\r][\n]"
21:45:36.580 [Test worker] DEBUG com.github.dockerjava.zerodep.shaded.org.apache.hc.client5.http.wire - http-outgoing-0 << "Ostype: linux[\r][\n]"
21:45:36.580 [Test worker] DEBUG com.github.dockerjava.zerodep.shaded.org.apache.hc.client5.http.wire - http-outgoing-0 << "Server: Docker/24.0.2 (linux)[\r][\n]"
21:45:36.580 [Test worker] DEBUG com.github.dockerjava.zerodep.shaded.org.apache.hc.client5.http.wire - http-outgoing-0 << "Transfer-Encoding: chunked[\r][\n]"
21:45:36.580 [Test worker] DEBUG com.github.dockerjava.zerodep.shaded.org.apache.hc.client5.http.wire - http-outgoing-0 << "[\r][\n]"
21:45:36.581 [Test worker] DEBUG com.github.dockerjava.zerodep.shaded.org.apache.hc.client5.http.headers - http-outgoing-0 << HTTP/1.1 200 OK
21:45:36.581 [Test worker] DEBUG com.github.dockerjava.zerodep.shaded.org.apache.hc.client5.http.headers - http-outgoing-0 << Api-Version: 1.43
21:45:36.581 [Test worker] DEBUG com.github.dockerjava.zerodep.shaded.org.apache.hc.client5.http.headers - http-outgoing-0 << Content-Type: application/json
21:45:36.581 [Test worker] DEBUG com.github.dockerjava.zerodep.shaded.org.apache.hc.client5.http.headers - http-outgoing-0 << Date: Tue, 11 Jun 2024 00:45:36 GMT
21:45:36.581 [Test worker] DEBUG com.github.dockerjava.zerodep.shaded.org.apache.hc.client5.http.headers - http-outgoing-0 << Docker-Experimental: false
21:45:36.581 [Test worker] DEBUG com.github.dockerjava.zerodep.shaded.org.apache.hc.client5.http.headers - http-outgoing-0 << Ostype: linux
21:45:36.581 [Test worker] DEBUG com.github.dockerjava.zerodep.shaded.org.apache.hc.client5.http.headers - http-outgoing-0 << Server: Docker/24.0.2 (linux)
21:45:36.581 [Test worker] DEBUG com.github.dockerjava.zerodep.shaded.org.apache.hc.client5.http.headers - http-outgoing-0 << Transfer-Encoding: chunked
21:45:36.582 [Test worker] DEBUG com.github.dockerjava.zerodep.shaded.org.apache.hc.client5.http.impl.classic.MainClientExec - ex-00000007: connection can be kept alive for 3 MINUTES
21:45:36.582 [Test worker] DEBUG com.github.dockerjava.zerodep.shaded.org.apache.hc.client5.http.wire - http-outgoing-0 << "7d1[\r][\n]"
21:45:36.582 [Test worker] DEBUG com.github.dockerjava.zerodep.shaded.org.apache.hc.client5.http.wire - http-outgoing-0 << "{"Id":"sha256:ec913eeff75a6b5ed284cf17e186213a466ec10a8f471798318ffa0813b5d828","RepoTags":["testcontainers/ryuk:0.5.1"],"RepoDigests":["testcontainers/ryuk@sha256:533abc56c07b52a26c955d1e7ae428d810582ab01c156384ae79960eb5fa0775"],"Parent":"","Comment":"buildkit.dockerfile.v0","Created":"2023-05-17T15:11:02.784684507Z","Container":"","ContainerConfig":{"Hostname":"","Domainname":"","User":"","AttachStdin":false,"AttachStdout":false,"AttachStderr":false,"Tty":false,"OpenStdin":false,"StdinOnce":false,"Env":null,"Cmd":null,"Image":"","Volumes":null,"WorkingDir":"","Entrypoint":null,"OnBuild":null,"Labels":null},"DockerVersion":"","Author":"","Config":{"Hostname":"","Domainname":"","User":"","AttachStdin":false,"AttachStdout":false,"AttachStderr":false,"Tty":false,"OpenStdin":false,"StdinOnce":false,"Env":["PATH=/usr/local/sbin:/usr/local/bin:/usr/sbin:/usr/bin:/sbin:/bin"],"Cmd":["/bin/ryuk"],"ArgsEscaped":true,"Image":"","Volumes":null,"WorkingDir":"","Entrypoint":null,"OnBuild":null,"Labels":{"org.testcontainers.ryuk":"true"}},"Architecture":"amd64","Os":"linux","Size":12695732,"VirtualSize":12695732,"GraphDriver":{"Data":{"LowerDir":"/var/lib/docker/overlay2/6d2345fd070f866e44101e9cbc269e469a62f001aed804004c61deaa2f89b6a1/diff:/var/lib/docker/overlay2/d45fba1c4a0bd858f9e5b8de26ec145f4db794c188e7de90310c747003ead3c6/diff","MergedDir":"/var/lib/docker/overlay2/cde5f21e7a073f63f4afc35f6f457442e5c0dbf3dfcec04eb6d637f8982fb6aa/merged","UpperDir":"/var/lib/docker/overlay2/cde5f21e7a073f63f4afc35f6f457442e5c0dbf3dfcec04eb6d637f8982fb6aa/diff","WorkDir":"/var/lib/docker/overlay2/cde5f21e7a073f63f4afc35f6f457442e5c0dbf3dfcec04eb6d637f8982fb6aa/work"},"Name":"overlay2"},"RootFS":{"Type":"layers","Layers":["sha256:5bc340f6d4f5a3bc999dfbc790a0bdf0920b9103ef794645034de4260ee4e9c8","sha256:399f3aa1fc62064e0be857829b8e7284408be4b60db81996e105a78e2059e5c9","sha256:2ad1a08beb0cf8625d0ffd3d2847150709df6fdb34c6a2ef514106ad08c5d785"]},"Metadata":{"LastTagTime":"0001-01-01T00:00:00Z"}}[\n]"
21:45:36.583 [Test worker] DEBUG com.github.dockerjava.zerodep.shaded.org.apache.hc.client5.http.wire - http-outgoing-0 << "[\r][\n]"
21:45:36.583 [Test worker] DEBUG com.github.dockerjava.zerodep.shaded.org.apache.hc.client5.http.wire - http-outgoing-0 << "0[\r][\n]"
21:45:36.583 [Test worker] DEBUG com.github.dockerjava.zerodep.shaded.org.apache.hc.client5.http.wire - http-outgoing-0 << "[\r][\n]"
21:45:36.590 [Test worker] DEBUG com.github.dockerjava.zerodep.shaded.org.apache.hc.client5.http.impl.classic.InternalHttpClient - ep-00000006: releasing valid endpoint
21:45:36.590 [Test worker] DEBUG com.github.dockerjava.zerodep.shaded.org.apache.hc.client5.http.impl.io.PoolingHttpClientConnectionManager - ep-00000006: releasing endpoint
21:45:36.590 [Test worker] DEBUG com.github.dockerjava.zerodep.shaded.org.apache.hc.client5.http.impl.io.PoolingHttpClientConnectionManager - ep-00000006: connection http-outgoing-0 can be kept alive for 3 MINUTES
21:45:36.591 [Test worker] DEBUG com.github.dockerjava.zerodep.shaded.org.apache.hc.client5.http.impl.io.PoolingHttpClientConnectionManager - ep-00000006: connection released [route: {}->unix://localhost:2375][total available: 1; route allocated: 1 of 2147483647; total allocated: 1 of 2147483647]
21:45:36.591 [Test worker] DEBUG org.testcontainers.shaded.com.github.dockerjava.core.command.AbstrDockerCmd - Cmd: 
21:45:36.592 [Test worker] DEBUG com.github.dockerjava.zerodep.shaded.org.apache.hc.client5.http.impl.classic.InternalHttpClient - ex-00000008: preparing request execution
21:45:36.593 [Test worker] DEBUG com.github.dockerjava.zerodep.shaded.org.apache.hc.client5.http.protocol.RequestAddCookies - Cookie spec selected: strict
21:45:36.593 [Test worker] DEBUG com.github.dockerjava.zerodep.shaded.org.apache.hc.client5.http.protocol.RequestAuthCache - Auth cache not set in the context
21:45:36.593 [Test worker] DEBUG com.github.dockerjava.zerodep.shaded.org.apache.hc.client5.http.impl.classic.ProtocolExec - ex-00000008: target auth state: UNCHALLENGED
21:45:36.593 [Test worker] DEBUG com.github.dockerjava.zerodep.shaded.org.apache.hc.client5.http.impl.classic.ProtocolExec - ex-00000008: proxy auth state: UNCHALLENGED
21:45:36.593 [Test worker] DEBUG com.github.dockerjava.zerodep.shaded.org.apache.hc.client5.http.impl.classic.ConnectExec - ex-00000008: acquiring connection with route {}->unix://localhost:2375
21:45:36.593 [Test worker] DEBUG com.github.dockerjava.zerodep.shaded.org.apache.hc.client5.http.impl.classic.InternalHttpClient - ex-00000008: acquiring endpoint (3 MINUTES)
21:45:36.593 [Test worker] DEBUG com.github.dockerjava.zerodep.shaded.org.apache.hc.client5.http.impl.io.PoolingHttpClientConnectionManager - ex-00000008: endpoint lease request (3 MINUTES) [route: {}->unix://localhost:2375][total available: 1; route allocated: 1 of 2147483647; total allocated: 1 of 2147483647]
21:45:36.594 [Test worker] DEBUG com.github.dockerjava.zerodep.shaded.org.apache.hc.client5.http.impl.io.PoolingHttpClientConnectionManager - ex-00000008: endpoint leased [route: {}->unix://localhost:2375][total available: 0; route allocated: 1 of 2147483647; total allocated: 1 of 2147483647]
21:45:36.594 [Test worker] DEBUG com.github.dockerjava.zerodep.shaded.org.apache.hc.client5.http.impl.io.PoolingHttpClientConnectionManager - ex-00000008: acquired ep-00000007
21:45:36.594 [Test worker] DEBUG com.github.dockerjava.zerodep.shaded.org.apache.hc.client5.http.impl.classic.InternalHttpClient - ex-00000008: acquired endpoint ep-00000007
21:45:36.594 [Test worker] DEBUG com.github.dockerjava.zerodep.shaded.org.apache.hc.client5.http.impl.classic.MainClientExec - ex-00000008: executing GET /v1.32/version HTTP/1.1
21:45:36.595 [Test worker] DEBUG com.github.dockerjava.zerodep.shaded.org.apache.hc.client5.http.impl.classic.InternalHttpClient - ep-00000007: start execution ex-00000008
21:45:36.595 [Test worker] DEBUG com.github.dockerjava.zerodep.shaded.org.apache.hc.client5.http.impl.io.PoolingHttpClientConnectionManager - ep-00000007: executing exchange ex-00000008 over http-outgoing-0
21:45:36.595 [Test worker] DEBUG com.github.dockerjava.zerodep.shaded.org.apache.hc.client5.http.headers - http-outgoing-0 >> GET /v1.32/version HTTP/1.1
21:45:36.595 [Test worker] DEBUG com.github.dockerjava.zerodep.shaded.org.apache.hc.client5.http.headers - http-outgoing-0 >> accept: application/json
21:45:36.596 [Test worker] DEBUG com.github.dockerjava.zerodep.shaded.org.apache.hc.client5.http.headers - http-outgoing-0 >> x-tc-sid: 02f67430-f20c-4fdd-b619-db29e6c89474
21:45:36.596 [Test worker] DEBUG com.github.dockerjava.zerodep.shaded.org.apache.hc.client5.http.headers - http-outgoing-0 >> User-Agent: tc-java/1.19.3
21:45:36.596 [Test worker] DEBUG com.github.dockerjava.zerodep.shaded.org.apache.hc.client5.http.headers - http-outgoing-0 >> Accept-Encoding: gzip, x-gzip, deflate
21:45:36.596 [Test worker] DEBUG com.github.dockerjava.zerodep.shaded.org.apache.hc.client5.http.headers - http-outgoing-0 >> Host: localhost:2375
21:45:36.596 [Test worker] DEBUG com.github.dockerjava.zerodep.shaded.org.apache.hc.client5.http.headers - http-outgoing-0 >> Connection: keep-alive
21:45:36.596 [Test worker] DEBUG com.github.dockerjava.zerodep.shaded.org.apache.hc.client5.http.wire - http-outgoing-0 >> "GET /v1.32/version HTTP/1.1[\r][\n]"
21:45:36.596 [Test worker] DEBUG com.github.dockerjava.zerodep.shaded.org.apache.hc.client5.http.wire - http-outgoing-0 >> "accept: application/json[\r][\n]"
21:45:36.596 [Test worker] DEBUG com.github.dockerjava.zerodep.shaded.org.apache.hc.client5.http.wire - http-outgoing-0 >> "x-tc-sid: 02f67430-f20c-4fdd-b619-db29e6c89474[\r][\n]"
21:45:36.596 [Test worker] DEBUG com.github.dockerjava.zerodep.shaded.org.apache.hc.client5.http.wire - http-outgoing-0 >> "User-Agent: tc-java/1.19.3[\r][\n]"
21:45:36.597 [Test worker] DEBUG com.github.dockerjava.zerodep.shaded.org.apache.hc.client5.http.wire - http-outgoing-0 >> "Accept-Encoding: gzip, x-gzip, deflate[\r][\n]"
21:45:36.597 [Test worker] DEBUG com.github.dockerjava.zerodep.shaded.org.apache.hc.client5.http.wire - http-outgoing-0 >> "Host: localhost:2375[\r][\n]"
21:45:36.597 [Test worker] DEBUG com.github.dockerjava.zerodep.shaded.org.apache.hc.client5.http.wire - http-outgoing-0 >> "Connection: keep-alive[\r][\n]"
21:45:36.597 [Test worker] DEBUG com.github.dockerjava.zerodep.shaded.org.apache.hc.client5.http.wire - http-outgoing-0 >> "[\r][\n]"
21:45:36.612 [Test worker] DEBUG com.github.dockerjava.zerodep.shaded.org.apache.hc.client5.http.wire - http-outgoing-0 << "HTTP/1.1 200 OK[\r][\n]"
21:45:36.612 [Test worker] DEBUG com.github.dockerjava.zerodep.shaded.org.apache.hc.client5.http.wire - http-outgoing-0 << "Api-Version: 1.43[\r][\n]"
21:45:36.613 [Test worker] DEBUG com.github.dockerjava.zerodep.shaded.org.apache.hc.client5.http.wire - http-outgoing-0 << "Content-Type: application/json[\r][\n]"
21:45:36.613 [Test worker] DEBUG com.github.dockerjava.zerodep.shaded.org.apache.hc.client5.http.wire - http-outgoing-0 << "Date: Tue, 11 Jun 2024 00:45:36 GMT[\r][\n]"
21:45:36.613 [Test worker] DEBUG com.github.dockerjava.zerodep.shaded.org.apache.hc.client5.http.wire - http-outgoing-0 << "Docker-Experimental: false[\r][\n]"
21:45:36.613 [Test worker] DEBUG com.github.dockerjava.zerodep.shaded.org.apache.hc.client5.http.wire - http-outgoing-0 << "Ostype: linux[\r][\n]"
21:45:36.613 [Test worker] DEBUG com.github.dockerjava.zerodep.shaded.org.apache.hc.client5.http.wire - http-outgoing-0 << "Server: Docker/24.0.2 (linux)[\r][\n]"
21:45:36.613 [Test worker] DEBUG com.github.dockerjava.zerodep.shaded.org.apache.hc.client5.http.wire - http-outgoing-0 << "Transfer-Encoding: chunked[\r][\n]"
21:45:36.614 [Test worker] DEBUG com.github.dockerjava.zerodep.shaded.org.apache.hc.client5.http.wire - http-outgoing-0 << "[\r][\n]"
21:45:36.614 [Test worker] DEBUG com.github.dockerjava.zerodep.shaded.org.apache.hc.client5.http.headers - http-outgoing-0 << HTTP/1.1 200 OK
21:45:36.614 [Test worker] DEBUG com.github.dockerjava.zerodep.shaded.org.apache.hc.client5.http.headers - http-outgoing-0 << Api-Version: 1.43
21:45:36.614 [Test worker] DEBUG com.github.dockerjava.zerodep.shaded.org.apache.hc.client5.http.headers - http-outgoing-0 << Content-Type: application/json
21:45:36.614 [Test worker] DEBUG com.github.dockerjava.zerodep.shaded.org.apache.hc.client5.http.headers - http-outgoing-0 << Date: Tue, 11 Jun 2024 00:45:36 GMT
21:45:36.614 [Test worker] DEBUG com.github.dockerjava.zerodep.shaded.org.apache.hc.client5.http.headers - http-outgoing-0 << Docker-Experimental: false
21:45:36.614 [Test worker] DEBUG com.github.dockerjava.zerodep.shaded.org.apache.hc.client5.http.headers - http-outgoing-0 << Ostype: linux
21:45:36.614 [Test worker] DEBUG com.github.dockerjava.zerodep.shaded.org.apache.hc.client5.http.headers - http-outgoing-0 << Server: Docker/24.0.2 (linux)
21:45:36.614 [Test worker] DEBUG com.github.dockerjava.zerodep.shaded.org.apache.hc.client5.http.headers - http-outgoing-0 << Transfer-Encoding: chunked
21:45:36.614 [Test worker] DEBUG com.github.dockerjava.zerodep.shaded.org.apache.hc.client5.http.impl.classic.MainClientExec - ex-00000008: connection can be kept alive for 3 MINUTES
21:45:36.615 [Test worker] DEBUG com.github.dockerjava.zerodep.shaded.org.apache.hc.client5.http.wire - http-outgoing-0 << "33f[\r][\n]"
21:45:36.615 [Test worker] DEBUG com.github.dockerjava.zerodep.shaded.org.apache.hc.client5.http.wire - http-outgoing-0 << "{"Platform":{"Name":"Docker Desktop 4.20.1 (110738)"},"Components":[{"Name":"Engine","Version":"24.0.2","Details":{"ApiVersion":"1.43","Arch":"amd64","BuildTime":"2023-05-25T21:52:17.000000000+00:00","Experimental":"false","GitCommit":"659604f","GoVersion":"go1.20.4","KernelVersion":"5.15.49-linuxkit-pr","MinAPIVersion":"1.12","Os":"linux"}},{"Name":"containerd","Version":"1.6.21","Details":{"GitCommit":"3dce8eb055cbb6872793272b4f20ed16117344f8"}},{"Name":"runc","Version":"1.1.7","Details":{"GitCommit":"v1.1.7-0-g860f061"}},{"Name":"docker-init","Version":"0.19.0","Details":{"GitCommit":"de40ad0"}}],"Version":"24.0.2","ApiVersion":"1.43","MinAPIVersion":"1.12","GitCommit":"659604f","GoVersion":"go1.20.4","Os":"linux","Arch":"amd64","KernelVersion":"5.15.49-linuxkit-pr","BuildTime":"2023-05-25T21:52:17.000000000+00:00"}[\n]"
21:45:36.615 [Test worker] DEBUG com.github.dockerjava.zerodep.shaded.org.apache.hc.client5.http.wire - http-outgoing-0 << "[\r][\n]"
21:45:36.615 [Test worker] DEBUG com.github.dockerjava.zerodep.shaded.org.apache.hc.client5.http.wire - http-outgoing-0 << "0[\r][\n]"
21:45:36.615 [Test worker] DEBUG com.github.dockerjava.zerodep.shaded.org.apache.hc.client5.http.wire - http-outgoing-0 << "[\r][\n]"
21:45:36.616 [Test worker] DEBUG com.github.dockerjava.zerodep.shaded.org.apache.hc.client5.http.impl.classic.InternalHttpClient - ep-00000007: releasing valid endpoint
21:45:36.616 [Test worker] DEBUG com.github.dockerjava.zerodep.shaded.org.apache.hc.client5.http.impl.io.PoolingHttpClientConnectionManager - ep-00000007: releasing endpoint
21:45:36.616 [Test worker] DEBUG com.github.dockerjava.zerodep.shaded.org.apache.hc.client5.http.impl.io.PoolingHttpClientConnectionManager - ep-00000007: connection http-outgoing-0 can be kept alive for 3 MINUTES
21:45:36.616 [Test worker] DEBUG com.github.dockerjava.zerodep.shaded.org.apache.hc.client5.http.impl.io.PoolingHttpClientConnectionManager - ep-00000007: connection released [route: {}->unix://localhost:2375][total available: 1; route allocated: 1 of 2147483647; total allocated: 1 of 2147483647]
21:45:36.626 [docker-java-stream-757120068] DEBUG com.github.dockerjava.zerodep.shaded.org.apache.hc.client5.http.impl.classic.InternalHttpClient - ex-00000009: preparing request execution
21:45:36.626 [docker-java-stream-757120068] DEBUG com.github.dockerjava.zerodep.shaded.org.apache.hc.client5.http.protocol.RequestAddCookies - Cookie spec selected: strict
21:45:36.626 [docker-java-stream-757120068] DEBUG com.github.dockerjava.zerodep.shaded.org.apache.hc.client5.http.protocol.RequestAuthCache - Auth cache not set in the context
21:45:36.626 [docker-java-stream-757120068] DEBUG com.github.dockerjava.zerodep.shaded.org.apache.hc.client5.http.impl.classic.ProtocolExec - ex-00000009: target auth state: UNCHALLENGED
21:45:36.626 [docker-java-stream-757120068] DEBUG com.github.dockerjava.zerodep.shaded.org.apache.hc.client5.http.impl.classic.ProtocolExec - ex-00000009: proxy auth state: UNCHALLENGED
21:45:36.626 [docker-java-stream-757120068] DEBUG com.github.dockerjava.zerodep.shaded.org.apache.hc.client5.http.impl.classic.ConnectExec - ex-00000009: acquiring connection with route {}->unix://localhost:2375
21:45:36.626 [docker-java-stream-757120068] DEBUG com.github.dockerjava.zerodep.shaded.org.apache.hc.client5.http.impl.classic.InternalHttpClient - ex-00000009: acquiring endpoint (3 MINUTES)
21:45:36.626 [docker-java-stream-757120068] DEBUG com.github.dockerjava.zerodep.shaded.org.apache.hc.client5.http.impl.io.PoolingHttpClientConnectionManager - ex-00000009: endpoint lease request (3 MINUTES) [route: {}->unix://localhost:2375][total available: 1; route allocated: 1 of 2147483647; total allocated: 1 of 2147483647]
21:45:36.627 [docker-java-stream-757120068] DEBUG com.github.dockerjava.zerodep.shaded.org.apache.hc.client5.http.impl.io.PoolingHttpClientConnectionManager - ex-00000009: endpoint leased [route: {}->unix://localhost:2375][total available: 0; route allocated: 1 of 2147483647; total allocated: 1 of 2147483647]
21:45:36.627 [docker-java-stream-757120068] DEBUG com.github.dockerjava.zerodep.shaded.org.apache.hc.client5.http.impl.io.PoolingHttpClientConnectionManager - ex-00000009: acquired ep-00000008
21:45:36.627 [docker-java-stream-757120068] DEBUG com.github.dockerjava.zerodep.shaded.org.apache.hc.client5.http.impl.classic.InternalHttpClient - ex-00000009: acquired endpoint ep-00000008
21:45:36.627 [docker-java-stream-757120068] DEBUG com.github.dockerjava.zerodep.shaded.org.apache.hc.client5.http.impl.classic.MainClientExec - ex-00000009: executing GET /v1.32/containers/a8af9b7893fb06c438528e0322a4d7e2ac23827485b95670aaed68ace7588e20/logs?stdout=true&stderr=true&follow=true&since=0 HTTP/1.1
21:45:36.627 [docker-java-stream-757120068] DEBUG com.github.dockerjava.zerodep.shaded.org.apache.hc.client5.http.impl.classic.InternalHttpClient - ep-00000008: start execution ex-00000009
21:45:36.627 [docker-java-stream-757120068] DEBUG com.github.dockerjava.zerodep.shaded.org.apache.hc.client5.http.impl.io.PoolingHttpClientConnectionManager - ep-00000008: executing exchange ex-00000009 over http-outgoing-0
21:45:36.627 [docker-java-stream-757120068] DEBUG com.github.dockerjava.zerodep.shaded.org.apache.hc.client5.http.headers - http-outgoing-0 >> GET /v1.32/containers/a8af9b7893fb06c438528e0322a4d7e2ac23827485b95670aaed68ace7588e20/logs?stdout=true&stderr=true&follow=true&since=0 HTTP/1.1
21:45:36.627 [docker-java-stream-757120068] DEBUG com.github.dockerjava.zerodep.shaded.org.apache.hc.client5.http.headers - http-outgoing-0 >> x-tc-sid: 02f67430-f20c-4fdd-b619-db29e6c89474
21:45:36.627 [docker-java-stream-757120068] DEBUG com.github.dockerjava.zerodep.shaded.org.apache.hc.client5.http.headers - http-outgoing-0 >> User-Agent: tc-java/1.19.3
21:45:36.627 [docker-java-stream-757120068] DEBUG com.github.dockerjava.zerodep.shaded.org.apache.hc.client5.http.headers - http-outgoing-0 >> Accept-Encoding: gzip, x-gzip, deflate
21:45:36.627 [docker-java-stream-757120068] DEBUG com.github.dockerjava.zerodep.shaded.org.apache.hc.client5.http.headers - http-outgoing-0 >> Host: localhost:2375
21:45:36.627 [docker-java-stream-757120068] DEBUG com.github.dockerjava.zerodep.shaded.org.apache.hc.client5.http.headers - http-outgoing-0 >> Connection: keep-alive
21:45:36.627 [docker-java-stream-757120068] DEBUG com.github.dockerjava.zerodep.shaded.org.apache.hc.client5.http.wire - http-outgoing-0 >> "GET /v1.32/containers/a8af9b7893fb06c438528e0322a4d7e2ac23827485b95670aaed68ace7588e20/logs?stdout=true&stderr=true&follow=true&since=0 HTTP/1.1[\r][\n]"
21:45:36.627 [docker-java-stream-757120068] DEBUG com.github.dockerjava.zerodep.shaded.org.apache.hc.client5.http.wire - http-outgoing-0 >> "x-tc-sid: 02f67430-f20c-4fdd-b619-db29e6c89474[\r][\n]"
21:45:36.627 [docker-java-stream-757120068] DEBUG com.github.dockerjava.zerodep.shaded.org.apache.hc.client5.http.wire - http-outgoing-0 >> "User-Agent: tc-java/1.19.3[\r][\n]"
21:45:36.627 [docker-java-stream-757120068] DEBUG com.github.dockerjava.zerodep.shaded.org.apache.hc.client5.http.wire - http-outgoing-0 >> "Accept-Encoding: gzip, x-gzip, deflate[\r][\n]"
21:45:36.627 [docker-java-stream-757120068] DEBUG com.github.dockerjava.zerodep.shaded.org.apache.hc.client5.http.wire - http-outgoing-0 >> "Host: localhost:2375[\r][\n]"
21:45:36.627 [docker-java-stream-757120068] DEBUG com.github.dockerjava.zerodep.shaded.org.apache.hc.client5.http.wire - http-outgoing-0 >> "Connection: keep-alive[\r][\n]"
21:45:36.627 [docker-java-stream-757120068] DEBUG com.github.dockerjava.zerodep.shaded.org.apache.hc.client5.http.wire - http-outgoing-0 >> "[\r][\n]"
21:45:36.631 [docker-java-stream-757120068] DEBUG com.github.dockerjava.zerodep.shaded.org.apache.hc.client5.http.wire - http-outgoing-0 << "HTTP/1.1 200 OK[\r][\n]"
21:45:36.631 [docker-java-stream-757120068] DEBUG com.github.dockerjava.zerodep.shaded.org.apache.hc.client5.http.wire - http-outgoing-0 << "Api-Version: 1.43[\r][\n]"
21:45:36.631 [docker-java-stream-757120068] DEBUG com.github.dockerjava.zerodep.shaded.org.apache.hc.client5.http.wire - http-outgoing-0 << "Content-Type: application/vnd.docker.raw-stream[\r][\n]"
21:45:36.631 [docker-java-stream-757120068] DEBUG com.github.dockerjava.zerodep.shaded.org.apache.hc.client5.http.wire - http-outgoing-0 << "Date: Tue, 11 Jun 2024 00:45:36 GMT[\r][\n]"
21:45:36.631 [docker-java-stream-757120068] DEBUG com.github.dockerjava.zerodep.shaded.org.apache.hc.client5.http.wire - http-outgoing-0 << "Docker-Experimental: false[\r][\n]"
21:45:36.631 [docker-java-stream-757120068] DEBUG com.github.dockerjava.zerodep.shaded.org.apache.hc.client5.http.wire - http-outgoing-0 << "Ostype: linux[\r][\n]"
21:45:36.631 [docker-java-stream-757120068] DEBUG com.github.dockerjava.zerodep.shaded.org.apache.hc.client5.http.wire - http-outgoing-0 << "Server: Docker/24.0.2 (linux)[\r][\n]"
21:45:36.631 [docker-java-stream-757120068] DEBUG com.github.dockerjava.zerodep.shaded.org.apache.hc.client5.http.wire - http-outgoing-0 << "Transfer-Encoding: chunked[\r][\n]"
21:45:36.631 [docker-java-stream-757120068] DEBUG com.github.dockerjava.zerodep.shaded.org.apache.hc.client5.http.wire - http-outgoing-0 << "[\r][\n]"
21:45:36.632 [docker-java-stream-757120068] DEBUG com.github.dockerjava.zerodep.shaded.org.apache.hc.client5.http.headers - http-outgoing-0 << HTTP/1.1 200 OK
21:45:36.632 [docker-java-stream-757120068] DEBUG com.github.dockerjava.zerodep.shaded.org.apache.hc.client5.http.headers - http-outgoing-0 << Api-Version: 1.43
21:45:36.632 [docker-java-stream-757120068] DEBUG com.github.dockerjava.zerodep.shaded.org.apache.hc.client5.http.headers - http-outgoing-0 << Content-Type: application/vnd.docker.raw-stream
21:45:36.632 [docker-java-stream-757120068] DEBUG com.github.dockerjava.zerodep.shaded.org.apache.hc.client5.http.headers - http-outgoing-0 << Date: Tue, 11 Jun 2024 00:45:36 GMT
21:45:36.632 [docker-java-stream-757120068] DEBUG com.github.dockerjava.zerodep.shaded.org.apache.hc.client5.http.headers - http-outgoing-0 << Docker-Experimental: false
21:45:36.632 [docker-java-stream-757120068] DEBUG com.github.dockerjava.zerodep.shaded.org.apache.hc.client5.http.headers - http-outgoing-0 << Ostype: linux
21:45:36.632 [docker-java-stream-757120068] DEBUG com.github.dockerjava.zerodep.shaded.org.apache.hc.client5.http.headers - http-outgoing-0 << Server: Docker/24.0.2 (linux)
21:45:36.632 [docker-java-stream-757120068] DEBUG com.github.dockerjava.zerodep.shaded.org.apache.hc.client5.http.headers - http-outgoing-0 << Transfer-Encoding: chunked
21:45:36.632 [docker-java-stream-757120068] DEBUG com.github.dockerjava.zerodep.shaded.org.apache.hc.client5.http.impl.classic.MainClientExec - ex-00000009: connection can be kept alive for 3 MINUTES
21:45:36.635 [docker-java-stream-757120068] DEBUG com.github.dockerjava.zerodep.shaded.org.apache.hc.client5.http.wire - http-outgoing-0 << "c0[\r][\n]"
21:45:36.636 [docker-java-stream-757120068] DEBUG com.github.dockerjava.zerodep.shaded.org.apache.hc.client5.http.wire - http-outgoing-0 << "[0x2][0x0][0x0][0x0][0x0][0x0][0x0]&2024/06/11 00:45:36 Pinging Docker...[\n]"
21:45:36.636 [docker-java-stream-757120068] DEBUG com.github.dockerjava.zerodep.shaded.org.apache.hc.client5.http.wire - http-outgoing-0 << "[0x2][0x0][0x0][0x0][0x0][0x0][0x0]02024/06/11 00:45:36 Docker daemon is available![\n]"
21:45:36.636 [docker-java-stream-757120068] DEBUG com.github.dockerjava.zerodep.shaded.org.apache.hc.client5.http.wire - http-outgoing-0 << "[0x2][0x0][0x0][0x0][0x0][0x0][0x0]-2024/06/11 00:45:36 Starting on port 8080...[\n]"
21:45:36.636 [docker-java-stream-757120068] DEBUG com.github.dockerjava.zerodep.shaded.org.apache.hc.client5.http.wire - http-outgoing-0 << "[0x2][0x0][0x0][0x0][0x0][0x0][0x0][0x1d]2024/06/11 00:45:36 Started![\n]"
21:45:36.636 [docker-java-stream-757120068] DEBUG com.github.dockerjava.zerodep.shaded.org.apache.hc.client5.http.wire - http-outgoing-0 << "[\r][\n]"
21:45:36.637 [Test worker] DEBUG org.testcontainers.containers.output.WaitingConsumer - STDERR: 2024/06/11 00:45:36 Pinging Docker...
21:45:36.637 [Test worker] DEBUG org.testcontainers.containers.output.WaitingConsumer - STDERR: 2024/06/11 00:45:36 Started!
21:45:36.640 [Test worker] DEBUG com.github.dockerjava.zerodep.shaded.org.apache.hc.client5.http.impl.classic.InternalHttpClient - ep-00000008: cancel
21:45:36.640 [docker-java-stream-757120068] DEBUG com.github.dockerjava.zerodep.shaded.org.apache.hc.client5.http.wire - http-outgoing-0 << "[read] I/O error: null"
21:45:36.640 [docker-java-stream-757120068] DEBUG com.github.dockerjava.zerodep.shaded.org.apache.hc.client5.http.wire - http-outgoing-0 << "[read] I/O error: null"
21:45:36.641 [Test worker] DEBUG com.github.dockerjava.zerodep.shaded.org.apache.hc.client5.http.impl.io.DefaultManagedHttpClientConnection - http-outgoing-0: close connection IMMEDIATE
21:45:36.643 [Test worker] DEBUG com.github.dockerjava.zerodep.shaded.org.apache.hc.client5.http.impl.classic.InternalHttpClient - ep-00000008: endpoint closed
21:45:36.643 [Test worker] DEBUG com.github.dockerjava.zerodep.shaded.org.apache.hc.client5.http.impl.classic.InternalHttpClient - ep-00000008: discarding endpoint
21:45:36.643 [docker-java-stream-757120068] DEBUG com.github.dockerjava.zerodep.ApacheDockerHttpClientImpl$ApacheResponse - Failed to close the response
java.nio.channels.ClosedChannelException: null
	at java.base/sun.nio.ch.SocketChannelImpl.ensureOpenAndConnected(SocketChannelImpl.java:215)
	at java.base/sun.nio.ch.SocketChannelImpl.read(SocketChannelImpl.java:403)
	at java.base/sun.nio.ch.ChannelInputStream.read(ChannelInputStream.java:59)
	at java.base/sun.nio.ch.ChannelInputStream.read(ChannelInputStream.java:107)
	at java.base/sun.nio.ch.ChannelInputStream.read(ChannelInputStream.java:101)
	at com.github.dockerjava.zerodep.shaded.org.apache.hc.client5.http.impl.io.LoggingInputStream.read(LoggingInputStream.java:81)
	at com.github.dockerjava.zerodep.shaded.org.apache.hc.core5.http.impl.io.SessionInputBufferImpl.fillBuffer(SessionInputBufferImpl.java:149)
	at com.github.dockerjava.zerodep.shaded.org.apache.hc.core5.http.impl.io.SessionInputBufferImpl.readLine(SessionInputBufferImpl.java:280)
	at com.github.dockerjava.zerodep.shaded.org.apache.hc.core5.http.impl.io.ChunkedInputStream.getChunkSize(ChunkedInputStream.java:261)
	at com.github.dockerjava.zerodep.shaded.org.apache.hc.core5.http.impl.io.ChunkedInputStream.nextChunk(ChunkedInputStream.java:222)
	at com.github.dockerjava.zerodep.shaded.org.apache.hc.core5.http.impl.io.ChunkedInputStream.read(ChunkedInputStream.java:147)
	at com.github.dockerjava.zerodep.shaded.org.apache.hc.core5.http.impl.io.ChunkedInputStream.close(ChunkedInputStream.java:314)
	at com.github.dockerjava.zerodep.shaded.org.apache.hc.core5.io.Closer.close(Closer.java:48)
	at com.github.dockerjava.zerodep.shaded.org.apache.hc.core5.http.impl.io.IncomingHttpEntity.close(IncomingHttpEntity.java:111)
	at com.github.dockerjava.zerodep.shaded.org.apache.hc.core5.http.io.entity.HttpEntityWrapper.close(HttpEntityWrapper.java:120)
	at com.github.dockerjava.zerodep.shaded.org.apache.hc.core5.io.Closer.close(Closer.java:48)
	at com.github.dockerjava.zerodep.shaded.org.apache.hc.core5.http.message.BasicClassicHttpResponse.close(BasicClassicHttpResponse.java:93)
	at com.github.dockerjava.zerodep.shaded.org.apache.hc.client5.http.impl.classic.CloseableHttpResponse.close(CloseableHttpResponse.java:200)
	at com.github.dockerjava.zerodep.ApacheDockerHttpClientImpl$ApacheResponse.close(ApacheDockerHttpClientImpl.java:256)
	at org.testcontainers.shaded.com.github.dockerjava.core.DefaultInvocationBuilder.lambda$executeAndStream$1(DefaultInvocationBuilder.java:277)
	at java.base/java.lang.Thread.run(Thread.java:833)
21:45:36.643 [Test worker] DEBUG com.github.dockerjava.zerodep.shaded.org.apache.hc.client5.http.impl.io.PoolingHttpClientConnectionManager - ep-00000008: releasing endpoint
21:45:36.644 [Test worker] DEBUG com.github.dockerjava.zerodep.shaded.org.apache.hc.client5.http.impl.io.PoolingHttpClientConnectionManager - ep-00000008: connection is not kept alive
21:45:36.644 [Test worker] DEBUG com.github.dockerjava.zerodep.shaded.org.apache.hc.client5.http.impl.io.PoolingHttpClientConnectionManager - ep-00000008: connection released [route: {}->unix://localhost:2375][total available: 0; route allocated: 0 of 2147483647; total allocated: 0 of 2147483647]
21:45:36.645 [Test worker] INFO tc.testcontainers/ryuk:0.5.1 - Container testcontainers/ryuk:0.5.1 started in PT1.242853S
21:45:36.651 [testcontainers-ryuk] DEBUG org.testcontainers.utility.ResourceReaper - Sending 'label=org.testcontainers%3Dtrue&label=org.testcontainers.lang%3Djava&label=org.testcontainers.version%3D1.19.3&label=org.testcontainers.sessionId%3D02f67430-f20c-4fdd-b619-db29e6c89474' to Ryuk
21:45:36.658 [testcontainers-ryuk] DEBUG org.testcontainers.utility.RyukResourceReaper - Received 'ACK' from Ryuk
21:45:36.659 [Test worker] INFO org.testcontainers.utility.RyukResourceReaper - Ryuk started - will monitor and terminate Testcontainers containers on JVM exit
21:45:36.659 [Test worker] DEBUG org.testcontainers.DockerClientFactory - Checks are enabled
21:45:36.659 [Test worker] INFO org.testcontainers.DockerClientFactory - Checking the system...
21:45:36.659 [Test worker] INFO org.testcontainers.DockerClientFactory - ✔︎ Docker server version should be at least 1.6.0
21:45:36.660 [Test worker] DEBUG org.testcontainers.utility.PrefixingImageNameSubstitutor - No prefix is configured
21:45:36.660 [Test worker] DEBUG org.testcontainers.utility.ImageNameSubstitutor - Did not find a substitute image for redis:7.0 (using image substitutor: DefaultImageNameSubstitutor (composite of 'ConfigurationFileImageNameSubstitutor' and 'PrefixingImageNameSubstitutor'))
21:45:36.660 [Test worker] DEBUG org.testcontainers.images.AbstractImagePullPolicy - Using locally available and not pulling image: redis:7.0
21:45:36.660 [Test worker] DEBUG tc.redis:7.0 - Starting container: redis:7.0
21:45:36.660 [Test worker] DEBUG tc.redis:7.0 - Trying to start container: redis:7.0 (attempt 1/1)
21:45:36.660 [Test worker] DEBUG tc.redis:7.0 - Starting container: redis:7.0
21:45:36.660 [Test worker] INFO tc.redis:7.0 - Creating container for image: redis:7.0
21:45:36.661 [Test worker] DEBUG org.testcontainers.utility.RegistryAuthLocator - Looking up auth config for image: redis:7.0 at registry: https://index.docker.io/v1/
21:45:36.661 [Test worker] DEBUG org.testcontainers.utility.RegistryAuthLocator - No matching Auth Configs - falling back to defaultAuthConfig [null]
21:45:36.661 [Test worker] DEBUG org.testcontainers.dockerclient.AuthDelegatingDockerClientConfig - Effective auth config [null]
21:45:36.661 [Test worker] DEBUG org.testcontainers.shaded.com.github.dockerjava.core.command.AbstrDockerCmd - Cmd: org.testcontainers.shaded.com.github.dockerjava.core.command.CreateContainerCmdImpl@571a01f9[aliases=<null>,argsEscaped=<null>,attachStderr=<null>,attachStdin=<null>,attachStdout=<null>,authConfig=<null>,cmd={},domainName=<null>,entrypoint=<null>,env={},exposedPorts=ExposedPorts(exposedPorts=[6379/tcp]),healthcheck=<null>,hostConfig=HostConfig(binds=[], blkioWeight=null, blkioWeightDevice=null, blkioDeviceReadBps=null, blkioDeviceWriteBps=null, blkioDeviceReadIOps=null, blkioDeviceWriteIOps=null, memorySwappiness=null, nanoCPUs=null, capAdd=null, capDrop=null, containerIDFile=null, cpuPeriod=null, cpuRealtimePeriod=null, cpuRealtimeRuntime=null, cpuShares=null, cpuQuota=null, cpusetCpus=null, cpusetMems=null, devices=null, deviceCgroupRules=null, deviceRequests=null, diskQuota=null, dns=null, dnsOptions=null, dnsSearch=null, extraHosts=[], groupAdd=null, ipcMode=null, cgroup=null, links=[], logConfig=LogConfig(type=null, config=null), lxcConf=null, memory=null, memorySwap=null, memoryReservation=null, kernelMemory=null, networkMode=null, oomKillDisable=null, init=null, autoRemove=null, oomScoreAdj=null, portBindings={6379/tcp=[Lcom.github.dockerjava.api.model.Ports$Binding;@7b27e8f4}, privileged=null, publishAllPorts=null, readonlyRootfs=null, restartPolicy=null, ulimits=null, cpuCount=null, cpuPercent=null, ioMaximumIOps=null, ioMaximumBandwidth=null, volumesFrom=[], mounts=null, pidMode=null, isolation=null, securityOpts=null, storageOpt=null, cgroupParent=null, volumeDriver=null, shmSize=null, pidsLimit=null, runtime=null, tmpFs=null, utSMode=null, usernsMode=null, sysctls=null, consoleSize=null, cgroupnsMode=null),hostName=<null>,image=redis:7.0,ipv4Address=<null>,ipv6Address=<null>,labels={org.testcontainers=true, org.testcontainers.lang=java, org.testcontainers.version=1.19.3, org.testcontainers.sessionId=02f67430-f20c-4fdd-b619-db29e6c89474},macAddress=<null>,name=<null>,networkDisabled=<null>,networkingConfig=<null>,onBuild=<null>,platform=<null>,portSpecs=<null>,shell=<null>,stdInOnce=<null>,stdinOpen=<null>,stopSignal=<null>,stopTimeout=<null>,tty=<null>,user=<null>,volumes=Volumes(volumes=[]),workingDir=<null>]
21:45:36.663 [Test worker] DEBUG com.github.dockerjava.zerodep.shaded.org.apache.hc.client5.http.impl.classic.InternalHttpClient - ex-0000000A: preparing request execution
21:45:36.664 [Test worker] DEBUG com.github.dockerjava.zerodep.shaded.org.apache.hc.client5.http.protocol.RequestAddCookies - Cookie spec selected: strict
21:45:36.664 [Test worker] DEBUG com.github.dockerjava.zerodep.shaded.org.apache.hc.client5.http.protocol.RequestAuthCache - Auth cache not set in the context
21:45:36.664 [Test worker] DEBUG com.github.dockerjava.zerodep.shaded.org.apache.hc.client5.http.impl.classic.ProtocolExec - ex-0000000A: target auth state: UNCHALLENGED
21:45:36.664 [Test worker] DEBUG com.github.dockerjava.zerodep.shaded.org.apache.hc.client5.http.impl.classic.ProtocolExec - ex-0000000A: proxy auth state: UNCHALLENGED
21:45:36.664 [Test worker] DEBUG com.github.dockerjava.zerodep.shaded.org.apache.hc.client5.http.impl.classic.ConnectExec - ex-0000000A: acquiring connection with route {}->unix://localhost:2375
21:45:36.664 [Test worker] DEBUG com.github.dockerjava.zerodep.shaded.org.apache.hc.client5.http.impl.classic.InternalHttpClient - ex-0000000A: acquiring endpoint (3 MINUTES)
21:45:36.664 [Test worker] DEBUG com.github.dockerjava.zerodep.shaded.org.apache.hc.client5.http.impl.io.PoolingHttpClientConnectionManager - ex-0000000A: endpoint lease request (3 MINUTES) [route: {}->unix://localhost:2375][total available: 0; route allocated: 0 of 2147483647; total allocated: 0 of 2147483647]
21:45:36.665 [Test worker] DEBUG com.github.dockerjava.zerodep.shaded.org.apache.hc.client5.http.impl.io.PoolingHttpClientConnectionManager - ex-0000000A: endpoint leased [route: {}->unix://localhost:2375][total available: 0; route allocated: 1 of 2147483647; total allocated: 1 of 2147483647]
21:45:36.665 [Test worker] DEBUG com.github.dockerjava.zerodep.shaded.org.apache.hc.client5.http.impl.io.PoolingHttpClientConnectionManager - ex-0000000A: acquired ep-00000009
21:45:36.665 [Test worker] DEBUG com.github.dockerjava.zerodep.shaded.org.apache.hc.client5.http.impl.classic.InternalHttpClient - ex-0000000A: acquired endpoint ep-00000009
21:45:36.665 [Test worker] DEBUG com.github.dockerjava.zerodep.shaded.org.apache.hc.client5.http.impl.classic.ConnectExec - ex-0000000A: opening connection {}->unix://localhost:2375
21:45:36.665 [Test worker] DEBUG com.github.dockerjava.zerodep.shaded.org.apache.hc.client5.http.impl.classic.InternalHttpClient - ep-00000009: connecting endpoint (3 MINUTES)
21:45:36.665 [Test worker] DEBUG com.github.dockerjava.zerodep.shaded.org.apache.hc.client5.http.impl.io.PoolingHttpClientConnectionManager - ep-00000009: connecting endpoint to unix://localhost:2375 (3 MINUTES)
21:45:36.666 [Test worker] DEBUG com.github.dockerjava.zerodep.shaded.org.apache.hc.client5.http.impl.io.DefaultHttpClientConnectionOperator - http-outgoing-1: connecting to localhost/127.0.0.1:2375
21:45:36.666 [Test worker] DEBUG com.github.dockerjava.zerodep.shaded.org.apache.hc.client5.http.impl.io.DefaultHttpClientConnectionOperator - http-outgoing-1: connection established /var/run/docker.sock<->/var/run/docker.sock
21:45:36.666 [Test worker] DEBUG com.github.dockerjava.zerodep.shaded.org.apache.hc.client5.http.impl.io.PoolingHttpClientConnectionManager - ep-00000009: connected http-outgoing-1
21:45:36.666 [Test worker] DEBUG com.github.dockerjava.zerodep.shaded.org.apache.hc.client5.http.impl.classic.InternalHttpClient - ep-00000009: endpoint connected
21:45:36.666 [Test worker] DEBUG com.github.dockerjava.zerodep.shaded.org.apache.hc.client5.http.impl.classic.MainClientExec - ex-0000000A: executing POST /v1.32/containers/create HTTP/1.1
21:45:36.666 [Test worker] DEBUG com.github.dockerjava.zerodep.shaded.org.apache.hc.client5.http.impl.classic.InternalHttpClient - ep-00000009: start execution ex-0000000A
21:45:36.666 [Test worker] DEBUG com.github.dockerjava.zerodep.shaded.org.apache.hc.client5.http.impl.io.PoolingHttpClientConnectionManager - ep-00000009: executing exchange ex-0000000A over http-outgoing-1
21:45:36.666 [Test worker] DEBUG com.github.dockerjava.zerodep.shaded.org.apache.hc.client5.http.headers - http-outgoing-1 >> POST /v1.32/containers/create HTTP/1.1
21:45:36.666 [Test worker] DEBUG com.github.dockerjava.zerodep.shaded.org.apache.hc.client5.http.headers - http-outgoing-1 >> accept: application/json
21:45:36.666 [Test worker] DEBUG com.github.dockerjava.zerodep.shaded.org.apache.hc.client5.http.headers - http-outgoing-1 >> content-type: application/json
21:45:36.666 [Test worker] DEBUG com.github.dockerjava.zerodep.shaded.org.apache.hc.client5.http.headers - http-outgoing-1 >> x-tc-sid: 02f67430-f20c-4fdd-b619-db29e6c89474
21:45:36.666 [Test worker] DEBUG com.github.dockerjava.zerodep.shaded.org.apache.hc.client5.http.headers - http-outgoing-1 >> User-Agent: tc-java/1.19.3
21:45:36.667 [Test worker] DEBUG com.github.dockerjava.zerodep.shaded.org.apache.hc.client5.http.headers - http-outgoing-1 >> Accept-Encoding: gzip, x-gzip, deflate
21:45:36.667 [Test worker] DEBUG com.github.dockerjava.zerodep.shaded.org.apache.hc.client5.http.headers - http-outgoing-1 >> Content-Length: 1962
21:45:36.667 [Test worker] DEBUG com.github.dockerjava.zerodep.shaded.org.apache.hc.client5.http.headers - http-outgoing-1 >> Host: localhost:2375
21:45:36.667 [Test worker] DEBUG com.github.dockerjava.zerodep.shaded.org.apache.hc.client5.http.headers - http-outgoing-1 >> Connection: keep-alive
21:45:36.667 [Test worker] DEBUG com.github.dockerjava.zerodep.shaded.org.apache.hc.client5.http.wire - http-outgoing-1 >> "POST /v1.32/containers/create HTTP/1.1[\r][\n]"
21:45:36.667 [Test worker] DEBUG com.github.dockerjava.zerodep.shaded.org.apache.hc.client5.http.wire - http-outgoing-1 >> "accept: application/json[\r][\n]"
21:45:36.667 [Test worker] DEBUG com.github.dockerjava.zerodep.shaded.org.apache.hc.client5.http.wire - http-outgoing-1 >> "content-type: application/json[\r][\n]"
21:45:36.667 [Test worker] DEBUG com.github.dockerjava.zerodep.shaded.org.apache.hc.client5.http.wire - http-outgoing-1 >> "x-tc-sid: 02f67430-f20c-4fdd-b619-db29e6c89474[\r][\n]"
21:45:36.667 [Test worker] DEBUG com.github.dockerjava.zerodep.shaded.org.apache.hc.client5.http.wire - http-outgoing-1 >> "User-Agent: tc-java/1.19.3[\r][\n]"
21:45:36.667 [Test worker] DEBUG com.github.dockerjava.zerodep.shaded.org.apache.hc.client5.http.wire - http-outgoing-1 >> "Accept-Encoding: gzip, x-gzip, deflate[\r][\n]"
21:45:36.667 [Test worker] DEBUG com.github.dockerjava.zerodep.shaded.org.apache.hc.client5.http.wire - http-outgoing-1 >> "Content-Length: 1962[\r][\n]"
21:45:36.668 [Test worker] DEBUG com.github.dockerjava.zerodep.shaded.org.apache.hc.client5.http.wire - http-outgoing-1 >> "Host: localhost:2375[\r][\n]"
21:45:36.668 [Test worker] DEBUG com.github.dockerjava.zerodep.shaded.org.apache.hc.client5.http.wire - http-outgoing-1 >> "Connection: keep-alive[\r][\n]"
21:45:36.668 [Test worker] DEBUG com.github.dockerjava.zerodep.shaded.org.apache.hc.client5.http.wire - http-outgoing-1 >> "[\r][\n]"
21:45:36.668 [Test worker] DEBUG com.github.dockerjava.zerodep.shaded.org.apache.hc.client5.http.wire - http-outgoing-1 >> "{"Hostname":null,"Domainname":null,"User":null,"AttachStdin":null,"AttachStdout":null,"AttachStderr":null,"PortSpecs":null,"Tty":null,"OpenStdin":null,"StdinOnce":null,"Env":[],"Cmd":[],"Healthcheck":null,"ArgsEscaped":null,"Entrypoint":null,"Image":"redis:7.0","Volumes":{},"WorkingDir":null,"MacAddress":null,"OnBuild":null,"NetworkDisabled":null,"ExposedPorts":{"6379/tcp":{}},"StopSignal":null,"StopTimeout":null,"HostConfig":{"Binds":[],"BlkioWeight":null,"BlkioWeightDevice":null,"BlkioDeviceReadBps":null,"BlkioDeviceWriteBps":null,"BlkioDeviceReadIOps":null,"BlkioDeviceWriteIOps":null,"MemorySwappiness":null,"NanoCpus":null,"CapAdd":null,"CapDrop":null,"ContainerIDFile":null,"CpuPeriod":null,"CpuRealtimePeriod":null,"CpuRealtimeRuntime":null,"CpuShares":null,"CpuQuota":null,"CpusetCpus":null,"CpusetMems":null,"Devices":null,"DeviceCgroupRules":null,"DeviceRequests":null,"DiskQuota":null,"Dns":null,"DnsOptions":null,"DnsSearch":null,"ExtraHosts":[],"GroupAdd":null,"IpcMode":null,"Cgroup":null,"Links":[],"LogConfig":null,"LxcConf":null,"Memory":null,"MemorySwap":null,"MemoryReservation":null,"KernelMemory":null,"NetworkMode":null,"OomKillDisable":null,"Init":null,"AutoRemove":null,"OomScoreAdj":null,"PortBindings":{"6379/tcp":[{"HostIp":"","HostPort":""}]},"Privileged":null,"PublishAllPorts":null,"ReadonlyRootfs":null,"RestartPolicy":null,"Ulimits":null,"CpuCount":null,"CpuPercent":null,"IOMaximumIOps":null,"IOMaximumBandwidth":null,"VolumesFrom":[],"Mounts":null,"PidMode":null,"Isolation":null,"SecurityOpt":null,"StorageOpt":null,"CgroupParent":null,"VolumeDriver":null,"ShmSize":null,"PidsLimit":null,"Runtime":null,"Tmpfs":null,"UTSMode":null,"UsernsMode":null,"Sysctls":null,"ConsoleSize":null,"CgroupnsMode":null},"Labels":{"org.testcontainers":"true","org.testcontainers.lang":"java","org.testcontainers.version":"1.19.3","org.testcontainers.sessionId":"02f67430-f20c-4fdd-b619-db29e6c89474"},"Shell":null,"NetworkingConfig":null}"
21:45:36.726 [Test worker] DEBUG com.github.dockerjava.zerodep.shaded.org.apache.hc.client5.http.wire - http-outgoing-1 << "HTTP/1.1 201 Created[\r][\n]"
21:45:36.727 [Test worker] DEBUG com.github.dockerjava.zerodep.shaded.org.apache.hc.client5.http.wire - http-outgoing-1 << "Api-Version: 1.43[\r][\n]"
21:45:36.727 [Test worker] DEBUG com.github.dockerjava.zerodep.shaded.org.apache.hc.client5.http.wire - http-outgoing-1 << "Content-Type: application/json[\r][\n]"
21:45:36.727 [Test worker] DEBUG com.github.dockerjava.zerodep.shaded.org.apache.hc.client5.http.wire - http-outgoing-1 << "Date: Tue, 11 Jun 2024 00:45:36 GMT[\r][\n]"
21:45:36.727 [Test worker] DEBUG com.github.dockerjava.zerodep.shaded.org.apache.hc.client5.http.wire - http-outgoing-1 << "Docker-Experimental: false[\r][\n]"
21:45:36.727 [Test worker] DEBUG com.github.dockerjava.zerodep.shaded.org.apache.hc.client5.http.wire - http-outgoing-1 << "Ostype: linux[\r][\n]"
21:45:36.727 [Test worker] DEBUG com.github.dockerjava.zerodep.shaded.org.apache.hc.client5.http.wire - http-outgoing-1 << "Server: Docker/24.0.2 (linux)[\r][\n]"
21:45:36.727 [Test worker] DEBUG com.github.dockerjava.zerodep.shaded.org.apache.hc.client5.http.wire - http-outgoing-1 << "Transfer-Encoding: chunked[\r][\n]"
21:45:36.727 [Test worker] DEBUG com.github.dockerjava.zerodep.shaded.org.apache.hc.client5.http.wire - http-outgoing-1 << "[\r][\n]"
21:45:36.728 [Test worker] DEBUG com.github.dockerjava.zerodep.shaded.org.apache.hc.client5.http.headers - http-outgoing-1 << HTTP/1.1 201 Created
21:45:36.729 [Test worker] DEBUG com.github.dockerjava.zerodep.shaded.org.apache.hc.client5.http.headers - http-outgoing-1 << Api-Version: 1.43
21:45:36.729 [Test worker] DEBUG com.github.dockerjava.zerodep.shaded.org.apache.hc.client5.http.headers - http-outgoing-1 << Content-Type: application/json
21:45:36.729 [Test worker] DEBUG com.github.dockerjava.zerodep.shaded.org.apache.hc.client5.http.headers - http-outgoing-1 << Date: Tue, 11 Jun 2024 00:45:36 GMT
21:45:36.729 [Test worker] DEBUG com.github.dockerjava.zerodep.shaded.org.apache.hc.client5.http.headers - http-outgoing-1 << Docker-Experimental: false
21:45:36.729 [Test worker] DEBUG com.github.dockerjava.zerodep.shaded.org.apache.hc.client5.http.headers - http-outgoing-1 << Ostype: linux
21:45:36.729 [Test worker] DEBUG com.github.dockerjava.zerodep.shaded.org.apache.hc.client5.http.headers - http-outgoing-1 << Server: Docker/24.0.2 (linux)
21:45:36.729 [Test worker] DEBUG com.github.dockerjava.zerodep.shaded.org.apache.hc.client5.http.headers - http-outgoing-1 << Transfer-Encoding: chunked
21:45:36.730 [Test worker] DEBUG com.github.dockerjava.zerodep.shaded.org.apache.hc.client5.http.impl.classic.MainClientExec - ex-0000000A: connection can be kept alive for 3 MINUTES
21:45:36.730 [Test worker] DEBUG com.github.dockerjava.zerodep.shaded.org.apache.hc.client5.http.wire - http-outgoing-1 << "58[\r][\n]"
21:45:36.730 [Test worker] DEBUG com.github.dockerjava.zerodep.shaded.org.apache.hc.client5.http.wire - http-outgoing-1 << "{"Id":"927108904e9bf736db35be226f1d5f703c533885f6f86d606680730f92d44b2c","Warnings":[]}[\n]"
21:45:36.730 [Test worker] DEBUG com.github.dockerjava.zerodep.shaded.org.apache.hc.client5.http.wire - http-outgoing-1 << "[\r][\n]"
21:45:36.730 [Test worker] DEBUG com.github.dockerjava.zerodep.shaded.org.apache.hc.client5.http.wire - http-outgoing-1 << "0[\r][\n]"
21:45:36.730 [Test worker] DEBUG com.github.dockerjava.zerodep.shaded.org.apache.hc.client5.http.wire - http-outgoing-1 << "[\r][\n]"
21:45:36.731 [Test worker] DEBUG com.github.dockerjava.zerodep.shaded.org.apache.hc.client5.http.impl.classic.InternalHttpClient - ep-00000009: releasing valid endpoint
21:45:36.731 [Test worker] DEBUG com.github.dockerjava.zerodep.shaded.org.apache.hc.client5.http.impl.io.PoolingHttpClientConnectionManager - ep-00000009: releasing endpoint
21:45:36.731 [Test worker] DEBUG com.github.dockerjava.zerodep.shaded.org.apache.hc.client5.http.impl.io.PoolingHttpClientConnectionManager - ep-00000009: connection http-outgoing-1 can be kept alive for 3 MINUTES
21:45:36.731 [Test worker] DEBUG com.github.dockerjava.zerodep.shaded.org.apache.hc.client5.http.impl.io.PoolingHttpClientConnectionManager - ep-00000009: connection released [route: {}->unix://localhost:2375][total available: 1; route allocated: 1 of 2147483647; total allocated: 1 of 2147483647]
21:45:36.732 [Test worker] INFO tc.redis:7.0 - Container redis:7.0 is starting: 927108904e9bf736db35be226f1d5f703c533885f6f86d606680730f92d44b2c
21:45:36.732 [Test worker] DEBUG org.testcontainers.shaded.com.github.dockerjava.core.command.AbstrDockerCmd - Cmd: 927108904e9bf736db35be226f1d5f703c533885f6f86d606680730f92d44b2c
21:45:36.732 [Test worker] DEBUG com.github.dockerjava.zerodep.shaded.org.apache.hc.client5.http.impl.classic.InternalHttpClient - ex-0000000B: preparing request execution
21:45:36.732 [Test worker] DEBUG com.github.dockerjava.zerodep.shaded.org.apache.hc.client5.http.protocol.RequestAddCookies - Cookie spec selected: strict
21:45:36.732 [Test worker] DEBUG com.github.dockerjava.zerodep.shaded.org.apache.hc.client5.http.protocol.RequestAuthCache - Auth cache not set in the context
21:45:36.732 [Test worker] DEBUG com.github.dockerjava.zerodep.shaded.org.apache.hc.client5.http.impl.classic.ProtocolExec - ex-0000000B: target auth state: UNCHALLENGED
21:45:36.732 [Test worker] DEBUG com.github.dockerjava.zerodep.shaded.org.apache.hc.client5.http.impl.classic.ProtocolExec - ex-0000000B: proxy auth state: UNCHALLENGED
21:45:36.733 [Test worker] DEBUG com.github.dockerjava.zerodep.shaded.org.apache.hc.client5.http.impl.classic.ConnectExec - ex-0000000B: acquiring connection with route {}->unix://localhost:2375
21:45:36.733 [Test worker] DEBUG com.github.dockerjava.zerodep.shaded.org.apache.hc.client5.http.impl.classic.InternalHttpClient - ex-0000000B: acquiring endpoint (3 MINUTES)
21:45:36.733 [Test worker] DEBUG com.github.dockerjava.zerodep.shaded.org.apache.hc.client5.http.impl.io.PoolingHttpClientConnectionManager - ex-0000000B: endpoint lease request (3 MINUTES) [route: {}->unix://localhost:2375][total available: 1; route allocated: 1 of 2147483647; total allocated: 1 of 2147483647]
21:45:36.733 [Test worker] DEBUG com.github.dockerjava.zerodep.shaded.org.apache.hc.client5.http.impl.io.PoolingHttpClientConnectionManager - ex-0000000B: endpoint leased [route: {}->unix://localhost:2375][total available: 0; route allocated: 1 of 2147483647; total allocated: 1 of 2147483647]
21:45:36.733 [Test worker] DEBUG com.github.dockerjava.zerodep.shaded.org.apache.hc.client5.http.impl.io.PoolingHttpClientConnectionManager - ex-0000000B: acquired ep-0000000A
21:45:36.733 [Test worker] DEBUG com.github.dockerjava.zerodep.shaded.org.apache.hc.client5.http.impl.classic.InternalHttpClient - ex-0000000B: acquired endpoint ep-0000000A
21:45:36.733 [Test worker] DEBUG com.github.dockerjava.zerodep.shaded.org.apache.hc.client5.http.impl.classic.MainClientExec - ex-0000000B: executing POST /v1.32/containers/927108904e9bf736db35be226f1d5f703c533885f6f86d606680730f92d44b2c/start HTTP/1.1
21:45:36.734 [Test worker] DEBUG com.github.dockerjava.zerodep.shaded.org.apache.hc.client5.http.impl.classic.InternalHttpClient - ep-0000000A: start execution ex-0000000B
21:45:36.734 [Test worker] DEBUG com.github.dockerjava.zerodep.shaded.org.apache.hc.client5.http.impl.io.PoolingHttpClientConnectionManager - ep-0000000A: executing exchange ex-0000000B over http-outgoing-1
21:45:36.734 [Test worker] DEBUG com.github.dockerjava.zerodep.shaded.org.apache.hc.client5.http.headers - http-outgoing-1 >> POST /v1.32/containers/927108904e9bf736db35be226f1d5f703c533885f6f86d606680730f92d44b2c/start HTTP/1.1
21:45:36.734 [Test worker] DEBUG com.github.dockerjava.zerodep.shaded.org.apache.hc.client5.http.headers - http-outgoing-1 >> accept: application/json
21:45:36.734 [Test worker] DEBUG com.github.dockerjava.zerodep.shaded.org.apache.hc.client5.http.headers - http-outgoing-1 >> content-type: application/json
21:45:36.734 [Test worker] DEBUG com.github.dockerjava.zerodep.shaded.org.apache.hc.client5.http.headers - http-outgoing-1 >> x-tc-sid: 02f67430-f20c-4fdd-b619-db29e6c89474
21:45:36.734 [Test worker] DEBUG com.github.dockerjava.zerodep.shaded.org.apache.hc.client5.http.headers - http-outgoing-1 >> User-Agent: tc-java/1.19.3
21:45:36.734 [Test worker] DEBUG com.github.dockerjava.zerodep.shaded.org.apache.hc.client5.http.headers - http-outgoing-1 >> Accept-Encoding: gzip, x-gzip, deflate
21:45:36.734 [Test worker] DEBUG com.github.dockerjava.zerodep.shaded.org.apache.hc.client5.http.headers - http-outgoing-1 >> Host: localhost:2375
21:45:36.734 [Test worker] DEBUG com.github.dockerjava.zerodep.shaded.org.apache.hc.client5.http.headers - http-outgoing-1 >> Connection: keep-alive
21:45:36.734 [Test worker] DEBUG com.github.dockerjava.zerodep.shaded.org.apache.hc.client5.http.wire - http-outgoing-1 >> "POST /v1.32/containers/927108904e9bf736db35be226f1d5f703c533885f6f86d606680730f92d44b2c/start HTTP/1.1[\r][\n]"
21:45:36.734 [Test worker] DEBUG com.github.dockerjava.zerodep.shaded.org.apache.hc.client5.http.wire - http-outgoing-1 >> "accept: application/json[\r][\n]"
21:45:36.734 [Test worker] DEBUG com.github.dockerjava.zerodep.shaded.org.apache.hc.client5.http.wire - http-outgoing-1 >> "content-type: application/json[\r][\n]"
21:45:36.734 [Test worker] DEBUG com.github.dockerjava.zerodep.shaded.org.apache.hc.client5.http.wire - http-outgoing-1 >> "x-tc-sid: 02f67430-f20c-4fdd-b619-db29e6c89474[\r][\n]"
21:45:36.734 [Test worker] DEBUG com.github.dockerjava.zerodep.shaded.org.apache.hc.client5.http.wire - http-outgoing-1 >> "User-Agent: tc-java/1.19.3[\r][\n]"
21:45:36.734 [Test worker] DEBUG com.github.dockerjava.zerodep.shaded.org.apache.hc.client5.http.wire - http-outgoing-1 >> "Accept-Encoding: gzip, x-gzip, deflate[\r][\n]"
21:45:36.734 [Test worker] DEBUG com.github.dockerjava.zerodep.shaded.org.apache.hc.client5.http.wire - http-outgoing-1 >> "Host: localhost:2375[\r][\n]"
21:45:36.734 [Test worker] DEBUG com.github.dockerjava.zerodep.shaded.org.apache.hc.client5.http.wire - http-outgoing-1 >> "Connection: keep-alive[\r][\n]"
21:45:36.735 [Test worker] DEBUG com.github.dockerjava.zerodep.shaded.org.apache.hc.client5.http.wire - http-outgoing-1 >> "[\r][\n]"
21:45:37.195 [Test worker] DEBUG com.github.dockerjava.zerodep.shaded.org.apache.hc.client5.http.wire - http-outgoing-1 << "HTTP/1.1 204 No Content[\r][\n]"
21:45:37.195 [Test worker] DEBUG com.github.dockerjava.zerodep.shaded.org.apache.hc.client5.http.wire - http-outgoing-1 << "Api-Version: 1.43[\r][\n]"
21:45:37.195 [Test worker] DEBUG com.github.dockerjava.zerodep.shaded.org.apache.hc.client5.http.wire - http-outgoing-1 << "Date: Tue, 11 Jun 2024 00:45:37 GMT[\r][\n]"
21:45:37.195 [Test worker] DEBUG com.github.dockerjava.zerodep.shaded.org.apache.hc.client5.http.wire - http-outgoing-1 << "Docker-Experimental: false[\r][\n]"
21:45:37.195 [Test worker] DEBUG com.github.dockerjava.zerodep.shaded.org.apache.hc.client5.http.wire - http-outgoing-1 << "Ostype: linux[\r][\n]"
21:45:37.195 [Test worker] DEBUG com.github.dockerjava.zerodep.shaded.org.apache.hc.client5.http.wire - http-outgoing-1 << "Server: Docker/24.0.2 (linux)[\r][\n]"
21:45:37.195 [Test worker] DEBUG com.github.dockerjava.zerodep.shaded.org.apache.hc.client5.http.wire - http-outgoing-1 << "[\r][\n]"
21:45:37.196 [Test worker] DEBUG com.github.dockerjava.zerodep.shaded.org.apache.hc.client5.http.headers - http-outgoing-1 << HTTP/1.1 204 No Content
21:45:37.196 [Test worker] DEBUG com.github.dockerjava.zerodep.shaded.org.apache.hc.client5.http.headers - http-outgoing-1 << Api-Version: 1.43
21:45:37.196 [Test worker] DEBUG com.github.dockerjava.zerodep.shaded.org.apache.hc.client5.http.headers - http-outgoing-1 << Date: Tue, 11 Jun 2024 00:45:37 GMT
21:45:37.196 [Test worker] DEBUG com.github.dockerjava.zerodep.shaded.org.apache.hc.client5.http.headers - http-outgoing-1 << Docker-Experimental: false
21:45:37.196 [Test worker] DEBUG com.github.dockerjava.zerodep.shaded.org.apache.hc.client5.http.headers - http-outgoing-1 << Ostype: linux
21:45:37.196 [Test worker] DEBUG com.github.dockerjava.zerodep.shaded.org.apache.hc.client5.http.headers - http-outgoing-1 << Server: Docker/24.0.2 (linux)
21:45:37.197 [Test worker] DEBUG com.github.dockerjava.zerodep.shaded.org.apache.hc.client5.http.impl.classic.MainClientExec - ex-0000000B: connection can be kept alive for 3 MINUTES
21:45:37.197 [Test worker] DEBUG com.github.dockerjava.zerodep.shaded.org.apache.hc.client5.http.impl.classic.InternalHttpClient - ep-0000000A: releasing valid endpoint
21:45:37.197 [Test worker] DEBUG com.github.dockerjava.zerodep.shaded.org.apache.hc.client5.http.impl.io.PoolingHttpClientConnectionManager - ep-0000000A: releasing endpoint
21:45:37.197 [Test worker] DEBUG com.github.dockerjava.zerodep.shaded.org.apache.hc.client5.http.impl.io.PoolingHttpClientConnectionManager - ep-0000000A: connection http-outgoing-1 can be kept alive for 3 MINUTES
21:45:37.197 [Test worker] DEBUG com.github.dockerjava.zerodep.shaded.org.apache.hc.client5.http.impl.io.PoolingHttpClientConnectionManager - ep-0000000A: connection released [route: {}->unix://localhost:2375][total available: 1; route allocated: 1 of 2147483647; total allocated: 1 of 2147483647]
21:45:37.198 [Test worker] DEBUG org.testcontainers.shaded.com.github.dockerjava.core.command.AbstrDockerCmd - Cmd: 927108904e9bf736db35be226f1d5f703c533885f6f86d606680730f92d44b2c,false
21:45:37.198 [Test worker] DEBUG org.testcontainers.shaded.com.github.dockerjava.core.exec.InspectContainerCmdExec - GET: DefaultWebTarget{path=[/containers/927108904e9bf736db35be226f1d5f703c533885f6f86d606680730f92d44b2c/json], queryParams={}}
21:45:37.198 [Test worker] DEBUG com.github.dockerjava.zerodep.shaded.org.apache.hc.client5.http.impl.classic.InternalHttpClient - ex-0000000C: preparing request execution
21:45:37.198 [Test worker] DEBUG com.github.dockerjava.zerodep.shaded.org.apache.hc.client5.http.protocol.RequestAddCookies - Cookie spec selected: strict
21:45:37.199 [Test worker] DEBUG com.github.dockerjava.zerodep.shaded.org.apache.hc.client5.http.protocol.RequestAuthCache - Auth cache not set in the context
21:45:37.199 [Test worker] DEBUG com.github.dockerjava.zerodep.shaded.org.apache.hc.client5.http.impl.classic.ProtocolExec - ex-0000000C: target auth state: UNCHALLENGED
21:45:37.199 [Test worker] DEBUG com.github.dockerjava.zerodep.shaded.org.apache.hc.client5.http.impl.classic.ProtocolExec - ex-0000000C: proxy auth state: UNCHALLENGED
21:45:37.199 [Test worker] DEBUG com.github.dockerjava.zerodep.shaded.org.apache.hc.client5.http.impl.classic.ConnectExec - ex-0000000C: acquiring connection with route {}->unix://localhost:2375
21:45:37.199 [Test worker] DEBUG com.github.dockerjava.zerodep.shaded.org.apache.hc.client5.http.impl.classic.InternalHttpClient - ex-0000000C: acquiring endpoint (3 MINUTES)
21:45:37.199 [Test worker] DEBUG com.github.dockerjava.zerodep.shaded.org.apache.hc.client5.http.impl.io.PoolingHttpClientConnectionManager - ex-0000000C: endpoint lease request (3 MINUTES) [route: {}->unix://localhost:2375][total available: 1; route allocated: 1 of 2147483647; total allocated: 1 of 2147483647]
21:45:37.199 [Test worker] DEBUG com.github.dockerjava.zerodep.shaded.org.apache.hc.client5.http.impl.io.PoolingHttpClientConnectionManager - ex-0000000C: endpoint leased [route: {}->unix://localhost:2375][total available: 0; route allocated: 1 of 2147483647; total allocated: 1 of 2147483647]
21:45:37.200 [Test worker] DEBUG com.github.dockerjava.zerodep.shaded.org.apache.hc.client5.http.impl.io.PoolingHttpClientConnectionManager - ex-0000000C: acquired ep-0000000B
21:45:37.200 [Test worker] DEBUG com.github.dockerjava.zerodep.shaded.org.apache.hc.client5.http.impl.classic.InternalHttpClient - ex-0000000C: acquired endpoint ep-0000000B
21:45:37.200 [Test worker] DEBUG com.github.dockerjava.zerodep.shaded.org.apache.hc.client5.http.impl.classic.MainClientExec - ex-0000000C: executing GET /v1.32/containers/927108904e9bf736db35be226f1d5f703c533885f6f86d606680730f92d44b2c/json HTTP/1.1
21:45:37.200 [Test worker] DEBUG com.github.dockerjava.zerodep.shaded.org.apache.hc.client5.http.impl.classic.InternalHttpClient - ep-0000000B: start execution ex-0000000C
21:45:37.200 [Test worker] DEBUG com.github.dockerjava.zerodep.shaded.org.apache.hc.client5.http.impl.io.PoolingHttpClientConnectionManager - ep-0000000B: executing exchange ex-0000000C over http-outgoing-1
21:45:37.200 [Test worker] DEBUG com.github.dockerjava.zerodep.shaded.org.apache.hc.client5.http.headers - http-outgoing-1 >> GET /v1.32/containers/927108904e9bf736db35be226f1d5f703c533885f6f86d606680730f92d44b2c/json HTTP/1.1
21:45:37.200 [Test worker] DEBUG com.github.dockerjava.zerodep.shaded.org.apache.hc.client5.http.headers - http-outgoing-1 >> accept: application/json
21:45:37.200 [Test worker] DEBUG com.github.dockerjava.zerodep.shaded.org.apache.hc.client5.http.headers - http-outgoing-1 >> x-tc-sid: 02f67430-f20c-4fdd-b619-db29e6c89474
21:45:37.200 [Test worker] DEBUG com.github.dockerjava.zerodep.shaded.org.apache.hc.client5.http.headers - http-outgoing-1 >> User-Agent: tc-java/1.19.3
21:45:37.200 [Test worker] DEBUG com.github.dockerjava.zerodep.shaded.org.apache.hc.client5.http.headers - http-outgoing-1 >> Accept-Encoding: gzip, x-gzip, deflate
21:45:37.200 [Test worker] DEBUG com.github.dockerjava.zerodep.shaded.org.apache.hc.client5.http.headers - http-outgoing-1 >> Host: localhost:2375
21:45:37.200 [Test worker] DEBUG com.github.dockerjava.zerodep.shaded.org.apache.hc.client5.http.headers - http-outgoing-1 >> Connection: keep-alive
21:45:37.201 [Test worker] DEBUG com.github.dockerjava.zerodep.shaded.org.apache.hc.client5.http.wire - http-outgoing-1 >> "GET /v1.32/containers/927108904e9bf736db35be226f1d5f703c533885f6f86d606680730f92d44b2c/json HTTP/1.1[\r][\n]"
21:45:37.201 [Test worker] DEBUG com.github.dockerjava.zerodep.shaded.org.apache.hc.client5.http.wire - http-outgoing-1 >> "accept: application/json[\r][\n]"
21:45:37.201 [Test worker] DEBUG com.github.dockerjava.zerodep.shaded.org.apache.hc.client5.http.wire - http-outgoing-1 >> "x-tc-sid: 02f67430-f20c-4fdd-b619-db29e6c89474[\r][\n]"
21:45:37.201 [Test worker] DEBUG com.github.dockerjava.zerodep.shaded.org.apache.hc.client5.http.wire - http-outgoing-1 >> "User-Agent: tc-java/1.19.3[\r][\n]"
21:45:37.201 [Test worker] DEBUG com.github.dockerjava.zerodep.shaded.org.apache.hc.client5.http.wire - http-outgoing-1 >> "Accept-Encoding: gzip, x-gzip, deflate[\r][\n]"
21:45:37.201 [Test worker] DEBUG com.github.dockerjava.zerodep.shaded.org.apache.hc.client5.http.wire - http-outgoing-1 >> "Host: localhost:2375[\r][\n]"
21:45:37.201 [Test worker] DEBUG com.github.dockerjava.zerodep.shaded.org.apache.hc.client5.http.wire - http-outgoing-1 >> "Connection: keep-alive[\r][\n]"
21:45:37.201 [Test worker] DEBUG com.github.dockerjava.zerodep.shaded.org.apache.hc.client5.http.wire - http-outgoing-1 >> "[\r][\n]"
21:45:37.226 [Test worker] DEBUG com.github.dockerjava.zerodep.shaded.org.apache.hc.client5.http.wire - http-outgoing-1 << "HTTP/1.1 200 OK[\r][\n]"
21:45:37.226 [Test worker] DEBUG com.github.dockerjava.zerodep.shaded.org.apache.hc.client5.http.wire - http-outgoing-1 << "Api-Version: 1.43[\r][\n]"
21:45:37.226 [Test worker] DEBUG com.github.dockerjava.zerodep.shaded.org.apache.hc.client5.http.wire - http-outgoing-1 << "Content-Type: application/json[\r][\n]"
21:45:37.226 [Test worker] DEBUG com.github.dockerjava.zerodep.shaded.org.apache.hc.client5.http.wire - http-outgoing-1 << "Date: Tue, 11 Jun 2024 00:45:37 GMT[\r][\n]"
21:45:37.226 [Test worker] DEBUG com.github.dockerjava.zerodep.shaded.org.apache.hc.client5.http.wire - http-outgoing-1 << "Docker-Experimental: false[\r][\n]"
21:45:37.226 [Test worker] DEBUG com.github.dockerjava.zerodep.shaded.org.apache.hc.client5.http.wire - http-outgoing-1 << "Ostype: linux[\r][\n]"
21:45:37.226 [Test worker] DEBUG com.github.dockerjava.zerodep.shaded.org.apache.hc.client5.http.wire - http-outgoing-1 << "Server: Docker/24.0.2 (linux)[\r][\n]"
21:45:37.226 [Test worker] DEBUG com.github.dockerjava.zerodep.shaded.org.apache.hc.client5.http.wire - http-outgoing-1 << "Transfer-Encoding: chunked[\r][\n]"
21:45:37.226 [Test worker] DEBUG com.github.dockerjava.zerodep.shaded.org.apache.hc.client5.http.wire - http-outgoing-1 << "[\r][\n]"
21:45:37.227 [Test worker] DEBUG com.github.dockerjava.zerodep.shaded.org.apache.hc.client5.http.headers - http-outgoing-1 << HTTP/1.1 200 OK
21:45:37.227 [Test worker] DEBUG com.github.dockerjava.zerodep.shaded.org.apache.hc.client5.http.headers - http-outgoing-1 << Api-Version: 1.43
21:45:37.227 [Test worker] DEBUG com.github.dockerjava.zerodep.shaded.org.apache.hc.client5.http.headers - http-outgoing-1 << Content-Type: application/json
21:45:37.227 [Test worker] DEBUG com.github.dockerjava.zerodep.shaded.org.apache.hc.client5.http.headers - http-outgoing-1 << Date: Tue, 11 Jun 2024 00:45:37 GMT
21:45:37.227 [Test worker] DEBUG com.github.dockerjava.zerodep.shaded.org.apache.hc.client5.http.headers - http-outgoing-1 << Docker-Experimental: false
21:45:37.227 [Test worker] DEBUG com.github.dockerjava.zerodep.shaded.org.apache.hc.client5.http.headers - http-outgoing-1 << Ostype: linux
21:45:37.227 [Test worker] DEBUG com.github.dockerjava.zerodep.shaded.org.apache.hc.client5.http.headers - http-outgoing-1 << Server: Docker/24.0.2 (linux)
21:45:37.227 [Test worker] DEBUG com.github.dockerjava.zerodep.shaded.org.apache.hc.client5.http.headers - http-outgoing-1 << Transfer-Encoding: chunked
21:45:37.227 [Test worker] DEBUG com.github.dockerjava.zerodep.shaded.org.apache.hc.client5.http.impl.classic.MainClientExec - ex-0000000C: connection can be kept alive for 3 MINUTES
21:45:37.227 [Test worker] DEBUG com.github.dockerjava.zerodep.shaded.org.apache.hc.client5.http.wire - http-outgoing-1 << "1771[\r][\n]"
21:45:37.227 [Test worker] DEBUG com.github.dockerjava.zerodep.shaded.org.apache.hc.client5.http.wire - http-outgoing-1 << "{"Id":"927108904e9bf736db35be226f1d5f703c533885f6f86d606680730f92d44b2c","Created":"2024-06-11T00:45:36.681780858Z","Path":"docker-entrypoint.sh","Args":["redis-server"],"State":{"Status":"running","Running":true,"Paused":false,"Restarting":false,"OOMKilled":false,"Dead":false,"Pid":49279,"ExitCode":0,"Error":"","StartedAt":"2024-06-11T00:45:37.179131386Z","FinishedAt":"0001-01-01T00:00:00Z"},"Image":"sha256:280bc8b91f63658f9aa953917019518dbc05e941a3666cba0e33bb77fd900375","ResolvConfPath":"/var/lib/docker/containers/927108904e9bf736db35be226f1d5f703c533885f6f86d606680730f92d44b2c/resolv.conf","HostnamePath":"/var/lib/docker/containers/927108904e9bf736db35be226f1d5f703c533885f6f86d606680730f92d44b2c/hostname","HostsPath":"/var/lib/docker/containers/927108904e9bf736db35be226f1d5f703c533885f6f86d606680730f92d44b2c/hosts","LogPath":"/var/lib/docker/containers/927108904e9bf736db35be226f1d5f703c533885f6f86d606680730f92d44b2c/927108904e9bf736db35be226f1d5f703c533885f6f86d606680730f92d44b2c-json.log","Name":"/wizardly_keller","RestartCount":0,"Driver":"overlay2","Platform":"linux","MountLabel":"","ProcessLabel":"","AppArmorProfile":"","ExecIDs":null,"HostConfig":{"Binds":[],"ContainerIDFile":"","LogConfig":{"Type":"json-file","Config":{}},"NetworkMode":"default","PortBindings":{"6379/tcp":[{"HostIp":"0.0.0.0","HostPort":"0"}]},"RestartPolicy":{"Name":"","MaximumRetryCount":0},"AutoRemove":false,"VolumeDriver":"","VolumesFrom":[],"ConsoleSize":[0,0],"CapAdd":null,"CapDrop":null,"CgroupnsMode":"private","Dns":null,"DnsOptions":null,"DnsSearch":null,"ExtraHosts":[],"GroupAdd":null,"IpcMode":"shareable","Cgroup":"","Links":null,"OomScoreAdj":0,"PidMode":"","Privileged":false,"PublishAllPorts":false,"ReadonlyRootfs":false,"SecurityOpt":null,"UTSMode":"","UsernsMode":"","ShmSize":67108864,"Runtime":"runc","Isolation":"","CpuShares":0,"Memory":0,"NanoCpus":0,"CgroupParent":"","BlkioWeight":0,"BlkioWeightDevice":null,"BlkioDeviceReadBps":null,"BlkioDeviceWriteBps":null,"BlkioDeviceReadIOps":null,"BlkioDeviceWriteIOps":null,"CpuPeriod":0,"CpuQuota":0,"CpuRealtimePeriod":0,"CpuRealtimeRuntime":0,"CpusetCpus":"","CpusetMems":"","Devices":null,"DeviceCgroupRules":null,"DeviceRequests":null,"MemoryReservation":0,"MemorySwap":0,"MemorySwappiness":null,"OomKillDisable":null,"PidsLimit":null,"Ulimits":null,"CpuCount":0,"CpuPercent":0,"IOMaximumIOps":0,"IOMaximumBandwidth":0,"MaskedPaths":["/proc/asound","/proc/acpi","/proc/kcore","/proc/keys","/proc/latency_stats","/proc/timer_list","/proc/timer_stats","/proc/sched_debug","/proc/scsi","/sys/firmware"],"ReadonlyPaths":["/proc/bus","/proc/fs","/proc/irq","/proc/sys","/proc/sysrq-trigger"]},"GraphDriver":{"Data":{"LowerDir":"/var/lib/docker/overlay2/1afa4965aaaaa0887e2ad9af0172dc8bfd4b3602dd98dab3ce744fd3fc70edd4-init/diff:/var/lib/docker/overlay2/6e9ecc0e60e12e29b728d92d975407d97b7b9c814c99d2c85b796fe9e6c940bb/diff:/var/lib/docker/overlay2/6d3c77907f96e3b82796ee196e7d09d720ef7438aa0a4adfe6d8895c5f0ac4fd/diff:/var/lib/docker/overlay2/aa4916010282bade0395c6ce2be43dd65e6b2566b24c1e838b5d600dcc59470e/diff:/var/lib/docker/overlay2/221dd09b7002461d92f2b79af41d586fbb9d8ae29ed8a26167e26fcc79d6a9df/diff:/var/lib/docker/overlay2/12d04f031b74694736cf279da9a951f18fd5865ee3602731bbd72048c790f044/diff:/var/lib/docker/overlay2/ba432dfd60a012f8ae41c1b4a0a45a85cd1f3dc17d532502ae258aa56d50a31f/diff:/var/lib/docker/overlay2/c8c55c0e407039ff808b26d3c927d58cfbe4dd26e22156ac9a2b011de8765fd3/diff:/var/lib/docker/overlay2/935b91bbc7ce5c3ed85d3f2ceb1e7856ed2cd42ae450e00dce5831061e161a47/diff","MergedDir":"/var/lib/docker/overlay2/1afa4965aaaaa0887e2ad9af0172dc8bfd4b3602dd98dab3ce744fd3fc70edd4/merged","UpperDir":"/var/lib/docker/overlay2/1afa4965aaaaa0887e2ad9af0172dc8bfd4b3602dd98dab3ce744fd3fc70edd4/diff","WorkDir":"/var/lib/docker/overlay2/1afa4965aaaaa0887e2ad9af0172dc8bfd4b3602dd98dab3ce744fd3fc70edd4/work"},"Name":"overlay2"},"Mounts":[{"Type":"volume","Name":"a4e5e8040dbf2cc49b026bf739d7f353e14ed34871c9f1108693f9519bba9cbc","Source":"/var/lib/docker/volumes/a4e5e8040dbf2cc49b026bf739d7f353e14ed34871c9f1108693f9519bba9cbc/_data","Destination":"/data","Driver":"local","Mode":"","RW":true,"Propagation":""}],"Config":{"Hostname":"927108904e9b","Domainname":"","User":"","AttachStdin":false,"AttachStdout":false,"AttachStderr":false,"ExposedPorts":{"6379/tcp":{}},"Tty":false,"OpenStdin":false,"StdinOnce":false,"Env":["PATH=/usr/local/sbin:/usr/local/bin:/usr/sbin:/usr/bin:/sbin:/bin","GOSU_VERSION=1.17","REDIS_VERSION=7.0.15","REDIS_DOWNLOAD_URL=http://download.redis.io/releases/redis-7.0.15.tar.gz","REDIS_DOWNLOAD_SHA=98066f5363504b26c34dd20fbcc3c957990d764cdf42576c836fc021073f4341"],"Cmd":["redis-server"],"Image":"redis:7.0","Volumes":{"/data":{}},"WorkingDir":"/data","Entrypoint":["docker-entrypoint.sh"],"OnBuild":null,"Labels":{"org.testcontainers":"true","org.testcontainers.lang":"java","org.testcontainers.sessionId":"02f67430-f20c-4fdd-b619-db29e6c89474","org.testcontainers.version":"1.19.3"}},"NetworkSettings":{"Bridge":"","SandboxID":"8a623bc1a8a8b3e4dc286f49624d6670f9efbcfd64e4d2d43460a0891648aa35","HairpinMode":false,"LinkLocalIPv6Address":"","LinkLocalIPv6PrefixLen":0,"Ports":{"6379/tcp":[{"HostIp":"0.0.0.0","HostPort":"55458"}]},"SandboxKey":"/var/run/docker/netns/8a623bc1a8a8","SecondaryIPAddresses":null,"SecondaryIPv6Addresses":null,"EndpointID":"361e40cde8916b3e1ce693d204fdb942a9121a5e763fada0696be7cfa75c1528","Gateway":"172.17.0.1","GlobalIPv6Address":"","GlobalIPv6PrefixLen":0,"IPAddress":"172.17.0.3","IPPrefixLen":16,"IPv6Gateway":"","MacAddress":"02:42:ac:11:00:03","Networks":{"bridge":{"IPAMConfig":null,"Links":null,"Aliases":null,"NetworkID":"4855a3a6d66291d99ad08f5acdad3a6f84c792ba7b6bc3f1666bd24ddfb30297","EndpointID":"361e40cde8916b3e1ce693d204fdb942a9121a5e763fada0696be7cfa75c1528","Gateway":"172.17.0.1","IPAddress":"172.17.0.3","IPPrefixLen":16,"IPv6Gateway":"","GlobalIPv6Address":"","GlobalIPv6PrefixLen":0,"MacAddress":"02:42:ac:11:00:03","DriverOpts":null}}}}[\n]"
21:45:37.228 [Test worker] DEBUG com.github.dockerjava.zerodep.shaded.org.apache.hc.client5.http.wire - http-outgoing-1 << "[\r][\n]"
21:45:37.228 [Test worker] DEBUG com.github.dockerjava.zerodep.shaded.org.apache.hc.client5.http.wire - http-outgoing-1 << "0[\r][\n]"
21:45:37.228 [Test worker] DEBUG com.github.dockerjava.zerodep.shaded.org.apache.hc.client5.http.wire - http-outgoing-1 << "[\r][\n]"
21:45:37.229 [Test worker] DEBUG com.github.dockerjava.zerodep.shaded.org.apache.hc.client5.http.impl.classic.InternalHttpClient - ep-0000000B: releasing valid endpoint
21:45:37.230 [Test worker] DEBUG com.github.dockerjava.zerodep.shaded.org.apache.hc.client5.http.impl.io.PoolingHttpClientConnectionManager - ep-0000000B: releasing endpoint
21:45:37.230 [Test worker] DEBUG com.github.dockerjava.zerodep.shaded.org.apache.hc.client5.http.impl.io.PoolingHttpClientConnectionManager - ep-0000000B: connection http-outgoing-1 can be kept alive for 3 MINUTES
21:45:37.230 [Test worker] DEBUG com.github.dockerjava.zerodep.shaded.org.apache.hc.client5.http.impl.io.PoolingHttpClientConnectionManager - ep-0000000B: connection released [route: {}->unix://localhost:2375][total available: 1; route allocated: 1 of 2147483647; total allocated: 1 of 2147483647]
21:45:37.230 [Test worker] DEBUG org.testcontainers.shaded.com.github.dockerjava.core.command.AbstrDockerCmd - Cmd: sha256:280bc8b91f63658f9aa953917019518dbc05e941a3666cba0e33bb77fd900375
21:45:37.231 [Test worker] DEBUG com.github.dockerjava.zerodep.shaded.org.apache.hc.client5.http.impl.classic.InternalHttpClient - ex-0000000D: preparing request execution
21:45:37.231 [Test worker] DEBUG com.github.dockerjava.zerodep.shaded.org.apache.hc.client5.http.protocol.RequestAddCookies - Cookie spec selected: strict
21:45:37.231 [Test worker] DEBUG com.github.dockerjava.zerodep.shaded.org.apache.hc.client5.http.protocol.RequestAuthCache - Auth cache not set in the context
21:45:37.231 [Test worker] DEBUG com.github.dockerjava.zerodep.shaded.org.apache.hc.client5.http.impl.classic.ProtocolExec - ex-0000000D: target auth state: UNCHALLENGED
21:45:37.231 [Test worker] DEBUG com.github.dockerjava.zerodep.shaded.org.apache.hc.client5.http.impl.classic.ProtocolExec - ex-0000000D: proxy auth state: UNCHALLENGED
21:45:37.231 [Test worker] DEBUG com.github.dockerjava.zerodep.shaded.org.apache.hc.client5.http.impl.classic.ConnectExec - ex-0000000D: acquiring connection with route {}->unix://localhost:2375
21:45:37.231 [Test worker] DEBUG com.github.dockerjava.zerodep.shaded.org.apache.hc.client5.http.impl.classic.InternalHttpClient - ex-0000000D: acquiring endpoint (3 MINUTES)
21:45:37.231 [Test worker] DEBUG com.github.dockerjava.zerodep.shaded.org.apache.hc.client5.http.impl.io.PoolingHttpClientConnectionManager - ex-0000000D: endpoint lease request (3 MINUTES) [route: {}->unix://localhost:2375][total available: 1; route allocated: 1 of 2147483647; total allocated: 1 of 2147483647]
21:45:37.232 [Test worker] DEBUG com.github.dockerjava.zerodep.shaded.org.apache.hc.client5.http.impl.io.PoolingHttpClientConnectionManager - ex-0000000D: endpoint leased [route: {}->unix://localhost:2375][total available: 0; route allocated: 1 of 2147483647; total allocated: 1 of 2147483647]
21:45:37.232 [Test worker] DEBUG com.github.dockerjava.zerodep.shaded.org.apache.hc.client5.http.impl.io.PoolingHttpClientConnectionManager - ex-0000000D: acquired ep-0000000C
21:45:37.232 [Test worker] DEBUG com.github.dockerjava.zerodep.shaded.org.apache.hc.client5.http.impl.classic.InternalHttpClient - ex-0000000D: acquired endpoint ep-0000000C
21:45:37.232 [Test worker] DEBUG com.github.dockerjava.zerodep.shaded.org.apache.hc.client5.http.impl.classic.MainClientExec - ex-0000000D: executing GET /v1.32/images/sha256:280bc8b91f63658f9aa953917019518dbc05e941a3666cba0e33bb77fd900375/json HTTP/1.1
21:45:37.232 [Test worker] DEBUG com.github.dockerjava.zerodep.shaded.org.apache.hc.client5.http.impl.classic.InternalHttpClient - ep-0000000C: start execution ex-0000000D
21:45:37.232 [Test worker] DEBUG com.github.dockerjava.zerodep.shaded.org.apache.hc.client5.http.impl.io.PoolingHttpClientConnectionManager - ep-0000000C: executing exchange ex-0000000D over http-outgoing-1
21:45:37.232 [Test worker] DEBUG com.github.dockerjava.zerodep.shaded.org.apache.hc.client5.http.headers - http-outgoing-1 >> GET /v1.32/images/sha256:280bc8b91f63658f9aa953917019518dbc05e941a3666cba0e33bb77fd900375/json HTTP/1.1
21:45:37.232 [Test worker] DEBUG com.github.dockerjava.zerodep.shaded.org.apache.hc.client5.http.headers - http-outgoing-1 >> accept: application/json
21:45:37.232 [Test worker] DEBUG com.github.dockerjava.zerodep.shaded.org.apache.hc.client5.http.headers - http-outgoing-1 >> x-tc-sid: 02f67430-f20c-4fdd-b619-db29e6c89474
21:45:37.232 [Test worker] DEBUG com.github.dockerjava.zerodep.shaded.org.apache.hc.client5.http.headers - http-outgoing-1 >> User-Agent: tc-java/1.19.3
21:45:37.232 [Test worker] DEBUG com.github.dockerjava.zerodep.shaded.org.apache.hc.client5.http.headers - http-outgoing-1 >> Accept-Encoding: gzip, x-gzip, deflate
21:45:37.232 [Test worker] DEBUG com.github.dockerjava.zerodep.shaded.org.apache.hc.client5.http.headers - http-outgoing-1 >> Host: localhost:2375
21:45:37.232 [Test worker] DEBUG com.github.dockerjava.zerodep.shaded.org.apache.hc.client5.http.headers - http-outgoing-1 >> Connection: keep-alive
21:45:37.232 [Test worker] DEBUG com.github.dockerjava.zerodep.shaded.org.apache.hc.client5.http.wire - http-outgoing-1 >> "GET /v1.32/images/sha256:280bc8b91f63658f9aa953917019518dbc05e941a3666cba0e33bb77fd900375/json HTTP/1.1[\r][\n]"
21:45:37.232 [Test worker] DEBUG com.github.dockerjava.zerodep.shaded.org.apache.hc.client5.http.wire - http-outgoing-1 >> "accept: application/json[\r][\n]"
21:45:37.232 [Test worker] DEBUG com.github.dockerjava.zerodep.shaded.org.apache.hc.client5.http.wire - http-outgoing-1 >> "x-tc-sid: 02f67430-f20c-4fdd-b619-db29e6c89474[\r][\n]"
21:45:37.232 [Test worker] DEBUG com.github.dockerjava.zerodep.shaded.org.apache.hc.client5.http.wire - http-outgoing-1 >> "User-Agent: tc-java/1.19.3[\r][\n]"
21:45:37.232 [Test worker] DEBUG com.github.dockerjava.zerodep.shaded.org.apache.hc.client5.http.wire - http-outgoing-1 >> "Accept-Encoding: gzip, x-gzip, deflate[\r][\n]"
21:45:37.232 [Test worker] DEBUG com.github.dockerjava.zerodep.shaded.org.apache.hc.client5.http.wire - http-outgoing-1 >> "Host: localhost:2375[\r][\n]"
21:45:37.232 [Test worker] DEBUG com.github.dockerjava.zerodep.shaded.org.apache.hc.client5.http.wire - http-outgoing-1 >> "Connection: keep-alive[\r][\n]"
21:45:37.232 [Test worker] DEBUG com.github.dockerjava.zerodep.shaded.org.apache.hc.client5.http.wire - http-outgoing-1 >> "[\r][\n]"
21:45:37.237 [Test worker] DEBUG com.github.dockerjava.zerodep.shaded.org.apache.hc.client5.http.wire - http-outgoing-1 << "HTTP/1.1 200 OK[\r][\n]"
21:45:37.237 [Test worker] DEBUG com.github.dockerjava.zerodep.shaded.org.apache.hc.client5.http.wire - http-outgoing-1 << "Api-Version: 1.43[\r][\n]"
21:45:37.237 [Test worker] DEBUG com.github.dockerjava.zerodep.shaded.org.apache.hc.client5.http.wire - http-outgoing-1 << "Content-Type: application/json[\r][\n]"
21:45:37.237 [Test worker] DEBUG com.github.dockerjava.zerodep.shaded.org.apache.hc.client5.http.wire - http-outgoing-1 << "Date: Tue, 11 Jun 2024 00:45:37 GMT[\r][\n]"
21:45:37.237 [Test worker] DEBUG com.github.dockerjava.zerodep.shaded.org.apache.hc.client5.http.wire - http-outgoing-1 << "Docker-Experimental: false[\r][\n]"
21:45:37.237 [Test worker] DEBUG com.github.dockerjava.zerodep.shaded.org.apache.hc.client5.http.wire - http-outgoing-1 << "Ostype: linux[\r][\n]"
21:45:37.237 [Test worker] DEBUG com.github.dockerjava.zerodep.shaded.org.apache.hc.client5.http.wire - http-outgoing-1 << "Server: Docker/24.0.2 (linux)[\r][\n]"
21:45:37.237 [Test worker] DEBUG com.github.dockerjava.zerodep.shaded.org.apache.hc.client5.http.wire - http-outgoing-1 << "Transfer-Encoding: chunked[\r][\n]"
21:45:37.237 [Test worker] DEBUG com.github.dockerjava.zerodep.shaded.org.apache.hc.client5.http.wire - http-outgoing-1 << "[\r][\n]"
21:45:37.237 [Test worker] DEBUG com.github.dockerjava.zerodep.shaded.org.apache.hc.client5.http.headers - http-outgoing-1 << HTTP/1.1 200 OK
21:45:37.237 [Test worker] DEBUG com.github.dockerjava.zerodep.shaded.org.apache.hc.client5.http.headers - http-outgoing-1 << Api-Version: 1.43
21:45:37.237 [Test worker] DEBUG com.github.dockerjava.zerodep.shaded.org.apache.hc.client5.http.headers - http-outgoing-1 << Content-Type: application/json
21:45:37.237 [Test worker] DEBUG com.github.dockerjava.zerodep.shaded.org.apache.hc.client5.http.headers - http-outgoing-1 << Date: Tue, 11 Jun 2024 00:45:37 GMT
21:45:37.237 [Test worker] DEBUG com.github.dockerjava.zerodep.shaded.org.apache.hc.client5.http.headers - http-outgoing-1 << Docker-Experimental: false
21:45:37.237 [Test worker] DEBUG com.github.dockerjava.zerodep.shaded.org.apache.hc.client5.http.headers - http-outgoing-1 << Ostype: linux
21:45:37.238 [Test worker] DEBUG com.github.dockerjava.zerodep.shaded.org.apache.hc.client5.http.headers - http-outgoing-1 << Server: Docker/24.0.2 (linux)
21:45:37.238 [Test worker] DEBUG com.github.dockerjava.zerodep.shaded.org.apache.hc.client5.http.headers - http-outgoing-1 << Transfer-Encoding: chunked
21:45:37.238 [Test worker] DEBUG com.github.dockerjava.zerodep.shaded.org.apache.hc.client5.http.impl.classic.MainClientExec - ex-0000000D: connection can be kept alive for 3 MINUTES
21:45:37.238 [Test worker] DEBUG com.github.dockerjava.zerodep.shaded.org.apache.hc.client5.http.wire - http-outgoing-1 << "be9[\r][\n]"
21:45:37.238 [Test worker] DEBUG com.github.dockerjava.zerodep.shaded.org.apache.hc.client5.http.wire - http-outgoing-1 << "{"Id":"sha256:280bc8b91f63658f9aa953917019518dbc05e941a3666cba0e33bb77fd900375","RepoTags":["redis:7.0"],"RepoDigests":["redis@sha256:3c55c37863f8d04d8c71e965d917efeeb6b7d7799583cae93d835609694f0db1"],"Parent":"","Comment":"buildkit.dockerfile.v0","Created":"2024-05-22T23:17:59Z","Container":"","ContainerConfig":{"Hostname":"","Domainname":"","User":"","AttachStdin":false,"AttachStdout":false,"AttachStderr":false,"Tty":false,"OpenStdin":false,"StdinOnce":false,"Env":null,"Cmd":null,"Image":"","Volumes":null,"WorkingDir":"","Entrypoint":null,"OnBuild":null,"Labels":null},"DockerVersion":"","Author":"","Config":{"Hostname":"","Domainname":"","User":"","AttachStdin":false,"AttachStdout":false,"AttachStderr":false,"ExposedPorts":{"6379/tcp":{}},"Tty":false,"OpenStdin":false,"StdinOnce":false,"Env":["PATH=/usr/local/sbin:/usr/local/bin:/usr/sbin:/usr/bin:/sbin:/bin","GOSU_VERSION=1.17","REDIS_VERSION=7.0.15","REDIS_DOWNLOAD_URL=http://download.redis.io/releases/redis-7.0.15.tar.gz","REDIS_DOWNLOAD_SHA=98066f5363504b26c34dd20fbcc3c957990d764cdf42576c836fc021073f4341"],"Cmd":["redis-server"],"ArgsEscaped":true,"Image":"","Volumes":{"/data":{}},"WorkingDir":"/data","Entrypoint":["docker-entrypoint.sh"],"OnBuild":null,"Labels":null},"Architecture":"amd64","Os":"linux","Size":108757965,"VirtualSize":108757965,"GraphDriver":{"Data":{"LowerDir":"/var/lib/docker/overlay2/6d3c77907f96e3b82796ee196e7d09d720ef7438aa0a4adfe6d8895c5f0ac4fd/diff:/var/lib/docker/overlay2/aa4916010282bade0395c6ce2be43dd65e6b2566b24c1e838b5d600dcc59470e/diff:/var/lib/docker/overlay2/221dd09b7002461d92f2b79af41d586fbb9d8ae29ed8a26167e26fcc79d6a9df/diff:/var/lib/docker/overlay2/12d04f031b74694736cf279da9a951f18fd5865ee3602731bbd72048c790f044/diff:/var/lib/docker/overlay2/ba432dfd60a012f8ae41c1b4a0a45a85cd1f3dc17d532502ae258aa56d50a31f/diff:/var/lib/docker/overlay2/c8c55c0e407039ff808b26d3c927d58cfbe4dd26e22156ac9a2b011de8765fd3/diff:/var/lib/docker/overlay2/935b91bbc7ce5c3ed85d3f2ceb1e7856ed2cd42ae450e00dce5831061e161a47/diff","MergedDir":"/var/lib/docker/overlay2/6e9ecc0e60e12e29b728d92d975407d97b7b9c814c99d2c85b796fe9e6c940bb/merged","UpperDir":"/var/lib/docker/overlay2/6e9ecc0e60e12e29b728d92d975407d97b7b9c814c99d2c85b796fe9e6c940bb/diff","WorkDir":"/var/lib/docker/overlay2/6e9ecc0e60e12e29b728d92d975407d97b7b9c814c99d2c85b796fe9e6c940bb/work"},"Name":"overlay2"},"RootFS":{"Type":"layers","Layers":["sha256:5d4427064ecc46e3c2add169e9b5eafc7ed2be7861081ec925938ab628ac0e25","sha256:01a38d27a840d74808a558b73e500d1ddb25eebdcd5a8e7eb0b45705bacf20ed","sha256:da6544944a32c69a93b71c9c57dfd16575d93231f198a9dfa59d7984fd98a882","sha256:f9cc1a4b6a6cee8a284b0b233d2319cb4c4e5ca47da32b4333a9b2e90756db2d","sha256:dff01fe5e7bcb56c0c76caca5295a388568bdbaf6217967cdf01e066e29a5b7b","sha256:eb52f393ac47c96ac8ffd3aa9e4934345f3cb766c61e234425c29522f61c132c","sha256:5f70bf18a086007016e948b04aed3b82103a36bea41755b6cddfaf10ace3c6ef","sha256:16e12e2ddacefb2e2da9949e710b0226cf7eb610172e92d3dfe59cc8057d236a"]},"Metadata":{"LastTagTime":"0001-01-01T00:00:00Z"}}[\n]"
21:45:37.238 [Test worker] DEBUG com.github.dockerjava.zerodep.shaded.org.apache.hc.client5.http.wire - http-outgoing-1 << "[\r][\n]"
21:45:37.241 [Test worker] DEBUG com.github.dockerjava.zerodep.shaded.org.apache.hc.client5.http.wire - http-outgoing-1 << "0[\r][\n]"
21:45:37.241 [Test worker] DEBUG com.github.dockerjava.zerodep.shaded.org.apache.hc.client5.http.wire - http-outgoing-1 << "[\r][\n]"
21:45:37.241 [Test worker] DEBUG com.github.dockerjava.zerodep.shaded.org.apache.hc.client5.http.impl.classic.InternalHttpClient - ep-0000000C: releasing valid endpoint
21:45:37.241 [Test worker] DEBUG com.github.dockerjava.zerodep.shaded.org.apache.hc.client5.http.impl.io.PoolingHttpClientConnectionManager - ep-0000000C: releasing endpoint
21:45:37.242 [Test worker] DEBUG com.github.dockerjava.zerodep.shaded.org.apache.hc.client5.http.impl.io.PoolingHttpClientConnectionManager - ep-0000000C: connection http-outgoing-1 can be kept alive for 3 MINUTES
21:45:37.242 [Test worker] DEBUG com.github.dockerjava.zerodep.shaded.org.apache.hc.client5.http.impl.io.PoolingHttpClientConnectionManager - ep-0000000C: connection released [route: {}->unix://localhost:2375][total available: 1; route allocated: 1 of 2147483647; total allocated: 1 of 2147483647]
21:45:37.242 [Test worker] DEBUG org.testcontainers.shaded.com.github.dockerjava.core.command.AbstrDockerCmd - Cmd: 
21:45:37.243 [Test worker] DEBUG com.github.dockerjava.zerodep.shaded.org.apache.hc.client5.http.impl.classic.InternalHttpClient - ex-0000000E: preparing request execution
21:45:37.243 [Test worker] DEBUG com.github.dockerjava.zerodep.shaded.org.apache.hc.client5.http.protocol.RequestAddCookies - Cookie spec selected: strict
21:45:37.243 [Test worker] DEBUG com.github.dockerjava.zerodep.shaded.org.apache.hc.client5.http.protocol.RequestAuthCache - Auth cache not set in the context
21:45:37.243 [Test worker] DEBUG com.github.dockerjava.zerodep.shaded.org.apache.hc.client5.http.impl.classic.ProtocolExec - ex-0000000E: target auth state: UNCHALLENGED
21:45:37.243 [Test worker] DEBUG com.github.dockerjava.zerodep.shaded.org.apache.hc.client5.http.impl.classic.ProtocolExec - ex-0000000E: proxy auth state: UNCHALLENGED
21:45:37.243 [Test worker] DEBUG com.github.dockerjava.zerodep.shaded.org.apache.hc.client5.http.impl.classic.ConnectExec - ex-0000000E: acquiring connection with route {}->unix://localhost:2375
21:45:37.243 [Test worker] DEBUG com.github.dockerjava.zerodep.shaded.org.apache.hc.client5.http.impl.classic.InternalHttpClient - ex-0000000E: acquiring endpoint (3 MINUTES)
21:45:37.243 [Test worker] DEBUG com.github.dockerjava.zerodep.shaded.org.apache.hc.client5.http.impl.io.PoolingHttpClientConnectionManager - ex-0000000E: endpoint lease request (3 MINUTES) [route: {}->unix://localhost:2375][total available: 1; route allocated: 1 of 2147483647; total allocated: 1 of 2147483647]
21:45:37.244 [Test worker] DEBUG com.github.dockerjava.zerodep.shaded.org.apache.hc.client5.http.impl.io.PoolingHttpClientConnectionManager - ex-0000000E: endpoint leased [route: {}->unix://localhost:2375][total available: 0; route allocated: 1 of 2147483647; total allocated: 1 of 2147483647]
21:45:37.244 [Test worker] DEBUG com.github.dockerjava.zerodep.shaded.org.apache.hc.client5.http.impl.io.PoolingHttpClientConnectionManager - ex-0000000E: acquired ep-0000000D
21:45:37.244 [Test worker] DEBUG com.github.dockerjava.zerodep.shaded.org.apache.hc.client5.http.impl.classic.InternalHttpClient - ex-0000000E: acquired endpoint ep-0000000D
21:45:37.244 [Test worker] DEBUG com.github.dockerjava.zerodep.shaded.org.apache.hc.client5.http.impl.classic.MainClientExec - ex-0000000E: executing GET /v1.32/version HTTP/1.1
21:45:37.244 [Test worker] DEBUG com.github.dockerjava.zerodep.shaded.org.apache.hc.client5.http.impl.classic.InternalHttpClient - ep-0000000D: start execution ex-0000000E
21:45:37.244 [Test worker] DEBUG com.github.dockerjava.zerodep.shaded.org.apache.hc.client5.http.impl.io.PoolingHttpClientConnectionManager - ep-0000000D: executing exchange ex-0000000E over http-outgoing-1
21:45:37.244 [Test worker] DEBUG com.github.dockerjava.zerodep.shaded.org.apache.hc.client5.http.headers - http-outgoing-1 >> GET /v1.32/version HTTP/1.1
21:45:37.244 [Test worker] DEBUG com.github.dockerjava.zerodep.shaded.org.apache.hc.client5.http.headers - http-outgoing-1 >> accept: application/json
21:45:37.244 [Test worker] DEBUG com.github.dockerjava.zerodep.shaded.org.apache.hc.client5.http.headers - http-outgoing-1 >> x-tc-sid: 02f67430-f20c-4fdd-b619-db29e6c89474
21:45:37.244 [Test worker] DEBUG com.github.dockerjava.zerodep.shaded.org.apache.hc.client5.http.headers - http-outgoing-1 >> User-Agent: tc-java/1.19.3
21:45:37.244 [Test worker] DEBUG com.github.dockerjava.zerodep.shaded.org.apache.hc.client5.http.headers - http-outgoing-1 >> Accept-Encoding: gzip, x-gzip, deflate
21:45:37.244 [Test worker] DEBUG com.github.dockerjava.zerodep.shaded.org.apache.hc.client5.http.headers - http-outgoing-1 >> Host: localhost:2375
21:45:37.244 [Test worker] DEBUG com.github.dockerjava.zerodep.shaded.org.apache.hc.client5.http.headers - http-outgoing-1 >> Connection: keep-alive
21:45:37.244 [Test worker] DEBUG com.github.dockerjava.zerodep.shaded.org.apache.hc.client5.http.wire - http-outgoing-1 >> "GET /v1.32/version HTTP/1.1[\r][\n]"
21:45:37.244 [Test worker] DEBUG com.github.dockerjava.zerodep.shaded.org.apache.hc.client5.http.wire - http-outgoing-1 >> "accept: application/json[\r][\n]"
21:45:37.244 [Test worker] DEBUG com.github.dockerjava.zerodep.shaded.org.apache.hc.client5.http.wire - http-outgoing-1 >> "x-tc-sid: 02f67430-f20c-4fdd-b619-db29e6c89474[\r][\n]"
21:45:37.244 [Test worker] DEBUG com.github.dockerjava.zerodep.shaded.org.apache.hc.client5.http.wire - http-outgoing-1 >> "User-Agent: tc-java/1.19.3[\r][\n]"
21:45:37.244 [Test worker] DEBUG com.github.dockerjava.zerodep.shaded.org.apache.hc.client5.http.wire - http-outgoing-1 >> "Accept-Encoding: gzip, x-gzip, deflate[\r][\n]"
21:45:37.244 [Test worker] DEBUG com.github.dockerjava.zerodep.shaded.org.apache.hc.client5.http.wire - http-outgoing-1 >> "Host: localhost:2375[\r][\n]"
21:45:37.244 [Test worker] DEBUG com.github.dockerjava.zerodep.shaded.org.apache.hc.client5.http.wire - http-outgoing-1 >> "Connection: keep-alive[\r][\n]"
21:45:37.244 [Test worker] DEBUG com.github.dockerjava.zerodep.shaded.org.apache.hc.client5.http.wire - http-outgoing-1 >> "[\r][\n]"
21:45:37.266 [Test worker] DEBUG com.github.dockerjava.zerodep.shaded.org.apache.hc.client5.http.wire - http-outgoing-1 << "HTTP/1.1 200 OK[\r][\n]"
21:45:37.267 [Test worker] DEBUG com.github.dockerjava.zerodep.shaded.org.apache.hc.client5.http.wire - http-outgoing-1 << "Api-Version: 1.43[\r][\n]"
21:45:37.267 [Test worker] DEBUG com.github.dockerjava.zerodep.shaded.org.apache.hc.client5.http.wire - http-outgoing-1 << "Content-Type: application/json[\r][\n]"
21:45:37.267 [Test worker] DEBUG com.github.dockerjava.zerodep.shaded.org.apache.hc.client5.http.wire - http-outgoing-1 << "Date: Tue, 11 Jun 2024 00:45:37 GMT[\r][\n]"
21:45:37.267 [Test worker] DEBUG com.github.dockerjava.zerodep.shaded.org.apache.hc.client5.http.wire - http-outgoing-1 << "Docker-Experimental: false[\r][\n]"
21:45:37.267 [Test worker] DEBUG com.github.dockerjava.zerodep.shaded.org.apache.hc.client5.http.wire - http-outgoing-1 << "Ostype: linux[\r][\n]"
21:45:37.267 [Test worker] DEBUG com.github.dockerjava.zerodep.shaded.org.apache.hc.client5.http.wire - http-outgoing-1 << "Server: Docker/24.0.2 (linux)[\r][\n]"
21:45:37.267 [Test worker] DEBUG com.github.dockerjava.zerodep.shaded.org.apache.hc.client5.http.wire - http-outgoing-1 << "Transfer-Encoding: chunked[\r][\n]"
21:45:37.267 [Test worker] DEBUG com.github.dockerjava.zerodep.shaded.org.apache.hc.client5.http.wire - http-outgoing-1 << "[\r][\n]"
21:45:37.267 [Test worker] DEBUG com.github.dockerjava.zerodep.shaded.org.apache.hc.client5.http.headers - http-outgoing-1 << HTTP/1.1 200 OK
21:45:37.267 [Test worker] DEBUG com.github.dockerjava.zerodep.shaded.org.apache.hc.client5.http.headers - http-outgoing-1 << Api-Version: 1.43
21:45:37.267 [Test worker] DEBUG com.github.dockerjava.zerodep.shaded.org.apache.hc.client5.http.headers - http-outgoing-1 << Content-Type: application/json
21:45:37.267 [Test worker] DEBUG com.github.dockerjava.zerodep.shaded.org.apache.hc.client5.http.headers - http-outgoing-1 << Date: Tue, 11 Jun 2024 00:45:37 GMT
21:45:37.267 [Test worker] DEBUG com.github.dockerjava.zerodep.shaded.org.apache.hc.client5.http.headers - http-outgoing-1 << Docker-Experimental: false
21:45:37.267 [Test worker] DEBUG com.github.dockerjava.zerodep.shaded.org.apache.hc.client5.http.headers - http-outgoing-1 << Ostype: linux
21:45:37.267 [Test worker] DEBUG com.github.dockerjava.zerodep.shaded.org.apache.hc.client5.http.headers - http-outgoing-1 << Server: Docker/24.0.2 (linux)
21:45:37.267 [Test worker] DEBUG com.github.dockerjava.zerodep.shaded.org.apache.hc.client5.http.headers - http-outgoing-1 << Transfer-Encoding: chunked
21:45:37.267 [Test worker] DEBUG com.github.dockerjava.zerodep.shaded.org.apache.hc.client5.http.impl.classic.MainClientExec - ex-0000000E: connection can be kept alive for 3 MINUTES
21:45:37.268 [Test worker] DEBUG com.github.dockerjava.zerodep.shaded.org.apache.hc.client5.http.wire - http-outgoing-1 << "33f[\r][\n]"
21:45:37.268 [Test worker] DEBUG com.github.dockerjava.zerodep.shaded.org.apache.hc.client5.http.wire - http-outgoing-1 << "{"Platform":{"Name":"Docker Desktop 4.20.1 (110738)"},"Components":[{"Name":"Engine","Version":"24.0.2","Details":{"ApiVersion":"1.43","Arch":"amd64","BuildTime":"2023-05-25T21:52:17.000000000+00:00","Experimental":"false","GitCommit":"659604f","GoVersion":"go1.20.4","KernelVersion":"5.15.49-linuxkit-pr","MinAPIVersion":"1.12","Os":"linux"}},{"Name":"containerd","Version":"1.6.21","Details":{"GitCommit":"3dce8eb055cbb6872793272b4f20ed16117344f8"}},{"Name":"runc","Version":"1.1.7","Details":{"GitCommit":"v1.1.7-0-g860f061"}},{"Name":"docker-init","Version":"0.19.0","Details":{"GitCommit":"de40ad0"}}],"Version":"24.0.2","ApiVersion":"1.43","MinAPIVersion":"1.12","GitCommit":"659604f","GoVersion":"go1.20.4","Os":"linux","Arch":"amd64","KernelVersion":"5.15.49-linuxkit-pr","BuildTime":"2023-05-25T21:52:17.000000000+00:00"}[\n]"
21:45:37.268 [Test worker] DEBUG com.github.dockerjava.zerodep.shaded.org.apache.hc.client5.http.wire - http-outgoing-1 << "[\r][\n]"
21:45:37.268 [Test worker] DEBUG com.github.dockerjava.zerodep.shaded.org.apache.hc.client5.http.wire - http-outgoing-1 << "0[\r][\n]"
21:45:37.268 [Test worker] DEBUG com.github.dockerjava.zerodep.shaded.org.apache.hc.client5.http.wire - http-outgoing-1 << "[\r][\n]"
21:45:37.268 [Test worker] DEBUG com.github.dockerjava.zerodep.shaded.org.apache.hc.client5.http.impl.classic.InternalHttpClient - ep-0000000D: releasing valid endpoint
21:45:37.268 [Test worker] DEBUG com.github.dockerjava.zerodep.shaded.org.apache.hc.client5.http.impl.io.PoolingHttpClientConnectionManager - ep-0000000D: releasing endpoint
21:45:37.269 [Test worker] DEBUG com.github.dockerjava.zerodep.shaded.org.apache.hc.client5.http.impl.io.PoolingHttpClientConnectionManager - ep-0000000D: connection http-outgoing-1 can be kept alive for 3 MINUTES
21:45:37.269 [Test worker] DEBUG com.github.dockerjava.zerodep.shaded.org.apache.hc.client5.http.impl.io.PoolingHttpClientConnectionManager - ep-0000000D: connection released [route: {}->unix://localhost:2375][total available: 1; route allocated: 1 of 2147483647; total allocated: 1 of 2147483647]
21:45:37.277 [testcontainers-wait-0] DEBUG org.testcontainers.containers.ExecInContainerPattern - /wizardly_keller: Running "exec" command: /bin/sh -c while true; do ( true  &&  (grep -i ':0*18eb' /proc/net/tcp* || nc -vz -w 1 localhost 6379 || /bin/bash -c '</dev/tcp/localhost/6379') ) && exit 0 || sleep 0.1; done
21:45:37.277 [testcontainers-wait-1] DEBUG org.testcontainers.shaded.com.github.dockerjava.core.command.AbstrDockerCmd - Cmd: 927108904e9bf736db35be226f1d5f703c533885f6f86d606680730f92d44b2c,false
21:45:37.277 [testcontainers-wait-1] DEBUG org.testcontainers.shaded.com.github.dockerjava.core.exec.InspectContainerCmdExec - GET: DefaultWebTarget{path=[/containers/927108904e9bf736db35be226f1d5f703c533885f6f86d606680730f92d44b2c/json], queryParams={}}
21:45:37.278 [testcontainers-wait-1] DEBUG com.github.dockerjava.zerodep.shaded.org.apache.hc.client5.http.impl.classic.InternalHttpClient - ex-0000000F: preparing request execution
21:45:37.278 [testcontainers-wait-1] DEBUG com.github.dockerjava.zerodep.shaded.org.apache.hc.client5.http.protocol.RequestAddCookies - Cookie spec selected: strict
21:45:37.278 [testcontainers-wait-1] DEBUG com.github.dockerjava.zerodep.shaded.org.apache.hc.client5.http.protocol.RequestAuthCache - Auth cache not set in the context
21:45:37.278 [testcontainers-wait-1] DEBUG com.github.dockerjava.zerodep.shaded.org.apache.hc.client5.http.impl.classic.ProtocolExec - ex-0000000F: target auth state: UNCHALLENGED
21:45:37.278 [testcontainers-wait-1] DEBUG com.github.dockerjava.zerodep.shaded.org.apache.hc.client5.http.impl.classic.ProtocolExec - ex-0000000F: proxy auth state: UNCHALLENGED
21:45:37.278 [testcontainers-wait-1] DEBUG com.github.dockerjava.zerodep.shaded.org.apache.hc.client5.http.impl.classic.ConnectExec - ex-0000000F: acquiring connection with route {}->unix://localhost:2375
21:45:37.278 [testcontainers-wait-1] DEBUG com.github.dockerjava.zerodep.shaded.org.apache.hc.client5.http.impl.classic.InternalHttpClient - ex-0000000F: acquiring endpoint (3 MINUTES)
21:45:37.278 [testcontainers-wait-1] DEBUG com.github.dockerjava.zerodep.shaded.org.apache.hc.client5.http.impl.io.PoolingHttpClientConnectionManager - ex-0000000F: endpoint lease request (3 MINUTES) [route: {}->unix://localhost:2375][total available: 1; route allocated: 1 of 2147483647; total allocated: 1 of 2147483647]
21:45:37.278 [testcontainers-wait-1] DEBUG com.github.dockerjava.zerodep.shaded.org.apache.hc.client5.http.impl.io.PoolingHttpClientConnectionManager - ex-0000000F: endpoint leased [route: {}->unix://localhost:2375][total available: 0; route allocated: 1 of 2147483647; total allocated: 1 of 2147483647]
21:45:37.279 [testcontainers-wait-1] DEBUG com.github.dockerjava.zerodep.shaded.org.apache.hc.client5.http.impl.io.PoolingHttpClientConnectionManager - ex-0000000F: acquired ep-0000000E
21:45:37.279 [testcontainers-wait-1] DEBUG com.github.dockerjava.zerodep.shaded.org.apache.hc.client5.http.impl.classic.InternalHttpClient - ex-0000000F: acquired endpoint ep-0000000E
21:45:37.279 [testcontainers-wait-1] DEBUG com.github.dockerjava.zerodep.shaded.org.apache.hc.client5.http.impl.classic.MainClientExec - ex-0000000F: executing GET /v1.32/containers/927108904e9bf736db35be226f1d5f703c533885f6f86d606680730f92d44b2c/json HTTP/1.1
21:45:37.279 [testcontainers-wait-1] DEBUG com.github.dockerjava.zerodep.shaded.org.apache.hc.client5.http.impl.classic.InternalHttpClient - ep-0000000E: start execution ex-0000000F
21:45:37.279 [testcontainers-wait-1] DEBUG com.github.dockerjava.zerodep.shaded.org.apache.hc.client5.http.impl.io.PoolingHttpClientConnectionManager - ep-0000000E: executing exchange ex-0000000F over http-outgoing-1
21:45:37.279 [testcontainers-wait-1] DEBUG com.github.dockerjava.zerodep.shaded.org.apache.hc.client5.http.headers - http-outgoing-1 >> GET /v1.32/containers/927108904e9bf736db35be226f1d5f703c533885f6f86d606680730f92d44b2c/json HTTP/1.1
21:45:37.278 [testcontainers-wait-0] DEBUG org.testcontainers.shaded.com.github.dockerjava.core.command.AbstrDockerCmd - Cmd: true,<null>,true,{/bin/sh,-c,while true; do ( true  &&  (grep -i ':0*18eb' /proc/net/tcp* || nc -vz -w 1 localhost 6379 || /bin/bash -c '</dev/tcp/localhost/6379') ) && exit 0 || sleep 0.1; done},927108904e9bf736db35be226f1d5f703c533885f6f86d606680730f92d44b2c,<null>,<null>,<null>,<null>,<null>
21:45:37.279 [testcontainers-wait-1] DEBUG com.github.dockerjava.zerodep.shaded.org.apache.hc.client5.http.headers - http-outgoing-1 >> accept: application/json
21:45:37.279 [testcontainers-wait-1] DEBUG com.github.dockerjava.zerodep.shaded.org.apache.hc.client5.http.headers - http-outgoing-1 >> x-tc-sid: 02f67430-f20c-4fdd-b619-db29e6c89474
21:45:37.279 [testcontainers-wait-1] DEBUG com.github.dockerjava.zerodep.shaded.org.apache.hc.client5.http.headers - http-outgoing-1 >> User-Agent: tc-java/1.19.3
21:45:37.279 [testcontainers-wait-1] DEBUG com.github.dockerjava.zerodep.shaded.org.apache.hc.client5.http.headers - http-outgoing-1 >> Accept-Encoding: gzip, x-gzip, deflate
21:45:37.279 [testcontainers-wait-1] DEBUG com.github.dockerjava.zerodep.shaded.org.apache.hc.client5.http.headers - http-outgoing-1 >> Host: localhost:2375
21:45:37.279 [testcontainers-wait-1] DEBUG com.github.dockerjava.zerodep.shaded.org.apache.hc.client5.http.headers - http-outgoing-1 >> Connection: keep-alive
21:45:37.279 [testcontainers-wait-1] DEBUG com.github.dockerjava.zerodep.shaded.org.apache.hc.client5.http.wire - http-outgoing-1 >> "GET /v1.32/containers/927108904e9bf736db35be226f1d5f703c533885f6f86d606680730f92d44b2c/json HTTP/1.1[\r][\n]"
21:45:37.279 [testcontainers-wait-1] DEBUG com.github.dockerjava.zerodep.shaded.org.apache.hc.client5.http.wire - http-outgoing-1 >> "accept: application/json[\r][\n]"
21:45:37.279 [testcontainers-wait-1] DEBUG com.github.dockerjava.zerodep.shaded.org.apache.hc.client5.http.wire - http-outgoing-1 >> "x-tc-sid: 02f67430-f20c-4fdd-b619-db29e6c89474[\r][\n]"
21:45:37.279 [testcontainers-wait-1] DEBUG com.github.dockerjava.zerodep.shaded.org.apache.hc.client5.http.wire - http-outgoing-1 >> "User-Agent: tc-java/1.19.3[\r][\n]"
21:45:37.279 [testcontainers-wait-1] DEBUG com.github.dockerjava.zerodep.shaded.org.apache.hc.client5.http.wire - http-outgoing-1 >> "Accept-Encoding: gzip, x-gzip, deflate[\r][\n]"
21:45:37.279 [testcontainers-wait-1] DEBUG com.github.dockerjava.zerodep.shaded.org.apache.hc.client5.http.wire - http-outgoing-1 >> "Host: localhost:2375[\r][\n]"
21:45:37.279 [testcontainers-wait-1] DEBUG com.github.dockerjava.zerodep.shaded.org.apache.hc.client5.http.wire - http-outgoing-1 >> "Connection: keep-alive[\r][\n]"
21:45:37.279 [testcontainers-wait-1] DEBUG com.github.dockerjava.zerodep.shaded.org.apache.hc.client5.http.wire - http-outgoing-1 >> "[\r][\n]"
21:45:37.282 [testcontainers-wait-0] DEBUG com.github.dockerjava.zerodep.shaded.org.apache.hc.client5.http.impl.classic.InternalHttpClient - ex-00000010: preparing request execution
21:45:37.283 [testcontainers-wait-0] DEBUG com.github.dockerjava.zerodep.shaded.org.apache.hc.client5.http.protocol.RequestAddCookies - Cookie spec selected: strict
21:45:37.283 [testcontainers-wait-0] DEBUG com.github.dockerjava.zerodep.shaded.org.apache.hc.client5.http.protocol.RequestAuthCache - Auth cache not set in the context
21:45:37.283 [testcontainers-wait-0] DEBUG com.github.dockerjava.zerodep.shaded.org.apache.hc.client5.http.impl.classic.ProtocolExec - ex-00000010: target auth state: UNCHALLENGED
21:45:37.283 [testcontainers-wait-0] DEBUG com.github.dockerjava.zerodep.shaded.org.apache.hc.client5.http.impl.classic.ProtocolExec - ex-00000010: proxy auth state: UNCHALLENGED
21:45:37.283 [testcontainers-wait-0] DEBUG com.github.dockerjava.zerodep.shaded.org.apache.hc.client5.http.impl.classic.ConnectExec - ex-00000010: acquiring connection with route {}->unix://localhost:2375
21:45:37.283 [testcontainers-wait-0] DEBUG com.github.dockerjava.zerodep.shaded.org.apache.hc.client5.http.impl.classic.InternalHttpClient - ex-00000010: acquiring endpoint (3 MINUTES)
21:45:37.283 [testcontainers-wait-0] DEBUG com.github.dockerjava.zerodep.shaded.org.apache.hc.client5.http.impl.io.PoolingHttpClientConnectionManager - ex-00000010: endpoint lease request (3 MINUTES) [route: {}->unix://localhost:2375][total available: 0; route allocated: 1 of 2147483647; total allocated: 1 of 2147483647]
21:45:37.283 [testcontainers-wait-0] DEBUG com.github.dockerjava.zerodep.shaded.org.apache.hc.client5.http.impl.io.PoolingHttpClientConnectionManager - ex-00000010: endpoint leased [route: {}->unix://localhost:2375][total available: 0; route allocated: 2 of 2147483647; total allocated: 2 of 2147483647]
21:45:37.283 [testcontainers-wait-0] DEBUG com.github.dockerjava.zerodep.shaded.org.apache.hc.client5.http.impl.io.PoolingHttpClientConnectionManager - ex-00000010: acquired ep-0000000F
21:45:37.283 [testcontainers-wait-0] DEBUG com.github.dockerjava.zerodep.shaded.org.apache.hc.client5.http.impl.classic.InternalHttpClient - ex-00000010: acquired endpoint ep-0000000F
21:45:37.283 [testcontainers-wait-0] DEBUG com.github.dockerjava.zerodep.shaded.org.apache.hc.client5.http.impl.classic.ConnectExec - ex-00000010: opening connection {}->unix://localhost:2375
21:45:37.283 [testcontainers-wait-0] DEBUG com.github.dockerjava.zerodep.shaded.org.apache.hc.client5.http.impl.classic.InternalHttpClient - ep-0000000F: connecting endpoint (3 MINUTES)
21:45:37.284 [testcontainers-wait-0] DEBUG com.github.dockerjava.zerodep.shaded.org.apache.hc.client5.http.impl.io.PoolingHttpClientConnectionManager - ep-0000000F: connecting endpoint to unix://localhost:2375 (3 MINUTES)
21:45:37.284 [testcontainers-wait-0] DEBUG com.github.dockerjava.zerodep.shaded.org.apache.hc.client5.http.impl.io.DefaultHttpClientConnectionOperator - http-outgoing-2: connecting to localhost/127.0.0.1:2375
21:45:37.284 [testcontainers-wait-0] DEBUG com.github.dockerjava.zerodep.shaded.org.apache.hc.client5.http.impl.io.DefaultHttpClientConnectionOperator - http-outgoing-2: connection established /var/run/docker.sock<->/var/run/docker.sock
21:45:37.284 [testcontainers-wait-0] DEBUG com.github.dockerjava.zerodep.shaded.org.apache.hc.client5.http.impl.io.PoolingHttpClientConnectionManager - ep-0000000F: connected http-outgoing-2
21:45:37.284 [testcontainers-wait-0] DEBUG com.github.dockerjava.zerodep.shaded.org.apache.hc.client5.http.impl.classic.InternalHttpClient - ep-0000000F: endpoint connected
21:45:37.284 [testcontainers-wait-0] DEBUG com.github.dockerjava.zerodep.shaded.org.apache.hc.client5.http.impl.classic.MainClientExec - ex-00000010: executing POST /v1.32/containers/927108904e9bf736db35be226f1d5f703c533885f6f86d606680730f92d44b2c/exec HTTP/1.1
21:45:37.284 [testcontainers-wait-0] DEBUG com.github.dockerjava.zerodep.shaded.org.apache.hc.client5.http.impl.classic.InternalHttpClient - ep-0000000F: start execution ex-00000010
21:45:37.285 [testcontainers-wait-0] DEBUG com.github.dockerjava.zerodep.shaded.org.apache.hc.client5.http.impl.io.PoolingHttpClientConnectionManager - ep-0000000F: executing exchange ex-00000010 over http-outgoing-2
21:45:37.285 [testcontainers-wait-0] DEBUG com.github.dockerjava.zerodep.shaded.org.apache.hc.client5.http.headers - http-outgoing-2 >> POST /v1.32/containers/927108904e9bf736db35be226f1d5f703c533885f6f86d606680730f92d44b2c/exec HTTP/1.1
21:45:37.285 [testcontainers-wait-0] DEBUG com.github.dockerjava.zerodep.shaded.org.apache.hc.client5.http.headers - http-outgoing-2 >> accept: application/json
21:45:37.285 [testcontainers-wait-0] DEBUG com.github.dockerjava.zerodep.shaded.org.apache.hc.client5.http.headers - http-outgoing-2 >> content-type: application/json
21:45:37.285 [testcontainers-wait-0] DEBUG com.github.dockerjava.zerodep.shaded.org.apache.hc.client5.http.headers - http-outgoing-2 >> x-tc-sid: 02f67430-f20c-4fdd-b619-db29e6c89474
21:45:37.285 [testcontainers-wait-0] DEBUG com.github.dockerjava.zerodep.shaded.org.apache.hc.client5.http.headers - http-outgoing-2 >> User-Agent: tc-java/1.19.3
21:45:37.285 [testcontainers-wait-0] DEBUG com.github.dockerjava.zerodep.shaded.org.apache.hc.client5.http.headers - http-outgoing-2 >> Accept-Encoding: gzip, x-gzip, deflate
21:45:37.285 [testcontainers-wait-0] DEBUG com.github.dockerjava.zerodep.shaded.org.apache.hc.client5.http.headers - http-outgoing-2 >> Content-Length: 402
21:45:37.285 [testcontainers-wait-0] DEBUG com.github.dockerjava.zerodep.shaded.org.apache.hc.client5.http.headers - http-outgoing-2 >> Host: localhost:2375
21:45:37.285 [testcontainers-wait-0] DEBUG com.github.dockerjava.zerodep.shaded.org.apache.hc.client5.http.headers - http-outgoing-2 >> Connection: keep-alive
21:45:37.285 [testcontainers-wait-0] DEBUG com.github.dockerjava.zerodep.shaded.org.apache.hc.client5.http.wire - http-outgoing-2 >> "POST /v1.32/containers/927108904e9bf736db35be226f1d5f703c533885f6f86d606680730f92d44b2c/exec HTTP/1.1[\r][\n]"
21:45:37.285 [testcontainers-wait-0] DEBUG com.github.dockerjava.zerodep.shaded.org.apache.hc.client5.http.wire - http-outgoing-2 >> "accept: application/json[\r][\n]"
21:45:37.285 [testcontainers-wait-0] DEBUG com.github.dockerjava.zerodep.shaded.org.apache.hc.client5.http.wire - http-outgoing-2 >> "content-type: application/json[\r][\n]"
21:45:37.285 [testcontainers-wait-0] DEBUG com.github.dockerjava.zerodep.shaded.org.apache.hc.client5.http.wire - http-outgoing-2 >> "x-tc-sid: 02f67430-f20c-4fdd-b619-db29e6c89474[\r][\n]"
21:45:37.285 [testcontainers-wait-0] DEBUG com.github.dockerjava.zerodep.shaded.org.apache.hc.client5.http.wire - http-outgoing-2 >> "User-Agent: tc-java/1.19.3[\r][\n]"
21:45:37.285 [testcontainers-wait-0] DEBUG com.github.dockerjava.zerodep.shaded.org.apache.hc.client5.http.wire - http-outgoing-2 >> "Accept-Encoding: gzip, x-gzip, deflate[\r][\n]"
21:45:37.285 [testcontainers-wait-0] DEBUG com.github.dockerjava.zerodep.shaded.org.apache.hc.client5.http.wire - http-outgoing-2 >> "Content-Length: 402[\r][\n]"
21:45:37.285 [testcontainers-wait-0] DEBUG com.github.dockerjava.zerodep.shaded.org.apache.hc.client5.http.wire - http-outgoing-2 >> "Host: localhost:2375[\r][\n]"
21:45:37.285 [testcontainers-wait-0] DEBUG com.github.dockerjava.zerodep.shaded.org.apache.hc.client5.http.wire - http-outgoing-2 >> "Connection: keep-alive[\r][\n]"
21:45:37.285 [testcontainers-wait-0] DEBUG com.github.dockerjava.zerodep.shaded.org.apache.hc.client5.http.wire - http-outgoing-2 >> "[\r][\n]"
21:45:37.285 [testcontainers-wait-0] DEBUG com.github.dockerjava.zerodep.shaded.org.apache.hc.client5.http.wire - http-outgoing-2 >> "{"containerId":"927108904e9bf736db35be226f1d5f703c533885f6f86d606680730f92d44b2c","AttachStdin":null,"AttachStdout":true,"AttachStderr":true,"Tty":null,"Privileged":null,"User":null,"Cmd":["/bin/sh","-c","while true; do ( true  &&  (grep -i ':0*18eb' /proc/net/tcp* || nc -vz -w 1 localhost 6379 || /bin/bash -c '</dev/tcp/localhost/6379') ) && exit 0 || sleep 0.1; done"],"Env":null,"WorkingDir":null}"
21:45:37.298 [testcontainers-wait-1] DEBUG com.github.dockerjava.zerodep.shaded.org.apache.hc.client5.http.wire - http-outgoing-1 << "HTTP/1.1 200 OK[\r][\n]"
21:45:37.298 [testcontainers-wait-1] DEBUG com.github.dockerjava.zerodep.shaded.org.apache.hc.client5.http.wire - http-outgoing-1 << "Api-Version: 1.43[\r][\n]"
21:45:37.298 [testcontainers-wait-1] DEBUG com.github.dockerjava.zerodep.shaded.org.apache.hc.client5.http.wire - http-outgoing-1 << "Content-Type: application/json[\r][\n]"
21:45:37.298 [testcontainers-wait-1] DEBUG com.github.dockerjava.zerodep.shaded.org.apache.hc.client5.http.wire - http-outgoing-1 << "Date: Tue, 11 Jun 2024 00:45:37 GMT[\r][\n]"
21:45:37.298 [testcontainers-wait-1] DEBUG com.github.dockerjava.zerodep.shaded.org.apache.hc.client5.http.wire - http-outgoing-1 << "Docker-Experimental: false[\r][\n]"
21:45:37.298 [testcontainers-wait-1] DEBUG com.github.dockerjava.zerodep.shaded.org.apache.hc.client5.http.wire - http-outgoing-1 << "Ostype: linux[\r][\n]"
21:45:37.298 [testcontainers-wait-1] DEBUG com.github.dockerjava.zerodep.shaded.org.apache.hc.client5.http.wire - http-outgoing-1 << "Server: Docker/24.0.2 (linux)[\r][\n]"
21:45:37.298 [testcontainers-wait-1] DEBUG com.github.dockerjava.zerodep.shaded.org.apache.hc.client5.http.wire - http-outgoing-1 << "Transfer-Encoding: chunked[\r][\n]"
21:45:37.298 [testcontainers-wait-1] DEBUG com.github.dockerjava.zerodep.shaded.org.apache.hc.client5.http.wire - http-outgoing-1 << "[\r][\n]"
21:45:37.298 [testcontainers-wait-1] DEBUG com.github.dockerjava.zerodep.shaded.org.apache.hc.client5.http.headers - http-outgoing-1 << HTTP/1.1 200 OK
21:45:37.298 [testcontainers-wait-1] DEBUG com.github.dockerjava.zerodep.shaded.org.apache.hc.client5.http.headers - http-outgoing-1 << Api-Version: 1.43
21:45:37.298 [testcontainers-wait-1] DEBUG com.github.dockerjava.zerodep.shaded.org.apache.hc.client5.http.headers - http-outgoing-1 << Content-Type: application/json
21:45:37.298 [testcontainers-wait-1] DEBUG com.github.dockerjava.zerodep.shaded.org.apache.hc.client5.http.headers - http-outgoing-1 << Date: Tue, 11 Jun 2024 00:45:37 GMT
21:45:37.298 [testcontainers-wait-1] DEBUG com.github.dockerjava.zerodep.shaded.org.apache.hc.client5.http.headers - http-outgoing-1 << Docker-Experimental: false
21:45:37.298 [testcontainers-wait-1] DEBUG com.github.dockerjava.zerodep.shaded.org.apache.hc.client5.http.headers - http-outgoing-1 << Ostype: linux
21:45:37.298 [testcontainers-wait-1] DEBUG com.github.dockerjava.zerodep.shaded.org.apache.hc.client5.http.headers - http-outgoing-1 << Server: Docker/24.0.2 (linux)
21:45:37.298 [testcontainers-wait-1] DEBUG com.github.dockerjava.zerodep.shaded.org.apache.hc.client5.http.headers - http-outgoing-1 << Transfer-Encoding: chunked
21:45:37.299 [testcontainers-wait-1] DEBUG com.github.dockerjava.zerodep.shaded.org.apache.hc.client5.http.impl.classic.MainClientExec - ex-0000000F: connection can be kept alive for 3 MINUTES
21:45:37.299 [testcontainers-wait-1] DEBUG com.github.dockerjava.zerodep.shaded.org.apache.hc.client5.http.wire - http-outgoing-1 << "1771[\r][\n]"
21:45:37.299 [testcontainers-wait-1] DEBUG com.github.dockerjava.zerodep.shaded.org.apache.hc.client5.http.wire - http-outgoing-1 << "{"Id":"927108904e9bf736db35be226f1d5f703c533885f6f86d606680730f92d44b2c","Created":"2024-06-11T00:45:36.681780858Z","Path":"docker-entrypoint.sh","Args":["redis-server"],"State":{"Status":"running","Running":true,"Paused":false,"Restarting":false,"OOMKilled":false,"Dead":false,"Pid":49279,"ExitCode":0,"Error":"","StartedAt":"2024-06-11T00:45:37.179131386Z","FinishedAt":"0001-01-01T00:00:00Z"},"Image":"sha256:280bc8b91f63658f9aa953917019518dbc05e941a3666cba0e33bb77fd900375","ResolvConfPath":"/var/lib/docker/containers/927108904e9bf736db35be226f1d5f703c533885f6f86d606680730f92d44b2c/resolv.conf","HostnamePath":"/var/lib/docker/containers/927108904e9bf736db35be226f1d5f703c533885f6f86d606680730f92d44b2c/hostname","HostsPath":"/var/lib/docker/containers/927108904e9bf736db35be226f1d5f703c533885f6f86d606680730f92d44b2c/hosts","LogPath":"/var/lib/docker/containers/927108904e9bf736db35be226f1d5f703c533885f6f86d606680730f92d44b2c/927108904e9bf736db35be226f1d5f703c533885f6f86d606680730f92d44b2c-json.log","Name":"/wizardly_keller","RestartCount":0,"Driver":"overlay2","Platform":"linux","MountLabel":"","ProcessLabel":"","AppArmorProfile":"","ExecIDs":null,"HostConfig":{"Binds":[],"ContainerIDFile":"","LogConfig":{"Type":"json-file","Config":{}},"NetworkMode":"default","PortBindings":{"6379/tcp":[{"HostIp":"0.0.0.0","HostPort":"0"}]},"RestartPolicy":{"Name":"","MaximumRetryCount":0},"AutoRemove":false,"VolumeDriver":"","VolumesFrom":[],"ConsoleSize":[0,0],"CapAdd":null,"CapDrop":null,"CgroupnsMode":"private","Dns":null,"DnsOptions":null,"DnsSearch":null,"ExtraHosts":[],"GroupAdd":null,"IpcMode":"shareable","Cgroup":"","Links":null,"OomScoreAdj":0,"PidMode":"","Privileged":false,"PublishAllPorts":false,"ReadonlyRootfs":false,"SecurityOpt":null,"UTSMode":"","UsernsMode":"","ShmSize":67108864,"Runtime":"runc","Isolation":"","CpuShares":0,"Memory":0,"NanoCpus":0,"CgroupParent":"","BlkioWeight":0,"BlkioWeightDevice":null,"BlkioDeviceReadBps":null,"BlkioDeviceWriteBps":null,"BlkioDeviceReadIOps":null,"BlkioDeviceWriteIOps":null,"CpuPeriod":0,"CpuQuota":0,"CpuRealtimePeriod":0,"CpuRealtimeRuntime":0,"CpusetCpus":"","CpusetMems":"","Devices":null,"DeviceCgroupRules":null,"DeviceRequests":null,"MemoryReservation":0,"MemorySwap":0,"MemorySwappiness":null,"OomKillDisable":null,"PidsLimit":null,"Ulimits":null,"CpuCount":0,"CpuPercent":0,"IOMaximumIOps":0,"IOMaximumBandwidth":0,"MaskedPaths":["/proc/asound","/proc/acpi","/proc/kcore","/proc/keys","/proc/latency_stats","/proc/timer_list","/proc/timer_stats","/proc/sched_debug","/proc/scsi","/sys/firmware"],"ReadonlyPaths":["/proc/bus","/proc/fs","/proc/irq","/proc/sys","/proc/sysrq-trigger"]},"GraphDriver":{"Data":{"LowerDir":"/var/lib/docker/overlay2/1afa4965aaaaa0887e2ad9af0172dc8bfd4b3602dd98dab3ce744fd3fc70edd4-init/diff:/var/lib/docker/overlay2/6e9ecc0e60e12e29b728d92d975407d97b7b9c814c99d2c85b796fe9e6c940bb/diff:/var/lib/docker/overlay2/6d3c77907f96e3b82796ee196e7d09d720ef7438aa0a4adfe6d8895c5f0ac4fd/diff:/var/lib/docker/overlay2/aa4916010282bade0395c6ce2be43dd65e6b2566b24c1e838b5d600dcc59470e/diff:/var/lib/docker/overlay2/221dd09b7002461d92f2b79af41d586fbb9d8ae29ed8a26167e26fcc79d6a9df/diff:/var/lib/docker/overlay2/12d04f031b74694736cf279da9a951f18fd5865ee3602731bbd72048c790f044/diff:/var/lib/docker/overlay2/ba432dfd60a012f8ae41c1b4a0a45a85cd1f3dc17d532502ae258aa56d50a31f/diff:/var/lib/docker/overlay2/c8c55c0e407039ff808b26d3c927d58cfbe4dd26e22156ac9a2b011de8765fd3/diff:/var/lib/docker/overlay2/935b91bbc7ce5c3ed85d3f2ceb1e7856ed2cd42ae450e00dce5831061e161a47/diff","MergedDir":"/var/lib/docker/overlay2/1afa4965aaaaa0887e2ad9af0172dc8bfd4b3602dd98dab3ce744fd3fc70edd4/merged","UpperDir":"/var/lib/docker/overlay2/1afa4965aaaaa0887e2ad9af0172dc8bfd4b3602dd98dab3ce744fd3fc70edd4/diff","WorkDir":"/var/lib/docker/overlay2/1afa4965aaaaa0887e2ad9af0172dc8bfd4b3602dd98dab3ce744fd3fc70edd4/work"},"Name":"overlay2"},"Mounts":[{"Type":"volume","Name":"a4e5e8040dbf2cc49b026bf739d7f353e14ed34871c9f1108693f9519bba9cbc","Source":"/var/lib/docker/volumes/a4e5e8040dbf2cc49b026bf739d7f353e14ed34871c9f1108693f9519bba9cbc/_data","Destination":"/data","Driver":"local","Mode":"","RW":true,"Propagation":""}],"Config":{"Hostname":"927108904e9b","Domainname":"","User":"","AttachStdin":false,"AttachStdout":false,"AttachStderr":false,"ExposedPorts":{"6379/tcp":{}},"Tty":false,"OpenStdin":false,"StdinOnce":false,"Env":["PATH=/usr/local/sbin:/usr/local/bin:/usr/sbin:/usr/bin:/sbin:/bin","GOSU_VERSION=1.17","REDIS_VERSION=7.0.15","REDIS_DOWNLOAD_URL=http://download.redis.io/releases/redis-7.0.15.tar.gz","REDIS_DOWNLOAD_SHA=98066f5363504b26c34dd20fbcc3c957990d764cdf42576c836fc021073f4341"],"Cmd":["redis-server"],"Image":"redis:7.0","Volumes":{"/data":{}},"WorkingDir":"/data","Entrypoint":["docker-entrypoint.sh"],"OnBuild":null,"Labels":{"org.testcontainers":"true","org.testcontainers.lang":"java","org.testcontainers.sessionId":"02f67430-f20c-4fdd-b619-db29e6c89474","org.testcontainers.version":"1.19.3"}},"NetworkSettings":{"Bridge":"","SandboxID":"8a623bc1a8a8b3e4dc286f49624d6670f9efbcfd64e4d2d43460a0891648aa35","HairpinMode":false,"LinkLocalIPv6Address":"","LinkLocalIPv6PrefixLen":0,"Ports":{"6379/tcp":[{"HostIp":"0.0.0.0","HostPort":"55458"}]},"SandboxKey":"/var/run/docker/netns/8a623bc1a8a8","SecondaryIPAddresses":null,"SecondaryIPv6Addresses":null,"EndpointID":"361e40cde8916b3e1ce693d204fdb942a9121a5e763fada0696be7cfa75c1528","Gateway":"172.17.0.1","GlobalIPv6Address":"","GlobalIPv6PrefixLen":0,"IPAddress":"172.17.0.3","IPPrefixLen":16,"IPv6Gateway":"","MacAddress":"02:42:ac:11:00:03","Networks":{"bridge":{"IPAMConfig":null,"Links":null,"Aliases":null,"NetworkID":"4855a3a6d66291d99ad08f5acdad3a6f84c792ba7b6bc3f1666bd24ddfb30297","EndpointID":"361e40cde8916b3e1ce693d204fdb942a9121a5e763fada0696be7cfa75c1528","Gateway":"172.17.0.1","IPAddress":"172.17.0.3","IPPrefixLen":16,"IPv6Gateway":"","GlobalIPv6Address":"","GlobalIPv6PrefixLen":0,"MacAddress":"02:42:ac:11:00:03","DriverOpts":null}}}}[\n]"
21:45:37.299 [testcontainers-wait-1] DEBUG com.github.dockerjava.zerodep.shaded.org.apache.hc.client5.http.wire - http-outgoing-1 << "[\r][\n]"
21:45:37.299 [testcontainers-wait-1] DEBUG com.github.dockerjava.zerodep.shaded.org.apache.hc.client5.http.wire - http-outgoing-1 << "0[\r][\n]"
21:45:37.299 [testcontainers-wait-1] DEBUG com.github.dockerjava.zerodep.shaded.org.apache.hc.client5.http.wire - http-outgoing-1 << "[\r][\n]"
21:45:37.301 [testcontainers-wait-1] DEBUG com.github.dockerjava.zerodep.shaded.org.apache.hc.client5.http.impl.classic.InternalHttpClient - ep-0000000E: releasing valid endpoint
21:45:37.301 [testcontainers-wait-1] DEBUG com.github.dockerjava.zerodep.shaded.org.apache.hc.client5.http.impl.io.PoolingHttpClientConnectionManager - ep-0000000E: releasing endpoint
21:45:37.301 [testcontainers-wait-1] DEBUG com.github.dockerjava.zerodep.shaded.org.apache.hc.client5.http.impl.io.PoolingHttpClientConnectionManager - ep-0000000E: connection http-outgoing-1 can be kept alive for 3 MINUTES
21:45:37.301 [testcontainers-wait-1] DEBUG com.github.dockerjava.zerodep.shaded.org.apache.hc.client5.http.impl.io.PoolingHttpClientConnectionManager - ep-0000000E: connection released [route: {}->unix://localhost:2375][total available: 1; route allocated: 2 of 2147483647; total allocated: 2 of 2147483647]
21:45:37.303 [testcontainers-wait-1] DEBUG org.testcontainers.containers.wait.strategy.HostPortWaitStrategy - External port check passed for [6379] mapped as [55458] in PT0.027862S
21:45:37.307 [testcontainers-wait-0] DEBUG com.github.dockerjava.zerodep.shaded.org.apache.hc.client5.http.wire - http-outgoing-2 << "HTTP/1.1 201 Created[\r][\n]"
21:45:37.307 [testcontainers-wait-0] DEBUG com.github.dockerjava.zerodep.shaded.org.apache.hc.client5.http.wire - http-outgoing-2 << "Api-Version: 1.43[\r][\n]"
21:45:37.307 [testcontainers-wait-0] DEBUG com.github.dockerjava.zerodep.shaded.org.apache.hc.client5.http.wire - http-outgoing-2 << "Content-Type: application/json[\r][\n]"
21:45:37.307 [testcontainers-wait-0] DEBUG com.github.dockerjava.zerodep.shaded.org.apache.hc.client5.http.wire - http-outgoing-2 << "Date: Tue, 11 Jun 2024 00:45:37 GMT[\r][\n]"
21:45:37.307 [testcontainers-wait-0] DEBUG com.github.dockerjava.zerodep.shaded.org.apache.hc.client5.http.wire - http-outgoing-2 << "Docker-Experimental: false[\r][\n]"
21:45:37.307 [testcontainers-wait-0] DEBUG com.github.dockerjava.zerodep.shaded.org.apache.hc.client5.http.wire - http-outgoing-2 << "Ostype: linux[\r][\n]"
21:45:37.307 [testcontainers-wait-0] DEBUG com.github.dockerjava.zerodep.shaded.org.apache.hc.client5.http.wire - http-outgoing-2 << "Server: Docker/24.0.2 (linux)[\r][\n]"
21:45:37.307 [testcontainers-wait-0] DEBUG com.github.dockerjava.zerodep.shaded.org.apache.hc.client5.http.wire - http-outgoing-2 << "Transfer-Encoding: chunked[\r][\n]"
21:45:37.307 [testcontainers-wait-0] DEBUG com.github.dockerjava.zerodep.shaded.org.apache.hc.client5.http.wire - http-outgoing-2 << "[\r][\n]"
21:45:37.307 [testcontainers-wait-0] DEBUG com.github.dockerjava.zerodep.shaded.org.apache.hc.client5.http.headers - http-outgoing-2 << HTTP/1.1 201 Created
21:45:37.307 [testcontainers-wait-0] DEBUG com.github.dockerjava.zerodep.shaded.org.apache.hc.client5.http.headers - http-outgoing-2 << Api-Version: 1.43
21:45:37.307 [testcontainers-wait-0] DEBUG com.github.dockerjava.zerodep.shaded.org.apache.hc.client5.http.headers - http-outgoing-2 << Content-Type: application/json
21:45:37.308 [testcontainers-wait-0] DEBUG com.github.dockerjava.zerodep.shaded.org.apache.hc.client5.http.headers - http-outgoing-2 << Date: Tue, 11 Jun 2024 00:45:37 GMT
21:45:37.308 [testcontainers-wait-0] DEBUG com.github.dockerjava.zerodep.shaded.org.apache.hc.client5.http.headers - http-outgoing-2 << Docker-Experimental: false
21:45:37.308 [testcontainers-wait-0] DEBUG com.github.dockerjava.zerodep.shaded.org.apache.hc.client5.http.headers - http-outgoing-2 << Ostype: linux
21:45:37.308 [testcontainers-wait-0] DEBUG com.github.dockerjava.zerodep.shaded.org.apache.hc.client5.http.headers - http-outgoing-2 << Server: Docker/24.0.2 (linux)
21:45:37.308 [testcontainers-wait-0] DEBUG com.github.dockerjava.zerodep.shaded.org.apache.hc.client5.http.headers - http-outgoing-2 << Transfer-Encoding: chunked
21:45:37.308 [testcontainers-wait-0] DEBUG com.github.dockerjava.zerodep.shaded.org.apache.hc.client5.http.impl.classic.MainClientExec - ex-00000010: connection can be kept alive for 3 MINUTES
21:45:37.308 [testcontainers-wait-0] DEBUG com.github.dockerjava.zerodep.shaded.org.apache.hc.client5.http.wire - http-outgoing-2 << "4a[\r][\n]"
21:45:37.308 [testcontainers-wait-0] DEBUG com.github.dockerjava.zerodep.shaded.org.apache.hc.client5.http.wire - http-outgoing-2 << "{"Id":"636e62c394eb0cbb528078abb7cf00c96387e023e8180fdd176ded0dca0f322a"}[\n]"
21:45:37.309 [testcontainers-wait-0] DEBUG com.github.dockerjava.zerodep.shaded.org.apache.hc.client5.http.wire - http-outgoing-2 << "[\r][\n]"
21:45:37.309 [testcontainers-wait-0] DEBUG com.github.dockerjava.zerodep.shaded.org.apache.hc.client5.http.wire - http-outgoing-2 << "0[\r][\n]"
21:45:37.309 [testcontainers-wait-0] DEBUG com.github.dockerjava.zerodep.shaded.org.apache.hc.client5.http.wire - http-outgoing-2 << "[\r][\n]"
21:45:37.311 [testcontainers-wait-0] DEBUG com.github.dockerjava.zerodep.shaded.org.apache.hc.client5.http.impl.classic.InternalHttpClient - ep-0000000F: releasing valid endpoint
21:45:37.311 [testcontainers-wait-0] DEBUG com.github.dockerjava.zerodep.shaded.org.apache.hc.client5.http.impl.io.PoolingHttpClientConnectionManager - ep-0000000F: releasing endpoint
21:45:37.311 [testcontainers-wait-0] DEBUG com.github.dockerjava.zerodep.shaded.org.apache.hc.client5.http.impl.io.PoolingHttpClientConnectionManager - ep-0000000F: connection http-outgoing-2 can be kept alive for 3 MINUTES
21:45:37.311 [testcontainers-wait-0] DEBUG com.github.dockerjava.zerodep.shaded.org.apache.hc.client5.http.impl.io.PoolingHttpClientConnectionManager - ep-0000000F: connection released [route: {}->unix://localhost:2375][total available: 2; route allocated: 2 of 2147483647; total allocated: 2 of 2147483647]
21:45:37.316 [docker-java-stream--705165731] DEBUG com.github.dockerjava.zerodep.shaded.org.apache.hc.client5.http.impl.classic.InternalHttpClient - ex-00000011: preparing request execution
21:45:37.317 [docker-java-stream--705165731] DEBUG com.github.dockerjava.zerodep.shaded.org.apache.hc.client5.http.protocol.RequestAddCookies - Cookie spec selected: strict
21:45:37.317 [docker-java-stream--705165731] DEBUG com.github.dockerjava.zerodep.shaded.org.apache.hc.client5.http.protocol.RequestAuthCache - Auth cache not set in the context
21:45:37.317 [docker-java-stream--705165731] DEBUG com.github.dockerjava.zerodep.shaded.org.apache.hc.client5.http.impl.classic.ProtocolExec - ex-00000011: target auth state: UNCHALLENGED
21:45:37.317 [docker-java-stream--705165731] DEBUG com.github.dockerjava.zerodep.shaded.org.apache.hc.client5.http.impl.classic.ProtocolExec - ex-00000011: proxy auth state: UNCHALLENGED
21:45:37.317 [docker-java-stream--705165731] DEBUG com.github.dockerjava.zerodep.shaded.org.apache.hc.client5.http.impl.classic.ConnectExec - ex-00000011: acquiring connection with route {}->unix://localhost:2375
21:45:37.317 [docker-java-stream--705165731] DEBUG com.github.dockerjava.zerodep.shaded.org.apache.hc.client5.http.impl.classic.InternalHttpClient - ex-00000011: acquiring endpoint (3 MINUTES)
21:45:37.317 [docker-java-stream--705165731] DEBUG com.github.dockerjava.zerodep.shaded.org.apache.hc.client5.http.impl.io.PoolingHttpClientConnectionManager - ex-00000011: endpoint lease request (3 MINUTES) [route: {}->unix://localhost:2375][total available: 2; route allocated: 2 of 2147483647; total allocated: 2 of 2147483647]
21:45:37.317 [docker-java-stream--705165731] DEBUG com.github.dockerjava.zerodep.shaded.org.apache.hc.client5.http.impl.io.PoolingHttpClientConnectionManager - ex-00000011: endpoint leased [route: {}->unix://localhost:2375][total available: 1; route allocated: 2 of 2147483647; total allocated: 2 of 2147483647]
21:45:37.317 [docker-java-stream--705165731] DEBUG com.github.dockerjava.zerodep.shaded.org.apache.hc.client5.http.impl.io.PoolingHttpClientConnectionManager - ex-00000011: acquired ep-00000010
21:45:37.317 [docker-java-stream--705165731] DEBUG com.github.dockerjava.zerodep.shaded.org.apache.hc.client5.http.impl.classic.InternalHttpClient - ex-00000011: acquired endpoint ep-00000010
21:45:37.317 [docker-java-stream--705165731] DEBUG com.github.dockerjava.zerodep.shaded.org.apache.hc.client5.http.impl.classic.MainClientExec - ex-00000011: executing POST /v1.32/exec/636e62c394eb0cbb528078abb7cf00c96387e023e8180fdd176ded0dca0f322a/start HTTP/1.1
21:45:37.317 [docker-java-stream--705165731] DEBUG com.github.dockerjava.zerodep.shaded.org.apache.hc.client5.http.impl.classic.InternalHttpClient - ep-00000010: start execution ex-00000011
21:45:37.318 [docker-java-stream--705165731] DEBUG com.github.dockerjava.zerodep.shaded.org.apache.hc.client5.http.impl.io.PoolingHttpClientConnectionManager - ep-00000010: executing exchange ex-00000011 over http-outgoing-2
21:45:37.318 [docker-java-stream--705165731] DEBUG com.github.dockerjava.zerodep.shaded.org.apache.hc.client5.http.headers - http-outgoing-2 >> POST /v1.32/exec/636e62c394eb0cbb528078abb7cf00c96387e023e8180fdd176ded0dca0f322a/start HTTP/1.1
21:45:37.318 [docker-java-stream--705165731] DEBUG com.github.dockerjava.zerodep.shaded.org.apache.hc.client5.http.headers - http-outgoing-2 >> accept: application/json
21:45:37.318 [docker-java-stream--705165731] DEBUG com.github.dockerjava.zerodep.shaded.org.apache.hc.client5.http.headers - http-outgoing-2 >> content-type: application/json
21:45:37.318 [docker-java-stream--705165731] DEBUG com.github.dockerjava.zerodep.shaded.org.apache.hc.client5.http.headers - http-outgoing-2 >> x-tc-sid: 02f67430-f20c-4fdd-b619-db29e6c89474
21:45:37.318 [docker-java-stream--705165731] DEBUG com.github.dockerjava.zerodep.shaded.org.apache.hc.client5.http.headers - http-outgoing-2 >> User-Agent: tc-java/1.19.3
21:45:37.318 [docker-java-stream--705165731] DEBUG com.github.dockerjava.zerodep.shaded.org.apache.hc.client5.http.headers - http-outgoing-2 >> Accept-Encoding: gzip, x-gzip, deflate
21:45:37.318 [docker-java-stream--705165731] DEBUG com.github.dockerjava.zerodep.shaded.org.apache.hc.client5.http.headers - http-outgoing-2 >> Content-Length: 26
21:45:37.318 [docker-java-stream--705165731] DEBUG com.github.dockerjava.zerodep.shaded.org.apache.hc.client5.http.headers - http-outgoing-2 >> Host: localhost:2375
21:45:37.318 [docker-java-stream--705165731] DEBUG com.github.dockerjava.zerodep.shaded.org.apache.hc.client5.http.headers - http-outgoing-2 >> Connection: keep-alive
21:45:37.318 [docker-java-stream--705165731] DEBUG com.github.dockerjava.zerodep.shaded.org.apache.hc.client5.http.wire - http-outgoing-2 >> "POST /v1.32/exec/636e62c394eb0cbb528078abb7cf00c96387e023e8180fdd176ded0dca0f322a/start HTTP/1.1[\r][\n]"
21:45:37.318 [docker-java-stream--705165731] DEBUG com.github.dockerjava.zerodep.shaded.org.apache.hc.client5.http.wire - http-outgoing-2 >> "accept: application/json[\r][\n]"
21:45:37.318 [docker-java-stream--705165731] DEBUG com.github.dockerjava.zerodep.shaded.org.apache.hc.client5.http.wire - http-outgoing-2 >> "content-type: application/json[\r][\n]"
21:45:37.318 [docker-java-stream--705165731] DEBUG com.github.dockerjava.zerodep.shaded.org.apache.hc.client5.http.wire - http-outgoing-2 >> "x-tc-sid: 02f67430-f20c-4fdd-b619-db29e6c89474[\r][\n]"
21:45:37.318 [docker-java-stream--705165731] DEBUG com.github.dockerjava.zerodep.shaded.org.apache.hc.client5.http.wire - http-outgoing-2 >> "User-Agent: tc-java/1.19.3[\r][\n]"
21:45:37.318 [docker-java-stream--705165731] DEBUG com.github.dockerjava.zerodep.shaded.org.apache.hc.client5.http.wire - http-outgoing-2 >> "Accept-Encoding: gzip, x-gzip, deflate[\r][\n]"
21:45:37.318 [docker-java-stream--705165731] DEBUG com.github.dockerjava.zerodep.shaded.org.apache.hc.client5.http.wire - http-outgoing-2 >> "Content-Length: 26[\r][\n]"
21:45:37.318 [docker-java-stream--705165731] DEBUG com.github.dockerjava.zerodep.shaded.org.apache.hc.client5.http.wire - http-outgoing-2 >> "Host: localhost:2375[\r][\n]"
21:45:37.318 [docker-java-stream--705165731] DEBUG com.github.dockerjava.zerodep.shaded.org.apache.hc.client5.http.wire - http-outgoing-2 >> "Connection: keep-alive[\r][\n]"
21:45:37.318 [docker-java-stream--705165731] DEBUG com.github.dockerjava.zerodep.shaded.org.apache.hc.client5.http.wire - http-outgoing-2 >> "[\r][\n]"
21:45:37.318 [docker-java-stream--705165731] DEBUG com.github.dockerjava.zerodep.shaded.org.apache.hc.client5.http.wire - http-outgoing-2 >> "{"Detach":null,"Tty":null}"
21:45:37.337 [docker-java-stream--705165731] DEBUG com.github.dockerjava.zerodep.shaded.org.apache.hc.client5.http.wire - http-outgoing-2 << "HTTP/1.1 200 OK[\r][\n]"
21:45:37.337 [docker-java-stream--705165731] DEBUG com.github.dockerjava.zerodep.shaded.org.apache.hc.client5.http.wire - http-outgoing-2 << "Api-Version: 1.43[\r][\n]"
21:45:37.337 [docker-java-stream--705165731] DEBUG com.github.dockerjava.zerodep.shaded.org.apache.hc.client5.http.wire - http-outgoing-2 << "Content-Type: application/vnd.docker.raw-stream[\r][\n]"
21:45:37.337 [docker-java-stream--705165731] DEBUG com.github.dockerjava.zerodep.shaded.org.apache.hc.client5.http.wire - http-outgoing-2 << "Date: Tue, 11 Jun 2024 00:45:37 GMT[\r][\n]"
21:45:37.337 [docker-java-stream--705165731] DEBUG com.github.dockerjava.zerodep.shaded.org.apache.hc.client5.http.wire - http-outgoing-2 << "Docker-Experimental: false[\r][\n]"
21:45:37.337 [docker-java-stream--705165731] DEBUG com.github.dockerjava.zerodep.shaded.org.apache.hc.client5.http.wire - http-outgoing-2 << "Ostype: linux[\r][\n]"
21:45:37.337 [docker-java-stream--705165731] DEBUG com.github.dockerjava.zerodep.shaded.org.apache.hc.client5.http.wire - http-outgoing-2 << "Server: Docker/24.0.2 (linux)[\r][\n]"
21:45:37.337 [docker-java-stream--705165731] DEBUG com.github.dockerjava.zerodep.shaded.org.apache.hc.client5.http.wire - http-outgoing-2 << "Transfer-Encoding: chunked[\r][\n]"
21:45:37.337 [docker-java-stream--705165731] DEBUG com.github.dockerjava.zerodep.shaded.org.apache.hc.client5.http.wire - http-outgoing-2 << "[\r][\n]"
21:45:37.337 [docker-java-stream--705165731] DEBUG com.github.dockerjava.zerodep.shaded.org.apache.hc.client5.http.headers - http-outgoing-2 << HTTP/1.1 200 OK
21:45:37.337 [docker-java-stream--705165731] DEBUG com.github.dockerjava.zerodep.shaded.org.apache.hc.client5.http.headers - http-outgoing-2 << Api-Version: 1.43
21:45:37.337 [docker-java-stream--705165731] DEBUG com.github.dockerjava.zerodep.shaded.org.apache.hc.client5.http.headers - http-outgoing-2 << Content-Type: application/vnd.docker.raw-stream
21:45:37.337 [docker-java-stream--705165731] DEBUG com.github.dockerjava.zerodep.shaded.org.apache.hc.client5.http.headers - http-outgoing-2 << Date: Tue, 11 Jun 2024 00:45:37 GMT
21:45:37.337 [docker-java-stream--705165731] DEBUG com.github.dockerjava.zerodep.shaded.org.apache.hc.client5.http.headers - http-outgoing-2 << Docker-Experimental: false
21:45:37.337 [docker-java-stream--705165731] DEBUG com.github.dockerjava.zerodep.shaded.org.apache.hc.client5.http.headers - http-outgoing-2 << Ostype: linux
21:45:37.337 [docker-java-stream--705165731] DEBUG com.github.dockerjava.zerodep.shaded.org.apache.hc.client5.http.headers - http-outgoing-2 << Server: Docker/24.0.2 (linux)
21:45:37.337 [docker-java-stream--705165731] DEBUG com.github.dockerjava.zerodep.shaded.org.apache.hc.client5.http.headers - http-outgoing-2 << Transfer-Encoding: chunked
21:45:37.338 [docker-java-stream--705165731] DEBUG com.github.dockerjava.zerodep.shaded.org.apache.hc.client5.http.impl.classic.MainClientExec - ex-00000011: connection can be kept alive for 3 MINUTES
21:45:37.508 [docker-java-stream--705165731] DEBUG com.github.dockerjava.zerodep.shaded.org.apache.hc.client5.http.wire - http-outgoing-2 << "16d[\r][\n]"
21:45:37.508 [docker-java-stream--705165731] DEBUG com.github.dockerjava.zerodep.shaded.org.apache.hc.client5.http.wire - http-outgoing-2 << "[0x1][0x0][0x0][0x0][0x0][0x0][0x1]e/proc/net/tcp:   0: 00000000:18EB 00000000:0000 0A 00000000:00000000 00:00000000 00000000   999        0 155932 1 0000000000000000 100 0 0 10 0                    [\n]"
21:45:37.508 [docker-java-stream--705165731] DEBUG com.github.dockerjava.zerodep.shaded.org.apache.hc.client5.http.wire - http-outgoing-2 << "/proc/net/tcp6:   0: 00000000000000000000000000000000:18EB 00000000000000000000000000000000:0000 0A 00000000:00000000 00:00000000 00000000   999        0 155933 1 0000000000000000 100 0 0 10 0[\n]"
21:45:37.508 [docker-java-stream--705165731] DEBUG com.github.dockerjava.zerodep.shaded.org.apache.hc.client5.http.wire - http-outgoing-2 << "[\r][\n]"
21:45:37.515 [docker-java-stream--705165731] DEBUG com.github.dockerjava.zerodep.shaded.org.apache.hc.client5.http.wire - http-outgoing-2 << "0[\r][\n]"
21:45:37.515 [docker-java-stream--705165731] DEBUG com.github.dockerjava.zerodep.shaded.org.apache.hc.client5.http.wire - http-outgoing-2 << "[\r][\n]"
21:45:37.515 [docker-java-stream--705165731] DEBUG com.github.dockerjava.zerodep.shaded.org.apache.hc.client5.http.impl.classic.InternalHttpClient - ep-00000010: releasing valid endpoint
21:45:37.515 [docker-java-stream--705165731] DEBUG com.github.dockerjava.zerodep.shaded.org.apache.hc.client5.http.impl.io.PoolingHttpClientConnectionManager - ep-00000010: releasing endpoint
21:45:37.515 [docker-java-stream--705165731] DEBUG com.github.dockerjava.zerodep.shaded.org.apache.hc.client5.http.impl.io.PoolingHttpClientConnectionManager - ep-00000010: connection http-outgoing-2 can be kept alive for 3 MINUTES
21:45:37.515 [docker-java-stream--705165731] DEBUG com.github.dockerjava.zerodep.shaded.org.apache.hc.client5.http.impl.io.PoolingHttpClientConnectionManager - ep-00000010: connection released [route: {}->unix://localhost:2375][total available: 2; route allocated: 2 of 2147483647; total allocated: 2 of 2147483647]
21:45:37.517 [testcontainers-wait-0] DEBUG org.testcontainers.shaded.com.github.dockerjava.core.command.AbstrDockerCmd - Cmd: 636e62c394eb0cbb528078abb7cf00c96387e023e8180fdd176ded0dca0f322a
21:45:37.517 [testcontainers-wait-0] DEBUG org.testcontainers.shaded.com.github.dockerjava.core.exec.InspectExecCmdExec - GET: DefaultWebTarget{path=[/exec/636e62c394eb0cbb528078abb7cf00c96387e023e8180fdd176ded0dca0f322a/json], queryParams={}}
21:45:37.518 [testcontainers-wait-0] DEBUG com.github.dockerjava.zerodep.shaded.org.apache.hc.client5.http.impl.classic.InternalHttpClient - ex-00000012: preparing request execution
21:45:37.518 [testcontainers-wait-0] DEBUG com.github.dockerjava.zerodep.shaded.org.apache.hc.client5.http.protocol.RequestAddCookies - Cookie spec selected: strict
21:45:37.518 [testcontainers-wait-0] DEBUG com.github.dockerjava.zerodep.shaded.org.apache.hc.client5.http.protocol.RequestAuthCache - Auth cache not set in the context
21:45:37.518 [testcontainers-wait-0] DEBUG com.github.dockerjava.zerodep.shaded.org.apache.hc.client5.http.impl.classic.ProtocolExec - ex-00000012: target auth state: UNCHALLENGED
21:45:37.518 [testcontainers-wait-0] DEBUG com.github.dockerjava.zerodep.shaded.org.apache.hc.client5.http.impl.classic.ProtocolExec - ex-00000012: proxy auth state: UNCHALLENGED
21:45:37.518 [testcontainers-wait-0] DEBUG com.github.dockerjava.zerodep.shaded.org.apache.hc.client5.http.impl.classic.ConnectExec - ex-00000012: acquiring connection with route {}->unix://localhost:2375
21:45:37.518 [testcontainers-wait-0] DEBUG com.github.dockerjava.zerodep.shaded.org.apache.hc.client5.http.impl.classic.InternalHttpClient - ex-00000012: acquiring endpoint (3 MINUTES)
21:45:37.518 [testcontainers-wait-0] DEBUG com.github.dockerjava.zerodep.shaded.org.apache.hc.client5.http.impl.io.PoolingHttpClientConnectionManager - ex-00000012: endpoint lease request (3 MINUTES) [route: {}->unix://localhost:2375][total available: 2; route allocated: 2 of 2147483647; total allocated: 2 of 2147483647]
21:45:37.518 [testcontainers-wait-0] DEBUG com.github.dockerjava.zerodep.shaded.org.apache.hc.client5.http.impl.io.PoolingHttpClientConnectionManager - ex-00000012: endpoint leased [route: {}->unix://localhost:2375][total available: 1; route allocated: 2 of 2147483647; total allocated: 2 of 2147483647]
21:45:37.518 [testcontainers-wait-0] DEBUG com.github.dockerjava.zerodep.shaded.org.apache.hc.client5.http.impl.io.PoolingHttpClientConnectionManager - ex-00000012: acquired ep-00000011
21:45:37.518 [testcontainers-wait-0] DEBUG com.github.dockerjava.zerodep.shaded.org.apache.hc.client5.http.impl.classic.InternalHttpClient - ex-00000012: acquired endpoint ep-00000011
21:45:37.519 [testcontainers-wait-0] DEBUG com.github.dockerjava.zerodep.shaded.org.apache.hc.client5.http.impl.classic.MainClientExec - ex-00000012: executing GET /v1.32/exec/636e62c394eb0cbb528078abb7cf00c96387e023e8180fdd176ded0dca0f322a/json HTTP/1.1
21:45:37.519 [testcontainers-wait-0] DEBUG com.github.dockerjava.zerodep.shaded.org.apache.hc.client5.http.impl.classic.InternalHttpClient - ep-00000011: start execution ex-00000012
21:45:37.519 [testcontainers-wait-0] DEBUG com.github.dockerjava.zerodep.shaded.org.apache.hc.client5.http.impl.io.PoolingHttpClientConnectionManager - ep-00000011: executing exchange ex-00000012 over http-outgoing-2
21:45:37.519 [testcontainers-wait-0] DEBUG com.github.dockerjava.zerodep.shaded.org.apache.hc.client5.http.headers - http-outgoing-2 >> GET /v1.32/exec/636e62c394eb0cbb528078abb7cf00c96387e023e8180fdd176ded0dca0f322a/json HTTP/1.1
21:45:37.519 [testcontainers-wait-0] DEBUG com.github.dockerjava.zerodep.shaded.org.apache.hc.client5.http.headers - http-outgoing-2 >> accept: application/json
21:45:37.519 [testcontainers-wait-0] DEBUG com.github.dockerjava.zerodep.shaded.org.apache.hc.client5.http.headers - http-outgoing-2 >> x-tc-sid: 02f67430-f20c-4fdd-b619-db29e6c89474
21:45:37.519 [testcontainers-wait-0] DEBUG com.github.dockerjava.zerodep.shaded.org.apache.hc.client5.http.headers - http-outgoing-2 >> User-Agent: tc-java/1.19.3
21:45:37.519 [testcontainers-wait-0] DEBUG com.github.dockerjava.zerodep.shaded.org.apache.hc.client5.http.headers - http-outgoing-2 >> Accept-Encoding: gzip, x-gzip, deflate
21:45:37.519 [testcontainers-wait-0] DEBUG com.github.dockerjava.zerodep.shaded.org.apache.hc.client5.http.headers - http-outgoing-2 >> Host: localhost:2375
21:45:37.519 [testcontainers-wait-0] DEBUG com.github.dockerjava.zerodep.shaded.org.apache.hc.client5.http.headers - http-outgoing-2 >> Connection: keep-alive
21:45:37.519 [testcontainers-wait-0] DEBUG com.github.dockerjava.zerodep.shaded.org.apache.hc.client5.http.wire - http-outgoing-2 >> "GET /v1.32/exec/636e62c394eb0cbb528078abb7cf00c96387e023e8180fdd176ded0dca0f322a/json HTTP/1.1[\r][\n]"
21:45:37.519 [testcontainers-wait-0] DEBUG com.github.dockerjava.zerodep.shaded.org.apache.hc.client5.http.wire - http-outgoing-2 >> "accept: application/json[\r][\n]"
21:45:37.519 [testcontainers-wait-0] DEBUG com.github.dockerjava.zerodep.shaded.org.apache.hc.client5.http.wire - http-outgoing-2 >> "x-tc-sid: 02f67430-f20c-4fdd-b619-db29e6c89474[\r][\n]"
21:45:37.519 [testcontainers-wait-0] DEBUG com.github.dockerjava.zerodep.shaded.org.apache.hc.client5.http.wire - http-outgoing-2 >> "User-Agent: tc-java/1.19.3[\r][\n]"
21:45:37.519 [testcontainers-wait-0] DEBUG com.github.dockerjava.zerodep.shaded.org.apache.hc.client5.http.wire - http-outgoing-2 >> "Accept-Encoding: gzip, x-gzip, deflate[\r][\n]"
21:45:37.519 [testcontainers-wait-0] DEBUG com.github.dockerjava.zerodep.shaded.org.apache.hc.client5.http.wire - http-outgoing-2 >> "Host: localhost:2375[\r][\n]"
21:45:37.519 [testcontainers-wait-0] DEBUG com.github.dockerjava.zerodep.shaded.org.apache.hc.client5.http.wire - http-outgoing-2 >> "Connection: keep-alive[\r][\n]"
21:45:37.519 [testcontainers-wait-0] DEBUG com.github.dockerjava.zerodep.shaded.org.apache.hc.client5.http.wire - http-outgoing-2 >> "[\r][\n]"
21:45:37.525 [testcontainers-wait-0] DEBUG com.github.dockerjava.zerodep.shaded.org.apache.hc.client5.http.wire - http-outgoing-2 << "HTTP/1.1 200 OK[\r][\n]"
21:45:37.525 [testcontainers-wait-0] DEBUG com.github.dockerjava.zerodep.shaded.org.apache.hc.client5.http.wire - http-outgoing-2 << "Api-Version: 1.43[\r][\n]"
21:45:37.525 [testcontainers-wait-0] DEBUG com.github.dockerjava.zerodep.shaded.org.apache.hc.client5.http.wire - http-outgoing-2 << "Content-Type: application/json[\r][\n]"
21:45:37.525 [testcontainers-wait-0] DEBUG com.github.dockerjava.zerodep.shaded.org.apache.hc.client5.http.wire - http-outgoing-2 << "Date: Tue, 11 Jun 2024 00:45:37 GMT[\r][\n]"
21:45:37.525 [testcontainers-wait-0] DEBUG com.github.dockerjava.zerodep.shaded.org.apache.hc.client5.http.wire - http-outgoing-2 << "Docker-Experimental: false[\r][\n]"
21:45:37.525 [testcontainers-wait-0] DEBUG com.github.dockerjava.zerodep.shaded.org.apache.hc.client5.http.wire - http-outgoing-2 << "Ostype: linux[\r][\n]"
21:45:37.525 [testcontainers-wait-0] DEBUG com.github.dockerjava.zerodep.shaded.org.apache.hc.client5.http.wire - http-outgoing-2 << "Server: Docker/24.0.2 (linux)[\r][\n]"
21:45:37.525 [testcontainers-wait-0] DEBUG com.github.dockerjava.zerodep.shaded.org.apache.hc.client5.http.wire - http-outgoing-2 << "Transfer-Encoding: chunked[\r][\n]"
21:45:37.525 [testcontainers-wait-0] DEBUG com.github.dockerjava.zerodep.shaded.org.apache.hc.client5.http.wire - http-outgoing-2 << "[\r][\n]"
21:45:37.525 [testcontainers-wait-0] DEBUG com.github.dockerjava.zerodep.shaded.org.apache.hc.client5.http.headers - http-outgoing-2 << HTTP/1.1 200 OK
21:45:37.525 [testcontainers-wait-0] DEBUG com.github.dockerjava.zerodep.shaded.org.apache.hc.client5.http.headers - http-outgoing-2 << Api-Version: 1.43
21:45:37.525 [testcontainers-wait-0] DEBUG com.github.dockerjava.zerodep.shaded.org.apache.hc.client5.http.headers - http-outgoing-2 << Content-Type: application/json
21:45:37.525 [testcontainers-wait-0] DEBUG com.github.dockerjava.zerodep.shaded.org.apache.hc.client5.http.headers - http-outgoing-2 << Date: Tue, 11 Jun 2024 00:45:37 GMT
21:45:37.525 [testcontainers-wait-0] DEBUG com.github.dockerjava.zerodep.shaded.org.apache.hc.client5.http.headers - http-outgoing-2 << Docker-Experimental: false
21:45:37.525 [testcontainers-wait-0] DEBUG com.github.dockerjava.zerodep.shaded.org.apache.hc.client5.http.headers - http-outgoing-2 << Ostype: linux
21:45:37.525 [testcontainers-wait-0] DEBUG com.github.dockerjava.zerodep.shaded.org.apache.hc.client5.http.headers - http-outgoing-2 << Server: Docker/24.0.2 (linux)
21:45:37.525 [testcontainers-wait-0] DEBUG com.github.dockerjava.zerodep.shaded.org.apache.hc.client5.http.headers - http-outgoing-2 << Transfer-Encoding: chunked
21:45:37.526 [testcontainers-wait-0] DEBUG com.github.dockerjava.zerodep.shaded.org.apache.hc.client5.http.impl.classic.MainClientExec - ex-00000012: connection can be kept alive for 3 MINUTES
21:45:37.526 [testcontainers-wait-0] DEBUG com.github.dockerjava.zerodep.shaded.org.apache.hc.client5.http.wire - http-outgoing-2 << "21f[\r][\n]"
21:45:37.526 [testcontainers-wait-0] DEBUG com.github.dockerjava.zerodep.shaded.org.apache.hc.client5.http.wire - http-outgoing-2 << "{"ID":"636e62c394eb0cbb528078abb7cf00c96387e023e8180fdd176ded0dca0f322a","Running":false,"ExitCode":0,"ProcessConfig":{"tty":false,"entrypoint":"/bin/sh","arguments":["-c","while true; do ( true  &&  (grep -i ':0*18eb' /proc/net/tcp* || nc -vz -w 1 localhost 6379 || /bin/bash -c '</dev/tcp/localhost/6379') ) && exit 0 || sleep 0.1; done"],"privileged":false},"OpenStdin":false,"OpenStderr":true,"OpenStdout":true,"CanRemove":false,"ContainerID":"927108904e9bf736db35be226f1d5f703c533885f6f86d606680730f92d44b2c","DetachKeys":"","Pid":49348}[\n]"
21:45:37.526 [testcontainers-wait-0] DEBUG com.github.dockerjava.zerodep.shaded.org.apache.hc.client5.http.wire - http-outgoing-2 << "[\r][\n]"
21:45:37.531 [testcontainers-wait-0] DEBUG com.github.dockerjava.zerodep.shaded.org.apache.hc.client5.http.wire - http-outgoing-2 << "0[\r][\n]"
21:45:37.531 [testcontainers-wait-0] DEBUG com.github.dockerjava.zerodep.shaded.org.apache.hc.client5.http.wire - http-outgoing-2 << "[\r][\n]"
21:45:37.531 [testcontainers-wait-0] DEBUG com.github.dockerjava.zerodep.shaded.org.apache.hc.client5.http.impl.classic.InternalHttpClient - ep-00000011: releasing valid endpoint
21:45:37.531 [testcontainers-wait-0] DEBUG com.github.dockerjava.zerodep.shaded.org.apache.hc.client5.http.impl.io.PoolingHttpClientConnectionManager - ep-00000011: releasing endpoint
21:45:37.531 [testcontainers-wait-0] DEBUG com.github.dockerjava.zerodep.shaded.org.apache.hc.client5.http.impl.io.PoolingHttpClientConnectionManager - ep-00000011: connection http-outgoing-2 can be kept alive for 3 MINUTES
21:45:37.531 [testcontainers-wait-0] DEBUG com.github.dockerjava.zerodep.shaded.org.apache.hc.client5.http.impl.io.PoolingHttpClientConnectionManager - ep-00000011: connection released [route: {}->unix://localhost:2375][total available: 2; route allocated: 2 of 2147483647; total allocated: 2 of 2147483647]
21:45:37.532 [testcontainers-wait-0] DEBUG org.testcontainers.containers.wait.strategy.HostPortWaitStrategy - Internal port check passed for [6379] in PT0.257156S
21:45:37.533 [Test worker] INFO tc.redis:7.0 - Container redis:7.0 started in PT0.872189S
21:45:37.551 [Test worker] DEBUG org.springframework.test.context.support.DependencyInjectionTestExecutionListener - Performing dependency injection for test context [[DefaultTestContext@5b43e173 testClass = EdgeServiceApplicationTests, testInstance = com.polarbookshop.edge_service.EdgeServiceApplicationTests@76332405, testMethod = [null], testException = [null], mergedContextConfiguration = [ReactiveWebMergedContextConfiguration@28f8e165 testClass = EdgeServiceApplicationTests, locations = '{}', classes = '{class com.polarbookshop.edge_service.EdgeServiceApplication}', contextInitializerClasses = '[]', activeProfiles = '{}', propertySourceLocations = '{}', propertySourceProperties = '{org.springframework.boot.test.context.SpringBootTestContextBootstrapper=true, server.port=0}', contextCustomizers = set[org.springframework.boot.test.autoconfigure.actuate.metrics.MetricsExportContextCustomizerFactory$DisableMetricExportContextCustomizer@36676c1a, org.springframework.boot.test.autoconfigure.properties.PropertyMappingContextCustomizer@0, org.springframework.boot.test.autoconfigure.web.servlet.WebDriverContextCustomizerFactory$Customizer@6c8bca63, org.springframework.boot.test.context.filter.ExcludeFilterContextCustomizer@2b491fee, org.springframework.boot.test.json.DuplicateJsonObjectContextCustomizerFactory$DuplicateJsonObjectContextCustomizer@63192798, org.springframework.boot.test.mock.mockito.MockitoContextCustomizer@0, org.springframework.boot.test.web.client.TestRestTemplateContextCustomizer@6f0ca692, org.springframework.boot.test.web.reactive.server.WebTestClientContextCustomizer@1d7f7be7, org.springframework.test.context.support.DynamicPropertiesContextCustomizer@d76b7e2, org.springframework.boot.test.context.SpringBootTestArgs@1, org.springframework.boot.test.context.SpringBootTestWebEnvironment@3e2059ae], contextLoader = 'org.springframework.boot.test.context.SpringBootContextLoader', parent = [null]], attributes = map['org.springframework.test.context.web.ServletTestExecutionListener.activateListener' -> false, 'org.springframework.test.context.event.ApplicationEventsTestExecutionListener.recordApplicationEvents' -> false]]].

  .   ____          _            __ _ _
 /\\ / ___'_ __ _ _(_)_ __  __ _ \ \ \ \
( ( )\___ | '_ | '_| | '_ \/ _` | \ \ \ \
 \\/  ___)| |_)| | | | | || (_| |  ) ) ) )
  '  |____| .__|_| |_|_| |_\__, | / / / /
 =========|_|==============|___/=/_/_/_/
 :: Spring Boot ::               (v2.7.18)

2024-06-10 21:45:43.523  INFO 4424 --- [    Test worker] c.p.e.EdgeServiceApplicationTests        : Starting EdgeServiceApplicationTests using Java 17.0.6 on MacBook-Pro-de-Daniel.local with PID 4424 (started by daniel in /Users/daniel/Documents/codigo_fonte/edge-service)
2024-06-10 21:45:43.524  INFO 4424 --- [    Test worker] c.p.e.EdgeServiceApplicationTests        : No active profile set, falling back to 1 default profile: "default"
2024-06-10 21:45:43.543  INFO 4424 --- [    Test worker] o.s.c.c.c.ConfigServerConfigDataLoader   : Fetching config from server at : http://localhost:8888
2024-06-10 21:45:43.543  INFO 4424 --- [    Test worker] o.s.c.c.c.ConfigServerConfigDataLoader   : Connect Timeout Exception on Url - http://localhost:8888. Will be trying the next url if available
2024-06-10 21:45:43.543  WARN 4424 --- [    Test worker] o.s.c.c.c.ConfigServerConfigDataLoader   : Could not locate PropertySource ([ConfigServerConfigDataResource@5f8a02cf uris = array<String>['http://localhost:8888'], optional = true, profiles = 'default']): I/O error on GET request for "http://localhost:8888/edge-service/default": Connection refused; nested exception is java.net.ConnectException: Connection refused
2024-06-10 21:45:43.543  INFO 4424 --- [    Test worker] o.s.c.c.c.ConfigServerConfigDataLoader   : Fetching config from server at : http://localhost:8888
2024-06-10 21:45:43.543  INFO 4424 --- [    Test worker] o.s.c.c.c.ConfigServerConfigDataLoader   : Connect Timeout Exception on Url - http://localhost:8888. Will be trying the next url if available
2024-06-10 21:45:43.543  WARN 4424 --- [    Test worker] o.s.c.c.c.ConfigServerConfigDataLoader   : Could not locate PropertySource ([ConfigServerConfigDataResource@2e56b4d uris = array<String>['http://localhost:8888'], optional = true, profiles = 'default']): I/O error on GET request for "http://localhost:8888/edge-service/default": Connection refused; nested exception is java.net.ConnectException: Connection refused
2024-06-10 21:45:43.543  INFO 4424 --- [    Test worker] o.s.c.c.c.ConfigServerConfigDataLoader   : Fetching config from server at : http://localhost:8888
2024-06-10 21:45:43.543  INFO 4424 --- [    Test worker] o.s.c.c.c.ConfigServerConfigDataLoader   : Connect Timeout Exception on Url - http://localhost:8888. Will be trying the next url if available
2024-06-10 21:45:43.543  WARN 4424 --- [    Test worker] o.s.c.c.c.ConfigServerConfigDataLoader   : Could not locate PropertySource ([ConfigServerConfigDataResource@3f857e08 uris = array<String>['http://localhost:8888'], optional = true, profiles = 'default']): I/O error on GET request for "http://localhost:8888/edge-service/default": Connection refused; nested exception is java.net.ConnectException: Connection refused
2024-06-10 21:45:44.046 DEBUG 4424 --- [    Test worker] i.g.r.utils.RxJava2OnClasspathCondition  : RxJava2 related Aspect extensions are not activated, because RxJava2 is not on the classpath.
2024-06-10 21:45:44.064 DEBUG 4424 --- [    Test worker] i.g.r.utils.AspectJOnClasspathCondition  : Aspects are not activated because AspectJ is not on the classpath.
2024-06-10 21:45:44.064 DEBUG 4424 --- [    Test worker] i.g.r.utils.RxJava2OnClasspathCondition  : RxJava2 related Aspect extensions are not activated, because RxJava2 is not on the classpath.
2024-06-10 21:45:44.064 DEBUG 4424 --- [    Test worker] i.g.r.utils.AspectJOnClasspathCondition  : Aspects are not activated because AspectJ is not on the classpath.
2024-06-10 21:45:44.074 DEBUG 4424 --- [    Test worker] i.g.r.utils.AspectJOnClasspathCondition  : Aspects are not activated because AspectJ is not on the classpath.
2024-06-10 21:45:44.074 DEBUG 4424 --- [    Test worker] i.g.r.utils.RxJava2OnClasspathCondition  : RxJava2 related Aspect extensions are not activated, because RxJava2 is not on the classpath.
2024-06-10 21:45:44.075 DEBUG 4424 --- [    Test worker] i.g.r.utils.AspectJOnClasspathCondition  : Aspects are not activated because AspectJ is not on the classpath.
2024-06-10 21:45:44.083 DEBUG 4424 --- [    Test worker] i.g.r.utils.AspectJOnClasspathCondition  : Aspects are not activated because AspectJ is not on the classpath.
2024-06-10 21:45:44.083 DEBUG 4424 --- [    Test worker] i.g.r.utils.RxJava2OnClasspathCondition  : RxJava2 related Aspect extensions are not activated, because RxJava2 is not on the classpath.
2024-06-10 21:45:44.084 DEBUG 4424 --- [    Test worker] i.g.r.utils.AspectJOnClasspathCondition  : Aspects are not activated because AspectJ is not on the classpath.
2024-06-10 21:45:44.092 DEBUG 4424 --- [    Test worker] i.g.r.utils.AspectJOnClasspathCondition  : Aspects are not activated because AspectJ is not on the classpath.
2024-06-10 21:45:44.093 DEBUG 4424 --- [    Test worker] i.g.r.utils.RxJava2OnClasspathCondition  : RxJava2 related Aspect extensions are not activated, because RxJava2 is not on the classpath.
2024-06-10 21:45:44.093 DEBUG 4424 --- [    Test worker] i.g.r.utils.AspectJOnClasspathCondition  : Aspects are not activated because AspectJ is not on the classpath.
2024-06-10 21:45:44.133  INFO 4424 --- [    Test worker] .s.d.r.c.RepositoryConfigurationDelegate : Multiple Spring Data modules found, entering strict repository configuration mode
2024-06-10 21:45:44.137  INFO 4424 --- [    Test worker] .s.d.r.c.RepositoryConfigurationDelegate : Bootstrapping Spring Data Redis repositories in DEFAULT mode.
2024-06-10 21:45:44.177  INFO 4424 --- [    Test worker] .s.d.r.c.RepositoryConfigurationDelegate : Finished Spring Data repository scanning in 23 ms. Found 0 Redis repository interfaces.
2024-06-10 21:45:44.373  INFO 4424 --- [    Test worker] o.s.cloud.context.scope.GenericScope     : BeanFactory id=eb31867b-7c40-3065-b037-16d72372928e
2024-06-10 21:45:45.845  INFO 4424 --- [    Test worker] o.s.c.g.r.RouteDefinitionRouteLocator    : Loaded RoutePredicateFactory [After]
2024-06-10 21:45:45.846  INFO 4424 --- [    Test worker] o.s.c.g.r.RouteDefinitionRouteLocator    : Loaded RoutePredicateFactory [Before]
2024-06-10 21:45:45.846  INFO 4424 --- [    Test worker] o.s.c.g.r.RouteDefinitionRouteLocator    : Loaded RoutePredicateFactory [Between]
2024-06-10 21:45:45.846  INFO 4424 --- [    Test worker] o.s.c.g.r.RouteDefinitionRouteLocator    : Loaded RoutePredicateFactory [Cookie]
2024-06-10 21:45:45.846  INFO 4424 --- [    Test worker] o.s.c.g.r.RouteDefinitionRouteLocator    : Loaded RoutePredicateFactory [Header]
2024-06-10 21:45:45.846  INFO 4424 --- [    Test worker] o.s.c.g.r.RouteDefinitionRouteLocator    : Loaded RoutePredicateFactory [Host]
2024-06-10 21:45:45.846  INFO 4424 --- [    Test worker] o.s.c.g.r.RouteDefinitionRouteLocator    : Loaded RoutePredicateFactory [Method]
2024-06-10 21:45:45.846  INFO 4424 --- [    Test worker] o.s.c.g.r.RouteDefinitionRouteLocator    : Loaded RoutePredicateFactory [Path]
2024-06-10 21:45:45.846  INFO 4424 --- [    Test worker] o.s.c.g.r.RouteDefinitionRouteLocator    : Loaded RoutePredicateFactory [Query]
2024-06-10 21:45:45.846  INFO 4424 --- [    Test worker] o.s.c.g.r.RouteDefinitionRouteLocator    : Loaded RoutePredicateFactory [ReadBody]
2024-06-10 21:45:45.846  INFO 4424 --- [    Test worker] o.s.c.g.r.RouteDefinitionRouteLocator    : Loaded RoutePredicateFactory [RemoteAddr]
2024-06-10 21:45:45.846  INFO 4424 --- [    Test worker] o.s.c.g.r.RouteDefinitionRouteLocator    : Loaded RoutePredicateFactory [XForwardedRemoteAddr]
2024-06-10 21:45:45.846  INFO 4424 --- [    Test worker] o.s.c.g.r.RouteDefinitionRouteLocator    : Loaded RoutePredicateFactory [Weight]
2024-06-10 21:45:45.846  INFO 4424 --- [    Test worker] o.s.c.g.r.RouteDefinitionRouteLocator    : Loaded RoutePredicateFactory [CloudFoundryRouteService]
2024-06-10 21:45:46.639  INFO 4424 --- [    Test worker] o.s.b.web.embedded.netty.NettyWebServer  : Netty started on port 55463
2024-06-10 21:45:46.748  INFO 4424 --- [    Test worker] c.p.e.EdgeServiceApplicationTests        : Started EdgeServiceApplicationTests in 9.152 seconds (JVM running for 13.398)
]]></system-out>
  <system-err><![CDATA[]]></system-err>
</testsuite>
